0.013170312898361946
0.1747240321330897
0.49728545902341065
0.070846224879883
0.49728545902341065
0.22928629356377392
0.12862393531786318
0.25117010319263194
0.6265510052627487
0.3967185886680648
0.49728545902341065
0.49728545902341065
0.49728545902341065
0.16011859829926606
0.04191788497006222
0.49728545902341065
0.07026520235812804
0.30674479614624584
0.20111394237707522
0.05292518506937874
0.21321162982286948
0.29103766113171714
0.3636339316694913
0.04707110850692812
0.25119415218888125
0.15720592541071257
0.22739903585337823
0.49728545902341065
0.391103521287951
0.22629811372002515
0.19522655570830574
0.327927219053392
0.3920683495829869
0.28459973692256846
0.49728545902341065
0.49728545902341065
0.49728545902341065
0.019583099507381532
0.9785664845342442
0.16063692407974062
0.20885301336800383
0.219772983787453
0.7796446537075771
0.3233506347208718
0.09758211751968458
0.09380785918752375
0.592983220425881
0.46660200522371426
0.025798603994602095
0.014159511136956451
0.22409577489794058
0.5689532387354652
0.49728545902341065
0.49728545902341065
0.1402633108343347
0.06771408617141148
0.49728545902341065
0.49728545902341065
0.49728545902341065
0.49728545902341065
0.49728545902341065
0.49728545902341065
0.49728545902341065
0.49728545902341065
0.49728545902341065
0.49728545902341065
0.49728545902341065
0.34865911915568437
0.49728545902341065
0.10313734868195483
0.15227753206497194
0.49728545902341065
0.7796446537075771
0.49728545902341065
0.18424485241721084
0.524331669181644
0.34745725325532084
0.09456958284761673
0.19170674331063137
0.4102661228291776
0.49728545902341065
0.49728545902341065
0.23101724841646112
0.4061280348892016
0.34001309767131194
0.08847141626175126
0.24483293033067544
0.48862997726238894
0.3016998870633907
0.23058075188840327
0.9444507459633835
0.23004297289037395
0.7868582998775465
0.49728545902341065
0.36956148145254114
0.04367468190027934
0.49728545902341065
0.49728545902341065
0.49728545902341065
0.9616681982651669
0.06009492006123908
0.06983730603992551
0.2960318540554035
0.49728545902341065
0.49728545902341065
0.5199555937891102
0.49728545902341065
0.24147363244295564
0.49728545902341065
0.24336512466088267
0.49728545902341065
0.49728545902341065
0.03582436057338081
0.49728545902341065
0.016209357746966087
0.04796931045335438
0.40806536718991443
0.09621989516918142
0.49728545902341065
0.49728545902341065
0.49728545902341065
0.0922316381527547
0.029175449362594117
0.015105248801435154
0.20640742697256748
0.49728545902341065
0.3064951674235272
0.9188730584451649
0.01690266766407988
0.49728545902341065
0.6612343197933093
0.49728545902341065
0.49728545902341065
0.06848828450428476
0.020516324091054257
0.1308872577705466
0.49728545902341065
0.49728545902341065
0.05595579411019168
0.30616636711054956
0.49728545902341065
0.49728545902341065
0.017464102077369356
0.169336828369991
0.016075190601858563
0.016075190601858563
0.49728545902341065
0.49728545902341065
0.04191788497006222
0.49728545902341065
0.49728545902341065
0.12439120511489464
0.4728491180161731
0.06911865548496843
0.3205783106376546
0.026680482913643125
0.02234560679014423
0.03687242197808603
0.06758824590433553
0.42837334332654114
0.49728545902341065
0.1691239009941098
0.019890213952885392
0.5938101715944357
0.5436989060616763
0.3153588021145709
0.01161853812520059
0.13435388430300269
0.2462885529372785
0.49728545902341065
0.33857215433585214
0.23239566865526481
0.49728545902341065
0.2956584020649782
0.187603404902572
0.06848828450428476
0.20235514493020326
0.4611587567463106
0.49728545902341065
0.06321909343475597
0.396612177750912
0.35593382575384
0.10679125311708244
0.7796446537075771
0.12339602219357336
0.45509360155403644
0.25797988827106577
0.22713253332114083
0.2158900365863991
0.4375141643878181
0.3236069256933616
0.22547360632694755
0.09062468016544414
0.22963401475855383
0.49728545902341065
0.5820346252610676
0.4805841310968739
0.7796446537075771
0.49728545902341065
0.22166265323079024
0.7833962310978312
0.31363517784328365
0.2891243507116541
0.3646512471070274
0.25419491023617574
0.34449354692617606
0.11803124575376443
0.015105248801435154
0.1429211718595692
0.4834675700703586
0.22168638234287497
0.5215573119140746
0.49728545902341054
0.0806511277665382
0.6303159855788835
0.1914803928573006
0.8850740554154437
0.20474530609453975
0.13568581780542516
0.49728545902341065
0.17931399070459947
0.40464028207713876
0.2990618747145856
0.49728545902341065
0.016075190601858563
0.03250998713800614
0.039107198065971835
0.49728545902341065
0.008640846002750686
0.18989869993585917
0.22143886079566039
0.23847820420445867
0.19002629781562108
0.0383762716855036
0.05526984049663037
0.49728545902341065
0.3574356072839262
0.49728545902341065
0.49728545902341065
0.1364000769074298
0.10803764581320426
0.49728545902341065
0.49728545902341065
0.02031816639333494
0.49728545902341065
0.49728545902341065
0.49728545902341065
0.49728545902341065
0.49728545902341065
0.49728545902341065
0.49728545902341065
0.49728545902341065
0.21610381735306328
0.49728545902341065
0.039654092789861595
0.2612663114544232
0.06013147143862493
0.2005922265522898
0.5040566187184343
0.9789501344022847
0.1413302831742468
0.7613683668333047
0.2774469129439726
0.3304853518971983
0.2109133763555804
0.36154606684972196
0.49728545902341065
0.1548876333513596
0.49728545902341065
0.16547338929214847
0.6628610964113241
0.23990891093164698
0.579904917251912
0.348161641730324
0.1989022966561452
0.5750083340531705
0.24810617716320887
0.49728545902341065
0.24920524970945412
0.8999414967412366
0.09180587484920996
0.49728545902341065
0.2645617358548758
0.25687874232454955
0.2161816031282788
0.30158747716720974
0.203738257582525
0.3118658194149964
0.015247155783802343
0.05983586505258779
0.23095837242573752
0.2288931134265753
0.03955668171893223
0.49728545902341065
0.2172829541521461
0.15581358626242872
0.1884960083650084
0.17652371739138822
0.10160038618144608
0.09750164163785713
0.6529256713388969
0.49728545902341065
0.10031633067407626
0.49728545902341065
0.15661834527523943
0.5624920333841837
0.49728545902341065
0.49728545902341065
0.16314447822073197
0.08648899561253799
0.49728545902341065
0.4793945348283382
0.28859016730165266
0.9785664845342442
0.7533325039437455
0.1373390651699825
0.17545833514735265
0.10145526759295018
0.17166426625004838
0.30963208608732756
0.49728545902341065
0.49728545902341065
0.4537408639412478
0.18853153310981638
0.49728545902341065
0.24633646252752245
0.09712622317464377
0.5212599107684784
0.09515041716800367
0.10018478558486199
0.1640778159956578
0.2572575197533293
0.059531784643870406
0.12207393939500415
0.19838066250943026
0.1539431739890896
0.3318225958906975
0.1894409027521985
0.3535119107091942
0.507096265286864
0.11591481477280875
0.49728545902341065
0.49728545902341065
0.10878592298178658
0.44501932910641107
0.18173006139711675
0.15598275803777706
0.1514552958637988
0.08492499328187769
0.21173091564193297
0.49728545902341065
0.49728545902341065
0.49728545902341065
0.03521212582026136
0.49728545902341065
0.16682038440601155
0.17508037106191982
0.042894777381955594
0.014159511136956451
0.4884618244648862
0.49728545902341065
0.3646696619343556
0.37920280831509745
0.36812139762360496
0.196113186644256
0.5234713984847487
0.7468472858801629
0.869608018413834
0.037608394295200374
0.09121388729607384
0.06864119210892261
0.33834612150020543
0.4583288736897768
0.21881404411733082
0.2612803375170335
0.2615873300732951
0.3137697279995774
0.49728545902341065
0.11985541425448089
0.3084071958800883
0.9163549597938611
0.2412486556327149
0.4956780192746109
0.49728545902341065
0.3593408804612282
0.642054737293981
0.06583171180478344
0.1130043499428122
0.09023289934000782
0.24586862134611087
0.11974961501074052
0.04925989952747777
0.14724459307113671
0.07581821304252356
0.12385388839669151
0.49728545902341065
0.88305392316
0.16477627085218569
0.7064525223578801
0.4210569275939324
0.6228161236275048
0.1671265280673741
0.19386164057546826
0.36055367535564053
0.19838605672872647
0.06785014925147595
0.49728545902341065
0.061958179602571516
0.04964892264778441
0.052168066017820966
0.15069749958704823
0.3069745934127486
0.1903960395139576
0.46328389235401934
0.08623048672421074
0.336056329983993
0.29482020638043505
0.04152669712059317
0.7796446537075771
0.4576738937785384
0.09640863554867952
0.49728545902341065
0.3423674122603035
0.14969875223235027
0.9789501344022847
0.3839427120083443
0.04224504531088071
0.40546300611747355
0.10795089643581385
0.12568579987569486
0.49728545902341065
0.32239695699666493
0.06407749784274065
0.49728545902341065
0.49728545902341065
0.13017720232003702
0.20893581290121419
0.2956584020649782
0.49728545902341065
0.49728545902341065
0.3100985034361909
0.19819610608310353
0.4441367948817619
0.4604151596907422
0.21572761059206155
0.49728545902341065
0.023055492641469083
0.22798359623607384
0.49728545902341065
0.3220558019021858
0.11269493739879584
0.006053410739688806
0.15007314433148936
0.49728545902341065
0.49728545902341065
0.20201719358566397
0.11876041483763895
0.06848828450428476
0.32461675344955077
0.49728545902341065
0.49728545902341065
0.04294795280103583
0.29388203214845215
0.35434359014529193
0.34663677332345033
0.49728545902341065
0.013466490193554219
0.03824697088730735
0.49728545902341065
0.06267552011950893
0.07838758892686747
0.1999457307940439
0.19246714164079004
0.30669408885576305
0.5073132587772056
0.2732967555319607
0.6211678988888011
0.25919917017149496
0.11172417064497106
0.24386063084756673
0.4840326207998964
0.0057727027081053576
0.49728545902341065
0.07087454032694579
0.24439436172259227
0.07059400127665093
0.1720676160301081
0.3034550295263496
0.40929141630313287
0.4919780417154137
0.3976051759552854
0.26300110144955596
0.1497322340786357
0.16781447664114696
0.07555209908437872
0.49728545902341065
0.09780034495892097
0.2956584020649782
0.09441172972709148
0.49728545902341065
0.06271571624916653
0.2659977353656093
0.10388221529179774
0.49728545902341065
0.49728545902341065
0.4132489373659683
0.3291854505074501
0.7796446537075771
0.08146669293763595
0.49728545902341065
0.34859441674053904
0.49728545902341065
0.16038627025705773
0.268190298213195
0.10461123085256588
0.05257152336063566
0.7796446537075771
0.49728545902341065
0.49728545902341065
0.6448357000154987
0.289090583145441
0.4172478701855687
0.9789501344022847
0.022062014253760014
0.49728545902341065
0.49728545902341065
0.49728545902341065
0.49728545902341065
0.16515133189991452
0.3968039598956363
0.7796446537075771
0.5011050876088275
0.13421821186238111
0.42089757055578253
0.33211668399040867
0.6332554824283074
0.19687026198488564
0.49728545902341065
0.7143730840710826
0.23213633522466515
0.08435162811660624
0.41418038106768934
0.1697648859335941
0.49728545902341065
0.44035165178031443
0.23720767174791238
0.49728545902341065
0.07658650746374107
0.01487357970130826
0.5327754418910572
0.14044743258721423
0.06158412661403242
0.49728545902341065
0.31753530850436246
0.1340486000855886
0.026419420812224585
0.10008613224513978
0.01603304881769717
0.12004026156591019
0.053940733420332725
0.07738275720188446
0.22556858788564627
0.3709491577831169
0.0738387242633145
0.2664126608107944
0.3352065968631572
0.1407389073027798
0.17627647967585308
0.1622312149029546
0.5533867855899964
0.25429757940609155
0.3869132020797472
0.09697489397156445
0.7112613003944168
0.01678646376167239
0.10581505775852577
0.3789411674087776
0.49728545902341065
0.5309122209154813
0.4134803285701732
0.23577884593868711
0.77498048785899
0.49728545902341065
0.207008027524564
0.2195344975257674
0.49728545902341065
0.4835399687745188
0.7796446537075771
0.574649262828944
0.24839695524412822
0.49728545902341065
0.49728545902341065
0.4871316290363965
0.08335710580573436
0.49728545902341065
0.18044251673503772
0.2401742416271623
0.29829233521342485
0.4468686565869248
0.24342186395672036
0.20912956493392446
0.37372089030807015
0.2949768292948376
0.5221135504287221
0.19128973798318208
0.4053932141851142
0.3537790518421401
0.12678229331416282
0.24349349566940748
0.014159511136956451
0.5002847488332111
0.11528524403795493
0.49728545902341065
0.18939405857817335
0.2128880158654656
0.31703243139677656
0.16546313118313113
0.15010587310068002
0.046756030448756446
0.09102542212659559
0.24891490570364033
0.0659935608371059
0.19789296091074024
0.21954220241917285
0.4460806070741618
0.1930058988262329
0.37426135439287067
0.7040775972394729
0.3342311147145736
0.29452398667512136
0.1961293669976564
0.11010030306238709
0.12114281972227553
0.0584888073122587
0.04055602348361981
0.09535661551797958
0.179704869887573
0.23237134859584344
0.008408439939522857
0.36670817867462974
0.49728545902341065
0.49728545902341065
0.12835884649680895
0.49728545902341065
0.30741788854158375
0.15609870385145566
0.1712605962324205
0.463349556817146
0.5740985028716137
0.6482760339923859
0.09122966670336768
0.31544779732722783
0.06848828450428476
0.07195274987431577
0.4447631791870069
0.9789501344022847
0.10559804008909952
0.11237224977131337
0.23936089467577648
0.24471565628596365
0.20089525718167586
0.08223311906874835
0.47597550526490773
0.2628787020822701
0.5122909341351188
0.49728545902341065
0.49728545902341065
0.43736712979776404
0.3910643822479717
0.18903881561362224
0.41202893824112674
0.38585917172497847
0.7961441278614646
0.7796446537075771
0.13675774395927026
0.9428264064315133
0.05277387303801299
0.18275630881140711
0.12800104962751202
0.16837647861259075
0.22415657800356312
0.09021860458027453
0.2956584020649782
0.022793682146811222
0.23610980421512162
0.33331270686074504
0.6817900358325554
0.9275474884639667
0.2674575417966505
0.49728545902341065
0.7796446537075771
0.07453064731472506
0.35434359014529193
0.10148794100249621
0.1535931606543702
0.141579031315118
0.3504370361831286
0.27419019375782505
0.745197145371093
0.49728545902341065
0.3844855405427577
0.2780889216172898
0.49728545902341065
0.2113236324537265
0.49728545902341065
0.14056158245689365
0.2671915118233921
0.604860107202428
0.13540576756386918
0.14186446411169482
0.1674594044174075
0.16163895726710364
0.17684132266937086
0.30597270298691487
0.4873291356301127
0.49728545902341065
0.31168013485162627
0.49728545902341065
0.49728545902341065
0.49728545902341065
0.49728545902341065
0.49728545902341065
0.49728545902341065
0.21439766910171296
0.12217395244106855
0.49728545902341065
0.49728545902341065
0.18289369516348147
0.4113080266772029
0.11990265425915406
0.06579407312734836
0.8348126377137933
0.20528073461878102
0.7003347346834701
0.15704904706089007
0.06298327978669697
0.24207883953258066
0.14819761748196922
0.49728545902341065
0.21632850566797981
0.49728545902341065
0.05390297090202073
0.3056068877855636
0.49728545902341065
0.29005004085537395
0.49728545902341065
0.00663604945499606
0.230639309682656
0.24523663358678371
0.17222000326229017
0.12056646597265341
0.49728545902341065
0.20407984423193068
0.1594030406163614
0.011837456740380958
0.37275722174560977
0.49728545902341065
0.01134181613241665
0.03150584881592229
0.47585491391903184
0.18127675776010027
0.04023936071934036
0.1754386888226215
0.49728545902341065
0.49728545902341065
0.49728545902341065
0.4085545542000063
0.49728545902341065
0.3269446820374017
0.49728545902341065
0.12426187280516342
0.23906663951111276
0.31418956159696426
0.02458681730914546
0.10370838121369425
0.35974981833069747
0.6182908249442249
0.2761985864122054
0.9420255836620611
0.021958899355893298
0.49728545902341065
0.28030985734609276
0.7636130166917815
0.11389457476558146
0.21583514809426402
0.3120546238913303
0.42426440639169316
0.3690867949250464
0.36223643406548606
0.3008554647395451
0.30542646389192624
0.37441633150886405
0.7796446537075771
0.31089524307629374
0.1794948151067224
0.37890819517051155
0.33578227620667217
0.4446446671976234
0.09303075608144173
0.17083926158463025
0.39673179215128135
0.7796446537075771
0.06510816790640898
0.49728545902341065
0.49728545902341065
0.49728545902341065
0.238028290727936
0.49728545902341065
0.446579186212779
0.21434746479411237
0.21556392372709257
0.140996952686604
0.1875677661746395
0.06540862757752375
0.2338226771783322
0.03738299776757124
0.561245983947593
0.08586207329799507
0.2974550111365619
0.36374114488520504
0.49728545902341065
0.3144828176054274
0.14154991545556453
0.2334994670329142
0.11086576720912854
0.06859849946185671
0.28552473531872186
0.2737356659380289
0.044815891198167396
0.48948499860601813
0.19834696265019114
0.5831225733989266
0.31140803519646293
0.22983698689918886
0.49728545902341065
0.2102156852298275
0.42586671326712533
0.2379051211187631
0.5259442957294513
0.5180315682196419
0.23663399399790874
0.28301043212711197
0.06881967976882702
0.06848828450428476
0.49728545902341065
0.06868939726415428
0.9624520560987905
0.49728545902341065
0.15954434607165394
0.2028887013420771
0.1545925876046494
0.1703371584657646
0.5064251677951409
0.45196762540670593
0.47122293843189655
0.1473978424446263
0.4952842521811715
0.24990078456169076
0.3212575404107593
0.3359111029376588
0.31304308987483864
0.7657985281923524
0.49728545902341065
0.23829652174491484
0.33203683262999595
0.9228921916430511
0.09732915325913453
0.2725681406013299
0.3213587449123671
0.8789532982862173
0.027138013680017354
0.48693476729466206
0.1734772338319341
0.49728545902341065
0.49728545902341065
0.49728545902341065
0.49728545902341065
0.05562250666914878
0.06848828450428476
0.07362274684808537
0.29249977965882534
0.25528344470627595
0.21582046832407856
0.19392538442311255
0.21411386054439183
0.08435162811660624
0.4671181057778908
0.49728545902341065
0.06028214888672163
0.49728545902341065
0.42259629305354857
0.49728545902341065
0.1472185058710218
0.1938685274794808
0.0057727027081053576
0.1923175523339373
0.49728545902341065
0.49728545902341065
0.49728545902341065
0.343819223800656
0.3085418359239811
0.32074508377504163
0.49728545902341065
0.3021435497860168
0.49728545902341065
0.29465624756454384
0.30066441016395823
0.29116066376159355
0.49728545902341065
0.49728545902341065
0.3067783675790492
0.45588978277208936
0.3078062151971941
0.414339810070209
0.17528552743661452
0.49728545902341065
0.04806921326068972
0.0236707667445368
0.2438573209448175
0.38916715479321734
0.3204442601846407
0.36094058475562807
0.4901747034924519
0.49728545902341065
0.14552056845861702
0.23402524618850962
0.13431108827052052
0.4077900262266216
0.49728545902341065
0.014502716687710793
0.49728545902341065
0.07041981496106861
0.17092234679343163
0.3876321783537318
0.06914614956656312
0.16088279691181548
0.3229906152888403
0.14688891266987542
0.016860247073125504
0.17961207387481126
0.07551424920313915
0.30727216882014147
0.26684455374244603
0.19927342274668436
0.7986424202604182
0.014436957640046606
0.858166351100733
0.4134241230406806
0.28274865832997426
0.21811088583518928
0.0295636296531418
0.49728545902341065
0.17706845180441502
0.1110398500782759
0.13203647285140824
0.16235949153911577
0.49728545902341065
0.11791762948850375
0.07490420979218433
0.49728545902341065
0.435025038253094
0.49728545902341065
0.49728545902341065
0.5903038594113185
0.20166674945951793
0.2121265748316719
0.024025018724259082
0.06848828450428476
0.05028589851284458
0.16981075172892698
0.49728545902341065
0.1695204131358714
0.8097192619603496
0.34714238624333515
0.49728545902341065
0.19185338135480323
0.15406045895808193
0.06522624982539103
0.1394889549883246
0.4836792186327057
0.06848828450428476
0.3419177923874053
0.7796446537075771
0.03338898345570059
0.7796446537075771
0.19494569423341
0.162703064829934
0.4334331210960551
0.49728545902341065
0.07388890254475049
0.49728545902341065
0.2956584020649782
0.3658343983129215
0.03798590774502948
0.012249262817939472
0.39897685424185686
0.49728545902341065
0.49728545902341065
0.05052729186393614
0.36880050285840604
0.49728545902341065
0.3163738921297571
0.018317626712851514
0.37514073558774436
0.09274757075139838
0.49728545902341065
0.0461827868641986
0.1445669226131746
0.042303611446822625
0.013170312898361946
0.1958333900883515
0.26952664180665653
0.1865421724148391
0.2052362753747146
0.03265447082973933
0.22436331154416111
0.27615309595609455
0.38837199020701463
0.0479017952226935
0.044233319214347186
0.10730451530394682
0.10626605812194682
0.1545234627490751
0.1418814912424866
0.5362116002676107
0.22560259425983545
0.16690792504751706
0.49728545902341065
0.10571541609685961
0.0038257779423623434
0.131756576519764
0.3383656159276266
0.1621006132487239
0.11550577662706446
0.03493938778273576
0.05515318475750478
0.20574261219882262
0.23967825845237867
0.1138180253900015
0.05665697312397319
0.014159511136956451
0.07542519917895085
0.31771075011605276
0.1998033932994062
0.2474807005217495
0.44739041306565047
0.2956584020649782
0.13937680199598282
0.49728545902341065
0.37242808544210587
0.22712988424881253
0.17921910934325622
0.3205551234571213
0.22585422447405074
0.08490991165279389
0.3006883721563509
0.5005095888657249
0.36264287829550196
0.27293940944994943
0.36558576935522324
0.2894997852261748
0.05202717127527079
0.24099890204497576
0.23995830069933963
0.05588000991444383
0.5375881409009087
0.2956584020649782
0.23261681662627054
0.1616575413285999
0.49728545902341065
0.49728545902341065
0.22923697172533086
0.10804345944057363
0.14378779315104562
0.41367051418431894
0.19986225665175836
0.16402290873308034
0.0946046965396565
0.28312967469749545
0.43629812120623507
0.04564514553247663
0.226177213980874
0.19703713658164113
0.35598687254697947
0.12158302714156739
0.4155298510232837
0.4247486307900787
0.229706649011419
0.46517546734498294
0.3094745540744301
0.4797557486807712
0.40824074321446796
0.19813705006516658
0.5661066886841534
0.37324847830086305
0.4187882760447065
0.5027656052523559
0.3269217587402824
0.41080701338254466
0.4134803285701732
0.08435162811660624
0.2526303148731444
0.49728545902341065
0.0251377894519939
0.37493572064647956
0.10042121527326331
0.49728545902341065
0.5097286588261329
0.29363354862310004
0.37042627674968204
0.4709709348358903
0.29537904673026383
0.2524002479619829
0.2052907174141775
0.04811615917745926
0.44972706822403347
0.49728545902341065
0.3134885423695294
0.04332227671121899
0.2600261157002932
0.25341689142333074
0.6858375816648155
0.10301581893160897
0.3181704207955212
0.1314908236085773
0.1782032342578174
0.09392950537088382
0.09753699306843477
0.2875867915159182
0.1636464747987724
0.49728545902341065
0.49728545902341065
0.4037406711072287
0.36830032029360255
0.31091617843249014
0.006662149289797839
0.1866669049958007
0.11171571230443893
0.763264851915836
0.08912862081893279
0.378019088327078
0.49728545902341065
0.021542722628709182
0.8241828646059951
0.10699568319932667
0.6225102164631878
0.49728545902341065
0.5943866530850463
0.22153649562297462
0.3411157883628044
0.4349159010761431
0.12720695830702136
0.9789501344022847
0.2874015409552141
0.03407435809565582
0.06848828450428476
0.32236483869550536
0.49728545902341065
0.49728545902341065
0.09976593640319273
0.16811443187147376
0.12232632591892528
0.497321978080453
0.22223917944329888
0.1421243623702868
0.2475744565426009
0.2704957631143951
0.24233795486475926
0.22419813012388334
0.04191788497006222
0.07513080658204449
0.2058332577355913
0.4641107687347298
0.49728545902341065
0.3922738656289751
0.3761536562755757
0.7796446537075771
0.3032562001800136
0.9532379869161286
0.5227804607794153
0.0837344371061121
0.6367939775267705
0.495801318267558
0.6188544904421753
0.27594730994261246
0.19458951713785588
0.06848828450428476
0.49728545902341065
0.10514251434202818
0.25643576704717047
0.0723949412082707
0.1084178867925956
0.029697768106743554
0.26035220804377684
0.14964562065224948
0.07690340726935874
0.25794364498045413
0.16126990551687487
0.49728545902341065
0.15189263697065328
0.048031098304055726
0.49728545902341065
0.24711941577102953
0.3433266061408044
0.49728545902341065
0.49728545902341065
0.3870586560556274
0.7692452609974234
0.24151945021928067
0.2422832797164252
0.42187004124554245
0.7787401381303644
0.252880496785184
0.7604872655280589
0.49728545902341065
0.49728545902341065
0.16668737808475545
0.049088426616574046
0.06848828450428476
0.40274396729022355
0.32430547236296353
0.015105248801435154
0.30402905349978837
0.49728545902341065
0.9735841789998252
0.5064123953137732
0.7796446537075771
0.15653151972250812
0.2268475548579144
0.7355168862034527
0.2427478825223365
0.2567632013229355
0.5678242502448267
0.49728545902341065
0.7180491981941283
0.05834155845088745
0.2957276037886637
0.2956584020649782
0.3979736716994692
0.07804759221234542
0.2206267794220846
0.09559714898820781
0.30646841553744675
0.21124041665727716
0.32023326765117294
0.49728545902341065
0.06579562010241784
0.043942940584266996
0.1812389698236205
0.13192299674411206
0.3271553387779698
0.0320626363888813
0.49728545902341065
0.034453257108669755
0.0457820239700591
0.3092006320841318
0.6935180181266544
0.49728545902341065
0.2694760207836538
0.3354478187780878
0.28206466451891365
0.4929394012570191
0.4191135124215641
0.2398014847870599
0.3958390344660091
0.09261271676690175
0.2172328667040083
0.11921324530189831
0.18948162617476533
0.13298465689645522
0.35594652041144526
0.06673236217254107
0.17509364805378655
0.47429644467000054
0.03329386206364992
0.06294220541761024
0.7796446537075771
0.14661576863368034
0.34947465894159446
0.3733225879938296
0.3762916262058863
0.2850595567920556
0.268684484315398
0.24810961886396005
0.38126168250193554
0.2480840448449087
0.49728545902341065
0.27376791640418335
0.1625902992903236
0.2232715211035459
0.13013889321018127
0.37881067177747024
0.49728545902341065
0.20158557911318636
0.21184114728137962
0.25132932557085286
0.09210385168157827
0.042894777381955594
0.239738091004836
0.042894777381955594
0.49728545902341065
0.2866021683656334
0.2802128948237902
0.28581788813676007
0.5361147136767606
0.6279572765391606
0.3826331397400396
0.08500996538193997
0.49728545902341065
0.49728545902341065
0.014159511136956451
0.49728545902341065
0.49728545902341065
0.13614871423009703
0.49728545902341065
0.49728545902341065
0.01399942760504185
0.30211206161043397
0.49728545902341065
0.49728545902341065
0.18408826463274033
0.1648921871850526
0.49728545902341065
0.30286998320874914
0.49728545902341065
0.13635585424659893
0.3552157988782477
0.014159511136956451
0.02336221409830122
0.49728545902341065
0.06848828450428476
0.16041031325300148
0.1777502718900877
0.09708299549964336
0.2647536217755888
0.22930287105432656
0.30715698770685884
0.09312335019741137
0.2651629994531545
0.222177222664671
0.11960550611916111
0.0975676196328608
0.17337806792650337
0.4515757789670482
0.28158872076983515
0.3848718507892815
0.7796446537075771
0.8302100306413038
0.5172247470470152
0.24712628901627187
0.48756466737753523
0.5835455707242888
0.33625957608062707
0.22506000027186074
0.31369116963670346
0.4231789043294976
0.02958378330630418
0.2733037577859495
0.09254986954092988
0.38381451027312896
0.20675485816243885
0.21939296932386218
0.16194478292475536
0.35119711314534635
0.1732064925729973
0.49728545902341065
0.353875022881207
0.4077151857857839
0.36826726622937
0.49728545902341065
0.7796446537075771
0.28631856196084743
0.39792769629202207
0.2539348649790436
0.2717113728449494
0.48273756804181384
0.5254671318753802
0.4916050645401942
0.3800242539902797
0.5412377336842262
0.460606506284009
0.29675265959409636
0.4879835445003098
0.3978908145955393
0.44281297068746645
0.09499458975859973
0.28404047149203054
0.18714356320471057
0.20817606792505097
0.2189849141114547
0.17198905510839801
0.4781654605789713
0.14455664554038491
0.1841109828442675
0.335043041545867
0.0060006860420358
0.4215593046364469
0.06723695291831885
0.351492603794767
0.0896551356422922
0.30489639144805203
0.30955263196386756
0.26762510310761084
0.06540862757752375
0.2739751990321919
0.10656685070495188
0.1865671257743146
0.49728545902341065
0.30493910225755955
0.1110709702363358
0.32191089936071643
0.025453833565408566
0.42551787003557573
0.49728545902341065
0.49728545902341065
0.3147249685391078
0.5048492387272184
0.49728545902341065
0.9055051218448465
0.49728545902341065
0.11831610473359215
0.10857649771298002
0.49728545902341065
0.49728545902341065
0.02817328400326997
0.48851527992210486
0.2767865156472677
0.20768417941518338
0.9247625665696032
0.26933727703697347
0.49728545902341065
0.49728545902341065
0.49728545902341065
0.11945916929994331
0.08290633376793073
0.5715647911258593
0.43199418712461024
0.03731661726906369
0.017711825112279384
0.08435162811660624
0.08332331223495833
0.49728545902341065
0.15704120180170122
0.49655037652676287
0.25853496155649763
0.23500940203975687
0.1911662408902013
0.014159511136956451
0.1692305970679823
0.06606306591310836
0.49728545902341065
0.06987812415515804
0.49728545902341065
0.1664994347099913
0.24409182016465739
0.49728545902341065
0.2372972749892035
0.7796446537075771
0.49728545902341065
0.29883742946800484
0.19906467669373265
0.39453915057629113
0.49728545902341065
0.06848828450428476
0.2956584020649782
0.7631782268923634
0.11228481546123174
0.021487598431107924
0.09897264773081849
0.12913904726791117
0.2532776549741078
0.19981340877644385
0.0502599305884204
0.06266737698321909
0.49728545902341065
0.49728545902341065
0.21871477687958385
0.08253117862499075
0.39796742217839004
0.136388825458971
0.11585434700929388
0.8210299363088351
0.15607082141407705
0.010263542295869982
0.6685193406440737
0.03850171077359079
0.1384653251600077
0.28842154252610125
0.19634081448880786
0.007439452044278823
0.05763668361951483
0.2085072159702759
0.23073278791274554
0.14620622010011325
0.1548152820925529
0.07440112844442964
0.1470220050627581
0.4223314139031269
0.33466119402167926
0.06765162617844242
0.204391944173714
0.3381386952093719
0.1325064173049078
0.49728545902341065
0.053857572999675786
0.49728545902341065
0.486418483539963
0.1761650084818282
0.04902037888552379
0.08100660639440872
0.49728545902341065
0.14140900015563557
0.1136713023660598
0.49728545902341065
0.49728545902341065
0.2354553227170229
0.01627161898265103
0.1145735347683009
0.06648559693307116
0.09694658657411848
0.7028558805213554
0.19675867811574782
0.39966705345103004
0.49728545902341065
0.10886845412017532
0.49728545902341065
0.2078756029598657
0.2846444685196908
0.23866712590424125
0.10289697341580328
0.29528249288565744
0.16173323787792912
0.007806973774023946
0.17958016400214907
0.1666616537582469
0.07619838309022937
0.41791054408623757
0.07317199733736848
0.49728545902341065
0.04149790423399558
0.4454386494132925
0.3948063580901557
0.49728545902341065
0.49728545902341065
0.11334767223359592
0.33195584903402386
0.49728545902341065
0.49728545902341065
0.07744709253231209
0.34485835683798355
0.12333643605053882
0.4427884398587267
0.11212438889870763
0.2693063737746464
0.12828762577476843
0.9789501344022847
0.10530528034733426
0.06848828450428476
0.2369352378567249
0.3031990156860624
0.07858992597461338
0.49728545902341065
0.2956584020649782
0.3162706452107575
0.03252611677542497
0.763264851915836
0.25002919623969394
0.28993165735198634
0.0910923005749756
0.21466238964004358
0.4042891170631629
0.11142722081744597
0.05821548954753658
0.05759724512351195
0.14353985460046395
0.49728545902341065
0.2119421524201346
0.1762111400902536
0.21766234017289943
0.09456233978031364
0.2605319720604521
0.11274460207874072
0.1329510778570828
0.8064707573884875
0.40043998213994586
0.02918671242110272
0.288754059453901
0.12996245962082134
0.249636867320469
0.07789931578686485
0.09538995219360476
0.10910884983121928
0.1626600733221756
0.5335073416157299
0.49728545902341065
0.49728545902341065
0.49728545902341065
0.49728545902341065
0.3369846143188945
0.2169311382524381
0.01428106807744315
0.08435162811660624
0.2332116844795092
0.06623228999957045
0.2835297935564063
0.5485543201783945
0.17710778768632002
0.43418097529636424
0.5398844444094674
0.47653218770056777
0.520016680111401
0.14415627007224777
0.401831967838677
0.08350451776102029
0.3931290414256466
0.0880180161683277
0.35103973730655147
0.3884383688585649
0.2659719746860761
0.25040569638530774
0.3073316507233086
0.36350266549261046
0.2966694261316346
0.06086162358821376
0.13086576255551682
0.3391696020662364
0.3865635292843595
0.015344768864523127
0.5273766983350998
0.3715454717637469
0.014915344521890136
0.49728545902341065
0.14719518282507577
0.044509320929458356
0.19449160415887468
0.13548497017953845
0.05256911253371937
0.01134181613241665
0.7796446537075771
0.49728545902341065
0.014814644589549222
0.25542535051108844
0.49728545902341065
0.038678436982592664
0.49728545902341065
0.49728545902341065
0.07331934727029951
0.49728545902341065
0.22945704678464623
0.49728545902341065
0.49728545902341065
0.12106544296951037
0.49728545902341065
0.45091929013013754
0.24621734117447056
0.7796446537075771
0.49728545902341065
0.49728545902341065
0.07654395462800231
0.16485651815892247
0.17594239864475963
0.49728545902341065
0.49728545902341065
0.38657402470806423
0.3637766337812994
0.21446470377688753
0.09869660922692237
0.2956584020649782
0.03635973979444428
0.49728545902341065
0.028849499624754013
0.014159511136956451
0.49728545902341065
0.7796446537075771
0.3268597311237253
0.14949325015007672
0.06638783020087104
0.49728545902341065
0.2956584020649782
0.49728545902341065
0.13562891136058128
0.5353977664608462
0.3673420246737624
0.2234373373799184
0.8831408094464678
0.35434359014529193
0.06379129137938302
0.29269897269775197
0.9673292498533964
0.5466940053926267
0.8183109152003201
0.4254052144261818
0.2791154939297118
0.4436882330521839
0.40278272668970444
0.04191788497006222
0.49728545902341065
0.17301819901194204
0.15848033561413863
