0.9835955018300888
0.6417604893393527
0.42004985106299053
0.8815890247843827
0.42004985106299053
0.16082835160650147
0.1214699847763102
0.09436203672896332
0.19286984439360944
0.1760421888706217
0.42004985106299053
0.42004985106299053
0.42004985106299053
0.1629698337564406
0.9509145159081206
0.42004985106299053
0.8743683580646137
0.20665765877436607
0.1406415053538941
0.11606971139045139
0.23461777648269558
0.1111587230541563
0.3999867459498997
0.07876967109742607
0.4287220258228421
0.8176560227133085
0.3382585226073373
0.42004985106299053
0.12822538300167316
0.36810504341628353
0.08067418894814431
0.28509276463624517
0.10630765168727024
0.1183228772335758
0.42004985106299053
0.42004985106299053
0.42004985106299053
0.9736200896504973
0.016295530854009838
0.1659435573236896
0.23825988175744803
0.31065815383585726
0.1997602906800177
0.10384080961777266
0.08859302005528889
0.13843342972157177
0.04580435021759155
0.15462464505457832
0.3136494992282477
0.9720169731393354
0.7179770251603901
0.37648515793901377
0.42004985106299053
0.42004985106299053
0.2272801325703013
0.1134334704369523
0.42004985106299053
0.42004985106299053
0.42004985106299053
0.42004985106299053
0.42004985106299053
0.42004985106299053
0.42004985106299053
0.42004985106299053
0.42004985106299053
0.42004985106299053
0.42004985106299053
0.09415084378365472
0.42004985106299053
0.05851370561382732
0.6069022454163279
0.42004985106299053
0.1997602906800177
0.42004985106299053
0.4925559588946236
0.12714213898086088
0.03498780466422799
0.4484140862904614
0.16068910439443215
0.5798651877394807
0.42004985106299053
0.42004985106299053
0.5762215558946695
0.1632866786466185
0.13579456132424636
0.21786384121117477
0.12001406987024661
0.43132462107604636
0.5445892735705942
0.08722623967092387
0.030263906956006222
0.10790064613430597
0.1728577353872071
0.42004985106299053
0.24733173219577656
0.9462365236363135
0.42004985106299053
0.42004985106299053
0.42004985106299053
0.027672247919188365
0.2857861648840108
0.053001353828800404
0.11206845760669441
0.42004985106299053
0.42004985106299053
0.1276677205276709
0.42004985106299053
0.5838035809027936
0.42004985106299053
0.21983322788755547
0.42004985106299053
0.42004985106299053
0.9412344266766023
0.42004985106299053
0.958722811966932
0.22155929524369403
0.5816079588242347
0.7638923707554335
0.42004985106299053
0.42004985106299053
0.42004985106299053
0.532346759527818
0.07433231872411926
0.9764825533586275
0.12403928157075568
0.42004985106299053
0.661830153442528
0.07416947678262722
0.9592951624866801
0.42004985106299053
0.23413583036228253
0.42004985106299053
0.42004985106299053
0.5958894893659602
0.009135887928477169
0.19254980353245404
0.42004985106299053
0.42004985106299053
0.9314826116948605
0.31790434119358413
0.42004985106299053
0.42004985106299053
0.014930801981994781
0.5018978938938597
0.9785718270570851
0.9785718270570851
0.42004985106299053
0.42004985106299053
0.9509145159081206
0.42004985106299053
0.42004985106299053
0.6192398588950487
0.14318982357341115
0.14840223323802215
0.22476850062770762
0.8980987562457656
0.03314534076493602
0.551342194312252
0.8870539502329009
0.561790803642089
0.42004985106299053
0.22917230393200957
0.07236148768982849
0.3596669690977659
0.19110581003236757
0.039861984700161814
0.9687351483291388
0.11529061717806997
0.09712339267809371
0.42004985106299053
0.3726267597533581
0.6171856683547687
0.42004985106299053
0.489811055448488
0.08741338780785257
0.5958894893659602
0.13345289514866562
0.3990485206061608
0.42004985106299053
0.07639262279949484
0.19553604022089707
0.5567503064099332
0.7160751473536854
0.1997602906800177
0.21964454171453185
0.07233428329110175
0.11711888998342702
0.43145538644331255
0.19326482731998335
0.3132287144939138
0.37891372868142464
0.0970977214885774
0.06897632168277489
0.2113945379527206
0.42004985106299053
0.21466979357947905
0.22704953438929934
0.1997602906800177
0.42004985106299053
0.13315454831392953
0.10619669577900014
0.05442494396593307
0.287450660999104
0.13772514010269465
0.12127727925314491
0.1611270251456626
0.07047765631559284
0.9764825533586275
0.12147241030175991
0.4837098232390195
0.07511933036033525
0.24603023475247265
0.4200498510629908
0.8990841480457589
0.23903743491551657
0.06524138340577777
0.03365145007962687
0.06399995359318507
0.04669125608654225
0.42004985106299053
0.04405732834971322
0.10070167419687417
0.3205008318119995
0.42004985106299053
0.9785718270570851
0.6305922655554935
0.9071214156175633
0.42004985106299053
0.9851617838787455
0.2607822232247208
0.35166675265139363
0.22812610280235068
0.2718465868266753
0.784231039855854
0.03057110067907274
0.42004985106299053
0.11629526849206483
0.42004985106299053
0.42004985106299053
0.1021596528568271
0.8815277254112286
0.42004985106299053
0.42004985106299053
0.9738822823130757
0.42004985106299053
0.42004985106299053
0.42004985106299053
0.42004985106299053
0.42004985106299053
0.42004985106299053
0.42004985106299053
0.42004985106299053
0.3326437787020526
0.42004985106299053
0.840826474479577
0.0948366794426844
0.048344998493089285
0.07024541563300046
0.15896425616144408
0.014925844663408783
0.14741221324908815
0.17627608078811835
0.12048873633711173
0.05549577492182174
0.4776336433553256
0.09120920865165975
0.42004985106299053
0.020831450440283644
0.42004985106299053
0.30311813521782005
0.13491725371690916
0.39609609137369145
0.05759065531396002
0.08292484691009167
0.27736951721582137
0.14867331961721866
0.33514937273900547
0.42004985106299053
0.43428409496384907
0.07090193611230394
0.03558998549137818
0.42004985106299053
0.08647171821128997
0.3417051080190558
0.11354540362809087
0.46229992463467945
0.1143420036578609
0.14278246366882233
0.033654807572301604
0.10609543261489834
0.14131619802731646
0.183695971196408
0.9317949454903579
0.42004985106299053
0.09890238503434161
0.5915256115324943
0.41981050843242484
0.12588160141609359
0.37662249704038275
0.6486652897091898
0.1330002563265848
0.42004985106299053
0.21191622366281174
0.42004985106299053
0.011373060813678023
0.2102693302888609
0.42004985106299053
0.42004985106299053
0.309681336307127
0.11193349094187419
0.42004985106299053
0.09621514707681723
0.7033411320966755
0.016295530854009838
0.1775209053740488
0.11644227017214666
0.16482826241995358
0.07169099588742053
0.2064703145776124
0.11959798470938673
0.42004985106299053
0.42004985106299053
0.18846464568556037
0.11292331987543981
0.42004985106299053
0.5433850186885961
0.045263613129996896
0.28129615912991696
0.6404130864659916
0.8500961837176054
0.20911860380750733
0.08086191381309948
0.11552288077017074
0.03794997212720785
0.4588713349129328
0.4087875669840718
0.14431587881510569
0.27834879682601876
0.3575529938039221
0.12080664182979838
0.08374349103706308
0.42004985106299053
0.42004985106299053
0.050711795766513454
0.17008543921448643
0.15488247100065572
0.14572478080921367
0.08559518364156139
0.06604011781066936
0.10585864497767283
0.42004985106299053
0.42004985106299053
0.42004985106299053
0.07807858634057785
0.42004985106299053
0.06925683649740723
0.12978080271306422
0.0035387937015847583
0.9720169731393354
0.14166047952777663
0.42004985106299053
0.12251102438899654
0.15078948394276637
0.17815173056826328
0.07735244560190531
0.09075831741415441
0.15486727974106304
0.06564077804490957
0.9151909463962276
0.47475680471052356
0.05625447138832958
0.32151799560825395
0.13171506325799864
0.5016577616986753
0.07630615079732707
0.18751452797644527
0.17709072596136097
0.42004985106299053
0.05248297157280584
0.22553190190613442
0.04751400843510963
0.07487197088875255
0.35692399047621914
0.42004985106299053
0.07021759299664879
0.10394442215431877
0.03590433131772798
0.09507574113000518
0.22013258799756594
0.37924060069426313
0.06033886048866687
0.2662189577350871
0.049726358207424166
0.06550142392849236
0.022326028310714438
0.42004985106299053
0.07056921117070195
0.06879393772784936
0.08589179923648424
0.5691130474281326
0.21145946614417765
0.06971823054010093
0.04224160213289055
0.16363317091678614
0.19008208808197646
0.09666169855272957
0.42004985106299053
0.037657117865531387
0.15676194048263623
0.03287193947184458
0.08194890625634327
0.2898453504249153
0.11925874186591233
0.287187854511583
0.009174056123865027
0.29174685439158926
0.22869501688414257
0.02454269207829781
0.1997602906800177
0.1289652832419102
0.18764558710945378
0.42004985106299053
0.16843574109118176
0.14200704394712327
0.014925844663408783
0.6077479068888721
0.09142721961650975
0.5026596679307448
0.869252909877705
0.03046655663068887
0.42004985106299053
0.19527271574907082
0.06020259912242616
0.42004985106299053
0.42004985106299053
0.6211972475619879
0.12507891977520014
0.489811055448488
0.42004985106299053
0.42004985106299053
0.16438983583644404
0.2336627582196546
0.26962828641545467
0.35322981017588273
0.7110231361043697
0.42004985106299053
0.023691706570825775
0.20132496231772282
0.42004985106299053
0.18121805686974815
0.1378733705199673
0.013664902660831415
0.09327260335579375
0.42004985106299053
0.42004985106299053
0.211503221573171
0.062427206879776174
0.5958894893659602
0.02276653053064888
0.42004985106299053
0.42004985106299053
0.09937851404272227
0.24197803053457284
0.008764428821829848
0.14213395046498825
0.42004985106299053
0.023562496127248343
0.018250398848230445
0.42004985106299053
0.3866025715892749
0.4333465914595138
0.3274558892756967
0.6233104360044974
0.3009747321162077
0.09192849665785088
0.39329678786607847
0.05724471034923041
0.12564279862067923
0.3079254863053065
0.10064521062071316
0.0999853846463287
0.005185477403360407
0.42004985106299053
0.8036456041046877
0.12629188511214703
0.7744237650780306
0.3111679701564881
0.07358340847689003
0.5802122866374171
0.2438852799295209
0.0835571393756384
0.7112084450936903
0.06797346717731542
0.04895525242952396
0.2999595183110561
0.42004985106299053
0.5452746270056071
0.489811055448488
0.5604025192800546
0.42004985106299053
0.8601412885265414
0.2736608094998528
0.8122827839274867
0.42004985106299053
0.42004985106299053
0.5756582509475224
0.2630242976087385
0.1997602906800177
0.11040565131378462
0.42004985106299053
0.13417167699336685
0.42004985106299053
0.6865694727992095
0.16141605173537837
0.1560605692619902
0.041589411659018985
0.1997602906800177
0.42004985106299053
0.42004985106299053
0.17604150875362015
0.07602828276178757
0.09306969012770626
0.014925844663408783
0.013650564794850967
0.42004985106299053
0.42004985106299053
0.42004985106299053
0.42004985106299053
0.05352446723147154
0.06390033214925786
0.1997602906800177
0.23633222510686322
0.19722473547706326
0.5690873971823805
0.08826035073598175
0.2140968149518086
0.19041671905665944
0.42004985106299053
0.03546893940599263
0.5887046534573053
0.9111213189816991
0.09962592174004682
0.15683104606511306
0.42004985106299053
0.0796885130348296
0.08296635314815042
0.42004985106299053
0.5761126558385462
0.02491044675309729
0.2721570179308449
0.042526282453793675
0.5611317217348671
0.42004985106299053
0.534593293700817
0.7513161521254822
0.812964106174593
0.08851688328321937
0.021252119842086935
0.18954870842982488
0.03368983582200559
0.04155661262937238
0.12116236253735761
0.09126398022231398
0.6267102719433099
0.12423294861178967
0.08047080206069293
0.11380701097198616
0.06911193007691595
0.0819973568168899
0.3649102221046861
0.178761739297125
0.12878292740471176
0.8984753223643351
0.16352733427538318
0.009037805519987079
0.058866807906184614
0.07322808263746072
0.42004985106299053
0.13578548963878173
0.05188733997059414
0.11381584315841164
0.20253323139027332
0.42004985106299053
0.14103311815583255
0.2008082126719364
0.42004985106299053
0.32171777939549595
0.1997602906800177
0.01583785427858912
0.20237442588264165
0.42004985106299053
0.42004985106299053
0.07334441619567918
0.6316149066863643
0.42004985106299053
0.13861401891436412
0.06429794322959338
0.5150683938539103
0.4069743724658069
0.33307676485715004
0.05151633421808782
0.12575009150109237
0.04246662062621354
0.21393245954689682
0.11177733160909933
0.21397372729373695
0.2877440616991764
0.25635980263510116
0.1825408351631728
0.9720169731393354
0.4636878797747029
0.0579873430085206
0.42004985106299053
0.16725064372707213
0.18408650148109437
0.20435537831567457
0.036500171989889765
0.3904688395740878
0.12760506616840844
0.042465273256475464
0.23225608668839093
0.11256854321518572
0.07671909557613119
0.27167068777025405
0.1585546541459295
0.5841997197578886
0.19214471230195362
0.23779688540227867
0.16131953999766557
0.1389803242370361
0.244533733500456
0.3014947601036793
0.11980775784205121
0.32898785147935805
0.10733966962307112
0.4963841521410948
0.09024179838910237
0.5524415277347469
0.043182608128036544
0.07649282277233181
0.42004985106299053
0.42004985106299053
0.09856790231469725
0.42004985106299053
0.08242770999821933
0.05509122106183045
0.012190157576377522
0.1287946330966003
0.1465809753822816
0.33893903915307816
0.007673459692710478
0.13409298724711413
0.5958894893659602
0.0697512597435807
0.0721857458008656
0.014925844663408783
0.037820846467212677
0.033508297119906875
0.12263480716336432
0.03646799022334435
0.27526982739982236
0.037657642401034405
0.339155552350685
0.09550504819107457
0.3451396585295449
0.42004985106299053
0.42004985106299053
0.5529437981024806
0.24876235616516285
0.1051335278292015
0.18529872827062147
0.1738934120278102
0.16335981182837614
0.1997602906800177
0.13596850195249227
0.04718457344782557
0.7907731696918353
0.22017306657654212
0.2453560758397312
0.2479100236094224
0.08464458649671222
0.897941268388261
0.489811055448488
0.042094719228085976
0.5173360038252315
0.4328754453340967
0.14968711341541693
0.04941353774720695
0.569797151568121
0.42004985106299053
0.1997602906800177
0.7161607466683103
0.008764428821829848
0.25443790563315294
0.290742750035837
0.11745786921585818
0.1457453176220748
0.097312284348762
0.13367164111996682
0.42004985106299053
0.2821771959219774
0.11578236839660346
0.42004985106299053
0.34289801879190074
0.42004985106299053
0.09861973090181153
0.0838692143326017
0.21146823657080127
0.08752129796615536
0.1319588342928126
0.07070736549063926
0.08463176735594767
0.17600221642987252
0.11598600236825
0.14918672372760822
0.42004985106299053
0.161454097060037
0.42004985106299053
0.42004985106299053
0.42004985106299053
0.42004985106299053
0.42004985106299053
0.42004985106299053
0.06532160839605108
0.09967986145905394
0.42004985106299053
0.42004985106299053
0.1838957724461044
0.1909406125067866
0.20041777841739278
0.8874279751400022
0.09436129641896157
0.33628947944794263
0.07072286161331252
0.6293978974676443
0.031445730883654543
0.5430635735613284
0.0971751806053023
0.42004985106299053
0.12581729563925662
0.42004985106299053
0.08717604074644615
0.205985766700254
0.42004985106299053
0.23656145569587295
0.42004985106299053
0.2523262708025637
0.6507726744702447
0.4352206852386732
0.0762853405776117
0.14901742508874732
0.42004985106299053
0.2106332654403227
0.031792915295306125
0.006327010527176235
0.13321108267266898
0.42004985106299053
0.011300169755869923
0.963021602193805
0.5017033273171309
0.1300874021635967
0.5430583796233366
0.6434391934699957
0.42004985106299053
0.42004985106299053
0.42004985106299053
0.206398961594459
0.42004985106299053
0.14007443186791127
0.42004985106299053
0.8398751185840411
0.125736949067786
0.11134906461046566
0.02179556399824665
0.052887564791326704
0.1026925345429826
0.17641178220368828
0.19784083874181013
0.046942330086197685
0.5553514251597071
0.42004985106299053
0.37036736573345624
0.13421918855342063
0.04420606142524363
0.41658459128350034
0.1121386841527986
0.1848680907348207
0.21348640493734833
0.11649733809727364
0.1724540608042477
0.09312061451143311
0.3487402208990138
0.1997602906800177
0.1645423502496458
0.18806895015790584
0.1772222821581037
0.14400975503294502
0.5452327708154049
0.03320679477877726
0.19622974071468
0.10081831088801668
0.1997602906800177
0.13395504610278422
0.42004985106299053
0.42004985106299053
0.42004985106299053
0.07851926028058995
0.42004985106299053
0.1536324355815901
0.20528750116676855
0.2746559535061367
0.07560010800162836
0.13554704442653437
0.8655638336669541
0.18928872377219058
0.04728250759843302
0.2556474871394636
0.3846733756416378
0.298973681111018
0.16735405470316922
0.42004985106299053
0.39365606472412634
0.14157631287610115
0.24102507111577956
0.07416617233263016
0.3499140647510332
0.10205273948177719
0.2905292109791749
0.020289104131573466
0.09700073007463282
0.08312720735329579
0.38708687924596646
0.23025973417860426
0.2418949469434752
0.42004985106299053
0.22603021750704008
0.1097726096592245
0.10620158704141561
0.24707897991079447
0.20740225956467895
0.7238343474290297
0.24926045215427833
0.1858612322657269
0.5958894893659602
0.42004985106299053
0.03777456909867664
0.017009871526888456
0.42004985106299053
0.11166506442530527
0.07615352877194337
0.0940801087225107
0.1218137729262418
0.42299601256811264
0.1689963194682842
0.08543000478888373
0.39507025730344564
0.15945349093164624
0.2681773580163475
0.1320455077648746
0.05640496624385097
0.48496571083697726
0.05257698658341943
0.42004985106299053
0.028203535515641042
0.21768815464408137
0.06346813723789567
0.09480952517793757
0.2250285853498139
0.3792496521298649
0.04988029757986757
0.05748377832332215
0.4178072461210214
0.29409933709754393
0.42004985106299053
0.42004985106299053
0.42004985106299053
0.42004985106299053
0.9367499959592934
0.5958894893659602
0.20125743586610595
0.24143699263070617
0.13948325929411348
0.1898765549441334
0.22470722275471464
0.6980397996427845
0.9111213189816991
0.1879331752641839
0.42004985106299053
0.024957338355036187
0.42004985106299053
0.5679622786861291
0.42004985106299053
0.053017064181058254
0.14067442231655877
0.005185477403360407
0.02969582454462447
0.42004985106299053
0.42004985106299053
0.42004985106299053
0.11190879678465929
0.04011968184519846
0.12439059938394169
0.42004985106299053
0.1859820820363116
0.42004985106299053
0.1062732783453524
0.16492523583882648
0.0798098901567727
0.42004985106299053
0.42004985106299053
0.16999361729318396
0.19309935044203463
0.05946898396432964
0.5753648995935526
0.07133628536279848
0.42004985106299053
0.1541450400744702
0.8768960884579361
0.24704918638919235
0.03805268638321802
0.1998820061703803
0.15183521216460713
0.19503626886669476
0.42004985106299053
0.07956177903856688
0.14591769464863824
0.12762566807193804
0.29556387313279736
0.42004985106299053
0.25048454629753397
0.42004985106299053
0.08454701792476849
0.14510162104669963
0.27756513479815703
0.25102105253684204
0.10808125990736463
0.13731485576703434
0.08115171224058555
0.010103018956596235
0.07013544582984099
0.88421508340833
0.2373379366704494
0.5295079128310245
0.098733104662175
0.08565981190757962
0.006482404769310574
0.0386922535500345
0.14934821579351662
0.2851472510155501
0.05490429422726787
0.21383431968444003
0.42004985106299053
0.31115031843908414
0.12532828339743024
0.7840491715376182
0.26725104742180555
0.42004985106299053
0.05773871693926618
0.8436767951373827
0.42004985106299053
0.5539185572267563
0.42004985106299053
0.42004985106299053
0.1113783438148555
0.6862651183467964
0.2913843479861315
0.04470247891638405
0.5958894893659602
0.010118352936827987
0.3150529514755643
0.42004985106299053
0.32963261730674126
0.08963586957293987
0.2573276506475242
0.42004985106299053
0.07798795962463789
0.7005446997179751
0.9129737187426336
0.27484159450965007
0.24672586726042225
0.5958894893659602
0.34976901096013063
0.1997602906800177
0.014724445809834837
0.1997602906800177
0.11860813370556907
0.19255454730383878
0.5551373697415549
0.42004985106299053
0.8806785900604613
0.42004985106299053
0.489811055448488
0.11793295944432382
0.083680128529924
0.01588316582973925
0.1416501972638085
0.42004985106299053
0.42004985106299053
0.44535670840814096
0.20528670545575084
0.42004985106299053
0.07804086610516207
0.08224019843277557
0.37960830420956276
0.04060023093860736
0.42004985106299053
0.04282939054238253
0.03218761275240152
0.2580239220557526
0.9835955018300888
0.7702332725684822
0.17362456404654403
0.26427833669099027
0.29748684914393053
0.03318312452813529
0.1565088400872371
0.40447561039551405
0.40649818110913183
0.5765396739213141
0.053173462101326036
0.03925269407204695
0.411457217453935
0.07575264732212907
0.12266060135401682
0.2561605554672128
0.17477299762946288
0.10090683489041245
0.42004985106299053
0.15862807914953272
0.004948658087605627
0.210995858000138
0.19805782726336857
0.21983375533072663
0.15456137895010816
0.02006954625311232
0.5599599167241891
0.3316725732657038
0.530381651233028
0.26951053740560404
0.029949103880905065
0.9720169731393354
0.1739207615597958
0.2082375807731782
0.08107430669584949
0.39537544421252785
0.16467808556370142
0.489811055448488
0.5445355010194048
0.42004985106299053
0.12001765039418301
0.0945404539929047
0.08948244948183826
0.09324453359043634
0.1535717956886063
0.08360449050853862
0.22462709957516927
0.15380848566503358
0.09043508644835499
0.08290845385690217
0.18954602724303007
0.12432360314788246
0.04261728948137132
0.2126271325197747
0.08282196223668274
0.058797139450662145
0.05252058424659118
0.489811055448488
0.7258097325470534
0.08405859588376052
0.42004985106299053
0.42004985106299053
0.40169562366002043
0.053559187458344495
0.11048206313223793
0.29593167372986817
0.26730713178851606
0.325607441102286
0.19085215188281235
0.19052796014857565
0.13715005299056016
0.2585507473159891
0.1777801259842097
0.037721805066120745
0.22139038157818364
0.08041017451548163
0.4367555227411244
0.12214338585549302
0.6355227011764157
0.08051706185239706
0.23190983569756848
0.16570700503640182
0.14150573734739824
0.09128081282522485
0.15223948556040942
0.1137955630635707
0.1073470463188581
0.1581383720291159
0.10554981445742655
0.18215431767973275
0.05188733997059414
0.9111213189816991
0.4455349419368933
0.42004985106299053
0.9285544461585303
0.17230246382008088
0.0406848337058797
0.42004985106299053
0.12492063006498438
0.193358745970551
0.15399289027274232
0.16617540410539156
0.2552120508904624
0.15664814310062788
0.22381895237490335
0.3123917796090466
0.5374802377503461
0.42004985106299053
0.19780768762216494
0.15307396938519213
0.11319812002422772
0.46885570444503205
0.2482154525870222
0.10904888489442553
0.10231607686176505
0.37843214552251864
0.0890355229633298
0.015295683046673064
0.03242760276686174
0.08982123411479524
0.2243652565128795
0.42004985106299053
0.42004985106299053
0.17064056680476491
0.13639489463650523
0.2511156633318424
0.03337960808279463
0.3021569736879149
0.17796387071324693
0.23281965731278453
0.09744622062451964
0.4250183809287162
0.42004985106299053
0.9601076523633838
0.04755220921540042
0.8688431136375292
0.09712987762719887
0.42004985106299053
0.29315256468211864
0.06173733415603717
0.29534959513968473
0.14392731807701878
0.180114161581334
0.014925844663408783
0.18179301112035368
0.013726322442561946
0.5958894893659602
0.22058024217806182
0.42004985106299053
0.42004985106299053
0.06095589372763857
0.5523070830928297
0.07440212855107355
0.08147674238674284
0.1002719974267226
0.13862301274277536
0.392100801113738
0.3004339918665953
0.06127570568483692
0.10021778249442462
0.9509145159081206
0.1954709629949634
0.08114501513989195
0.25278850612244713
0.42004985106299053
0.5981006284570096
0.09316786435047505
0.1997602906800177
0.31825161304545535
0.015470333671548472
0.11974989788300389
0.10801327717237885
0.046117846788175126
0.2969821171164114
0.21129285212911308
0.39892308061197207
0.20002574888793545
0.5958894893659602
0.42004985106299053
0.087943664343935
0.09574776542355994
0.04563054536665551
0.19690880727900845
0.0934310681449465
0.44205565591678275
0.4819979334311813
0.08075498674682338
0.5430983847042725
0.06745653208660847
0.42004985106299053
0.32325550228050237
0.08918918517506289
0.42004985106299053
0.10498911267625238
0.08164321460861823
0.42004985106299053
0.42004985106299053
0.4476376507884113
0.05164241761765801
0.04416776445177009
0.01219044009308345
0.3408094033243668
0.21031369636975414
0.1305462649673917
0.10744038302953897
0.42004985106299053
0.42004985106299053
0.08390377202489542
0.016124500561042945
0.5958894893659602
0.18209671209545739
0.15137167294176843
0.9764825533586275
0.24072497045256575
0.42004985106299053
0.014376386166422938
0.2842572774662779
0.1997602906800177
0.13993801575630443
0.13793860365955665
0.21639498806672738
0.16746030483710264
0.6699365054779128
0.18983005449198662
0.42004985106299053
0.22677280498423613
0.09903097415878602
0.29228683467083
0.489811055448488
0.15377014424723218
0.05143471190515742
0.23895653218299184
0.24940146484130835
0.23955812030138518
0.1457195547420107
0.16536898307617054
0.42004985106299053
0.02233918663584898
0.3918020488203761
0.184618931785609
0.1704343781075902
0.4225064796732377
0.5729433217385627
0.42004985106299053
0.015613977387412954
0.04052324373612966
0.19905571307060885
0.28554408684005067
0.42004985106299053
0.1437411346557479
0.21300438538769723
0.1210406798402049
0.06693840415436673
0.17753270284224001
0.21580409151946717
0.13187818903751847
0.06625456682981158
0.1423382462386024
0.04378251757468101
0.20018282458703462
0.7349362675857236
0.2149804878124202
0.5736714305799216
0.6188023313300625
0.3909845167260292
0.11571991895336396
0.22536969150493125
0.1997602906800177
0.2558501493054744
0.3346725947266585
0.12924854267851937
0.2586236841105532
0.11174102823326296
0.576308717868553
0.2557705580290874
0.5661471550340142
0.044296746074796826
0.42004985106299053
0.15151418963639257
0.22816590631665176
0.0862590752671667
0.021779327312803153
0.10120337649361863
0.42004985106299053
0.03735078663676087
0.058923186948290567
0.10172467306163825
0.04250937732635233
0.0035387937015847583
0.1715809282930051
0.0035387937015847583
0.42004985106299053
0.2678464841445078
0.1553264274261147
0.2883570752657494
0.17899875947698543
0.11651628417896806
0.1762401283451241
0.35152698367899454
0.42004985106299053
0.42004985106299053
0.9720169731393354
0.42004985106299053
0.42004985106299053
0.09794459587642383
0.42004985106299053
0.42004985106299053
0.004296545499044747
0.3262322224680451
0.42004985106299053
0.42004985106299053
0.5616951826707883
0.05911654083225067
0.42004985106299053
0.09515073857471738
0.42004985106299053
0.3681059533768483
0.1669900866939784
0.9720169731393354
0.9228243720511303
0.42004985106299053
0.5958894893659602
0.10371337864637158
0.07882341411954279
0.6998902346880076
0.1702952442852173
0.18945216519882124
0.2732950977373916
0.05639641463077282
0.37765101156839104
0.1226569603987831
0.4342794824614666
0.0311894055287118
0.6489826275705589
0.2584410502749684
0.3058004634815099
0.07342202555176407
0.1997602906800177
0.10546824799858141
0.339055836545162
0.13073106145125885
0.11099939113005454
0.049998144430422393
0.12928869758022077
0.14889909772945265
0.12175959631852622
0.5668166863222569
0.031146167276326422
0.04425623248374021
0.06169456258757317
0.12392209042078603
0.09813222800869557
0.07469710581160653
0.6495329215652773
0.054930432474507386
0.10395739952617239
0.42004985106299053
0.25005850429402454
0.13854555114955502
0.501844704782375
0.42004985106299053
0.1997602906800177
0.08713528976521848
0.2534689102468924
0.11106900538149445
0.11240855093799165
0.19251086599279116
0.19926137563724627
0.17963937143984604
0.15344591447793304
0.21284808366271318
0.1925637129099671
0.15099968850706705
0.05607559817532557
0.06774326444542801
0.23714545147537205
0.5325115048444903
0.5969516105503377
0.16343058739378163
0.1950613652390325
0.1187034482926715
0.09244642341922582
0.21493652954364065
0.1813447444834412
0.06272287173785682
0.5407881955865518
0.005787430519470664
0.2751816874989965
0.15316905925534557
0.17663089742356372
0.789906186595415
0.11129985124710158
0.10042247266901795
0.11379002177090768
0.8655638336669541
0.24009187156508463
0.6118381548563349
0.20411327370271734
0.42004985106299053
0.2260899406922039
0.8386112623668971
0.32132585350659276
0.10298049333463696
0.5652395336132152
0.42004985106299053
0.42004985106299053
0.17366587018696125
0.16899398059927662
0.42004985106299053
0.06188722943077689
0.42004985106299053
0.14646582186695156
0.053893396771917436
0.42004985106299053
0.42004985106299053
0.02672250486032839
0.16255173362709094
0.3011081463489891
0.48509566003037663
0.012775634945093163
0.24158197871748452
0.42004985106299053
0.42004985106299053
0.42004985106299053
0.6712980939901283
0.07531646432551456
0.25811048806779785
0.1729567033087898
0.07307801406966681
0.9769583838053203
0.9111213189816991
0.1550982566219943
0.42004985106299053
0.49156266664294257
0.23375564042746758
0.11486012713677707
0.14293908990474408
0.1444775758350227
0.9720169731393354
0.23698300157357105
0.029103033259664277
0.42004985106299053
0.01567685912094797
0.42004985106299053
0.616487794842063
0.06130491575525073
0.42004985106299053
0.24823163105184948
0.1997602906800177
0.42004985106299053
0.2539342308227467
0.46743147372454663
0.1340837336884055
0.42004985106299053
0.5958894893659602
0.489811055448488
0.20386227323053338
0.2865076484568457
0.0282520453160585
0.030241937001843227
0.15227421547136294
0.05921442403595325
0.766308633946043
0.021950940033195573
0.019388940218169615
0.42004985106299053
0.42004985106299053
0.1066039918850901
0.07178714837311577
0.2559254421357962
0.3025510451909922
0.7160240724987351
0.05007500129017076
0.08501478315412385
0.017120807641531125
0.20722521123236362
0.08055506572797205
0.10556210830648431
0.11603058299244233
0.08964461268069665
0.053947576281621994
0.3391439165364718
0.5918768202781223
0.18837364145676944
0.1267077660474229
0.3550171956860412
0.16974364349770976
0.44098054091276667
0.1430772439872997
0.09977731971983378
0.08123827323143455
0.11617628133697164
0.17181343276206537
0.26232523922289186
0.42004985106299053
0.07053476068544105
0.42004985106299053
0.1674011995914781
0.10931485368026861
0.1786349645443894
0.17719444073919116
0.42004985106299053
0.3146393494544773
0.1315590163241913
0.42004985106299053
0.42004985106299053
0.14401852763432746
0.13947190150137992
0.07249771705503644
0.6572468942407761
0.03449709910910899
0.041700683629073275
0.2905587053026712
0.5425748798920811
0.42004985106299053
0.10018472008296497
0.42004985106299053
0.25119539020041975
0.35484733203528457
0.17984544542883943
0.1157202180608759
0.04694876163627433
0.1668449383209016
0.0185143929183343
0.6236711953074845
0.2533975151156807
0.06597697600507821
0.5724821491073498
0.6140010058821087
0.42004985106299053
0.7244378937204756
0.18939119671510177
0.15945428602499195
0.42004985106299053
0.42004985106299053
0.08325003425456283
0.1397735948176912
0.42004985106299053
0.42004985106299053
0.055815181227782326
0.30777233205039345
0.06430365005027418
0.14882368511031416
0.1297348955869527
0.37840324131700026
0.06045509216986109
0.014925844663408783
0.06926243542687492
0.5958894893659602
0.2050288108694337
0.17986131901608912
0.09350471177324197
0.42004985106299053
0.489811055448488
0.22573911831927126
0.2329978481470868
0.23281965731278453
0.2722040342969273
0.13804851871191376
0.8972546940283254
0.1209674591829423
0.19308966181936787
0.16891913382007417
0.3040591255048562
0.180743736556051
0.3194473102156646
0.42004985106299053
0.21820898823883036
0.3183393542729046
0.2947423047551091
0.033459444825749536
0.23554331613933943
0.08814908459364154
0.11727672844012915
0.044504589659965885
0.5094693062312292
0.05527544505732815
0.33639906282031395
0.596733499509701
0.24689714693771017
0.09412824319040826
0.808341423558824
0.24111251551438223
0.10657768517230944
0.32692671645661286
0.42004985106299053
0.42004985106299053
0.42004985106299053
0.42004985106299053
0.136020852130117
0.24347306324429002
0.9434506895342445
0.9111213189816991
0.32492298734574787
0.04543848706392217
0.12155868080582982
0.12017453074519545
0.08387135373269423
0.06526057401227552
0.1579587727662684
0.22928733485335212
0.14947304946025508
0.08188976422362325
0.08703724180762033
0.3605358176148308
0.1000515706068633
0.07171405722677661
0.37329320224229934
0.5985593215257138
0.29357781700746033
0.10053942973916796
0.05396768968022107
0.4508567637627326
0.6864944996201878
0.04748838096213417
0.2549995393416512
0.22185944787579726
0.11582596767048188
0.015625916506319226
0.08113437422609836
0.5987002805509507
0.018973476005162873
0.42004985106299053
0.06483968360259475
0.21063834340268822
0.05508072902628426
0.30763742793100185
0.15931950981920623
0.011300169755869923
0.1997602906800177
0.42004985106299053
0.009159345382658583
0.26192091980461935
0.42004985106299053
0.22314850654745494
0.42004985106299053
0.42004985106299053
0.15350701225603783
0.42004985106299053
0.5880445205330298
0.42004985106299053
0.42004985106299053
0.530354970195123
0.42004985106299053
0.11638663436517563
0.2547542969002111
0.1997602906800177
0.42004985106299053
0.42004985106299053
0.2684490173834787
0.6441351596529566
0.4747538121163232
0.42004985106299053
0.42004985106299053
0.10897759708572399
0.1846354124654935
0.1353385675848954
0.7621765533101068
0.489811055448488
0.37149999977735415
0.42004985106299053
0.2705030135226486
0.9720169731393354
0.42004985106299053
0.1997602906800177
0.13045286564694134
0.21136229369142953
0.059401231111329174
0.42004985106299053
0.489811055448488
0.42004985106299053
0.15294878601660547
0.04755421758550789
0.15104291634519026
0.14161611090190232
0.043886748887900895
0.008764428821829848
0.04720428357369795
0.4541128588743413
0.02014920016705135
0.21373432614698906
0.16358606950729476
0.5140720767766896
0.13042169977706775
0.10132981030910798
0.5203255923010515
0.9509145159081206
0.42004985106299053
0.5044985267886241
0.6897143675196251
