0.003234185271549034
0.18351547852755745
0.08266468991359875
0.04756475033573417
0.08266468991359875
0.6098853548297245
0.7499060799058267
0.6544678600784046
0.18057915034364191
0.42723922246131346
0.08266468991359875
0.08266468991359875
0.08266468991359875
0.6769115679442933
0.007167599121817302
0.08266468991359875
0.05536643957725824
0.48659754507938807
0.6582445522690306
0.8310051035401698
0.5521705936944349
0.5978036158141264
0.23637932238060905
0.8741592203956458
0.3200838219882766
0.025138051875979
0.4343424415392844
0.08266468991359875
0.4806710957103758
0.4055968428636913
0.7240992553435499
0.38698001631036294
0.5016239987297427
0.5970773858438557
0.08266468991359875
0.08266468991359875
0.08266468991359875
0.006796810842121094
0.005137984611745987
0.6734195185965697
0.5528871048745482
0.4695688623766896
0.02059505561240532
0.5728085556613555
0.8138248624250265
0.7677587110909045
0.3612124293565274
0.3787733497217075
0.6605518967771503
0.013823515723708319
0.05792719994166924
0.054561603325521006
0.08266468991359875
0.08266468991359875
0.6324565565953639
0.8188524433916363
0.08266468991359875
0.08266468991359875
0.08266468991359875
0.08266468991359875
0.08266468991359875
0.08266468991359875
0.08266468991359875
0.08266468991359875
0.08266468991359875
0.08266468991359875
0.08266468991359875
0.5571900370606608
0.08266468991359875
0.8383489457042179
0.2408202225187003
0.08266468991359875
0.02059505561240532
0.08266468991359875
0.3231991886881654
0.3485261918374951
0.6175549420804511
0.45701633086192184
0.6476041522949365
0.00986868943134164
0.08266468991359875
0.08266468991359875
0.19276119568886943
0.43058528646417993
0.5241923410044417
0.693664742527074
0.635152999799078
0.08004540166156472
0.15371083936601512
0.682193008440673
0.025285347080610247
0.66205638097532
0.040283964735246244
0.08266468991359875
0.3831067863516824
0.010088794463407281
0.08266468991359875
0.08266468991359875
0.08266468991359875
0.010659553815644818
0.6541189150547502
0.8771613401312741
0.5918996883379021
0.08266468991359875
0.08266468991359875
0.3523766856832188
0.08266468991359875
0.17472278665425076
0.08266468991359875
0.5368016474515619
0.08266468991359875
0.08266468991359875
0.022941212750016943
0.08266468991359875
0.025067830286102034
0.7304713943029515
0.010326673985850967
0.13988773407538505
0.08266468991359875
0.08266468991359875
0.08266468991359875
0.37542160231942745
0.8964922319132865
0.00841219783993741
0.6695532914566769
0.08266468991359875
0.03167467913394474
0.006957464772208007
0.023802169849239867
0.08266468991359875
0.10462984984440822
0.08266468991359875
0.08266468991359875
0.33562222612975506
0.9703477879804685
0.6765629386969993
0.08266468991359875
0.08266468991359875
0.012561594194947807
0.3759292916958663
0.08266468991359875
0.08266468991359875
0.9676050959406359
0.3287652777361492
0.005352982341056489
0.005352982341056489
0.08266468991359875
0.08266468991359875
0.007167599121817302
0.08266468991359875
0.08266468991359875
0.2563689359900566
0.3839610584104159
0.7824791112770095
0.4546531887346379
0.07522076084059116
0.9445090524449198
0.41178538370966206
0.045357803862763585
0.009835853031369813
0.08266468991359875
0.6017037950738806
0.9077482983572861
0.046522859307798425
0.26519528390595615
0.6447792131852673
0.019646313545660533
0.7503554985189274
0.6565880543846278
0.08266468991359875
0.2888010859107898
0.1504186629899664
0.08266468991359875
0.2145305424865339
0.7249832072895753
0.33562222612975506
0.6641919599211311
0.13979272264752848
0.08266468991359875
0.8603882837657493
0.40785178202819095
0.08731586783622679
0.17713359952923213
0.02059505561240532
0.6569594360918949
0.47257211515486175
0.6249012217455072
0.3414120802355465
0.5908451360936176
0.24925712111826803
0.29747934562521383
0.6774286721844751
0.8403989981517811
0.5589714472887256
0.08266468991359875
0.20329558115945326
0.2923663345138267
0.02059505561240532
0.08266468991359875
0.6451827984552803
0.11040707312316872
0.6319398781907832
0.42342498828924197
0.49762361279027784
0.6245278105106794
0.4943794279281612
0.8114910979306427
0.00841219783993741
0.7356064178386709
0.03282260669062186
0.7031942872967898
0.23241245333345278
0.08266468991359875
0.020264724187702917
0.13064657950559985
0.7432782237369218
0.08127449450492943
0.7312547403122751
0.8176229261080327
0.08266468991359875
0.7766286809456874
0.49465804372598715
0.3804372934734149
0.08266468991359875
0.005352982341056489
0.33689774730650024
0.05377138631646501
0.08266468991359875
0.00619737011850383
0.54931907683942
0.426894386552946
0.5333956929931906
0.5381271153577036
0.17739268845864248
0.9141590588242968
0.08266468991359875
0.526269124224009
0.08266468991359875
0.08266468991359875
0.761440270235743
0.010434628775567095
0.08266468991359875
0.08266468991359875
0.005799551293589366
0.08266468991359875
0.08266468991359875
0.08266468991359875
0.08266468991359875
0.08266468991359875
0.08266468991359875
0.08266468991359875
0.08266468991359875
0.45125240394488425
0.08266468991359875
0.11951943273056141
0.6438970091028924
0.8915235300682858
0.7291623578147097
0.33697912512012157
0.006124020934306491
0.7112575035766651
0.062355552378577164
0.6020643507189156
0.6140188731809799
0.3114529802890939
0.5472447244986183
0.08266468991359875
0.8242809162083566
0.08266468991359875
0.5314084754900316
0.20222164987176686
0.3639949976946616
0.36250442743412814
0.5689135113595842
0.5237281861280335
0.2763183463296108
0.41674445009778566
0.08266468991359875
0.31651065532669687
0.029156567146459623
0.8726041396594117
0.08266468991359875
0.6489665459338342
0.40141614965639466
0.6702729932436302
0.23611259819811087
0.6819197387596141
0.5453517169161812
0.9510980366438961
0.8340687023325138
0.627725429546946
0.5874109153770167
0.028648372790709926
0.08266468991359875
0.6838146608135123
0.25266080220507703
0.3916934832025668
0.6975946811925181
0.5217771167781712
0.25383306865295296
0.21407407233451825
0.08266468991359875
0.687767445663112
0.08266468991359875
0.8320085939110826
0.2272386363269553
0.08266468991359875
0.08266468991359875
0.527174185472141
0.8015775134455878
0.08266468991359875
0.4243903180948446
0.00806870060167185
0.005137984611745987
0.06914659068220562
0.7462186646578709
0.6597134024326938
0.8268537365196293
0.6218654191723393
0.5707699292032857
0.08266468991359875
0.08266468991359875
0.35779449037319183
0.6985451470147438
0.08266468991359875
0.21027851878388146
0.8576101636953595
0.19744393010160463
0.2644364963660049
0.049719030697532425
0.6268035801968349
0.6618805664335713
0.8249453345859588
0.8399760884777879
0.3427480025776369
0.4372692590268386
0.5238615252941967
0.5322103004217827
0.28893509548688373
0.37209709288333764
0.8003416941901281
0.08266468991359875
0.08266468991359875
0.8405022812516999
0.38489523167910245
0.6633874676022274
0.6982924611530092
0.7629495204946397
0.8490348889074529
0.6824104393803943
0.08266468991359875
0.08266468991359875
0.08266468991359875
0.8867092878391608
0.08266468991359875
0.7639227790965811
0.6951388262250159
0.9535664289164596
0.013823515723708319
0.36987769600733716
0.08266468991359875
0.5128193136766479
0.47000770774213635
0.4537268718081318
0.7265343677538388
0.38577028410109687
0.09828543437877406
0.06475120354125649
0.047200659308572
0.43402930799340256
0.8751043365027478
0.34013588289154056
0.4099560630522246
0.279528194183994
0.6624135116856393
0.5508981419502597
0.5091395460390615
0.08266468991359875
0.8276616141727133
0.4660609022137772
0.03613103177102932
0.6838793734785326
0.14739799024916983
0.08266468991359875
0.570441526542123
0.2540008405517003
0.8982639568774886
0.7919199089271826
0.6896345126624261
0.37489077795962594
0.8199115245005925
0.6845211427374353
0.8030290487214391
0.8586803630289841
0.8538200832925941
0.08266468991359875
0.04637686566929826
0.766429791419965
0.20765567840563576
0.009830024977935059
0.16572441022831755
0.7631552413925251
0.7638967572916411
0.47581315372757327
0.611531855189297
0.8354881521957944
0.08266468991359875
0.9003847025318972
0.7935891368695794
0.9149599945103345
0.7673535941566085
0.40318005616233604
0.6903452186201302
0.24952825313439753
0.9045954571519244
0.37219681562441775
0.4764847767354225
0.933930610801109
0.02059505561240532
0.41336082297955146
0.7159457773418667
0.08266468991359875
0.48919684664851476
0.7082942038205265
0.006124020934306491
0.008309381102783628
0.8663277350726096
0.09187732595178162
0.022796193686481326
0.8438476434936163
0.08266468991359875
0.48233032725426433
0.8757199030348332
0.08266468991359875
0.08266468991359875
0.24862555011797505
0.6659852673235857
0.2145305424865339
0.08266468991359875
0.08266468991359875
0.5255116607273651
0.5681411356972418
0.28623491870278345
0.18635503013337512
0.07324925330356866
0.08266468991359875
0.9532528007877051
0.5706914414462033
0.08266468991359875
0.4967261412280661
0.7494316920812369
0.9802816865994799
0.7566542523127169
0.08266468991359875
0.08266468991359875
0.586479584841165
0.8188123782825849
0.33562222612975506
0.6526167160198004
0.08266468991359875
0.08266468991359875
0.8576735331562418
0.464139937316975
0.6368919810328781
0.5112292762115614
0.08266468991359875
0.9629710136791974
0.9435026302644622
0.08266468991359875
0.5507219082912161
0.48826581961361865
0.4725983799302594
0.18422242235471242
0.3923311790280292
0.4007582445649435
0.3334064566019607
0.32158739076196863
0.6151580312078258
0.5803503430497224
0.65549415853172
0.4159819945537749
0.9890418198885342
0.08266468991359875
0.12547985556836652
0.6293137531652606
0.15498223364531868
0.5167644138134038
0.6229615619967603
0.010496297059449903
0.2641366783550655
0.5188376846690762
0.025790453456753647
0.7822942987440489
0.7832302709293291
0.6244883826045651
0.08266468991359875
0.356925028035472
0.2145305424865339
0.3451857509928538
0.08266468991359875
0.07714299522429206
0.460341455134538
0.08383500078071568
0.08266468991359875
0.08266468991359875
0.011092811686509213
0.40779025188381135
0.02059505561240532
0.8081276557485795
0.08266468991359875
0.517233906266094
0.08266468991359875
0.15304425694373258
0.5703936500514266
0.739328199885444
0.9058390649803453
0.02059505561240532
0.08266468991359875
0.08266468991359875
0.17912279123088104
0.6348811340927715
0.48968243968672504
0.006124020934306491
0.964287420951389
0.08266468991359875
0.08266468991359875
0.08266468991359875
0.08266468991359875
0.781324200868614
0.5392957079551058
0.02059505561240532
0.26256268728430926
0.6685570526605555
0.01001503226183707
0.5796229652736097
0.15264770261988403
0.6127130189584549
0.08266468991359875
0.25015797652292476
0.17915901131802953
0.004527052901694536
0.4861936971922638
0.6734040680012929
0.08266468991359875
0.4799598351848561
0.6798259751039372
0.08266468991359875
0.3473008366977127
0.9602159735455945
0.195067540178098
0.8170262849589921
0.3772841516511005
0.08266468991359875
0.14787139779482045
0.1146352477889291
0.16061647301318233
0.8113969844716409
0.9627148313402158
0.690411030004265
0.9123694307576617
0.8810606301687431
0.653269049576996
0.5377868619945692
0.2994510037933756
0.609354390577416
0.58432260107615
0.7454540817252342
0.754611590247231
0.7557714282801555
0.08170299230531745
0.5669406812967834
0.484303870515541
0.004549783664100439
0.12521136533019991
0.9741757307183405
0.8353181343352896
0.5478307499537617
0.08266468991359875
0.333302289445737
0.5346323314592327
0.6504053109029012
0.022486280750736644
0.08266468991359875
0.6519588543196034
0.5796572898022961
0.08266468991359875
0.1947422518299851
0.02059505561240532
0.4095128828924668
0.5492286188732302
0.08266468991359875
0.08266468991359875
0.4395239547679244
0.28502798750790137
0.08266468991359875
0.6809434643505983
0.6955278151432442
0.1866392709326648
0.1461569709472683
0.42350137118612957
0.7393541008479877
0.5005290181908375
0.6625565500789489
0.2639539900243811
0.6969329304077186
0.38063305852114876
0.3584768864586835
0.616857904050736
0.5739656691674199
0.013823515723708319
0.03602737139208601
0.8267274129535245
0.08266468991359875
0.6433552976947545
0.6030254826534399
0.47861219028754876
0.7980366968269791
0.45942528732523213
0.8256389033828351
0.866509304616929
0.5188290076079687
0.8214378959477084
0.7253879435131286
0.5087871098105731
0.39536473877990885
0.2227943814158785
0.4335939333051757
0.05812551735824846
0.5044493452877609
0.5664956890878425
0.5593368995018876
0.5884049368339336
0.7590494224356733
0.6125233412083833
0.8521043068933091
0.40825923234092554
0.7300533317233246
0.21518712366940965
0.9484089519324407
0.5567989985530384
0.08266468991359875
0.08266468991359875
0.7730732511884938
0.08266468991359875
0.610154401460197
0.788810075086714
0.816549246191202
0.40785581008625377
0.2793205217461048
0.012784926854535894
0.9010968736039219
0.550459215425658
0.33562222612975506
0.8582959903821035
0.4830510750121276
0.006124020934306491
0.8565811134436878
0.8541194531087797
0.6380042981608592
0.7188163534906921
0.5238349154185018
0.8801092385302173
0.18486894238440735
0.6416162497266554
0.1425694073353363
0.08266468991359875
0.08266468991359875
0.00968907209975519
0.36017326158686547
0.7058276565571763
0.4026723334882519
0.4402474162472114
0.04049606031015933
0.02059505561240532
0.7272737540882374
0.00998902012066131
0.15645295727015182
0.5970706246120507
0.6266428745327568
0.5837134977779868
0.6911988354997246
0.01184012703146435
0.2145305424865339
0.9351115986251028
0.24655419195964695
0.23381184780515815
0.16852285075202778
0.023038973788826193
0.1627453066352284
0.08266468991359875
0.02059505561240532
0.2093086060169647
0.6368919810328781
0.6440741533643509
0.5556640893097928
0.7409630994690238
0.5038176461947966
0.6284975218934129
0.12113121350894018
0.08266468991359875
0.3333372635352649
0.6061287099861067
0.08266468991359875
0.44577834875437267
0.08266468991359875
0.7608186866412949
0.6489392738440062
0.1836716562267706
0.7770729344699755
0.7261767015954926
0.7618332300919531
0.7537292753769487
0.6471564609007566
0.578041294644835
0.36348414064227913
0.08266468991359875
0.5268657680883367
0.08266468991359875
0.08266468991359875
0.08266468991359875
0.08266468991359875
0.08266468991359875
0.08266468991359875
0.7202807225022358
0.7781461860998776
0.08266468991359875
0.08266468991359875
0.6332105323904141
0.39775136081601054
0.6796795673234531
0.04677795173264951
0.07082606586724509
0.45842978593327643
0.22894240370321753
0.21355305547146572
0.9055709893296484
0.2148575869060909
0.7546272019127285
0.08266468991359875
0.6578541986927635
0.08266468991359875
0.8589209883515331
0.48840734551418247
0.08266468991359875
0.473388503448753
0.08266468991359875
0.7410376797424403
0.11858801584709931
0.3195426811745431
0.7514946561600981
0.7304161089385992
0.08266468991359875
0.5852868903277466
0.8088040440883325
0.9818355327324427
0.49403169558172116
0.08266468991359875
0.9773580141117135
0.005472548990272902
0.02244175876383723
0.688635840076303
0.41670225965732316
0.18112211770738282
0.08266468991359875
0.08266468991359875
0.08266468991359875
0.38504648420553467
0.08266468991359875
0.5329808860946871
0.08266468991359875
0.03586300861079549
0.6351964114211012
0.5744613737925701
0.9536176186926079
0.843404053994979
0.5375576471263199
0.20529739285208679
0.5259605748459844
0.011032086251741053
0.4226896754843996
0.08266468991359875
0.349322776920451
0.10216779475479774
0.841899363809175
0.36758026062223564
0.5758066919558711
0.39086750287348615
0.4174268001376053
0.5212662278372403
0.5266904744562072
0.6014529215966407
0.2768434475921221
0.02059505561240532
0.5245624066740605
0.6324362347353717
0.4438695226713848
0.5202079687603828
0.010122561986971841
0.873762449139781
0.6329309977006897
0.502449896960702
0.02059505561240532
0.8009367859908069
0.08266468991359875
0.08266468991359875
0.08266468991359875
0.6834524489914741
0.08266468991359875
0.39978837820563096
0.5803650340391191
0.5097801227667706
0.7834029393117676
0.6768851893988261
0.06902753875552212
0.5768885990494772
0.9153344946339957
0.18310652891294354
0.5294645510603672
0.4035713077524201
0.46890480041162574
0.08266468991359875
0.2918611176704461
0.7168737716683343
0.5254754618513062
0.8149680604582413
0.58148743578711
0.612422525199501
0.43573512308279627
0.9348950046702592
0.41351427131934904
0.7185258299965132
0.029790547355106944
0.4583322306249329
0.5282680661573359
0.08266468991359875
0.5637540972631324
0.4643606770736501
0.6558932918398213
0.22697672435975422
0.2745661722156791
0.03953165857306145
0.46772911571860976
0.7453190879654461
0.33562222612975506
0.08266468991359875
0.893536033637169
0.020538072374321096
0.08266468991359875
0.7287905895030407
0.7209577698859795
0.7513273036728398
0.7078490686079936
0.07057881963674646
0.37903605512501
0.44334705677921954
0.457531900251928
0.34526225688718226
0.48192185742196164
0.5466969518243661
0.6076839308184903
0.20199119928818404
0.1816244852242281
0.08266468991359875
0.7334999427394442
0.4502750127259227
0.013639671119053235
0.8078613215629279
0.5024032740488562
0.29939160295776807
0.07116640413391512
0.9153782079966605
0.09525798658431664
0.532423429070522
0.08266468991359875
0.08266468991359875
0.08266468991359875
0.08266468991359875
0.0076274973715578735
0.33562222612975506
0.7251198172858088
0.4660632277104684
0.6052332959996105
0.594302976731788
0.5813673928221728
0.08784633981282382
0.004527052901694536
0.34494871895792534
0.08266468991359875
0.9147605127582421
0.08266468991359875
0.009441428260322163
0.08266468991359875
0.7997644299479199
0.6654570502039605
0.9890418198885342
0.7779866231214383
0.08266468991359875
0.08266468991359875
0.08266468991359875
0.5442719794146846
0.6513384822308204
0.5548643168410168
0.08266468991359875
0.5118743681776716
0.08266468991359875
0.5990704740901038
0.5344103539972153
0.6290294460816338
0.08266468991359875
0.08266468991359875
0.5232280151277668
0.35101086678587606
0.6327248008384764
0.010295290336238206
0.753378187200587
0.08266468991359875
0.7977857466648399
0.09943314479752709
0.5090934926659902
0.5727801588235646
0.479673733644979
0.4872242030797648
0.3147890276408533
0.08266468991359875
0.7749176525028161
0.6200570591628521
0.7380632436575414
0.29664610064058117
0.08266468991359875
0.7350127370147552
0.08266468991359875
0.8450331671141629
0.6839760321598688
0.3348026868481112
0.6798327978965948
0.73103594318082
0.5396945289441254
0.771959375089539
0.9730367339702783
0.7502524802953477
0.040270667388530884
0.45538989450940903
0.20364753342652941
0.7019934725911408
0.115697767832002
0.9790806375906428
0.10314139534923246
0.43722766116580275
0.43210409065447575
0.7269848199375428
0.7566020506624183
0.08266468991359875
0.5117812297565009
0.7636318665242939
0.08391435561097348
0.5703894610390787
0.08266468991359875
0.8243436535722302
0.081418995070433
0.08266468991359875
0.011056404520149672
0.08266468991359875
0.08266468991359875
0.298317796773826
0.11206813219368557
0.49648907718219665
0.931272502359357
0.33562222612975506
0.9395957485503275
0.5151362967955087
0.08266468991359875
0.5008469695573873
0.10064486846671053
0.3955299631091406
0.08266468991359875
0.7301586590205589
0.14539484132394298
0.021800031431975276
0.5856694505020253
0.26959491410687214
0.33562222612975506
0.3083131966524641
0.02059505561240532
0.9518865707344645
0.02059505561240532
0.686446172061021
0.6447423878662273
0.011429509162389986
0.08266468991359875
0.04543250739478826
0.08266468991359875
0.2145305424865339
0.5162326422427546
0.8783339637250465
0.9718675713523213
0.4593729484943345
0.08266468991359875
0.08266468991359875
0.504115999727923
0.4259127916858432
0.08266468991359875
0.6055852417650809
0.8994421748543728
0.24525096020269282
0.8666521983099943
0.08266468991359875
0.9109878225934189
0.8232454646344239
0.6996724664974249
0.003234185271549034
0.03393333734316648
0.5568487941467994
0.5491794908941707
0.49727687548135474
0.9341624046421254
0.6191278483686018
0.3193712936483914
0.20512982868385352
0.3755585308559924
0.9025932186843268
0.8534427906240063
0.4822767244241183
0.7697238899287959
0.7354579074034966
0.20762784426517658
0.5996244081107016
0.7321852400620704
0.08266468991359875
0.7356565047536077
0.9912255639700319
0.6572475654800981
0.4635765568090049
0.6180656314205495
0.7299328444228275
0.9449910659641519
0.3848868985183062
0.4625848145354735
0.22994009031459334
0.6166714372043945
0.9133939229951218
0.013823515723708319
0.7506540392612533
0.47405166911076907
0.7191223000047442
0.3571438552657228
0.387931501370648
0.2145305424865339
0.3160876969846124
0.08266468991359875
0.5075542641637111
0.6783296617582828
0.7312984411749055
0.5862003429524424
0.620573979837343
0.8314855978386675
0.47468452826847984
0.3456819254692414
0.546922035256143
0.6441521366931483
0.4448682034017467
0.5861766116259428
0.9053555392433579
0.5463739654352495
0.6772197370639776
0.885322850634894
0.40989127485250015
0.2145305424865339
0.041573450826675934
0.7542838627876395
0.08266468991359875
0.08266468991359875
0.3690674046146487
0.838397353101082
0.7457301437167165
0.29039781208581295
0.5328306115597254
0.5103696501646336
0.7145431515775311
0.526342365153929
0.4265518258032047
0.6958041071515343
0.5960426600349163
0.7652410583522381
0.42262274587483695
0.798006798342951
0.14771462623559192
0.4531079833544283
0.13477064981216527
0.45430747080262
0.45861561022800135
0.35453724628282707
0.4502535194381338
0.7105821371096085
0.2816538257554372
0.5129559586355662
0.47386467763643547
0.33909602271852823
0.5675284268022911
0.4070386689377226
0.5346323314592327
0.004527052901694536
0.30183474318996234
0.08266468991359875
0.046307764389475696
0.45276181553343947
0.858893951020857
0.08266468991359875
0.36535071110888273
0.513007705406349
0.4755808329775757
0.3628536610587181
0.4494089023792737
0.5909516089373892
0.5708903302109191
0.639492061213494
0.01279269402562027
0.08266468991359875
0.48870377000830567
0.803603753903589
0.6267757642754791
0.2777274041316373
0.06594696574816242
0.7879352961739655
0.5795135023427137
0.49007703086890403
0.7327612427788529
0.8907748115824431
0.8700354041647036
0.6225919743692866
0.6119882686883481
0.08266468991359875
0.08266468991359875
0.4256187620880064
0.49530478506989223
0.4379681582356676
0.9599582426274076
0.5111761213162844
0.7103204169823141
0.003915490771379371
0.8134251585565475
0.19696253074420572
0.08266468991359875
0.01834962500790699
0.12826492617860455
0.02416120316314397
0.28035990590961335
0.08266468991359875
0.11246078223283516
0.7167261702209883
0.36353461649751095
0.4211567808468381
0.6926788801116447
0.006124020934306491
0.5308054479244323
0.9521993194617823
0.33562222612975506
0.45705491912643276
0.08266468991359875
0.08266468991359875
0.8392781698691687
0.2795784850356966
0.8032715455300012
0.42120127953280423
0.6774888231299785
0.7192526248869379
0.3603247423436611
0.42907024501900953
0.6963863394504038
0.6755840873816921
0.007167599121817302
0.7293982304229921
0.7130217271245168
0.28310072514282314
0.08266468991359875
0.009625505914015288
0.5306784793739493
0.02059505561240532
0.3784921867745311
0.03129167941232301
0.35746964133758075
0.8082522857215091
0.3170881756850544
0.20721656461603055
0.16985265742871158
0.32512960944541547
0.6053847339742087
0.33562222612975506
0.08266468991359875
0.8069138213140369
0.6478164675292696
0.8819745134250737
0.6946733059283958
0.87687116374831
0.29759213603944035
0.3683564459165692
0.8423416059838179
0.19895797031527332
0.7712735623965167
0.08266468991359875
0.5248518607488444
0.8627797165208815
0.08266468991359875
0.647891471552718
0.5750301792505774
0.08266468991359875
0.08266468991359875
0.16530369315596125
0.17911232138491862
0.7143127853289493
0.7455262801904913
0.23732055543009065
0.010946165499881479
0.6165732382474243
0.13207235144240195
0.08266468991359875
0.08266468991359875
0.7494088498903491
0.934787072822383
0.33562222612975506
0.4151593206143189
0.5243228546952681
0.00841219783993741
0.45524597604764594
0.08266468991359875
0.012039434833751925
0.2093303272199489
0.02059505561240532
0.7035304645211875
0.6352138414825289
0.04808812572981998
0.5897918126405608
0.07330029319915171
0.2423456952631866
0.08266468991359875
0.05517799682163565
0.8426274673903266
0.4119855615405064
0.2145305424865339
0.44825618405329876
0.8705176958824972
0.5404166883949235
0.6550013861704839
0.45397346416116807
0.6430400286007121
0.5143977492726566
0.08266468991359875
0.9118651932617332
0.5642550105953569
0.6341420983907705
0.6976426251482977
0.25033818154879256
0.39499404187255616
0.08266468991359875
0.9499327655039174
0.9136947322938113
0.49174365484525934
0.020937895033294893
0.08266468991359875
0.5867828445605984
0.451547795834215
0.5968946556408815
0.4401221945886141
0.403353784736196
0.5443944236934729
0.47228277649647243
0.8411327164032866
0.6404288870573893
0.8370042371234208
0.6103355492382001
0.13207907551782117
0.42907299177613456
0.3595962072475372
0.206104020616151
0.1347190386039703
0.850986218982986
0.7116881030774584
0.02059505561240532
0.5975340820608454
0.315852746331747
0.497428869327651
0.3650846896835605
0.6031994149746814
0.155006797816049
0.4961198231069525
0.05259116246405027
0.7076192090802945
0.08266468991359875
0.5747178939594241
0.6092437943930247
0.6904694036292874
0.8480817794770156
0.5199859517289112
0.08266468991359875
0.7610636342500527
0.7292356657703297
0.6469460013675089
0.8653867709920693
0.9535664289164596
0.5886809807021588
0.9535664289164596
0.08266468991359875
0.44555134748985886
0.5644606777500951
0.4258250365974905
0.284886526846254
0.2555264392818715
0.4411267319148363
0.5634630509390656
0.08266468991359875
0.08266468991359875
0.013823515723708319
0.08266468991359875
0.08266468991359875
0.7659066898934791
0.08266468991359875
0.08266468991359875
0.9817040268959133
0.37165571592152086
0.08266468991359875
0.08266468991359875
0.25421655269647125
0.7759912719826967
0.08266468991359875
0.6019792782165334
0.08266468991359875
0.4955381923765526
0.477794114427774
0.013823515723708319
0.05381341385056832
0.08266468991359875
0.33562222612975506
0.735876308100627
0.7434263139903694
0.203026769812349
0.5649511339391939
0.5812449637468522
0.4195479145557495
0.8504802351718159
0.35718598897845444
0.655165816936546
0.44611501141937226
0.8712429748384273
0.17763930450293783
0.2899831707579834
0.412610815748655
0.5417061236589545
0.02059505561240532
0.06432172136011476
0.14371941640782282
0.6221426495324692
0.40143594149241024
0.3664562848452888
0.5344517263391522
0.6260409019986866
0.5645492340447703
0.010004409348245414
0.9392700494173694
0.6824400097303103
0.845755567871497
0.49226339930608515
0.6951129138288655
0.7059099248645313
0.1885222955099674
0.5938724543801462
0.7228361079008303
0.08266468991359875
0.3960664728247686
0.45373926306466117
0.129888028988255
0.08266468991359875
0.02059505561240532
0.6265461482739341
0.3486033934610855
0.6349961296394621
0.615880076217059
0.32475156596539506
0.2752714924873736
0.32875556401995976
0.4665298315317871
0.24591418265306061
0.34682978080602384
0.5522476518988366
0.4559408573243646
0.5343659209590327
0.3200415778371615
0.37249390539691013
0.1190079179576317
0.6494258494015078
0.5967625668359166
0.6623116375958737
0.7355645214723762
0.306898009877388
0.6740986099761739
0.7531661454178757
0.12416876286758115
0.9882118834384934
0.30325900786455656
0.7795939878263356
0.4718764987816694
0.12043867776229289
0.5838037573048462
0.5900248953671144
0.6185848751214814
0.06902753875552212
0.48593292940272337
0.2815949944387132
0.6093196005229681
0.08266468991359875
0.4689709570502366
0.050317767396767125
0.3567632471326908
0.8715656730999545
0.009242596351209005
0.08266468991359875
0.08266468991359875
0.511609161273931
0.3261567806735049
0.08266468991359875
0.03260764872437669
0.08266468991359875
0.7352180733994562
0.8375301055151027
0.08266468991359875
0.08266468991359875
0.9451042111364015
0.3489329864508041
0.42210533800374317
0.30722016055444
0.06246179848530364
0.48908074424554193
0.08266468991359875
0.08266468991359875
0.08266468991359875
0.20924273670992843
0.8417772019065546
0.17032472080634276
0.39504910956660005
0.8896053686612695
0.005329791082400358
0.004527052901694536
0.7615784311430472
0.08266468991359875
0.3513961315553561
0.26969398304576947
0.6266049113067254
0.622051508055499
0.664356183274776
0.013823515723708319
0.5937864013584465
0.9048339008272273
0.08266468991359875
0.9144450167238939
0.08266468991359875
0.21701277044794567
0.6946032640800919
0.08266468991359875
0.514471093958947
0.02059505561240532
0.08266468991359875
0.4472283397092485
0.3335038495817207
0.4713771157353034
0.08266468991359875
0.33562222612975506
0.2145305424865339
0.03295949987710326
0.6012075360819226
0.9502603562528334
0.8707854152673382
0.718586737260726
0.6875079209899391
0.033877957277513304
0.9277891293783841
0.9179436827986114
0.08266468991359875
0.08266468991359875
0.674681231235326
0.8456816730018936
0.34610713568581375
0.5610601293500368
0.168121580491971
0.1288950624009941
0.7589143954317992
0.9726156500625989
0.1242554481235627
0.8809432234984371
0.7559725665335079
0.5955478744814565
0.7140145728304955
0.9386129716740992
0.6032193998440134
0.1996159637516018
0.580893570630485
0.7270860138524639
0.49016752222140586
0.7558552280578605
0.41199745402447524
0.43459134210957334
0.5655614862584869
0.851110100590123
0.6794317744893145
0.49004787202856276
0.6051683434722004
0.08266468991359875
0.8756076663148832
0.08266468991359875
0.34618031686855905
0.7145201378379031
0.7723446565700869
0.7417989528664001
0.08266468991359875
0.5439516503898871
0.7547696813097488
0.08266468991359875
0.08266468991359875
0.6205261496486496
0.8442564795159689
0.8129287481766626
0.2762675088261527
0.8685563143167725
0.25544343584957147
0.512682616581581
0.057758066656888894
0.08266468991359875
0.7909468257968597
0.08266468991359875
0.5409290068397146
0.36050819944502466
0.5814874286669194
0.7813828085233209
0.6577687454780683
0.6714218238011692
0.9736786333076417
0.19674864069036643
0.5799408311260724
0.8578246409046925
0.009607306806412514
0.31282699678052295
0.08266468991359875
0.23406420204552889
0.3651701538716058
0.44573935588485236
0.08266468991359875
0.08266468991359875
0.8034022935118412
0.528270556148285
0.08266468991359875
0.08266468991359875
0.8667377262399056
0.34736931111162295
0.8123599138991869
0.40838787503095914
0.7581407155143398
0.35229038490835346
0.8112572820553704
0.006124020934306491
0.8254322842257908
0.33562222612975506
0.5580359512738414
0.5169396652978484
0.8279053622521446
0.08266468991359875
0.2145305424865339
0.45799023646997117
0.7344760350774883
0.003915490771379371
0.4777667694633788
0.5720198239360998
0.011653005396698958
0.6643701511770141
0.40262122111746923
0.7196536453624799
0.6377253849476072
0.761659018320437
0.5370128351838714
0.08266468991359875
0.5698488593410351
0.5054495056368418
0.4875953550719916
0.8719782153939367
0.5039247118002085
0.7991063133276177
0.749772193702788
0.1490246529515467
0.09009071162882494
0.9155378425215691
0.3748468777257851
0.27330404086947757
0.5034659857418208
0.8279724410227269
0.09626862424757128
0.6497786346543986
0.7307622415055149
0.1395659419276573
0.08266468991359875
0.08266468991359875
0.08266468991359875
0.08266468991359875
0.5269945335509886
0.5395957985032719
0.04226824238831235
0.004527052901694536
0.4418653281747429
0.8883292229365074
0.594911525637764
0.3312711490764101
0.7390208585809857
0.5005584506913603
0.3021567828242641
0.29418047744608
0.33051027042834397
0.773953965704129
0.5111307903537027
0.5559596646241489
0.50681938796749
0.8402679266048957
0.2756670604511492
0.013002309615721328
0.44045020830646353
0.6490548738755243
0.6387006595964704
0.185640570744657
0.01683607424817753
0.8916499954496522
0.614134698102832
0.4389709500579664
0.49761050304515875
0.9690293146291578
0.39148892743880187
0.029754247685302285
0.9661111794729469
0.08266468991359875
0.7879651335723294
0.7448523356678535
0.7504276668148411
0.5568776018894598
0.7881113776470745
0.9773580141117135
0.02059505561240532
0.08266468991359875
0.9760260100277922
0.48265372968429215
0.08266468991359875
0.7381730564699525
0.08266468991359875
0.08266468991359875
0.7731736404736627
0.08266468991359875
0.18249843268232388
0.08266468991359875
0.08266468991359875
0.34857958683536666
0.08266468991359875
0.43269407550468675
0.49902836192531835
0.02059505561240532
0.08266468991359875
0.08266468991359875
0.655007027988519
0.19100832218812083
0.3493037892389171
0.08266468991359875
0.08266468991359875
0.5044483782062117
0.4515879537532071
0.6501967286382171
0.13912683746297075
0.2145305424865339
0.5921402604282016
0.08266468991359875
0.7006474868525974
0.013823515723708319
0.08266468991359875
0.02059505561240532
0.5426874032293334
0.6391444561584937
0.8742109386877998
0.08266468991359875
0.2145305424865339
0.08266468991359875
0.7114223026228133
0.4170480159536458
0.4816150589810472
0.6349465517181794
0.07297244166563141
0.6368919810328781
0.8890044250469191
0.25318816842790676
0.012521549979552064
0.23957166846038425
0.018103015292385144
0.06052270879712857
0.5904628062932205
0.4549819566387083
0.0768916810092441
0.007167599121817302
0.08266468991359875
0.32248327419943396
0.15180529686623623
