0.0009772047664847279
0.04635366283503721
0.9867677379925137
0.0009774318817618532
0.0009767257940298565
0.9950685260140316
0.9964842487208494
0.15399281071490029
0.9900482542223635
0.9961235528139512
0.9965310946572162
0.9965025640681962
0.5886458498012822
0.9965206064890777
0.9965333836107085
0.9965333891206022
0.9954856898835654
0.9965317337206192
0.0009768674747134998
0.000986598305015976
0.10076450921479198
0.15571927307244324
0.8791131293090934
0.9922560895978472
0.0010253075880128654
0.0009769958122623674
0.0009773123349420278
0.0011214522971469162
0.991084473898778
0.9964733417390736
0.9965283334408961
0.9953976973330003
0.9950824528093324
0.9958531868366586
0.996514112921547
0.9965141805316238
0.9965033971583486
0.9965330336427061
0.9965207746319902
0.9965319875363274
0.9964322071402271
0.0021938747670311987
0.0042096817117751924
0.2879281083891533
0.9831413572330223
0.4068825430130216
0.2844091691730957
0.4130559650083883
0.0009775103314081971
0.0009778388835792126
0.000976721402218887
0.2879519212028843
0.996531568554416
0.996531813990528
0.9965333385969743
0.9964855186827756
0.9963205553472108
0.9959979119782852
0.9965329867547803
0.9965333715521899
0.0016806534842253398
0.20391962581968456
0.0016807189748924652
0.004936295647183718
0.08961997574624053
0.9398972084302398
0.28365601399571055
0.0016806778619869595
0.9965301418580783
0.5385426336582199
0.9965249632829895
0.992274985822979
0.9965326076216581
0.9965333688537381
0.9965332592607026
0.9964979605793454
0.9964328622310739
0.9965040995657886
0.9294602436336363
0.9959396908257582
0.9965331332496791
0.9965273736869511
0.000977353627359975
0.5558819240941356
0.007332871849584146
0.9435304021747493
0.0016809331972327045
0.6819725476201545
0.004715848765981556
0.0016888842794078587
0.0016895750513230914
0.001822112463082327
0.001685643467651054
0.0016873624174402679
0.9949356871262321
0.9965333755351757
0.9965333890205064
0.9965273666417345
0.9965328015905529
0.44043885256364146
0.0016812378847627732
0.0017381317540427687
0.0016807189037800574
0.0016809539399695857
0.001680653674078199
0.989334623984031
0.3232644378238985
0.16528157008756597
0.9965293299892658
0.9684336327502434
0.9965325489338486
0.008399540951674958
0.0009768362466954486
0.0009808207635407732
0.0009767921454028378
0.0009766483457333474
0.000979528597484433
0.0009768259978287191
0.9965330498291857
0.996533395406748
0.9964750282679652
0.9962394371144412
0.9965333934222412
0.9965333113407067
0.9964214848080253
0.9965333929990196
0.0009766632954340223
0.45609881691282916
0.0009783829047737957
0.0009766378578819762
0.0009766441843841087
0.000976659183786286
0.9725737547841599
0.9942761068223795
0.9965328065272665
0.9965329658648083
0.00098069704404564
0.0009769955871168062
0.0009766743609437585
0.00097665401128124
0.0009768021120714519
0.0009773159274625866
0.9965333925135379
0.9965333688406972
0.9965334006044095
0.9963956231455542
0.9965334003936387
0.9960923375189971
0.0009911390505115047
0.0009772164324644902
0.9965134347842167
0.9965046410459327
0.996533397020014
0.996532903356025
0.996530083334005
0.9965334000856418
0.9965334008002507
0.9965333984078046
0.9965231682453989
0.9965330832072387
0.9965303258187009
0.996533178395244
0.9942079842110569
0.9965323747924342
0.9965333981803508
0.9965333991900053
0.9964644796858005
0.002718848991520536
0.2038428195024073
0.0009768103957319848
0.9965333048386148
0.9964189903439428
0.9965074396596795
0.9965065767955159
0.9964925153258788
0.9965331596664938
0.9854058753291062
0.0016806679069393483
0.9965333994966838
0.9965333372472037
0.0016841133717009986
0.9965307506763353
0.9964744251217885
0.3809115680758394
0.9965239238195239
0.9965327158160353
0.9965324423275117
0.9965015520144495
0.9965333922053061
0.9964517036397615
0.9965333958399729
0.003103136298153293
0.0027347222428861944
0.9965251052924452
0.9965152309887169
0.9965315029908364
0.7092757657143017
0.001680653408229691
0.506385885507688
0.9965323055040268
0.9965331518446282
0.9965332647702978
0.9965333652254489
0.02323492409631946
0.1361524241628658
0.7061163900097437
0.26044582258254073
0.9965306608350882
0.996529672983959
0.9964276242431468
0.9962279578790454
0.9965333505396394
0.9965332901727506
0.9965182870753978
0.001817553104948151
0.1532031793121582
0.0016813479876352881
0.0033739042024700963
0.9176573451207682
0.4193897291375489
0.996533098536456
0.9965330562089806
0.9964103596834956
0.001680678075138842
0.0009766731691076744
0.0009766387750351848
0.0009960642798105587
0.11644523862400104
0.996456266352678
0.8482947048276481
0.9964936459589999
0.9965171806934393
0.9965333628884829
0.9961824642785491
0.0027251554948422027
0.0027178834454735113
0.9964218606938039
0.9962322643620112
0.9965331623389515
0.9965330052786795
0.9965326970904786
0.996390765507278
0.996528303042382
0.9965310571295514
0.9964421044775355
0.9964704648969821
0.9965176888665227
0.9965274250928136
0.008459526923531266
0.9960701272410784
0.9964521396942151
0.9894829357931431
0.9937309632973034
0.9964023576384885
0.9965332504532274
0.9965334008893674
0.9965333989664658
0.9965328572203346
0.9965293669215475
0.345169588164447
0.9965330472698717
0.002728165659831442
0.0028994669134629024
0.002719779326759471
0.4355208504623713
0.9965166772742893
0.9965330265595688
0.996532596401591
0.996531960424204
0.85668538026781
0.996533396756396
0.9965333832576693
0.9965288306634865
0.9965330335106432
0.9965327596814479
0.9965333502812798
0.9965333873259637
0.9961969747714796
0.9965326624462489
0.9965333506416357
0.9965071151719896
0.4076784308962028
0.9965322772689112
0.99653201746012
0.1660892981198291
0.0027198856913658305
0.002756311350658615
0.9965327739437773
0.00331155388058872
0.9963812329559829
0.996449705877802
0.9511501013677471
0.0027202482617533566
0.6169771459165845
0.9963011201532996
0.9965328917695768
0.3008178403730937
0.0027902978407361527
0.996533126729453
0.996533398705492
0.9964493039699984
0.9965291549205036
0.7155403926240097
0.9965328450272328
0.9965014664231051
0.9965249424287377
0.9941266193026097
0.9965329777147511
0.996530822121152
0.9965333955898685
0.9965334008631611
0.00271869037086438
0.9965270876849599
0.996532750466494
0.002717971194787977
0.0027249758680198116
0.01769333822906733
0.9965324817541378
0.9965121449190275
0.002721127314393895
0.996297559071711
0.996523325676238
0.034618034269459204
0.0029976634061292923
0.8039565363075427
0.47674392676466487
0.0027380694159926866
0.996502010063774
0.99500211464701
0.9965300002582463
0.9960049486636691
0.9841530872032762
0.0027460382413191002
0.5374854406885674
0.996533384705444
0.002719423617535938
0.9965333773943068
0.9965333912410183
0.9961938113953842
0.9965333496287049
0.996510872774664
0.0032290525214893635
0.0027598506569433043
0.0027269077113878373
0.9906155752131828
0.002873873833088688
0.0027402496113160305
0.00272131689806486
0.002717841722291958
0.5145023803776984
0.9964857332096653
0.7352250921006348
0.9964855438738027
0.6176650876371171
0.0027300439653091895
0.993138947630462
0.0027195150127108463
0.6356697173479755
0.8865677380108167
0.9872702310182054
0.9953160038164304
0.0019785636929721276
0.9805620529331499
0.9965332107027329
0.9965195058051691
0.9965230979602503
0.3986566708279388
0.9965329537688604
0.9134873541664257
0.002796724098316616
0.0028519178779893286
0.004594813350598868
0.0013467323193278888
0.0018091490614851248
0.0010828316745611897
0.0027282481386763577
0.9909188268282492
0.5096949666947169
0.5666571592675526
0.9887425830374987
0.003113928442326105
0.0027411525135367467
0.9901621305543832
0.0027178830708239677
0.0027192729994680313
0.0027980870937245952
0.012457026080862157
0.0016807438557237305
0.9959021568730845
0.002725719552124303
0.9954343126611375
0.9965322822535287
0.00513571747837274
0.9965022522335024
0.003381662655840621
0.2993843838406374
0.010824499165794541
0.0027193907196926756
0.9953318441970861
0.9965333968159816
0.9965326787707081
0.9916970237848837
0.9965311016314279
0.9965333769543322
0.9965333628807096
0.9965308758534166
0.9964981291181552
0.9965333221343246
0.9965301995793335
0.9965065193244912
0.9964151998838383
0.9965319654566737
0.996532950802585
0.9944155870149755
0.033641754096901746
0.9965332598809062
0.9910533085189527
0.9848747472733438
0.9964747724156955
0.995662261579869
0.0037104610649859836
0.9392410147144628
0.996530445203407
0.09101138885520348
0.9948483119857442
0.9965283099864439
0.995704710628548
0.9965214095441017
0.5587289281623431
0.49050083645942893
0.9965311300782
0.8872356987418392
0.48818881432754074
0.7593768267172001
0.9963864107286649
0.9964974252536504
0.9965321134848427
0.34958777526469503
0.9964867838991341
0.0017283566183357055
0.9958780760938157
0.9965333383423902
0.9965284675050035
0.9942160120464613
0.9965293335873726
0.9960718059586403
0.0027180818275230733
0.6453481167716765
0.996533082962588
0.0029341860762462
0.9958766860303166
0.9964740670568171
0.05250621053035633
0.9964522460128362
0.9964953030782935
0.9965090186394828
0.7784263111419681
0.9965332699424604
0.9962066058164756
0.990167016909767
0.9965333769276649
0.9965054463136116
0.9965241510272627
0.6097770677762302
0.996517950573861
0.996533385074138
0.9965332568731611
0.9961614275014826
0.996532740558299
0.9965310964132464
0.9965222224365471
0.9965005622116802
0.9964673043293666
0.5298948644568942
0.6771334227885242
0.7205642592609867
0.9964796173176036
0.9965310300722953
0.9808313861589727
0.9965333462620649
0.0024538872575644156
0.9965328907239892
0.9965333997440259
0.9965333903390647
0.9965333605418989
0.996533389119988
0.9965332892967981
0.9965318503966033
0.9965284707287586
0.9965332244731993
0.996499173008476
0.9965333936876146
0.0027180105825301486
0.0028674282664869844
0.996455607946547
0.9715751188823002
0.9965249657670014
0.9964709693969405
0.9965165728684933
0.9029887293300618
0.9965332907398265
0.995678664096659
0.9965330467665153
0.996531225797211
0.9201391272678896
0.9965333735257106
0.5921166235419864
0.9754115649349384
0.9645958291048274
0.9965329988775588
0.9965331053592508
0.9947757146896721
0.9965332966090938
0.9958761670741724
0.002776614690972828
0.002717788227889022
0.965949292330979
0.9965334000564301
0.4851955226347959
0.9940310609391495
0.987706939411345
0.9298990760314769
0.996533094223374
0.6547085585146976
0.9965307731959521
0.9964907979416552
0.42450971644446295
0.9938286260526479
0.996530824368548
0.9964018464833913
0.006793940920854549
0.9960095385684492
0.9965300588277618
0.9472785081227444
0.988353148954052
0.9912912558925254
0.9965306643084643
0.6645943465323256
0.005586279917452258
0.9953970521879356
0.09484584141572816
0.001713363534072446
0.9801707489602207
0.009223370943518931
0.004001966228815195
0.040291306681398444
0.001689139021904746
0.9965325279976112
0.48299932945225077
0.99653334336161
0.9965304202022625
0.9965319351158071
0.9860297636763489
0.9963123662212269
0.9965333235570298
0.9430677224895855
0.790650370231613
0.06084896644825949
0.9965042008547439
0.9965333999476454
0.9965315756755548
0.9965329254010845
0.9955425778945932
0.9965227764206527
0.9963839812340652
0.9361405243726308
0.9965298647236945
0.9965321251255511
0.9965246935104071
0.9965111476034216
0.9965330411461716
0.9965332946430746
0.9965333536470239
0.4361086615175394
0.9964967841479674
0.996326568427232
0.809244874345726
0.995373977502588
0.9962312949326946
0.989133783949754
0.9964321762828927
0.9961809410797706
0.948805277005589
0.9884608336670478
0.9965251245148362
0.9956762689510388
0.17104125079989
0.9965262741287503
0.9965086373714589
0.9965333584038509
0.9965333169373464
0.9965280659413981
0.9963677081988472
0.9960714266191042
0.9965261904450943
0.9965303756788171
0.9964943199661185
0.9965322302466028
0.9962724468927889
0.9965328602880585
0.9833252149416385
0.613382080828355
0.996525484648674
0.7842619986213374
0.992736436864077
0.9965332592287365
0.9949182359361549
0.9965333921761839
0.996533247085349
0.9965332557088878
0.6283867690725358
0.996532098320156
0.9965200041086573
0.9883465332394671
0.9965301891154377
0.9961580466214126
0.9965333997304541
0.0011038675517685106
0.9965256698841479
0.9965315878803124
0.9965333988092472
0.9958588903557652
0.9964811593325681
0.9964581898705118
0.9965113155426248
0.9943184326711971
0.9965333863132125
0.6147933325245587
0.9965272493261705
0.99651739516723
0.9965094578632596
0.9965331098995117
0.9965332927779964
0.9964629347688607
0.9965317699713319
0.9965228455348862
0.9965306363540412
0.9962212489866414
0.996350414110563
0.9965177295499693
0.9964520218775447
0.996531110727067
0.9957258866191868
0.9956963377072278
0.996239245174345
0.9965329183324725
0.9965289154075889
0.9963982047519931
0.9586856407384394
0.9965005053775046
0.9965309917733144
0.9965331642227394
0.9965333529702706
0.9964317169920086
0.9959766707866222
0.9965333584927775
0.9965333535964916
0.9965333300541048
0.9965311552839792
0.9962170231678297
0.9965037430757299
0.9964940156160305
0.9965325550078767
0.0414844733067695
0.8436096834701026
0.9965307422066151
0.9768741412339383
0.1920154404048179
0.996519065393259
0.9965333980844145
0.9965333452204643
0.9965049618192932
0.996057718820378
0.9954214371395201
0.9964569011099312
0.9964727400965158
0.9964627317639644
0.9963849091902189
0.996533380104949
0.9965333584254731
0.9964969955959616
0.9964961595658995
0.990724649129489
0.9965333854353029
0.9965332595032212
0.9962513304247873
0.9964998938921898
0.25878487438349757
0.9965332878649701
0.5191904111217893
0.9927209552653941
0.9963076703011657
0.03696210986344871
0.004347735239972888
0.6841533819401202
0.942596456459191
0.9965241721876569
0.9963948597045428
0.6341815667624539
0.9961730879125151
0.9965186125510614
0.47308272542499913
0.996531779596841
0.9965307807291315
0.9964867333164535
0.9958695563868916
0.9965212276823738
0.9963435116599672
0.9964751118130301
0.9965321382537464
0.9963704773044507
0.9965333799241961
0.9241035815267804
0.9965039047610764
0.9965312528403224
0.7093188446981924
0.9965117049233465
0.9965326296014229
0.9948676243725397
0.9965333138772692
0.9965326666983696
0.9965332793171647
0.9811325200184492
0.9965333126141451
0.9965228718434779
0.9965333687227345
0.9965333991654253
0.9965330341858558
0.9965334007351473
0.9964988893816605
0.9965015064419035
0.9965229994820209
0.9959846575418725
0.9943408904378302
0.859262399123423
0.0028794786719808113
0.0027182249361005963
0.0027181487726190977
0.002718561102541954
0.0027685024425982137
0.0028725204754218117
0.003272437178669391
0.7863521982947616
0.01630867207425683
0.0009820916175465415
0.0009769454621745622
0.0009767128107000262
0.0010557868902696095
0.000980794345484442
0.000978327630755733
0.000977546406182042
0.0009862300756187873
0.0009908893551444796
0.9627386340212735
0.0015983666123000307
0.5855534441054808
0.9965331904782957
0.9965232754944017
0.9965239697664023
0.9960581496056767
0.9965311759838487
0.9911619548468752
0.9963501077429484
0.9964914336950066
0.9965233451310991
0.996527959448745
0.996510809003482
0.9964621956696008
0.9965333934625287
0.9965332970949016
0.9965333764214364
0.9754385066194116
0.014702128542665758
0.9920153287695017
0.9965026351639736
0.844771705340691
0.9717131348227924
0.9749797491457439
0.9965327107391924
0.9965197415490762
0.6595724985279666
0.9965333712742614
0.9965330921722223
0.9965332227153374
0.9965315456614231
0.9965279332076967
0.9912970219235404
0.9965230451921279
0.9965333847716255
0.9692793959469778
0.990146528828153
0.9965299293445521
0.9965323827902856
0.9937057615074034
0.9965333419112095
0.9965175982917567
0.9963515990788772
0.9964524936849036
0.9965278063591546
0.9954104165864956
0.9964640678560722
0.9964604825185537
0.9910024286736685
0.9862831087779778
0.996423437879318
0.9965333847595436
0.9965328646441609
0.34249747608176284
0.9965284782410144
0.32127140389991277
0.9965316794414646
0.9946419947900347
0.9964906217738476
0.9965329984374167
0.9965328708477642
0.996524588729457
0.9965322788267003
0.9965118543092071
0.9964900102326165
0.23429999693670184
0.03468856072560566
0.996531994365741
0.9965333965225439
0.9965297085495926
0.9919411343546555
0.9965333964389446
0.9965310032761382
0.9965334001240254
0.9965333830221387
0.9965083960286352
0.9964793363716089
0.9965323992630031
0.9965332388447246
0.996533364972113
0.995974764494565
0.9965271615959118
0.9962457725115303
0.5379070743172524
0.9965332778519147
0.9965333483840825
0.3208194351358115
0.0009767319933889212
0.0009909635649029782
0.0009771113448726694
0.000976900208872965
0.9965333656466043
0.9965281780754115
0.9965331907365423
0.996533393703748
0.9836313972011819
0.992426318797212
0.9965330220382987
0.9963134873944246
0.9956814506311784
0.9965182852984136
0.9961585908659268
0.9965206748159425
0.002845600531847596
0.9929958262643459
0.5519950273330252
0.996409811262507
0.9963850732549449
0.945899662691265
0.9965261416631807
0.9964599696258177
0.113940473697891
0.0030630915813599823
0.0009768487038082055
0.9964631034990084
0.9938842833397664
0.9963577166915917
0.9639152604432022
0.9965332767024632
0.9965187065049694
0.9965333778972989
0.9965333924803309
0.9938081482583534
0.7584962199577375
0.9965057445359722
0.9963197294448527
0.9964636632347939
0.008413284688056135
0.9878718008019269
0.002720819438965502
0.0027216078568842363
0.0027682446563499032
0.993301869634205
0.9874389407185871
0.9945096549307659
0.9965333444688819
0.9965333922474293
0.9965333952091951
0.0027451923827408625
0.9965221337221329
0.08623665998747268
0.9959343469607417
0.5177988251095708
0.0027933291744337506
0.996460998798977
0.9965333887095864
0.9932410984575143
0.9953443970177396
0.0027183587613233864
0.0028653376582522005
0.9962920321124389
0.6286400589931975
0.002734115443220691
0.002919819803112735
0.9564845694905606
0.9965330744717107
0.9965324323794608
0.9965331018758004
0.00184227424907035
0.9965320778722494
0.9965327200101431
0.9964352799763182
0.9963717473672441
0.996533078279408
0.996533208843186
0.9965320934651448
0.9965333134341061
0.0031853605249755274
0.9965333934141197
0.9842000706520293
0.996517353103653
0.9964777760298579
0.9965333457194994
0.9965326429690561
0.9965333583453588
0.9965333762419055
0.9965268105566699
0.9965332032319086
0.996347060048109
0.9819437701140353
0.9957493323752813
0.3520721909662452
0.9915167957560208
0.9965093838605095
0.8930474420013476
0.0027736790040689256
0.00275027067160886
0.902077457747301
0.24883570373161365
0.002974737537558208
0.004256236072276011
0.0027367360587185383
0.002720762197123683
0.014961394634537103
0.9964753565690226
0.9949288149807104
0.9954997056840983
0.9965223498431315
0.9963916359188285
0.9959916953502963
0.9965333807107946
0.9930267739821638
0.9965327765203567
0.9965333924283021
0.9965333856030861
0.471452086356744
0.006292752635647319
0.9965162839253977
0.996533010190281
0.9965325024206173
0.9965328705352201
0.9965333152247197
0.9965331135488344
0.9965210084979153
0.9965240680762557
0.9965111399762461
0.9965333995868086
0.9965321466156668
0.9965218509266742
0.9965303714713987
0.7504039064213356
0.9965333907398087
0.9965329654116863
0.9965331091548898
0.9965226673391958
0.9965293197214352
0.996522567195921
0.9965328585100539
0.9965333806382076
0.9965292892166155
0.6530697216974006
0.9965270127422227
0.9964959356204043
0.9965333605881579
0.996480694487986
0.8657878937743181
0.99648020564441
0.9965333874449714
0.9965283353102797
0.9965319819445395
0.9965333707561129
0.9662561304732356
0.9953857613601269
0.9963968098802808
0.9964054498523836
0.9965323492239578
0.9965259635107299
0.9955161416967457
0.9957318804782554
0.5084262227309396
0.9949440978130712
0.9242032741934842
0.9964463400648671
0.9959144213177374
0.9291837061504631
0.996475397628546
0.9951068328741316
0.9965302894809912
0.996528620144517
0.9965322991590214
0.8363511322146303
0.9965261341190526
0.9929199094112393
0.9965333529991315
0.9963078697886557
0.9953742894815362
0.9962388735695455
0.9455640067489246
0.003552779064531807
0.9957128740473755
0.002719599874770056
0.9963184318740851
0.002719540370468679
0.9965320459867213
0.9965332876956706
0.9965330937062888
0.9965331990564735
0.9965334006738485
0.9964406990042035
0.9965333840130096
0.9956722284649663
0.9965310123996443
0.9965280275969175
0.9965230447862338
0.9965329055566603
0.992639761517141
0.9965227475883406
0.9963472481332954
0.9965330776880549
0.994520629384242
0.9965318481379567
0.9965319442316452
0.9965333807047582
0.9965184566921695
0.9965325298126224
0.9960502398910898
0.9964726260956344
0.9965274813779066
0.9965333885652108
0.9965323490576534
0.993966813946688
0.9965333948341711
0.9866860633235583
0.9258015717008002
0.9965333549496883
0.9965310402629268
0.9964938918949168
0.9963219266139011
0.9962864998994789
0.9963998357434972
0.9965334005875903
0.9965325776053225
0.996436621268827
0.9965329649641068
0.9964914966080917
0.9965275999927745
0.9965331095028019
0.996533334548239
0.9962502891139468
0.9571571078086138
0.996457279538034
0.9962505606384322
0.9964832894667697
0.9964955578860348
0.9965305090717315
0.9965013626315556
0.9965333499187073
0.9965208219732005
0.9965333557574434
0.9472045080410059
0.9963333547566364
0.996532449724087
0.9965332277405111
0.9965332336221717
0.9965318752919367
0.9947798330697916
0.033037240050899634
0.993543265435935
0.9831670782887135
0.9965184334584641
0.9965299556935042
0.9965333573486194
0.9965104419479243
0.9864744197157171
0.9871610182743398
0.9965329170938578
0.9965188699698541
0.9464062523427662
0.9965295104773428
0.996533317942529
0.9965333780141844
0.9965332579916961
0.9965333693124062
0.9965333708127572
0.9965307672511416
0.9963242026596129
0.9965307861336123
0.9963047898243098
0.9965309891448406
0.8919610393909163
0.9965284656849415
0.9965333110120886
0.9960108482466623
0.9964608900652565
0.9964510060633627
0.9860208674394499
0.9965219925650071
0.9965332358593698
0.9965316117444242
0.9965329891012573
0.9965318635040656
0.9965332646731065
0.9965333981544714
0.9965330342583976
0.9965326880679742
0.9965221535554226
0.9672083956526221
0.9965322107831838
0.9963439827898197
0.9956332429570016
0.9914677359262378
0.9956365655312547
0.9965315057930484
0.9965327257942348
0.9965333911884966
0.9965333768549437
0.9965328079281262
0.9965334000806271
0.9965265683025102
0.9965333478885369
0.9965308489433861
0.9965049013232518
0.9941377148155213
0.9964308260240355
0.996489878809767
0.9965267653796983
0.9965321419541271
0.9965326907898405
0.9964342392694711
0.9964706788465857
0.25715984559855903
0.9965332037200961
0.9964589875117488
0.9965333494027439
0.9965319217480132
0.9965332933205664
0.9965331254247177
0.9965333914706734
0.9965329718236089
0.9959862183193954
0.9961471265882109
0.9965288669255766
0.996469847920183
0.9962106333969227
0.9965291950452745
0.9965205940641498
0.996512262922033
0.996513605885536
0.6094309463543804
0.9956619620241557
0.9965317652338636
0.9965331336578372
0.9965333219295485
0.9941762308541775
0.9965332541379188
0.9965301521912756
0.004464206140241914
0.9965196772947919
0.9965333850714941
0.9965332331324765
0.9962934212468536
0.9965313025316616
0.9965317576826321
0.9964280524676469
0.996531992251992
0.9899786925496958
0.9965330227680369
0.9964814874640334
0.9964171223861901
0.9965333266983569
0.7219529962178342
0.9893420596183805
0.9941964535884058
0.012178412599014496
0.996486132103967
0.996533345055827
0.9965292003876591
0.9862592744187096
0.9965333702344453
0.996533400153375
0.9965176499350962
0.9965326171277966
0.9965333202377715
0.014588269325665376
0.002831518577703456
0.0023954391152116437
0.4383486525317508
0.9965332445309814
0.9965333007096269
0.996027298753573
0.9893743127714094
0.0027434468671903404
0.28018851700429265
0.008912200747463043
0.004514162868474239
0.0027182253263758303
0.002719147217497604
0.9965329200576649
0.9825048117034485
0.9912289273358739
0.002782590673027745
0.007535885333914881
0.002718757784244082
0.017407672447249483
0.9964265773602783
0.9965330343838664
0.9965331702515009
0.9965327140068553
0.9605830645290309
0.6957229053488904
0.9964850087977342
0.996465514961486
0.9963258113086398
0.9965319385912033
0.9950535704122041
0.9965291146248784
0.9962914948534836
0.9965333964883288
0.9964131142638423
0.9965331535158813
0.9965327629004124
0.8842930688511996
0.9965206800185039
0.9955172331565507
0.9857858211574343
0.9956915447860957
0.9965333808596389
0.9965333302941856
0.9965329703438919
0.9965333536877887
0.9965241554860601
0.9946264688508049
0.9965311551649
0.9965096825519623
0.9965329160028837
0.9964546178769871
0.9965318029412208
0.996528833340496
0.9963233066980727
0.993561467982986
0.9965333903213524
0.9965103412143662
0.9965332798750496
0.9965331318644806
0.9965333869847487
0.9921398093573691
0.9355796194179505
0.9965274057749446
0.9965316709031338
0.9965210504374066
0.9678191276127357
0.9965309543481924
0.9964244759842914
0.9965242206639014
0.996533248558022
0.9965299623514774
0.9964871998168594
0.566757366377024
0.987589191066655
0.9895816463456623
0.9965333951065289
0.9962380477463482
0.9965333987187275
0.535610631052169
0.9962290709157845
0.9965332909765027
0.9965018218968842
0.9964609701789283
0.9202665818966691
0.9965208341406591
0.9965054589799646
0.9221631397653864
0.5540259038641114
0.9965325350502875
0.9962834940138483
0.9965192893512458
0.9845315578071229
0.9965317860008455
0.9965270497410008
0.9965228153299885
0.9965273869519211
0.9658612058717869
0.9965298377398006
0.996533194144845
0.9965304371012772
0.9965114477736279
0.99652753482947
0.9965192172444282
0.9892262591569645
0.007742869281800702
0.9958346308486203
0.9965333751995119
0.002101119339404614
0.9964798682003216
0.9965066006615093
0.9496085780238781
0.9946626874680199
0.9965325315378218
0.9960121001161494
0.9964878794401997
0.9965330831487395
0.9719544693182935
0.9965246860603423
0.9965330969116236
0.9965330663210942
0.9965326869527248
0.996399817982039
0.9965294679399996
0.9965268242957045
0.9965316551348091
0.9965302660912869
0.9965195039681073
0.9908700446607083
0.996532818169558
0.9965333316955867
0.9879487434331384
0.0009767994013453415
0.9960969857376042
0.9965332828444725
0.9965238399852451
0.12267802028269556
0.9962562341955954
0.18972835499205554
0.996533280796521
0.9965330932973981
0.9475892863895783
0.9963444062499944
0.996533308573716
0.9965313393573648
0.996192258239135
0.02081971486333364
0.9964760594277167
0.9957334814073276
0.9965333070767264
0.9965333466676647
0.996533395199197
0.996533397366507
0.9965304519944947
0.9965333609487814
0.9965333965757099
0.9965333836812689
0.9965332297788888
0.9965318374968845
0.9965333460206407
0.9965189664301262
0.9963801674820868
0.9964378934514903
0.9965331657307401
0.9940433635173171
0.9965332553569385
0.9965236445715021
0.9965325085805318
0.9965333858643369
0.8942766986012528
0.9965330892747524
0.0027365140031287895
0.9952504631217878
0.9965321571297486
0.9965331918298383
0.9965039377901822
0.9965317215351086
0.9965136058606535
0.9965333966071371
0.996532393470639
0.9965330810368193
0.9965139216501862
0.9786340570576173
0.9965319907570737
0.9965271087699918
0.0027332715555829705
0.9919904907276138
0.996533378022468
0.9965334003603777
0.9965220822590433
0.9965315239406909
0.9965331566737385
0.996525093190964
0.9965333219243725
0.9965330562324839
0.9962791054497392
0.9965333710954233
0.9965322749063482
0.9965331378506282
0.9965327715842958
0.9965331573783118
0.9965328254830729
0.9965325431543184
0.996531654563739
0.9965193119008822
0.9961595153874352
0.9962142163973627
0.99653310749892
0.9965333908483808
0.9965331987319636
0.99653337362471
0.9963693456025736
0.9965322350610916
0.21179658653092978
0.9965305275009266
0.995500523348998
0.9965333644465111
0.9965006328834394
0.9965333975831866
0.9965333986015347
0.9965333966299994
0.9961334571661266
0.9965326664230625
0.9965082152711561
0.9965333552239105
0.9965305439923698
0.9965228021635547
0.9965328228868504
0.9951434674148585
0.9965333592498561
0.9965288987022005
0.9965333567634664
0.9964240016599596
0.9965305872786209
0.5294189709974567
0.9965332513357192
0.9965333945433699
0.996532810790418
0.996530844437696
0.9965333787282576
0.9965333946535124
0.11769053795266869
0.9965292305536795
0.9965257667815448
0.9962099781993854
0.9964626447888068
0.9953919271351916
0.9964505931589613
0.949878153877897
0.9965292180487199
0.9965288533918872
0.9937734886054814
0.9959559177222528
0.996533316737702
0.9919850352713345
0.9965334004385294
0.996533359549735
0.996533314463797
0.9965333521926945
0.9965333706869112
0.9780996979491509
0.9964725079141512
0.9939505339868215
0.9965333386860341
0.9958128747984025
0.9965331649672107
0.996533297262087
0.010442583898380172
0.11922636810536384
0.9948903999152096
0.6451989457843212
0.996533396666197
0.9951423911527006
0.9964706747785984
0.042418904610488084
0.9965333917637602
0.996520576306074
0.9965333849990682
0.9965329718921015
0.9964895009430947
0.9965333938215769
0.9965288851714112
0.9965321578166587
0.9965321520175974
0.9959607695630245
0.9965326078959165
0.9922976581793673
0.9965157881619519
0.996218353192457
0.996531084695721
0.7246640896971954
0.9965328148422704
0.0031709351330640083
0.9964750555764971
0.0035359671303040836
0.9965105022397975
0.9965331191554406
0.9904200967669299
0.9950292776042942
0.9965328114078991
0.9965333951449228
0.9965228332578094
0.9964985979266963
0.9940760468390233
0.9964036906826579
0.9927057441897243
0.9965299180138728
0.9965252487601182
0.9965331166411692
0.996331239945441
0.9965122443113826
0.9965333986563065
0.9965334008873561
0.9965330288469423
0.9965334008516994
0.9965334008722438
0.9965331210933344
0.9375172612810556
0.9965184228147353
0.9965241129166391
0.9961851567830948
0.9965106807547928
0.9964830945291944
0.9964565636913427
0.20902513273085765
0.9965334000778707
0.9118916149426822
0.9965280393302433
0.996531418878447
0.9965304259480189
0.901193820361189
0.9949659189273695
0.9895488328303387
0.996530223118547
0.15705190095672084
0.9949698496512607
0.9853839644631518
0.9965332965007432
0.9961760640036786
0.996533391656619
0.9965328736462226
0.9948482369787689
0.9934109781205651
0.9522511245141447
0.9965333448218743
0.9965328389420329
0.9965316584803304
0.996533360344399
0.9965313257843869
0.996533102922311
0.9965195371049883
0.9965150796330946
0.9965333877259971
0.9965281216362165
0.9965333399270918
0.9965193628895427
0.9965311754465443
0.015873130082147108
0.0039613855777828515
0.996533265568734
0.9822086625420479
0.9965328105805561
0.9965332639150958
0.9965276615903949
0.9965307635053547
0.9965280483885062
0.9816381973288204
0.99587893756558
0.9965333906067411
0.9965332361754755
0.9965180426696478
0.9965324424152765
0.9965325870428907
0.9965333195490468
0.996533398593288
0.8106427404499502
0.9938152226206091
0.011435448525365391
0.9965325336297028
0.8415802410252192
0.9965333086357535
0.9959846998094024
0.9965332220437935
0.9963273086301591
0.9964953535238162
0.996532347783413
0.9965333725533982
0.9965326524914021
0.9964852978917238
0.9964944036606981
0.9965334000573101
0.9965253024207343
0.9965310107761411
0.9962925296546562
0.26364386882401186
0.9518791286120135
0.996485075459063
0.6999487213214984
0.9939661198999898
0.9960402951373799
0.9961996066517614
0.99599175130637
0.996498641621242
0.9957963896124988
0.9965170424106735
0.9965328437855235
0.9961586524053403
0.9965332158625051
0.9964431295304434
0.9941676726601566
0.05841673602402562
0.9965316140548353
0.9965235055612197
0.996533382740578
0.9965322998773983
0.5143944809422688
0.9965280790889628
0.9955012258667929
0.9965029400234298
0.993232114650471
0.9964892420077004
0.9965320769826492
0.9964528909327891
0.9956339432606481
0.996520437326481
0.9965236047322451
0.9949964675433984
0.02958822953304704
0.7640076994455229
0.9965319768977562
0.5600236974512057
0.996046356110574
0.9965333742709622
0.9965326108496452
0.8550386658844688
0.9965331780160972
0.30189302787797395
0.9965333899379659
0.9965334006579059
0.9964429385131315
0.9965326455299421
0.9962791338893764
0.9177686398316499
0.9965323915562605
0.9927527132721149
0.9964967791216478
0.9964973440045255
0.996450574994278
0.9965312744727758
0.9965286599243459
0.9965132540075649
0.0034788082692424798
0.9964630248212274
0.7488979415071131
0.9965095103129537
0.9965109461161711
0.9965212713283822
0.9965320293746485
0.9965018572314404
0.9964523786297873
0.995690775349193
0.7690302717806183
0.5464876737607591
0.6346260699744131
0.9965305854342331
0.9965226118543598
0.9964750235974854
0.9965333699427217
0.9941960946590213
0.9965333568384427
0.9965178803208513
0.9962763821624229
0.9965087880288495
0.9965218881327408
0.9961522403196426
0.994713043276872
0.9965291087747024
0.9965136961793819
0.9965283347220536
0.9964911470526966
0.9965125000219499
0.5369934844798971
0.9964393147044968
0.9964423482438519
0.9088268313666017
0.9965234668918683
0.9963885749338084
0.9958570776742924
0.9962704083547969
0.994557584373551
0.9963385802021674
