0.0013460009093601562
0.011287608189880984
0.00699895623722599
0.0013461279047297285
0.0013455904510156827
0.001542443431067754
0.001194692528915598
0.09442023666043323
0.004762671033975403
0.0013738658241422552
0.0011824571985641376
0.001196093415673914
0.36363835294226937
0.0011861372132199932
0.0011816544892107553
0.0011816533075822036
0.0014473799077023232
0.0011821347209978507
0.001345715294963209
0.0013531673977497224
0.012744684766970089
0.027667981350425145
0.02055744787967435
0.0024447352370038514
0.0013859215643508699
0.0013457953513921928
0.0013460413644537277
0.001445019444539106
0.002362238837535787
0.0012001631807919625
0.0011831051568299516
0.0014657587171556913
0.0015398441396739506
0.0014442755283706407
0.001190211889838794
0.0011902125687287715
0.00119430413227762
0.0011818033160383608
0.0011844544373735197
0.0011821694877902386
0.0012309871682595916
0.9914829559555219
0.9875194005297837
0.666053565637359
0.009574921753509998
0.5447114632575059
0.018611664741348535
0.02031343346899519
0.0013462860088019038
0.0013464440883537883
0.0013455977935769355
0.03582794719983389
0.0011824405965153504
0.001182172376234597
0.001181668815454765
0.0012033177426610641
0.0012484073677218991
0.0013822352754990525
0.0011818378455104948
0.0011816587958643052
0.9927570688124286
0.7540212625705343
0.9927569092694624
0.9861978923978636
0.8794258731787475
0.00794239708892775
0.6702160228621882
0.992756976278848
0.0011830624235457101
0.04199718161338653
0.0011836217551494715
0.003538748934784196
0.0011819318860711472
0.001181658588524344
0.0011817015663647154
0.0011992138787825302
0.0012254451168097903
0.0011899590938899789
0.008692841278485165
0.0014252319362263314
0.0011817420700918656
0.0011833651161246863
0.0013460677053528719
0.04111978104273738
0.005083368932244605
0.011788272131525786
0.9927562427158214
0.035695974298019066
0.9859659807959446
0.9927372217091448
0.9927319338511591
0.9923758895246813
0.9927436238679539
0.9927372533724573
0.001973566342770778
0.0011816612607456554
0.001181654418967614
0.0011843237730377295
0.001181833031981688
0.020451839809668138
0.9927555405728169
0.992614957466233
0.9927569098124924
0.9927562820646169
0.9927570686882143
0.00473199346344199
0.6172899724996899
0.015385442610348674
0.0011834173600352431
0.007790262660030298
0.0011820060053245865
0.005360805412314156
0.0013456936066474758
0.0013487576236666308
0.001345645968263769
0.0013455316765423732
0.0013477477725195868
0.0013456673600215371
0.001181754400767894
0.0011816511761773801
0.0012105567064905004
0.0012716332234895557
0.0011816525708419922
0.0011816806298014055
0.00121263489530798
0.001181652834694343
0.0013455434528816148
0.0303788082943095
0.0013470631219157409
0.0013455235993088041
0.0013455292181635023
0.0013455425375031634
0.006940067419067381
0.0017952795683901235
0.0011818015876647557
0.0011817379536572107
0.0013491225143174687
0.0013458334563678357
0.0013455560600213875
0.0013455378499084107
0.0013456665990122314
0.0013460581884273343
0.0011816528840389265
0.0011816591411257695
0.0011816496592810509
0.0012257253502754256
0.0011816497322355744
0.001296603925148868
0.0013567331019658116
0.0013459624418239312
0.0011875886943640572
0.0011949487206399244
0.0011816509576661198
0.0011818185824800586
0.001183023675853978
0.0011816497362487999
0.0011816495699446116
0.0011816502816384996
0.0011846028416051813
0.0011817375258252212
0.0011825501400900636
0.001181729867448283
0.0018972755121908235
0.0011819376259636738
0.0011816503798321568
0.001181650017678713
0.0012035036981510351
0.0028466988819001618
0.7424690015469927
0.0013456553343319073
0.0011816793258143917
0.0012186510008862512
0.0011904567522951813
0.0011893713039312255
0.00119244779655545
0.0011817214939984018
0.0032955188270153814
0.9927570278549228
0.001181650047797618
0.001181670436678867
0.992748471627878
0.0011822910906510167
0.0011973898414835646
0.5627769597689748
0.0011848380344755898
0.0011819417074178694
0.0011819130665010336
0.0011888368819875006
0.0011816518295030257
0.001206070945059997
0.001181650882651619
0.00307544420502668
0.0028548323010616854
0.001183594981563357
0.0011870274895000193
0.0011824304641786963
0.016462462664641454
0.9927570693514063
0.43112678305579916
0.001182065485566356
0.0011817232039031426
0.001181705043716321
0.0011816601519128763
0.9593375135999618
0.8261666150547101
0.2542362467358026
0.6808303047698272
0.0011824526767065821
0.0011832457148264251
0.001231147218234382
0.0012576086801184413
0.0011816646676738472
0.0011816818380586556
0.0011866407021857192
0.9923937722526781
0.7978064895931798
0.9927551252121328
0.9887541850365581
0.059557352600776846
0.4909573319613831
0.0011817780655731492
0.0011817914280127452
0.0012396600369990755
0.9927569707206988
0.001345553040684136
0.0013455237827202102
0.0013606515414583856
0.013364748780605196
0.0012173782749071267
0.012179896897563122
0.001193152638903756
0.001186430879900224
0.0011816600742801792
0.001272163229069667
0.002850133470577969
0.002846215575932592
0.0012162277838377868
0.001276672664594661
0.0011817368186871522
0.0011817599144604439
0.0011817870238856323
0.0012518806253046624
0.0011838801202369044
0.001182411102898286
0.001224249052225916
0.001196010009496864
0.0011864109753581837
0.0011842732322982384
0.005239657622884449
0.0013096422956781332
0.0012019318282626213
0.002697442981545085
0.00202604414475055
0.0012228755730775715
0.0011817076512198037
0.0011816495443228079
0.0011816501407838568
0.0011818778228554602
0.0011836162581649332
0.025259333195525858
0.0011817981033321638
0.002850546229461832
0.0029291220741719214
0.0028471357161896625
0.038467266923291485
0.001189927405492248
0.001181804755084406
0.001181993616225827
0.0011822505016942516
0.011971804637350618
0.0011816512697362669
0.001181655426071716
0.0011838500275447325
0.0011817983097466526
0.0011818192832862059
0.0011816612169195941
0.0011816537481722424
0.0013182804431085115
0.0011819607559969301
0.0011816647109187913
0.0011935485195057622
0.5343915880302728
0.0011820933154752882
0.0011820295042882529
0.026009992953932456
0.0028474420964220565
0.0028622539229572305
0.0011819162269874845
0.003192871185043181
0.0012271993144248388
0.001200940206082121
0.010701959484721158
0.002847685253827208
0.3345770249206666
0.0012596416667408914
0.0011817719915126143
0.017771062439247066
0.0028759242724120987
0.0011817083200744791
0.0011816502348540728
0.0012081134465866939
0.0011829223395596537
0.23666339828538985
0.0011818764843057467
0.0011961795448830583
0.0011853312220548335
0.0018105176575666016
0.0011817727636096872
0.0011827395384386512
0.0011816513068081986
0.0011816495518763058
0.0028466056785962633
0.0011846497478532963
0.0011818449837580464
0.002846282708751652
0.0028492866831097263
0.007168329889578522
0.0011820816337432902
0.001187295357842319
0.0028479030344267663
0.0012408540333098935
0.0011864705785928386
0.007711498102355285
0.002958653593081151
0.026038036836340202
0.03010135271942531
0.0028548716364935884
0.001190012837529984
0.0015587586458079197
0.0011827415343531567
0.0013156622879651
0.003548774833148044
0.002859367440309765
0.0419610854151088
0.0011816553691380491
0.002846938469048586
0.0011816593754710697
0.0011816524506004088
0.0012863734282609817
0.0011816673102529507
0.0011924785000804131
0.0031527164426459102
0.002866981934024764
0.002850054322124209
0.0046035804574482125
0.0029424818741503817
0.002857500055906503
0.0028476822824145334
0.0028462006816891735
0.018488668942067795
0.0012035072194882125
0.22655035113811062
0.001194258234866333
0.019671896127196588
0.0028515879886944952
0.0022108774184258937
0.0028469125250211776
0.019109066119730345
0.011307669776819707
0.002974698134727261
0.0014892719787387156
0.9917663984271997
0.005289078290497936
0.0011817076820742488
0.0011857280785318976
0.0011862225042226372
0.5414398101220751
0.0011818530424871011
0.009755290092409925
0.002893193782938657
0.002911471149718261
0.0038657665365070043
0.0015822566069561852
0.0018305950971384505
0.0014202997807033868
0.0028506907068391344
0.00250561066560246
0.40778740575745925
0.017707495319481598
0.00284817183642786
0.0030585800032491162
0.002861243045516063
0.0028823934636542396
0.002846218976955139
0.002846952933519611
0.0028837342510220376
0.005571740569130906
0.9927568496614164
0.0013712742424521341
0.002851041793369384
0.0015011549495278613
0.001181978898001081
0.004027892621581477
0.0011929136830792848
0.003221321956561502
0.6539532546349927
0.005196347843782018
0.0028468632721029116
0.0014802089744634411
0.0011816508998524846
0.0011819579181699094
0.002627515961685998
0.0011824201484220474
0.0011816587113623704
0.0011816615430507741
0.0011823636086675095
0.0011918614844017232
0.001181673342022946
0.0011828866996967083
0.001193850074342427
0.0012400472356334847
0.0011822661377835814
0.0011817711265782876
0.0018355054366747238
0.01216539982873461
0.0011817083379200835
0.002474363977661525
0.0037186580730531236
0.0011972649999462458
0.001622829149599283
0.9884578428862685
0.010775814409809466
0.0011828669588766659
0.8778461235330246
0.0016366313622940554
0.001183109880285909
0.0013920689296536368
0.001184958559003493
0.041160672347222454
0.01853656182453343
0.0011823241836654008
0.01063753055657774
0.024174401538714772
0.20267197956008004
0.0012217958003051554
0.0011919999957345606
0.0011822189340167711
0.05081326431531984
0.0011977594408593471
0.9925380927462629
0.00149889435493017
0.0011816742408172
0.0011839306613525018
0.0017400644206705116
0.0011828304943771466
0.0013020312044808985
0.0028463024410795646
0.016757295353865862
0.0011817791452284948
0.0029819915242002663
0.001364573303632871
0.0011975175952901654
0.01168893624100903
0.0012042300700385474
0.0011936316421296122
0.0011918625159264738
0.0184145404829576
0.0011817032497174387
0.0013401395948388307
0.004854565842459166
0.0011816597903437896
0.001189883486397833
0.0011842321188639967
0.025706185756664387
0.0011889314549163423
0.0011816555241242449
0.001181692379082362
0.0012863538132940628
0.0011818464371550167
0.0011823459412457446
0.0011856837638077537
0.0011905095627589152
0.0011994134410845988
0.04530993622243421
0.01791950717068328
0.02257227294038286
0.0011988927253774703
0.0011823239414760498
0.00394260975851037
0.0011816649074669911
0.9909999796043905
0.0011818655646896523
0.0011816498859271857
0.0011816526268314867
0.0011816663500456856
0.0011816544066433142
0.0011816966723470395
0.0011821709469171248
0.0011838089619843073
0.0011817220683144711
0.001197263787199815
0.001181652529705212
0.002846279733064582
0.002938054287981741
0.0012034615298600916
0.017375155760026274
0.0011851070990256639
0.0011993832690415421
0.0011865074986979213
0.021079422389872933
0.0011816834583621607
0.001420611449086643
0.0011817560544523534
0.0011825383966607757
0.023958861394396527
0.0011816576978600616
0.3610932402162784
0.015440702094409729
0.020812588198361882
0.0011817794867759286
0.0011817380426810949
0.0016682285210402816
0.001181687793919937
0.0013725896592174096
0.0028793792584071746
0.0028461746544090763
0.008148526146398967
0.0011816498916284934
0.041853792905270665
0.0019606565799958112
0.005705775890443966
0.013109237692825704
0.001181729367476027
0.29065908395496787
0.0011828448392235697
0.0011949658614247103
0.02156852237115279
0.0025791511939769083
0.0011825628346079768
0.0012208185578476516
0.004512738942101211
0.001318459799396028
0.0011826257600349942
0.007362977985567938
0.005703357443105505
0.0029516706511545565
0.001182614270176006
0.28222961116002665
0.9850522042496076
0.001762899710863948
0.8735192510927232
0.992675547823533
0.011201906219322053
0.9790753173575848
0.9873921445113846
0.9375536789210419
0.9927339189138069
0.0011818994868631955
0.4524437453873129
0.0011816745201400926
0.0011826907821489427
0.0011820850786030085
0.00339985561702001
0.001248528366792099
0.001181672537107126
0.007484176675113289
0.028350583520712867
0.010821520790372059
0.0011926826365660306
0.001181649805737198
0.0011822707898447732
0.0011817956957111953
0.0014577347899184729
0.0011867732316358306
0.001229884878919977
0.007958319077475889
0.001183093474011761
0.0011821625204408402
0.0011848077429998669
0.001188844114539056
0.0011817994177774546
0.0011816878989143033
0.0011816682129349525
0.49873625067693794
0.0011992455770691083
0.0012386107262861662
0.15280954102624658
0.0017736503723124286
0.0013320332081020226
0.005309652289208669
0.0012287362742034813
0.001354930854475512
0.034424660005528185
0.0028179695085592733
0.0011853086744047807
0.001603671664693942
0.7859731671529705
0.00118470736499605
0.0011898292611192277
0.0011816647387072328
0.001181680597358095
0.0011832871174255678
0.0012607728109934081
0.0014095924125830954
0.0011836817045489004
0.001182970926985935
0.001201100023268408
0.0011821710153541093
0.0012638589246339053
0.0011817991396558475
0.0046703924195436765
0.03829734143210032
0.0011832829313855654
0.02738956414061568
0.0020820965733997225
0.0011816905090664613
0.0015873413625349694
0.0011816517501427584
0.0011817055653845809
0.0011816928910815174
0.03216162819266741
0.00118197320499163
0.0011853391368537298
0.0029280364296028426
0.0011823689399261153
0.0012984201273845233
0.0011816499371000387
0.0014444989259451194
0.0011838205896084115
0.0011821791762215296
0.001181650363188817
0.0013940350640335047
0.0011945929232969755
0.0012028772010148354
0.0011882672145257375
0.0023124550768396164
0.001181653748878021
0.01908569226227266
0.0011843012927302498
0.0011873105261008383
0.0011924658097582344
0.0011817742417538732
0.0011816820501126676
0.0012165793861017278
0.001182176965304805
0.0011863426050990136
0.001182550564531936
0.0012776823157284035
0.001233060256361057
0.001187940222850749
0.0012054135656515534
0.0011826107097385383
0.0014116020394334466
0.0015504058661193717
0.001276469933443299
0.0011818357475188444
0.0011835496792136555
0.001230561327885851
0.014096274552623985
0.0011913672494053226
0.0011823994695837536
0.0011817482190791951
0.001181669450328965
0.0012096588121329797
0.001452842568241602
0.0011816621949706045
0.0011816669495466935
0.0011816709406543041
0.001182313007670201
0.0013385490348066188
0.0011895503380247993
0.0011936793024705647
0.0011820118589119344
0.012901773392185144
0.012382104188676375
0.0011827865590062403
0.004329825380940989
0.7688415776177825
0.0011868990452010386
0.0011816506777638887
0.0011816705102108852
0.0011934724685976684
0.0013314054289230502
0.0014993241976557392
0.0012194029768250601
0.0012096582502036063
0.0012037543187409132
0.0012286144939939586
0.001181657822583856
0.001181663737020898
0.0011921984239409973
0.0011988119964299385
0.0027910061117552578
0.0011816551691637444
0.0011816921635670176
0.0013200718926437295
0.0011909258177705388
0.12079901763392759
0.0011816928558010184
0.41789379799769805
0.003280193881425445
0.0012526650929585734
0.7240020789204545
0.0037220719264659877
0.016073054717460497
0.008137399326509058
0.0011843098280168844
0.0012473518468267839
0.31554942588416157
0.00135648211752225
0.0011887916976609288
0.026357493289315335
0.0011823519776014244
0.0011829212378295674
0.001203746940185426
0.0015128838359462788
0.0011869701925429832
0.0012406012939618514
0.0012101039961756736
0.0011822175783249875
0.0012211162438129323
0.0011816566693231422
0.05669058916534348
0.001195148883993567
0.001182578826828358
0.24153809805918486
0.0011917320835993128
0.001181879124463992
0.0020550214879818778
0.0011816699334146336
0.001181995012478807
0.0011817006077922269
0.010544862042739897
0.0011816863801761182
0.0011865478267765036
0.00118166294765123
0.0011816502853646545
0.0011817887792007337
0.0011816496082123803
0.001197407592772346
0.001194992824395883
0.001184888828751314
0.0013417907311569475
0.0017118518925084752
0.021289265186601597
0.0029337686280515095
0.002846357931182614
0.0028463456231449186
0.002846637600738833
0.002867003454422903
0.0029437765175566776
0.0031771171974003354
0.01419397492587882
0.005383343642664452
0.0013497005312486812
0.0013457759926405412
0.0013455895200827528
0.00140227140346689
0.0013492076402998954
0.0013468214594635653
0.0013462157498904397
0.0013539997349582323
0.0013580678232536808
0.024860463075863044
0.0017226946004827608
0.3659160332468168
0.0011817115433455166
0.001184570513916804
0.0011857414645727652
0.0014167736292139644
0.0011823438841782239
0.0041341465244262125
0.0012680772299504906
0.001200875223335826
0.001186113485220016
0.0011833176968667307
0.0011895513434291513
0.0012040217523020661
0.0011816519247165368
0.0011816823880031583
0.0011816572423341087
0.006368000403993556
0.005971578053240768
0.0024911919251688268
0.0011901731972784268
0.08470557743316084
0.017168511059047403
0.006461498886380344
0.0011817851154014487
0.0011856274237395802
0.01641606799401571
0.0011816583637499862
0.001181743300036444
0.0011817034274327022
0.0011822216219423728
0.0011832224935714659
0.0027270057407551393
0.0011842216776289456
0.0011816527911284133
0.017977912918728644
0.0026150455147155695
0.0011830147040782285
0.0011820690860966513
0.0026955527609618495
0.0011816670818118337
0.0011876844158119789
0.001241170628711017
0.0012075912182330584
0.0011841043113818175
0.0015299299423702302
0.0011998356088687755
0.00119868675114326
0.0025955291056054277
0.0034065467677097125
0.0012313109842333905
0.0011816546259285157
0.0011818743972111163
0.594873403796299
0.0011834109019873
0.622156741374305
0.0011823884680857094
0.001689389013347369
0.001191582759306275
0.0011817698519139641
0.0011818071430213012
0.001184941222964886
0.0011819867796232348
0.001187795583892544
0.0011939181533498237
0.01747074711239299
0.008562838966242487
0.0011820688408589648
0.0011816512871804957
0.0011828716469144962
0.0022447149570533845
0.0011816513458337017
0.0011821507681100628
0.0011816498167805873
0.001181656981343165
0.0011890984687834443
0.0012065465967518454
0.0011818607691683547
0.0011817171152482709
0.0011816610092474221
0.0014457301369179064
0.0011843256665696235
0.0012555551221400507
0.018882771687644247
0.0011816954136365054
0.00118167017923895
0.019223911621238297
0.0013456071332132973
0.0013565182907786563
0.0013458905193286463
0.001345749958585309
0.0011816601300042623
0.0011839266919583462
0.001181714011699265
0.0011816518414386364
0.0089192952464868
0.0024052880430766167
0.0011817481651979294
0.0012839080601970373
0.0014491769233582054
0.001185734885758912
0.0013544975794031139
0.0011872718756200642
0.0029067454531416974
0.0025154892551843685
0.39955191861634015
0.0012159376861346383
0.001251892783719881
0.03838305238406692
0.0011850220225097174
0.001202379669640768
0.8528915119591358
0.002987811193828033
0.0013456849607289564
0.0012144629557712312
0.001829186913389112
0.0012368728643838472
0.005885578897428109
0.0011816930198244532
0.001188203215010859
0.0011816564309636965
0.0011816527014306278
0.0025842657748043796
0.0147558761510175
0.0011899803115279326
0.0012870399803040112
0.0012034769902464137
0.004915534552260535
0.0033732852343762456
0.0028478526476844253
0.0028478194216957084
0.0028684676426065517
0.0021541516549193757
0.0038082921969831503
0.0016919127552991388
0.0011816713440297617
0.0011816531511422202
0.0011816512573066672
0.002857906863618646
0.0011850832309498178
0.020038210823791196
0.001335488995774707
0.04180752208846507
0.0028831203235551803
0.0012063030178860036
0.0011816539273802693
0.00209532286143611
0.0014893273746633914
0.0028464302903403295
0.0029113078162182034
0.0012549917892453106
0.035828218227564955
0.0028531528804302928
0.002935859546440202
0.028510748924308976
0.0011817465819609718
0.0011820652512498793
0.001181732614371817
0.9923689141602504
0.0011822847016361242
0.001181852364170008
0.00122831764488012
0.0012205618577356297
0.0011817459501437019
0.0011817385834203217
0.001182208116017819
0.0011816898186419898
0.003078766917665385
0.0011816522288556925
0.003534364268283342
0.0011863445660995125
0.0011981354377978105
0.0011816687461811142
0.0011818484191512117
0.0011816622173059783
0.0011816570579962172
0.001184557475694904
0.0011817395485966302
0.0012399253149595719
0.005112987866043907
0.0015653193012745963
0.0307924256350032
0.002328372472361585
0.0011893834720049653
0.018568999511337652
0.002877910192727337
0.002859848117875612
0.011701051016841173
0.017576592224030088
0.0029496536084150787
0.0035730419929128564
0.0028541714982004383
0.002847469409899133
0.00628571678747523
0.0012070259021418432
0.0015832674190244757
0.0014461918282169196
0.0011848388335115442
0.001226599664573361
0.0013520121015496258
0.0011816550296567167
0.002091713619840672
0.0011819142234177696
0.0011816529742570356
0.0011816565097142564
0.020576720722237207
0.0033819942203045586
0.001186168365247373
0.0011817733303126207
0.0011819187855980626
0.001181839023904576
0.0011816662494382704
0.0011817359948607907
0.001187169362530607
0.001185847936704814
0.001191778296188184
0.001181649936165064
0.0011821876588003284
0.0011851379074550735
0.001182957731760643
0.015538020805987016
0.0011816515304258102
0.0011817780940404014
0.0011817300464497848
0.0011847830521062794
0.001183331792752416
0.001184655970128751
0.001181800184132885
0.0011816560064677347
0.001182817863900322
0.01649393523258359
0.001184746467012242
0.0011932222693437089
0.0011816643706957764
0.00119803277198894
0.012355041784899696
0.0011957955140191093
0.001181653543633319
0.0011834910777912717
0.0011820539797362233
0.0011816601116925144
0.019577329414029388
0.0017492442200297378
0.0012469288475473786
0.0012445723449539237
0.001182118251184513
0.0011852250561071422
0.0016932740023946962
0.001578821589972561
0.429865314116994
0.0020060955668604516
0.0548542354625457
0.0012246198271486982
0.0014836591651701471
0.05016685950665381
0.0012090043548116014
0.0018110745141445928
0.001182882560744871
0.001183739712664989
0.0011819631557384782
0.024420412027547817
0.0011831314695833
0.002041499587726706
0.0011816688938563128
0.0012460636430665043
0.0014777713695101628
0.00132385609650468
0.0073455624966374845
0.003369051476452635
0.0014928347536902207
0.002847156093082835
0.0012871863146956249
0.0028472354734214566
0.0011821334571236555
0.001181677983475648
0.0011817355594760668
0.0011817052990554641
0.001181649633604502
0.0012101508136813405
0.001181656295404187
0.001605361759403049
0.0011826972264499342
0.0011832483131527548
0.0011837809647353428
0.0011817739834152075
0.0023550075052088506
0.0011838164985970053
0.0012299545514538185
0.0011817400958975713
0.0022021742234980555
0.0011819851440804086
0.0011822746848792046
0.0011816551881074346
0.0011869195413149699
0.0011819231231867701
0.001304366690844109
0.0012010652757517624
0.0011832619500276693
0.001181652144123082
0.0011818583791985877
0.0025089025283623594
0.0011816513495897488
0.006866817735186958
0.05358785761992864
0.0011816688938665494
0.0011827559576275749
0.001201159759916551
0.0012566553268425363
0.001302568005870429
0.0012444754543582102
0.001181649634325996
0.001181894302704743
0.0012266403398142633
0.0011818241921816588
0.0011973936213201448
0.001183301407057329
0.0011817461295881239
0.0011816627323640166
0.001318217267808676
0.027987526404340417
0.0012168854500965683
0.0013087490493268459
0.0011931257486088576
0.0011936048716244254
0.0011823406278411784
0.001196205560382768
0.0011816671806922675
0.0011845581085457902
0.0011816634097032391
0.035831885783806285
0.0012770517539285235
0.0011819824158442363
0.0011817215811746416
0.0011817102142765955
0.0011823064851432883
0.0016967305647565421
0.01170890874033788
0.002127140377527097
0.00917217830529986
0.001184890163790006
0.0011827339518901707
0.0011816671346245836
0.001190060154012394
0.003931349961358377
0.0037675009576731617
0.0011817885905808713
0.001185635337844307
0.03659818163774508
0.0011833404767830973
0.0011816782784208092
0.0011816563485505702
0.0011817077358383698
0.001181658975776494
0.0011816585752976972
0.0011824232980988526
0.0012815508864217266
0.0011822943515067935
0.0012503109175837114
0.0011823620031336654
0.010469710260935372
0.001183973929605078
0.0011816779004126417
0.0013408731823583285
0.0012052582965821736
0.0012042988506717751
0.004025709987339394
0.0011848100751053455
0.0011816904575044946
0.0011821967403205947
0.0011818219250515978
0.0011823126430767314
0.0011817061217601762
0.0011816506606443882
0.0011817976649297162
0.0011819531033492696
0.0011849124666582778
0.0055413765523044615
0.0011820348047128033
0.0012717847880684395
0.0014357662170169914
0.0039061158343693093
0.0014314159232800892
0.0011822162863248376
0.0011818409378472666
0.0011816531517090793
0.0011816574467383148
0.001181825060285582
0.0011816498818004485
0.0011835789885391655
0.0011816706581951597
0.0011823773305266962
0.001190236413020172
0.002405098379299242
0.0012314763687262895
0.0012028440474847288
0.0011835431364476067
0.0011821430805256214
0.0011818851773679896
0.0012147141797236804
0.00119760367561758
0.03460180198778608
0.0011817003215447148
0.001204802271358639
0.001181661446549437
0.0011821177952607636
0.0011816787087016217
0.0011817406892089305
0.001181652310290449
0.001181829628476323
0.0013520334992019121
0.0013691617120613492
0.0011825999150242316
0.0012015497435551475
0.001283202408195458
0.0011826334478806549
0.0011853420227671567
0.0011866925560258892
0.001187837611196224
0.039008591426537016
0.0014032488110589099
0.001182114552028161
0.001181744255523212
0.0011816701515898864
0.0017641490549230344
0.0011816820078735864
0.001182526154280893
0.0035257786429676555
0.0011844945355619612
0.0011816559327799106
0.0011816918154381871
0.001243087884034722
0.001182186429351686
0.0011821405359549123
0.0012144089979923061
0.0011820117463842681
0.003044351155571041
0.0011817549869398776
0.0011937027863983313
0.001235904683387724
0.001181668162762798
0.03255379046646079
0.0032334167333589415
0.0017602180307653985
0.005365025393076236
0.001203323143444617
0.0011816662307185162
0.0011834802961583368
0.007168522219528673
0.0011816570836496335
0.0011816498208154075
0.0011882840689422163
0.0011818203659714286
0.0011816848342697315
0.006599492710586641
0.002905713442489977
0.9910480656748131
0.5120183687620413
0.0011816822574130992
0.0011816937011431211
0.001313157543376045
0.00519309049527164
0.0028624724813549416
0.036043762631150035
0.0056797588262527815
0.003749610460998163
0.002846381234123103
0.002846783677228628
0.0011817431740599397
0.004858312874328073
0.0027394182074070763
0.0028814586588396243
0.004450092325946151
0.002846621729348251
0.007968381656758634
0.0012102822244243437
0.001181802362007337
0.0011817327741436808
0.0011819399311167832
0.02619096121193508
0.2530679658660661
0.0012053662779606888
0.0012029255334680363
0.0012841753996647466
0.0011820857700564657
0.0019349605262483313
0.0011835076320764937
0.0012469581887883294
0.0011816509231285112
0.001214821970124019
0.0011817495010950638
0.0011818174153101402
0.057597102527449845
0.0011851618755820271
0.001464061063991697
0.0031975095424147406
0.0014165181161968391
0.0011816579276540022
0.0011816706759410563
0.001181781739889171
0.001181663616673011
0.0011837080943532209
0.0017650987320752065
0.0011823130700260051
0.0011887708793610844
0.001181789570966658
0.0012028834108608977
0.0011821241121257814
0.0011828116482962801
0.001283863275292244
0.0019303589171797341
0.0011816527308429795
0.0011885526846146922
0.0011816835955061635
0.0011817300077083513
0.0011816536964416975
0.0022933544727934607
0.013198612912615728
0.0011842847528916918
0.0011824195891538423
0.0011876490328846573
0.006314190974092997
0.0011826943936164723
0.0012355240469169584
0.001186147514342156
0.0011817167706146092
0.0011832120589353246
0.0012028629661037062
0.3260191623835479
0.003567815424020259
0.0038596854356408752
0.0011816519371492715
0.0013241587444404541
0.0011816502172951235
0.03943100151640607
0.0013287017757399686
0.001181685101613791
0.0011909726364850602
0.0012121771051765142
0.009248363472893545
0.0011852908803496552
0.001189960632470328
0.008830121467769238
0.041179460428543334
0.001182052039102713
0.0012851033490881632
0.0011850248126453547
0.004394072258672356
0.0011823813431532857
0.0011838796468839157
0.0011847048957925748
0.0011833459382111818
0.021526251087040336
0.0011826870574139971
0.0011817233747568822
0.0011825184923865768
0.0011875857251542232
0.0011833191968148502
0.0011855646489975647
0.0052695988356225775
0.9800403932510973
0.001531601404804983
0.0011816577289088103
0.991710392989322
0.0012057802340826192
0.00118882748650983
0.03539482358012281
0.0017385424093989696
0.001181995142519379
0.0013674100560532047
0.0012017135758335342
0.0011817809050143084
0.007063112919341092
0.0011844802259231692
0.0011817426725811364
0.0011817498388813148
0.0011819543261535892
0.001218388458149033
0.0011828901664905761
0.0011835113010932334
0.0011820329652828551
0.0011825519182749734
0.0011853770624826161
0.0028377181693670338
0.0011818109825202463
0.0011816632483633753
0.0030065446964715123
0.001345663924990231
0.0013029910254842745
0.001181698683871626
0.0011857662913898426
0.8364569496184016
0.0012536969384436545
0.028118341739413657
0.0011816880184320408
0.0011817416255782752
0.03714079378863667
0.001255382194305239
0.0011816682163206934
0.0011822360865892311
0.001347487428674152
0.9559888570363692
0.0012045630117373473
0.0015682783485077786
0.0011816783718272678
0.0011816656414304655
0.0011816519145459413
0.00118165101117606
0.0011829055700144722
0.001181661487164615
0.0011816512667356754
0.0011816564688793597
0.0011817008973282312
0.001182319030624545
0.0011816659187482465
0.0011856085343500183
0.0012239852524300447
0.0012094723216906275
0.0011817469021911512
0.0019478912292420283
0.0011817102123110716
0.0011859806633266953
0.0011819944313892494
0.0011816525544927805
0.010285245926396841
0.0011817349261661753
0.002858042374246287
0.0015299464710798922
0.001182008891100052
0.0011817360421139803
0.00119531451768611
0.0011823321558731474
0.0011888496650721513
0.0011816508370813099
0.0011819516573012081
0.001181782874140572
0.0011871811344647167
0.004265873110315712
0.0011820123245930437
0.0011832469964440288
0.002856117742670444
0.0022354114247668793
0.0011816562516993314
0.0011816497312360315
0.0011848974836369413
0.0011821821160716078
0.0011817510486432598
0.0011848945200028578
0.001181673013091066
0.0011817519919927618
0.0013038668373143378
0.001181658414488613
0.0011819853638398718
0.001181728116925043
0.0011818375509153912
0.0011817230268798683
0.001181822083930926
0.0011819045233182437
0.001182376498771748
0.00118778631639525
0.0012871462237890425
0.0013360468913365554
0.0011817397823427355
0.0011816536183208784
0.0011817132826849209
0.0011816583136435457
0.00122738153266633
0.0011821122627449143
0.7375027742395917
0.0011828944973565634
0.0015053640719031355
0.001181660587891437
0.0011903603156340772
0.0011816505404666207
0.0011816502400623279
0.0011816508359346835
0.001377967649372168
0.0011818601562684399
0.0011890912112692915
0.0011816685859357711
0.001182518568249563
0.0011847054207334254
0.0011818367596075402
0.0015265358928036534
0.0011816619637080603
0.0011829655787628768
0.0011816642954292373
0.0012327604056322284
0.0011829771171306524
0.4081590217940303
0.0011817095906991627
0.0011816518225389093
0.001181857682442752
0.001182755290731448
0.0011816556719924903
0.001181652143278753
0.014372118053984884
0.0011828403541607382
0.001185314804720222
0.0012819601790992612
0.0012039526157807865
0.001535971517145383
0.0012071855987691553
0.009128096936378614
0.0011825578650260253
0.0011829417825467345
0.0020091564824701244
0.0014630971285213043
0.001181674989608217
0.0025374595877062987
0.0011816496889418863
0.001181666312854001
0.0011816753210343433
0.001181667705489089
0.0011816602398022425
0.005658376220632464
0.0012097253990918906
0.0018129614599503325
0.0011816654960562722
0.0013652630046278068
0.0011817353132925028
0.0011816967296955283
0.9536219498671461
0.024250560799838547
0.0015926984077509546
0.037650074812431884
0.0011816513532436012
0.0018804453304108308
0.0011981082302457687
0.012368554187623906
0.0011816530726635034
0.0011842647826736093
0.0011816552424944878
0.0011817414231977924
0.0011919407558494122
0.0011816524878803317
0.0011825839505237397
0.001182038924528472
0.0011820240860311176
0.0013323744331099
0.0011819878872261474
0.0022909552677145982
0.0011865419289575877
0.001279843506596215
0.0011824081444450443
0.018262233488479482
0.001181811067484556
0.0030395519362205092
0.0011996897118301633
0.003180083847253598
0.0011865494168124063
0.0011817062958328342
0.002956195641894799
0.0015802912599422168
0.0011818117418359406
0.0011816514819800086
0.0011863718679255258
0.0011975311586599688
0.002505141720964804
0.001212538664058152
0.003267382394400034
0.0011831584378469687
0.0011852014718031062
0.0011817389449696064
0.0012324316963620537
0.001190886851519978
0.001181650005594978
0.0011816495455033184
0.0011817939289076574
0.0011816495552989992
0.0011816495491672623
0.0011817471677134021
0.043292184317659146
0.0011861681996967073
0.0011850946958880232
0.001304712857386817
0.0011918704365702281
0.0011963635440837659
0.0012076783438052898
0.7486473769646188
0.001181649797905171
0.01693873557135141
0.0011832100674995364
0.001182237180444632
0.001182976899682167
0.0760107831122243
0.0019893001428260013
0.005251598905421551
0.0011830292558209494
0.8044649909954817
0.0019870461702831835
0.004199530998559882
0.0011816707373329645
0.0013547458883676046
0.001181652141018241
0.001181828723925183
0.001623727679902732
0.0021341340245923505
0.010672549686726264
0.0011816610731645249
0.001181798382750796
0.001182139375738866
0.0011816662164188497
0.0011822415664085775
0.0011817381733190788
0.0011847028982417149
0.0011856035035012263
0.0011816546983069733
0.0011834791844419154
0.0011816659896024492
0.0011879134106719976
0.001182617962189812
0.9692642058384935
0.003463570189079349
0.0011816897813399468
0.004924441825349201
0.0011818981588974152
0.001181691438817725
0.0011833527779388745
0.0011823948151136693
0.0011831815875351275
0.004288809393170901
0.0013489680584559496
0.0011816527196015945
0.001181699581303225
0.0011849489372788968
0.0011818907458880767
0.0011818765776156887
0.0011816834393197982
0.0011816503438443339
0.02670212226286385
0.0020134541159824034
0.005271454449976443
0.001181821416480924
0.023934613580991485
0.0011816752476318587
0.0013373928022986862
0.0011816992355421628
0.0012319804870365848
0.001193023234289906
0.0011819084835628668
0.0011816610298633183
0.0011818734780352914
0.0012038858054038753
0.0011920732751802294
0.0011816497430505307
0.0011839281858544088
0.0011823542027731414
0.0012519046398321578
0.02391537201344393
0.010530268909596751
0.001196788799802156
0.03340060999163979
0.0020081189241479796
0.001336645555759058
0.001287464154971444
0.0013532816082900535
0.0011971438996477989
0.001374934851776398
0.001188971576766142
0.0011818587350516684
0.001300489096719795
0.0011817265091080297
0.0012066383359896006
0.0017509146091038792
0.010433575743986586
0.0011821765398703657
0.0011845091069898222
0.0011816546222559838
0.0011819663399053524
0.029118397144821867
0.0011831760270374797
0.0015741967607649863
0.0011911414618208619
0.0021703850455634817
0.0011946675049009266
0.0011820221849670467
0.0012211180151003758
0.0015486499556639128
0.001184884688799818
0.0011860207310780391
0.001950047140265423
0.008080439539479895
0.03039275387742398
0.0011821025351021871
0.3790627068269519
0.0013146508113706708
0.0011816575781835028
0.0011819504883981437
0.11520049513875184
0.0011817110066388694
0.6365856212908092
0.0011816538215306666
0.001181649637801576
0.001223654096332441
0.0011819698806016534
0.0013021749874931792
0.06232361027125864
0.0011819675363248714
0.002152623105300891
0.0011913527000616772
0.001191208054242941
0.0012040443424901188
0.0011824120886225007
0.0011830880845997858
0.0011874468130042544
0.0032944288850273937
0.0012010820855350183
0.03410582311101027
0.0011878705225994734
0.0011877328478261178
0.0011850003607683185
0.001182065977378641
0.0011906334012688016
0.0012041352674466439
0.0013944267049753806
0.01613876017502118
0.02056115573324735
0.02674486542793437
0.001182557858929248
0.0011853484125179683
0.0011979267108904001
0.0011816596466945437
0.0024128228143531255
0.0011816643133843317
0.0011850396697739363
0.0012546071883617717
0.0011931708399287623
0.0011869319380436866
0.0013553577465463817
0.0021016846789550362
0.0011832553045811893
0.0011910498281922852
0.0011838231814000092
0.0012025603618044285
0.001190614061441858
0.4148082771657514
0.0012281464732165402
0.0012254408855069377
0.06964352254479493
0.00118610419079471
0.0012262888362073595
0.0013694486298429145
0.0012523552406522958
0.0016588580431467208
0.0012356120274616264
