0.9965300243379368
0.9351902842245976
0.0037046886979694824
0.9965295252607363
0.9965312002183504
0.0021788878723651623
0.001388977246696051
0.03071910996324723
0.0028916996496613522
0.0014991481156325973
0.00136323166243724
0.0013719962004468435
0.028572111047725748
0.0013677930737693456
0.0013622066333036672
0.0013622057640874023
0.001679470205342693
0.001362950390675824
0.9965308473257514
0.9965078873778609
0.013595653374473346
0.019069123348364286
0.014929617828292899
0.002466006062168143
0.9964154360157597
0.9965305574921725
0.9965298094984907
0.9962087748747831
0.004634938192413203
0.0013928146561701601
0.0013647333499980229
0.001985743729877344
0.0021692057027728083
0.0016525835811274955
0.0013686583685657485
0.0013687452410154472
0.0013717060260244377
0.001362331230489861
0.0013662174105522115
0.0013628137314812582
0.001393502744970575
0.0027608406898140805
0.003793021564251132
0.02583493289730385
0.00430333008385083
0.02763691443937004
0.6774407407467076
0.54524648585125
0.9965292632281133
0.9965285572154685
0.9965312013409884
0.02408905061203802
0.001362841935016738
0.001362741508281122
0.001362226974547326
0.0013773464631850166
0.001426127005420724
0.0015160056589570048
0.001362338824579404
0.0013622137482663058
0.002433441073899008
0.023298795064076363
0.002433492347829695
0.004113511339068422
0.016347994875944644
0.04490391784411962
0.026041925136887405
0.002433479882588741
0.0013633389676698615
0.026929745868950642
0.0013648054757748101
0.0024826468800697404
0.0013625346118574032
0.001362211785648433
0.0013622594233930147
0.0013732962134553489
0.0013934057729889308
0.0013778812333646012
0.05383424954193242
0.0016014751746916231
0.0013622982719446086
0.0013652328253383327
0.9965297092777321
0.026595857284364588
0.0041532735534311445
0.010130627399522368
0.0024337460619946226
0.023975981483337332
0.004017204965749332
0.0024397461427916474
0.002441167471514213
0.00253204348180017
0.0024372503150447812
0.0024397185828606395
0.0018190496985994366
0.001362208432495289
0.0013622046225252155
0.0013642767461734971
0.001362488260554055
0.5175953517942128
0.002433959217171384
0.00247222422418672
0.0024334925638766626
0.0024336652167021946
0.0024334409265522796
0.0035006545691040622
0.02605428064167932
0.8036965845434696
0.001363715497490584
0.0065906211811454845
0.0013625088683690033
0.004407752855603106
0.9965309187608089
0.9965215118303273
0.9965310376874532
0.9965313846772991
0.9965245765828357
0.996530960832804
0.001362370549331726
0.0013622029710715611
0.001380640184991229
0.001514090345569965
0.0013622030341840991
0.001362233920810449
0.0014229952319497034
0.0013622031235784363
0.9965313486830196
0.4976337183473932
0.9965271317994054
0.9965314097586259
0.9965313939754533
0.996531356529787
0.00600047904957752
0.00197590162685884
0.0013623963186659331
0.0013623305592156863
0.996521480776599
0.996530522297184
0.9965313186257525
0.9965313695286513
0.9965310009225754
0.9965297949063532
0.0013622034315684643
0.0013622103359790944
0.0013622004128569444
0.0014034444610228091
0.001362200494428229
0.0014969967787968014
0.9964976462695876
0.9965300330890325
0.001368671610276007
0.0013714679112609136
0.0013622019117019405
0.0013624220645711937
0.0013633540398474934
0.001362200580541527
0.0013622003460208958
0.0013622013944233435
0.0013656041919744282
0.0013623138913222302
0.0013636230456924644
0.0013622854384200888
0.002000816317528679
0.0013625516223457511
0.0013622015880411758
0.0013622009934513859
0.0013831799162349284
0.0024565368489082983
0.02303418012413309
0.9965309981493191
0.0013622467670724335
0.001396712965108183
0.0013712646351556343
0.001376512128066521
0.0013841508678285863
0.001362317382851813
0.008501599926697728
0.0024334536693867803
0.0013622008857216115
0.001362228318908449
0.0024361454671764805
0.0013630636097280862
0.0013941343068968074
0.025386084168678987
0.0013654302421053123
0.0013624420735218281
0.0013625299045740336
0.0013721377535091768
0.0013622031764722671
0.0013868296020204825
0.0013622019936268706
0.002638495742635725
0.002463723685074174
0.0013647586999718825
0.0013680861015688273
0.0013628573754784373
0.02062935168593207
0.002433440761642446
0.02727426011961334
0.0013625848357124194
0.001362306850781414
0.0013622489302952657
0.0013622176524140375
0.00856316888503084
0.02064988141496736
0.022880135922863594
0.025189706693960694
0.0013631298634682073
0.0013635240351483504
0.0013956463095343215
0.0014590132908980933
0.0013622243939623829
0.0013622384533657345
0.0013672581258330236
0.0025264472400917987
0.020828434479476528
0.0024340679997058062
0.0034074448338510433
0.011292598700055983
0.030789550723407905
0.0013623064563375027
0.0013623247697224902
0.0014009249192082796
0.0024334846204163937
0.9965313233464737
0.9965314080222383
0.9964860435983839
0.8567707570680984
0.0013867173259375326
0.016425222998943414
0.0013742230192421842
0.0013674950984645731
0.0013622157858146798
0.001470422338702903
0.0024593778410158416
0.002456102191942574
0.0013957627632906703
0.0014525491900892916
0.0013622999131605539
0.0013623367328827057
0.001362408051502344
0.0014065901717858179
0.0013639746939549458
0.001363328454486071
0.0013911150257167942
0.0013824896946586375
0.0013673558446558255
0.0013642688851256935
0.004368177857996193
0.0014992659260325111
0.0013871181700243441
0.003172381196595163
0.00211619878345703
0.001402051017299184
0.0013622532017731421
0.0013622003047396786
0.001362201224045051
0.0013623926096602195
0.0013634863342521547
0.6144594532580803
0.0013623258113337972
0.002460434429403939
0.0025323665389975483
0.002456946544675718
0.025980848848913662
0.0013675059781214337
0.0013623333906448113
0.0013624837994806644
0.0013627250137842907
0.015829823849541225
0.0013622017806229408
0.0013622082669247062
0.0013636718255123218
0.0013623442012512962
0.0013624154762512414
0.0013622167006931308
0.001362205093206517
0.0014569462570084668
0.0013624631087283867
0.0013622247046444329
0.001370835830020622
0.02598998621267445
0.0013625873270425096
0.0013626860797960759
0.01884905071679024
0.002457086823077107
0.002471929011851373
0.0013624217053851858
0.002733788373399102
0.0014076219552834343
0.0013893415975735506
0.008692258233870312
0.0024572711272499567
0.029535366127927357
0.001431322067524193
0.001362359193503255
0.021082671892988805
0.0024856504829379807
0.0013622861467758622
0.0013622011047375886
0.0013878600322013066
0.0013636318150266075
0.022203889353379535
0.0013624011596561321
0.0013725627573913733
0.0013651800116846022
0.002731153597209567
0.0013623460115773842
0.0013630990318146698
0.0013622026313982304
0.0013622003156960635
0.002456460765451668
0.0013642662878386076
0.0013624216449950072
0.002456150249602568
0.002459115820755073
0.006083990622751949
0.0013625021228109162
0.0013688319910754407
0.002457587719609777
0.001436622011795088
0.0013654550075733432
0.9503061042377653
0.0025709192673710594
0.01891302646225722
0.02355880881449342
0.0024645872937510555
0.0013788471603153867
0.002211435272004468
0.0013637699441635994
0.001526763181089547
0.004234059143237498
0.002468129175934859
0.026916643741989422
0.0013622063509744532
0.002456778829879289
0.0013622080295464607
0.0013622049163845885
0.0014633250544144963
0.0013622182901425692
0.001369596053002507
0.0026986990412666456
0.0024748206311019827
0.002459920157878743
0.0027918585114552388
0.002532405438205444
0.002466104916930603
0.002457557678603823
0.0024560855879731977
0.023353561832384673
0.001377351004806555
0.02230561677452325
0.0013878512623082095
0.024531072471569833
0.0024612886035122166
0.002264198368706149
0.0024567939123696135
0.3257235605747444
0.09140591871453028
0.007340679817350408
0.001728015543868026
0.0027855410305709163
0.00475355606018339
0.0013622908586889196
0.0013666479501874536
0.0013657462787576018
0.026752583063968705
0.0013623504233194542
0.0676536335448052
0.0024944016327231376
0.0025146824978774882
0.0032310929900492297
0.995716375468805
0.9947765872987199
0.9962913525064466
0.0024605126087642814
0.002845677895559989
0.029996472788504397
0.02392103518514308
0.003300524288543323
0.002634288265661077
0.0024675599778796525
0.002912237368244919
0.002456103313510456
0.002456744546058354
0.002490698178003344
0.005051450856833545
0.0024335121494140086
0.001546316232573386
0.00245996286303821
0.0016746554186065474
0.0013627172603021868
0.003406328226606017
0.0013720834774725433
0.0027606674201948677
0.026406689965251195
0.004724172377528136
0.00245674249338888
0.002028196684607927
0.0013622021472139783
0.0013624549070106035
0.0025981729725012863
0.0013632282681934611
0.0013622099400965872
0.0013622184217356242
0.0013630475216921132
0.0013753911152729523
0.0013622385711338793
0.0013634844291503356
0.0013710380323891103
0.0013994178732232444
0.0013627060789383123
0.00136234796963517
0.0019474450062356866
0.009091452811466385
0.0013622506885584752
0.0027414324402428307
0.008873944086809697
0.0013936542249061226
0.001613637678593074
0.003579494156454393
0.00945651598280473
0.001363228242985371
0.016458514248634697
0.0022998539964011596
0.0013647495470398444
0.0018205942411400704
0.0013683790849012448
0.026600167290051022
0.02335222681133661
0.0013633092890814693
0.01408714531784312
0.021360514572534534
0.022753387696840887
0.0014422751985157687
0.0013814184239346213
0.0013626422881934778
0.5801512275757553
0.0013836341683039284
0.0025303872537530718
0.0015701030854355375
0.0013622241573455487
0.0013638983062107762
0.002667819267785499
0.001364222415335479
0.0016115030603146812
0.0024561870938970775
0.02319038915926895
0.0013623171001209743
0.002561947605053043
0.0017200684854305817
0.001394359041934943
0.00999098365752053
0.0014062400583269186
0.001374067461187413
0.0013713449033316732
0.19128074034766168
0.00136224813044824
0.0014573682708082614
0.002945217961997447
0.0013622085761863284
0.0013768869472370697
0.001366969710071672
0.3496949140058199
0.0013672126198892689
0.0013622066190856854
0.0013622703570290056
0.0015638246330832632
0.001362520831001873
0.0013633112516014737
0.001367260691137635
0.0013800243008600939
0.0013976460960933117
0.4068513131866028
0.2872897461356251
0.24368094309551852
0.001388887107573099
0.0013629976905983766
0.011831447539182745
0.0013622188638099406
0.0029319992638368597
0.0013623810570105167
0.001362200860767469
0.001362204127578649
0.0013622147413000067
0.00136220455925833
0.0013622398733971295
0.0013628048667392507
0.0013639135613030707
0.001362264628713983
0.0013732573360325177
0.0013622028970880279
0.002456159727773654
0.002529160745612161
0.0013854056477852728
0.005777485327555039
0.0013653823254978822
0.0013957848066752296
0.0013710937125805103
0.06717234186311273
0.0013622535640341333
0.0018265848050281258
0.0013623719837585239
0.0013629421067577103
0.047686495902544056
0.0013622136080889402
0.026928568444575123
0.005161376343848544
0.008424395924309958
0.0013623936603515234
0.0013623434035704568
0.002328734867455617
0.001362243710180227
0.001553433949306066
0.002484036335307932
0.002456061739538157
0.006901210332118611
0.0013622006019363647
0.026977311474297935
0.0020347187441141974
0.0033673424501786853
0.010634553157925478
0.0013623048078861204
0.024556792532395483
0.001363071448967869
0.0013753424583205173
0.021226206534179497
0.0020605988023095333
0.0013630851219356066
0.001401238835749984
0.00385594653417036
0.0016501112506418876
0.0013638384613640724
0.03866435758911636
0.0034878955821033624
0.002660414769935792
0.0013632360140340685
0.02410573384701684
0.004385611629876368
0.0016654596870857778
0.016733768590973065
0.002455847120391074
0.004602798638737827
0.005605397050135771
0.003713060796147356
0.011220256651187577
0.002440102154628633
0.001362539587384528
0.02778388067247703
0.0013622200180890833
0.001363545596873287
0.0013629041363584012
0.003729590428113622
0.0014270564122808875
0.001362237914282405
0.009590525193186109
0.01990259761581948
0.010623167595307875
0.0013713671904933052
0.0013622006733106644
0.0013630537782794465
0.0013624025851689408
0.0016495467129125736
0.0013655949468025983
0.001406711832609614
0.010249924801232676
0.0013634163506220697
0.001362642932132783
0.0013654021091727463
0.0013730594613351106
0.0013623288315859276
0.0013622428709239268
0.0013622180390048392
0.02789190022871416
0.0013737067505720309
0.0014741099542651447
0.01820406162173943
0.0016712717642212913
0.0014534584707600717
0.0030695702679871826
0.0013943243201023448
0.0014719854834984501
0.008458844638294378
0.006371485810257732
0.0013650976900352048
0.001598342402921905
0.019545595387986617
0.0013646677486750024
0.0013741792807618223
0.0013622186469029024
0.0013622350990946
0.0013648935893600428
0.0014136889094835167
0.0014930121497776833
0.0013658524177475124
0.0013632397322845048
0.0013742813976458808
0.0013625986215064056
0.0014407300764363868
0.0013623844720838183
0.004274700839171048
0.02544639437324623
0.0013646779740616257
0.019776961171765074
0.0024109103402768224
0.0013622576265899396
0.0018403391994151694
0.0013622032226570488
0.001362253188686351
0.001362270837099363
0.02359629862994001
0.0013626233210676316
0.0013665192257595626
0.0033632280032544577
0.0013631637835855386
0.0014739969702014504
0.0013622008215123924
0.9962355076327195
0.0013661334718084919
0.0013628655022383813
0.001362201088521862
0.0015601025576728862
0.0013792490440366905
0.001402534765098676
0.0013692891534798036
0.0020115533129004813
0.0013622055441014922
0.024064417590100723
0.0013644868094796936
0.0013694504824519353
0.0013701508439674644
0.001362298940078686
0.0013622525489333272
0.0013839692132744566
0.0013629539884937715
0.0013658335059416596
0.0013630524167316139
0.001460827456170052
0.0014165890154743596
0.0013675021151483401
0.0013862644886987723
0.0013629370869537708
0.0015950924683072081
0.0016116158051438416
0.001447328594619402
0.0013623695110511057
0.0013637609303411725
0.0014231324952608834
0.008531137837856834
0.0013723726741104898
0.001363337164688964
0.001362284687193541
0.0013622175086051942
0.001416573725790861
0.0015194935554974749
0.0013622208784354983
0.0013622199889328022
0.0013622344620017174
0.0013632974217586366
0.0014588277060595485
0.001377943312311921
0.0013749616275144014
0.0013624980242566886
0.009844699006724618
0.016674178718736422
0.0013631329208787309
0.015332806040884548
0.020162698578750277
0.0013683410299009623
0.0013622013375419965
0.0013622203692890344
0.0013709133787541807
0.0015035549508205259
0.0016787064325658385
0.0013865623514131122
0.00138143673555405
0.0013836798688719124
0.0014068855656673217
0.0013622083687212
0.0013622195576840222
0.0013815217187840769
0.0013741101911379592
0.004649518814327158
0.0013622064367957518
0.0013622684370810667
0.001445081470697146
0.0013803408499852687
0.5915349688212471
0.0013622443947488543
0.02734747719755593
0.0023631899110488374
0.0014301316169706808
0.2073612954943496
0.0031472587291209884
0.022636268685795862
0.008899473578668871
0.0013670111946552127
0.0014056294005798619
0.02915570818780303
0.0014663440399199246
0.001366941312187916
0.021838570882313977
0.001362766277216124
0.0013630283407092525
0.001376701256566452
0.0015613575716720044
0.0013666763067244285
0.0014193531352930055
0.0013799639435019477
0.0013626279525028445
0.001414684709409478
0.0013622095404594644
0.011299673559937731
0.001371780968297295
0.0013629520006397681
0.02261799038475501
0.0013692637994205286
0.0013625751689130138
0.0018149624374629951
0.0013622271258434753
0.0013624424537036263
0.0013622434494771926
0.004454378015126533
0.0013622320229679792
0.001365665717269283
0.0013622118091214976
0.0013622009024332987
0.001362325722894359
0.0013622003604176391
0.0013733391999893197
0.0013748575761548957
0.0013671172667829971
0.0016523785437517894
0.002594325490353082
0.015931002867672982
0.0025304064780797297
0.0024562457940796637
0.002456220813150859
0.002456438013111985
0.0024767531486750084
0.002532590371233064
0.002718449167686889
0.01933985223388937
0.973271996586069
0.9965185429013379
0.9965306621872172
0.9965312233365636
0.9963489137701359
0.9965212452443529
0.9965274092561446
0.996529247961945
0.9965080425079841
0.9964967754698948
0.0073497197170323105
0.9951941381650302
0.028974407539277738
0.0013622660649821531
0.0013655504534495304
0.0013655408223289438
0.001507608601104137
0.0013629552620285413
0.002648168657617624
0.0014232092001788088
0.0013755931876629026
0.0013656623217081945
0.0013648668491795342
0.0013692301692104576
0.001383870551968706
0.0013622037303045176
0.0013622487773928625
0.0013622102847133022
0.005574345213468646
0.005484968633781902
0.0025143356905440433
0.0013780314102945584
0.018394026302802395
0.005795780285224074
0.005644018676286757
0.0013624055321092
0.0013666817960530315
0.023250327151727476
0.0013622146932576623
0.0013623499958835244
0.0013622865302440773
0.001363123177735533
0.0013639986379486357
0.0026916042536036066
0.0013654469986487414
0.0013622051300912345
0.006596421790217255
0.002976434267696403
0.0013633975924327295
0.0013625458796864447
0.0021365486533916336
0.001362228989273094
0.001367548554634793
0.0014146308559951205
0.0013868297251167397
0.0013641410221509923
0.001687540372741502
0.0013841147892741214
0.0013859053280534514
0.004614802604920355
0.003851926494963691
0.0013966731947793276
0.0013622080426730155
0.001362392646667424
0.026893222181231132
0.0013644054837903198
0.024772241041065717
0.0013628029546829013
0.0018883283459557169
0.0013756138920986676
0.0013623954033819233
0.0013624581163431946
0.00136514290428394
0.0013627435286775215
0.0013690326700621913
0.0013752023106863602
0.7302439879486997
0.008146360281747332
0.001362883265642731
0.0013622019235711557
0.0013634521026739382
0.002605840006712817
0.0013622019534379867
0.0013629130362620874
0.00136220062259104
0.0013622067032792531
0.0013701777271851226
0.0013793264668077907
0.0013625070040208605
0.0013622582048500452
0.001362216610606924
0.00151837293001105
0.0013643962149012417
0.0014510714995056326
0.022581558306003297
0.0013622502399702546
0.0013622204926874734
0.6397935420652201
0.9965311749757109
0.9964975606242582
0.9965302792634646
0.9965307598729259
0.0013622165978288974
0.001364031512426798
0.0013622997741714364
0.0013622036036782207
0.004033316388554781
0.0024284952780279975
0.0013623253178198997
0.0014268671752849424
0.0016099161534222143
0.001366963609811915
0.001478182127073592
0.0013666103996059008
0.0025110011235727906
0.0025340950335839556
0.028787711932655714
0.0014279077310857117
0.0014086079354146547
0.00930013004253765
0.0013646879214010662
0.0013845551339254714
0.01712859254167036
0.0025976675180269014
0.9965309062295638
0.001384480596739766
0.002119706748898267
0.0014153082569763192
0.02496522614603412
0.0013622536947041387
0.0013672287148737057
0.0013622114703746861
0.0013622035962361082
0.002070816532908067
0.0203468986275043
0.001371178589339751
0.0014287977553179053
0.0013834267097867538
0.004231336249403561
0.0033666135558419676
0.002457487386945398
0.0024576857868550393
0.0024773320360221333
0.002221325263912859
0.003502166168997281
0.0019418847423824611
0.001362222100483997
0.001362203388089268
0.0013622027073910323
0.0024675266101622114
0.00136594096963459
0.014372713627798675
0.0015474405807033667
0.02692048878407713
0.0024893858378884416
0.0013839935350084714
0.001362204277013329
0.0022255470462926494
0.001718945882355311
0.002456306988005893
0.002516789189340604
0.0014361699312754246
0.024633301896632397
0.0024629676270431656
0.0025400326600837136
0.007629507472800816
0.0013623590689822878
0.0013625407883759942
0.0013623039746633865
0.002547578903749969
0.0013626215940960307
0.0013625311587596059
0.0013927329235423555
0.0014143051786384192
0.0013623566882550037
0.00136226326071299
0.0013626640868711368
0.0013622284654168319
0.0026587304256972233
0.0013622033557520417
0.004237991127928905
0.001367425132002872
0.0013809675404164296
0.0013622241161013382
0.0013624515114743876
0.001362220982378142
0.0013622120103176183
0.0013644792534197516
0.0013622667862136886
0.0014184455456577134
0.0045428079647047296
0.001580028907926189
0.02324176333386498
0.002705755575362463
0.0013699181112791796
0.013893029336820777
0.00248269774939376
0.002469523066763561
0.011590270435672784
0.019390156860714068
0.002561393602008982
0.0030714893072310697
0.002464001206097583
0.002457331112356758
0.005527829774384996
0.0013797973732728082
0.0018370772059371299
0.0016759649649820414
0.0013658562569389423
0.001404750337093293
0.001522568471178598
0.0013622073403384415
0.0033846886088846977
0.0013624219471061755
0.0013622033261687734
0.0013622052564350787
0.4862896757999917
0.98726841511712
0.0013701581461910556
0.0013623909543799802
0.0013626363108934078
0.0013623892683172663
0.001362225714988688
0.0013623388984036085
0.0013664606133948274
0.0013654813551728154
0.001369573987217159
0.001362200929034677
0.0013626427464821969
0.0013660486042141049
0.0013632640966086758
0.019576644182744463
0.001362203322736833
0.0013624039816314986
0.0013622992184993286
0.0013656034437379615
0.0013637202524535074
0.0013677336914881871
0.0013623853158578052
0.0013622096792527346
0.0013635732051337842
0.023401604484461287
0.0013642299000965726
0.0013738576570490497
0.0013622168350010992
0.001378487585267025
0.1100290065496688
0.001390678438286242
0.0013622068404845896
0.0013644088506009004
0.0013627106813814108
0.0013622132815898427
0.009302759696233778
0.0016762363919351193
0.0014049745980284866
0.0014028121032881012
0.001362555586465483
0.0013646002390781775
0.0016637338417841313
0.001583118499081839
0.027093545707514183
0.0018040967903509091
0.010535743981672825
0.0013897477370269633
0.001536110657070664
0.01029743518749821
0.0013802552190234204
0.0018477792558888315
0.0013631875219276399
0.0013638617597773008
0.0013625792867303272
0.017559743497114574
0.0013644657515914421
0.002367425660015456
0.0013622174819488903
0.0014291944285223536
0.0017086001339780147
0.001448738432190419
0.009268039732931766
0.0028424024598665302
0.0015947134082341307
0.0024569038666521223
0.0014298753586580721
0.002456918685312021
0.0013627159039081799
0.0013622357896707403
0.0013623053956672328
0.0013622690209811486
0.0013622003823156946
0.0013903065629007896
0.0013622065653389997
0.0016003748625682097
0.0013630244882830338
0.0013640309532335431
0.0013654891680385567
0.0013623633804259326
0.0023828691560292136
0.001365596758263943
0.0014189486212460428
0.001362312756354749
0.001893842023888032
0.0013626704413788415
0.0013627139073433062
0.0013622072595337327
0.0013686085744765068
0.0013626251756088266
0.0015130223308304886
0.0013806971307079676
0.0013641308560846009
0.0013622040074588364
0.0013625092048997253
0.002030565713543156
0.001362203241287342
0.003527987404248804
0.010388005417955315
0.00136221649610436
0.0013629678322731858
0.001374623350778402
0.0014242396254020722
0.0014404889859299926
0.001404201939985924
0.0013622004514416497
0.0013626007366670638
0.001392922248495038
0.0013623536115043213
0.0013752581890613693
0.001365115616508845
0.0013623362526013459
0.0013622200733750228
0.001445713019820268
0.007566482557359703
0.0013864162441928121
0.001452157906134549
0.0013782069964978969
0.0013740413922098541
0.0013632487362258494
0.0013726409031965569
0.0013622177369744788
0.0013661226807740374
0.0013622216486496035
0.008635329744537837
0.0014232136033913603
0.001362548659028462
0.0013622621559250916
0.001362269800702203
0.0013627329120220535
0.0018440968873689701
0.00890075535482725
0.0021645757491510964
0.004130086704769509
0.0013669867827744025
0.001363345847580026
0.0013622157291913579
0.001369723829445561
0.003678591107676554
0.003554624795096037
0.0013623798122472722
0.00136969355801108
0.008611602553362735
0.0013635586493612702
0.0013622282664805749
0.001362211430170947
0.0013622530387004037
0.0013622156577891699
0.0013622148491674736
0.0013634931652800402
0.0014256879027739523
0.0013629959242813568
0.0014811494200522462
0.0013633853801845368
0.013659237381453783
0.0013637850771183251
0.0013622432658408328
0.0015155505991241544
0.0013842368419068785
0.0014071937066627467
0.0037717570426376505
0.0013680745482546725
0.0013622517963412155
0.001362804374347055
0.001362347623004319
0.0013627394719985648
0.0013622492230576082
0.001362201309859459
0.0013623370243051917
0.0013624680286033577
0.0013680963292231427
0.02234390197610211
0.001362753841255979
0.0014202507204628242
0.001620978009450871
0.0026095025801833685
0.0018509113752844628
0.0013631100576803764
0.0013624299049285482
0.0013622043001761076
0.0013622086785684822
0.0013624281397937915
0.0013622005934430658
0.001365652813813955
0.0013622199515415634
0.0013630637733908434
0.0013716888355392763
0.0019911911897031466
0.0013936925472359818
0.0013754193204907447
0.001365620376980201
0.0013626370700073657
0.0013624500249894858
0.001391970665921322
0.0013819825596644885
0.023282902413286857
0.0013622670104673936
0.0013847926150836552
0.0013622164875343409
0.0013627120052844177
0.0013622362754281277
0.0013622988287175651
0.0013622047140940405
0.0013623524920517807
0.001523553620788066
0.0014733918628870692
0.0013635591096656868
0.0013815555857580797
0.0014589320979011065
0.0013634809023784615
0.0013664367866817796
0.0013689172244845396
0.001368601451680197
0.025668003168277654
0.0016283257247834118
0.0013627497852942182
0.00136230545437866
0.0013622283887657952
0.0020389762157382463
0.0013622457781523047
0.0013632693125231786
0.0031079178355019016
0.0013665902357654046
0.001362206166598274
0.0013622540267320573
0.0014363929232350243
0.0013628888186512712
0.0013627559616929434
0.0013958235529017678
0.0013626640957865614
0.002973501633388694
0.0013623327579446978
0.0013784769633020347
0.0013989607361340269
0.0013622252395460409
0.02247100388038496
0.003116945270675137
0.00203259735112712
0.0049898233831476594
0.0013772329774708277
0.0013622271226850192
0.0013636639592978703
0.0035928883709453645
0.0013622121067242492
0.001362200601332072
0.0013675560645720545
0.0013624373769094372
0.0013622264959682721
0.005577580581402821
0.002507820269594421
0.002899881161769502
0.02904200579902024
0.0013622478171956443
0.0013622347261985507
0.0016354935954639874
0.003094245357097893
0.002468795387201031
0.024043768536207048
0.004596032881886903
0.0031884146051534995
0.002456254339080513
0.0024566482783814026
0.0013623424872371837
0.004420610167382296
0.0027044604689617086
0.002486291936732393
0.003994616346956627
0.002456479059762317
0.006365905130478721
0.0013943941379437564
0.0013623312664327281
0.0013622891897051154
0.0013624488947390795
0.006907403135561209
0.023281404829276146
0.0013769270328252768
0.0013828606003202023
0.001426737639854782
0.0013629102625447394
0.0017505281151205272
0.001363705478123266
0.0014916777499720316
0.0013622023842242471
0.0014276637269521613
0.0013622920055041266
0.001362429574993679
0.0465933458669793
0.0013687247685026556
0.001663310201781801
0.008390734092471095
0.0018204110695868234
0.0013622074124809268
0.0013622346084936428
0.0013624098770775308
0.0013622231568402926
0.0013650728754931872
0.0018909128856691138
0.0013632968434291648
0.0013697933997983598
0.0013623862690253356
0.00140403172187831
0.0013629707261941383
0.0013636583561007815
0.0014297348323400734
0.0021703192378670954
0.0013622049583147558
0.0013695399765783235
0.0013622406613736312
0.00136231928067772
0.0013622070241387358
0.003942645434938006
0.010330227400116554
0.001364275402339022
0.0013627890169248624
0.0013661466684990649
0.00623628571625741
0.0013630620571283376
0.0013966040769638804
0.0013651523300489941
0.0013622502004445015
0.001363355352283645
0.0013768636892625952
0.03259011723395572
0.0034506842935500227
0.003046026357615486
0.0013622023700757598
0.0014489229348438088
0.0013622011336369567
0.02623632139389028
0.0014513601302148418
0.001362238436644336
0.0013718849841055794
0.0013844475165943491
0.011142594697964525
0.00136634042262564
0.0013709949527842098
0.01147576110159103
0.026620062618081537
0.0013624903146749344
0.001433539667033553
0.0013667359449714284
0.004053658113864363
0.0013627593799678205
0.0013644178982343924
0.0013657240270022273
0.0013641945027274103
0.006506801694898628
0.0013639648606455566
0.0013622850356777474
0.0013636618838996047
0.001373765859864567
0.0013651546247510412
0.0013694930302529291
0.0030526532262529684
0.005399286201593122
0.001554217782675552
0.001362212223441711
0.0027550925464967443
0.0013797459704767757
0.0013763591028482505
0.008884055120299673
0.0018803750557235626
0.0013624907403914977
0.0015104611132889978
0.0013757100088890271
0.0013623148952962227
0.006091892188849705
0.0013651681752849829
0.0013623456242449017
0.0013623626708444442
0.0013624520824874686
0.0014334326651952412
0.0013640417011522835
0.00136551932454061
0.0013627265340645145
0.001363267965767587
0.0013674432481270442
0.0027866636569117047
0.0013623980631916745
0.0013622209037366928
0.0034293212684249133
0.9965310081012649
0.001599650838528015
0.0013622425693699148
0.0013654764418586528
0.017960947451613335
0.0014478340959121398
0.020066568628013714
0.0013622570870743729
0.001362349484418929
0.008983341508187978
0.0014381941747203103
0.0013622281297827404
0.0013628978327369407
0.0014612163953095726
0.011568884342781293
0.0013845215639116035
0.00159644475383081
0.0013622457509471803
0.0013622265222177784
0.0013622023366977297
0.0013622015650123895
0.0013632272420989935
0.0013622196285366004
0.0013622019062352407
0.001362206602052114
0.0013622831248968582
0.0013627534615453698
0.0013622269252847713
0.0013696433712413745
0.0014455458978097685
0.0014127638299911932
0.0013622844054443088
0.0020350935540604884
0.0013622523243749197
0.001365559716142308
0.0013625518505592025
0.001362204763763773
0.013611750374755836
0.0013622991834542101
0.0024653631706103296
0.001728990447371287
0.0013626152976443035
0.0013622754432939064
0.001372227663055984
0.0013627864864280245
0.0013687797685015377
0.0013622022477422888
0.0013626896277869718
0.0013623146405809014
0.0013684084047692053
0.005191316006643196
0.0013626641162049638
0.0013642010557940562
0.0024638151343174047
0.0025934141495038403
0.0013622072987097165
0.0013622005174760768
0.0013659498462562343
0.0013628324440001457
0.0013622875922447027
0.0013648741044416433
0.0013622387027140237
0.0013623677982722833
0.0014379553364818783
0.0013622147708785303
0.0013627479243479557
0.0013623282031349105
0.0013625062980999504
0.001362318626793433
0.0013624786232886137
0.001362617230133076
0.0013628754581245257
0.0013671894978365966
0.0015647307713331782
0.0014553457131982264
0.001362341370149984
0.0013622038982310269
0.0013622963555707894
0.001362212705427261
0.0014499127520136387
0.001362650918868148
0.023435885586795803
0.0013632053343118765
0.001660016618207784
0.0013622178279052777
0.001379620839623575
0.001362201892475328
0.0013622013784355205
0.0013622022507236804
0.001486585410553218
0.0013624950774207183
0.0013715210504832722
0.0013622166221533714
0.0013634331970982703
0.0013657149056412895
0.0013624573337445238
0.002129399258132751
0.0013622205082727693
0.001364428833750471
0.0013622196022412367
0.0013968317027723961
0.001363110853827906
0.02721298429772919
0.0013622564003666294
0.0013622030023791299
0.0013624614515696824
0.0013630928146470059
0.0013622086287291813
0.001362202534294827
0.014233821217842089
0.0013635953339071597
0.0013646325351876272
0.0014562880642637025
0.001383727632096248
0.001688733099279893
0.001387416562100769
0.008352150560187201
0.001363461753900276
0.0013637130464531938
0.002104615424156945
0.0015250290447188365
0.0013622288477865363
0.002532516711101274
0.0013622004639979408
0.0013622155807110914
0.0013622316181977963
0.0013622172052684598
0.0013622111943630212
0.0051123284994630275
0.0013815665552007364
0.002102972167534952
0.0013622229200717009
0.001583785712653031
0.0013622993498761627
0.0013622336518400288
0.008853482098332281
0.016920783615976483
0.0018476243046966156
0.02497174774634333
0.001362201801611105
0.001736336605033257
0.0013808240661112635
0.009726417488637264
0.0013622033191368278
0.0013663067472987976
0.0013622056396819988
0.0013623277568834418
0.0013757383231213299
0.001362202825230123
0.001363553593028428
0.0013628031662452139
0.0013627995584856532
0.0015350875578829253
0.0013624799568954236
0.002438015542328373
0.0013678242017917633
0.001456440860252435
0.0013632532549263862
0.018789013574773625
0.0013623970684585487
0.0026431162073535658
0.001379654438821628
0.002783560274573252
0.0013695152692005078
0.0013622844208167804
0.002885972909762107
0.0017909179119142509
0.0013624007412547628
0.0013622028842748043
0.0013658211783869403
0.001373431350912293
0.0020000927538025163
0.0014042532129463735
0.002394015634339132
0.0013634192510365451
0.0013650198331840893
0.0013622923618323269
0.0014253310074657344
0.0013696215511206263
0.001362200987834456
0.0013622003050674425
0.0013623309736755258
0.001362200323279109
0.0013622003128762165
0.0013623264143611687
0.009586281938392538
0.0013698775106785255
0.001365122661855998
0.0014695463679272468
0.0013697114946788188
0.0013778935858227302
0.0013852389185340828
0.0234444135945946
0.0013622005961340283
0.012503435551345065
0.0013639913182242587
0.001363166919350434
0.0013632116149631232
0.013578148426330866
0.0018120580461332887
0.0030761414257198267
0.0013633094987506285
0.020980614338061657
0.00181116928448687
0.0039007465503552753
0.0013622313668491602
0.0014655129124579167
0.0013622038740468486
0.0013623762181728092
0.001840059355679784
0.002198350099925235
0.008587992980888965
0.00136221714055511
0.0013623876104753867
0.0013627870931698155
0.001362214757225541
0.0013628989205072201
0.0013623449514893857
0.0013666316366122352
0.0013680200529930981
0.0013622048603472363
0.001363864138641974
0.001362219781306767
0.0013670163416492674
0.0013629859067487522
0.007278417282337183
0.0029724356152031565
0.0013622540043178837
0.004472496900846764
0.001362411056454141
0.0013622660899357119
0.0013651218491246583
0.001363149808915033
0.0013648860011486951
0.011197282806150954
0.0017203290279796265
0.0013622046048530564
0.0013622567794557567
0.001367072282407928
0.0013625161873362741
0.0013624759494601968
0.0013622293942886009
0.0013622012175039096
0.018932113855687795
0.0020992262077433863
0.0048450232283753355
0.0013624573181220839
0.017260862116858233
0.0013622326427095894
0.001522713710187322
0.001362261933042844
0.0014280061171584246
0.0013745735830848129
0.0013625441076197571
0.0013622106183976055
0.0013625628495219822
0.001377373222165841
0.0013833744639816764
0.0013622005579446868
0.0013663852527761742
0.0013633700908355503
0.0014901533377070049
0.019902930662547204
0.008597536980206287
0.00137702825404808
0.023065210844517563
0.002059774377611793
0.0015086355850310736
0.0014621087848121347
0.0015222102831402467
0.0013733533007360293
0.001586434250629847
0.0013677629847992194
0.001362425958978263
0.0015444978095994193
0.0013622666339861151
0.0014112859257288581
0.0026964162567874104
0.010582330822257258
0.0013627774586348659
0.0013654799950924945
0.0013622067999705357
0.001362590638005473
0.02321924632974864
0.001364005790396713
0.0016482491993402766
0.0013739137259174642
0.0022375659946735323
0.0013755484723798595
0.0013626523245188113
0.001387549290262669
0.0017272652289072835
0.0013665168957834172
0.001365531701675404
0.0017761043729326814
0.007569509393524552
0.02107849495688975
0.0013628730338114388
0.026728011990139057
0.001506935552534501
0.0013622090336215848
0.0013624748190673123
0.018084559548584515
0.0013622764485880534
0.02628834042694728
0.0013622045285881258
0.0013622003906777708
0.0013909247247777955
0.001362469027370269
0.001444998198538458
0.01105586149966662
0.0013626938238330232
0.0035577002057508187
0.0013817350467146114
0.0013814158232329729
0.0014077655152199726
0.0013631020614331005
0.0013645818710775243
0.0013728760741368376
0.0028103986624790434
0.0014005769666652268
0.021958175910300498
0.001373414459098642
0.0013742134230636295
0.0013684265901623323
0.0013628681262854569
0.001379156614239352
0.001406224603656127
0.0018255237065115998
0.19901574876883793
0.41753841978074535
0.3239265459447337
0.0013631071481940355
0.0013659715408516101
0.0013803383003965065
0.0013622133159674696
0.002008610985972513
0.0013622173066219357
0.0013671066416467738
0.001500776089890794
0.0013700903645556628
0.0013660604113228737
0.0014699536724178406
0.0018473446153516669
0.0013635688331255446
0.0013687830057851915
0.0013639798619169744
0.001375298580129501
0.0013700555189016124
0.02835150530614195
0.001391470388183783
0.0013903533406087762
0.012101940331251443
0.0013655889764278605
0.0014055147943383053
0.0017312220401775526
0.0015032146597861041
0.0024943865020678373
0.0014681490855021526
