0.001146769986218258
0.007168444750484221
0.00252861707229101
0.0011469149527720043
0.0011464835366039345
0.0012101426825354622
0.0009320815035390222
0.7208678426614192
0.0022973750939996214
0.0010034332462740517
0.0009232164817823885
0.0009293463156830402
0.019143686208722734
0.0009254632239331396
0.0009227552667769711
0.0009227518077281515
0.0013874600033896983
0.0009231811677071799
0.0011465699045719088
0.0011523469193733269
0.8728951526437645
0.7975436222287673
0.08539980498293942
0.0028331691029810278
0.0011733348318766015
0.0011466513441730367
0.0011468368021136312
0.0012247533835309653
0.0019183490712731755
0.0009336804239643405
0.000923828052275813
0.0011508002199665894
0.0012084973482207688
0.0010499540538433058
0.0009270168200483544
0.0009268616586321577
0.0009305926833493937
0.0009228318107657555
0.0009285535200838254
0.000923029244401125
0.0009433029465427677
0.003562328587632694
0.004477896194189932
0.020183393076183942
0.0029803909296169597
0.020769079290102386
0.01953842533884823
0.021384115671366576
0.0011469404316765675
0.0011471598125983825
0.0011464794632157801
0.6521310809852437
0.0009231489140516925
0.0009232721249561787
0.0009227656130237583
0.00093381711137826
0.0010049102796467052
0.0011038470872585147
0.0009228365751299044
0.000922755903679571
0.003128836629446947
0.018760316545704737
0.0031288794078154847
0.004752300615884078
0.014606156199067364
0.007256476636712716
0.020086038005213986
0.003128865976576266
0.0009234567507060379
0.39253043885944305
0.0009266094860862823
0.0017036183621671904
0.0009229258804132674
0.0009227607720893158
0.000922779749539844
0.0009295293284167964
0.0009482868791274755
0.0009280601069569438
0.008012665545946075
0.0010336020633239676
0.000922826408284284
0.0009240283715858851
0.0011468693895551319
0.37640243757876235
0.9834304856647401
0.03455069829420256
0.003129078024951242
0.25835549659848905
0.005300965472324421
0.0031341478686556486
0.0031373236260037567
0.0032699545304362616
0.00313348234935041
0.0031356656272417526
0.0012716968323977498
0.0009227547715835685
0.0009227519380006139
0.0009240328390541611
0.0009228771169113345
0.02151395583247751
0.0031292623252489973
0.0031746865555377004
0.00312887871985082
0.003129098778711487
0.003128836711155235
0.002432727983423004
0.03339130903473231
0.015636402758615654
0.0009235371532082929
0.017185483408580768
0.0009229361924578022
0.9818319007804077
0.0011465513858481306
0.0011489097824653892
0.0011465241988803956
0.001146435300425242
0.0011481470471602026
0.0011465458093457375
0.0009228252207145251
0.0009227504460030967
0.0009337748405531886
0.0009748393164993314
0.0009227509727326958
0.0009227741086815923
0.0009428850647170928
0.0009227510427076553
0.0011464445686645804
0.015888656445468146
0.001147422173905076
0.0011464287841833527
0.0011464326219991325
0.0011464417489234864
0.014485698747195335
0.0019527119823713954
0.0009229955664027319
0.0009229656223188058
0.0011486996650379078
0.0011466486593313466
0.001146450953282342
0.0011464386101590152
0.0011465303663409916
0.0011468309777567824
0.0009227511708545794
0.0009227616821978607
0.0009227493234523771
0.0009752070431477324
0.0009227493796976696
0.0011140617770573904
0.0011544815779352378
0.001146788036679046
0.0009303049111433187
0.0009289423221663967
0.0009227501106178519
0.0009228559969237591
0.0009235389502936877
0.000922749597567631
0.0009227492837839621
0.000922749916133492
0.0009266247210217712
0.0009228653756138819
0.0009235009955167169
0.000922806298887574
0.001893923959223609
0.0009231359592563269
0.0009227498517758538
0.0009227497988646551
0.000948836699813378
0.991977915277671
0.030653998826466803
0.00114653612061703
0.0009227690684984741
0.0009656456900628012
0.0009308389528697753
0.0009275397724863775
0.000930886009737213
0.000922801456656
0.002797005917180654
0.0031288505687510327
0.0009227495697969202
0.0009227639972089157
0.003131269533244424
0.0009238946232856366
0.0009340507298309186
0.030925387986506687
0.0009258079038951254
0.0009229004030250138
0.0009231147014132227
0.0009374733500537749
0.0009227527887187072
0.0009553958131578223
0.0009227512837487514
0.9911829237541843
0.991946721770978
0.0009265410260194582
0.0009296554202141301
0.0009232091695065647
0.2536324199351246
0.003128836478721444
0.03521307131689954
0.0009230441746943015
0.0009228181006873518
0.0009227812556906862
0.0009227569702239972
0.008864393418687824
0.01703107936745692
0.016767227331590185
0.033534165953671306
0.0009237566247370979
0.0009235572660661394
0.0009455822290845094
0.0010554201499382888
0.0009227603987243072
0.0009227895358249828
0.0009278140965835109
0.0032622274022819217
0.02816189661518532
0.003129458800526276
0.00446446592712068
0.011492703578399072
0.058863388177660105
0.0009228169416335705
0.0009228275932842705
0.0009490553602970442
0.003128866583746047
0.0011464504437344767
0.001146429420006174
0.001157240580347123
0.013419255527295402
0.0009396380464773736
0.12310017527584517
0.0009389783828541241
0.0009288933281958587
0.0009227612514222609
0.0010749501536783661
0.991965333193564
0.9919797987866512
0.0009661487590675553
0.001038513783304828
0.0009228009292008388
0.0009228980739774627
0.0009231078341333247
0.0009507636956315346
0.000923842143426214
0.000923203313064338
0.0009425314445219234
0.0009510353988621758
0.0009285443134633135
0.0009240327897623255
0.981932637595588
0.0011209645372108744
0.0009588103074979456
0.0046472400287167585
0.0021267937744889323
0.0009727157711346641
0.0009227886937796561
0.0009227492615701811
0.0009227496687053749
0.0009228723471496297
0.0009235304860353526
0.015111625381947012
0.0009228288154624859
0.9919608536813028
0.9916390444733677
0.9919761384123752
0.5000310337654236
0.000925889342097176
0.0009228352947019858
0.0009229261827024512
0.0009230640603174339
0.11551299124529814
0.0009227501932448381
0.000922753049334391
0.0009236474834564063
0.0009228239783591194
0.0009230055590147171
0.0009227718011075695
0.0009227538326574164
0.0010277985284034982
0.0009229136890257226
0.0009227599428009717
0.0009285004784837291
0.031939994860850036
0.0009230420885709274
0.0009232669557956175
0.7890516582094482
0.9919755853891351
0.9919095057145327
0.0009228881238500499
0.990761786560969
0.0009839457743089715
0.0009600123185421604
0.029455680913661502
0.9919747953571695
0.01891046303482163
0.0010079161124351135
0.0009229770454074251
0.6603284252946703
0.9918481274039137
0.0009228788036965227
0.0009227499549166102
0.0009547225512135114
0.0009242909249101717
0.025592319737220905
0.0009228773288052569
0.0009297912746206162
0.0009245463375230252
0.001331709442614177
0.0009229035100620183
0.0009233393085948127
0.000922750471925207
0.0009227492692663522
0.9919782431850878
0.0009239962793483334
0.0009229829047527746
0.9919795958468579
0.9919666216281153
0.9690543412586021
0.0009229344893079594
0.0009317277320546477
0.9919733819315696
0.0010249648831839287
0.0009247487375959732
0.007364363390420278
0.9914727637334184
0.15109240039385985
0.46959591170141635
0.9919424716537627
0.0009291299383806359
0.0012276914351775007
0.0009234882632370694
0.001152625867276095
0.008064078820338359
0.9919264651424363
0.3936368301543344
0.0009227535744436257
0.9919768590835361
0.000922755200675796
0.0009227513919966642
0.001056490121940436
0.0009227647708995066
0.0009270526722532261
0.9909195319945979
0.9918983467779299
0.9919631178086092
0.0019889858179137116
0.9916512388545554
0.9919361454158467
0.9919734431409167
0.9919798720080457
0.4436553888478491
0.000933408566040192
0.015918939986731384
0.0009323466290227875
0.33813194376411654
0.9919570794424841
0.00238597658240624
0.9919767785498984
0.019497655957549757
0.010718673497833415
0.0024143910297168584
0.0014667086609627335
0.0034694968492571705
0.00939531271616877
0.0009227907565037866
0.0009281181661115995
0.0009249332567694452
0.03315093598601733
0.0009228427653331183
0.00910372219635927
0.9918156804860216
0.991721928474415
0.9883083271228448
0.0013546356049110371
0.001583668542656612
0.0012055160382887632
0.9919605485457201
0.003729884610588364
0.0525211547593194
0.3917143102278227
0.00510872083752986
0.9911932032887638
0.9919300444630675
0.004043238613717578
0.9919797946387104
0.9919770295209539
0.99182748047725
0.9769197824931732
0.0031288943334458748
0.0011802526518900998
0.9919632757914681
0.0013898769707281033
0.0009230215881680508
0.9874300616734398
0.0009327506059458153
0.9906363479674031
0.020255671559118546
0.9792549806128954
0.9919770035148154
0.0011597501438426266
0.0009227501369518681
0.000922908404111232
0.0030772872809290276
0.0009232499519567596
0.0009227543942089734
0.0009227571545038642
0.0009237130162236116
0.0009346182821701595
0.0009227659525185757
0.0009234292918195596
0.0009285925687773214
0.0009453350073048279
0.000923062326604333
0.0009229301012014043
0.0018014625421140496
0.9451013932628973
0.0009227810926151745
0.0037308950631429654
0.0025326505667933787
0.000934308359452197
0.0011012715919387715
0.004252201892290964
0.04052665489292317
0.0009234595947309946
0.014683973363137301
0.001215202655560435
0.0009238305862304515
0.0010826262006579917
0.0009252528119935454
0.3735102322003835
0.4676103749047009
0.0009232364490531083
0.08803962538374008
0.4662762695612099
0.015197806025878932
0.0009495182725143776
0.0009291563266802683
0.0009230252929470087
0.019447732844229765
0.0009318224917025649
0.003203163381648531
0.0010529264658184583
0.0009227632594468629
0.0009237035274332702
0.0013761042650824184
0.0009236135029147052
0.0010146597765643174
0.9919794286375002
0.31470419871518873
0.0009228207920626777
0.9915218747945006
0.0010386721806197893
0.0009340563059577527
0.9258138695711141
0.0009372838587983567
0.0009369978183895085
0.0009277739412590146
0.01187840802741275
0.0009227786773738355
0.0009958863178775477
0.002033199285776244
0.0009227547058048466
0.0009277832527533665
0.0009246471438016705
0.014821832461285617
0.0009259053513333036
0.000922752782651798
0.0009227803907275809
0.0009883940521400456
0.0009228921735442802
0.0009232463939063478
0.0009248331085076641
0.0009289039247009001
0.0009356361334553901
0.01794388613406884
0.017657323905167423
0.013182524703112044
0.0009326028494458928
0.0009236482956303276
0.0033945565433341368
0.0009227699666580973
0.0036141338742082963
0.0009228626543108288
0.0009227495092794615
0.0009227529065250229
0.0009227583667552891
0.0009227519141103735
0.0009227741574578431
0.0009231737897403994
0.0009238067479538255
0.0009227888297722151
0.0009303058682917958
0.0009227508855921471
0.9919795499566316
0.9916653566999192
0.0009555248758074632
0.0052722400301184425
0.0009245448084751594
0.0009338625273428438
0.0009258259202283522
0.008759506416952749
0.0009227722377771506
0.0010741396492262528
0.0009228251952735993
0.0009232936993704006
0.008215515435169761
0.0009227551683403207
0.01986156779716006
0.003986356626803179
0.006167186772500701
0.0009228279753136212
0.0009228131944976511
0.0012273219218320711
0.000922771886805958
0.0011978093173040459
0.991859969715312
0.9919799753781636
0.01900097119050332
0.000922749450005203
0.44597337298563544
0.0019735637367403577
0.003219942248032229
0.04635713311777165
0.0009228716012637165
0.030075564997939074
0.0009233105158564163
0.0009388937385994292
0.5326955546502048
0.0015316239510655906
0.0009235276749084267
0.0009760961230110769
0.9848373736028739
0.0010218903815129286
0.0009234769508390475
0.0066941563025715006
0.0024555980207391533
0.003096658686384296
0.0009234854073256447
0.029070308460630898
0.0049759042030636915
0.0011745884141147452
0.01490113890057563
0.0031552415220034596
0.00402454618171939
0.006095914648760572
0.00489282846365287
0.010934757746372063
0.003136839909659653
0.0009230329281411138
0.03677304448795937
0.0009227621001606973
0.0009233434187152187
0.0009230756692313234
0.006840790278517432
0.0010120489997000616
0.0009227659915806829
0.039857575642115096
0.16109644863185477
0.9177063451660605
0.0009317493181967484
0.0009227495733066085
0.0009230997563209728
0.0009228763180355242
0.0013501406025757197
0.0009248554009089079
0.0009794220544051342
0.045651231748660405
0.0009236254516715369
0.0009230694218752709
0.0009250966374206071
0.0009269488207042037
0.0009228306044651463
0.0009227745870873575
0.0009227601010361564
0.03726318757680855
0.0009302635243913928
0.0009607108922167275
0.019741523006287898
0.0011811003608783379
0.0009832133884433158
0.002486993493050057
0.0009447631228015568
0.0009921425822554783
0.008311218350588397
0.002349711014135149
0.0009244691207239171
0.0011217169813455248
0.0234399866591527
0.0009243507575787501
0.0009273540866603613
0.000922758210538942
0.0009227673662010804
0.0009237533518164533
0.0009578300806757927
0.0010259688185350166
0.0009242754326094134
0.0009234136619125812
0.000930298612967148
0.0009230001165365636
0.001022964106140842
0.0009229561002016849
0.00772969179964689
0.32287418336629853
0.0009265544458790538
0.16857147606628195
0.0027705562222466074
0.0009227926356073004
0.001654083501894918
0.000922752851016424
0.0009227941605799017
0.0009227805629313379
0.3158553041048568
0.0009233051537848195
0.0009281375287295186
0.005362202327675666
0.0009242781610508731
0.0010695362810014524
0.0009227495109337637
0.0012161258895668312
0.0009243760544350568
0.0009233674412277865
0.0009227497390422371
0.0011869720225284191
0.0009449987000983007
0.0009363981633747259
0.000931128089369497
0.0013575589390627178
0.000922754393808023
0.34205655762306786
0.0009239625716195466
0.0009258438242172395
0.0009279254830145775
0.0009228169186556394
0.0009227726229574754
0.0009365166317631181
0.0009230990748693252
0.000924978354073377
0.0009237606646954352
0.0010402412414600428
0.0009999366176016197
0.0009268281120315925
0.0009563000681050151
0.0009233414762406341
0.0012674188730725918
0.0011416406215089237
0.0010369562975921542
0.000922876408957646
0.0009237739828562477
0.0009481014248602356
0.018686946871079812
0.0009357546989795581
0.000923271592412988
0.0009228028709879075
0.0009227600707952979
0.0009420504700674672
0.001050993089638781
0.0009227584338161755
0.0009227594650285317
0.0009227645432391256
0.0009232342865919097
0.0009856000913042106
0.0009287632739334496
0.0009373434539845789
0.0009229351089546088
0.9357690542943207
0.12733403362248463
0.0009233383134998989
0.0034632273442359676
0.0189802833986492
0.0009256945316389784
0.0009227499002797067
0.0009227639000358982
0.0009306523333548827
0.0011073207998783272
0.0014005322302582891
0.0009371335618305894
0.0009361649177266282
0.0009498340484226312
0.0009795907501195873
0.0009227537037460458
0.0009227582798220374
0.0009292842613132516
0.0009309182465327956
0.001834825944428569
0.0009227529587376359
0.0009227798961304554
0.000983516211871746
0.0009288394400543307
0.028881139161327757
0.0009227748844800761
0.0355683136829567
0.001635660942131687
0.0010095329889050885
0.031674515721746975
0.9887829341044401
0.27713729465662346
0.04036667063563108
0.0009245067896711588
0.0009521590480504422
0.021113299165581457
0.0010040859300425903
0.000925654439089487
0.47872121040337157
0.0009231021483414033
0.0009232696923296436
0.0009328184867946109
0.0010562022054900761
0.0009251258183586734
0.0009965339107781321
0.000934820247292201
0.0009230162154259294
0.0009937217423269871
0.0009227538660211229
0.007906155747938463
0.0009291653866327922
0.0009232163322095023
0.0265250668578677
0.000927299193633764
0.000922916105200185
0.0012623917020154417
0.0009227890634729431
0.0009228958354478709
0.0009227766255656009
0.003868239923684426
0.0009227689827107963
0.0009249146124761724
0.0009227565204928331
0.0009227496467765784
0.0009228513120488408
0.0009227492962227482
0.0009303638255774672
0.0009286431575455973
0.0009249944224448742
0.0010211731832188698
0.0013529321793080335
0.10351733282230254
0.9916563462218878
0.9919791713386371
0.991979284791085
0.9919783632836073
0.9918877409543039
0.9916511126357883
0.9908319964562434
0.18011397454547032
0.005035987697009784
0.0011496649498668762
0.0011466163579677276
0.0011464743326534655
0.0011930279361274181
0.0011487527698626628
0.0011474416536362672
0.00114698988198244
0.0011517276814388025
0.0011542673517071988
0.0050511831858310804
0.0014848006221869657
0.01955611510842467
0.0009228319133768047
0.0009266035382318586
0.0009247479466961229
0.001017468164004976
0.0009235248699446077
0.002055729971080965
0.0009586058269221981
0.0009320978939945301
0.0009248790619726828
0.0009238560052088054
0.0009304094838783389
0.0009499120261285426
0.0009227508824502897
0.0009227717397026084
0.0009227560515161045
0.012619147763126342
0.9738413247703115
0.002979143614785473
0.0009291602284533981
0.05212869092334592
0.005322573832935984
0.012914733291588786
0.0009230986132970309
0.0009279492311312823
0.3007611063262903
0.0009227556687308694
0.0009228145318577594
0.0009227873269856813
0.0009231095388990193
0.0009248456607830916
0.003284368082100932
0.0009272861315944746
0.0009227573071550566
0.006146269344076307
0.0042619913894351245
0.000923658358936838
0.0009230022439311492
0.0014621370782429324
0.000922762017705685
0.0009271687377965062
0.0009925994364168257
0.0009530853717466157
0.0009239483073125501
0.0013721130983927283
0.0009519817457847503
0.0009549254022495944
0.0017872396158055978
0.006458417959348883
0.000948577941669435
0.0009227525718550233
0.0009228683119605261
0.03573589794070707
0.0009237053732080639
0.03179961368471644
0.0009231291357668038
0.0017802878506621837
0.0009421815747475055
0.0009228363072872098
0.000922863892871502
0.0009253271432944264
0.0009229908649990942
0.0009313174368381947
0.0009408693033472376
0.017985268002205443
0.9486022400264044
0.0009230535277573481
0.0009227502667045516
0.0009239677008190647
0.0032083106815784432
0.0009227502617836762
0.0009239329194897136
0.000922749436602943
0.0009227532932390624
0.000932327775396185
0.000934790564831459
0.0009232329638075762
0.0009227858351769602
0.0009227574080326802
0.0010611324385060789
0.0009241165226171975
0.0010476008668237832
0.42062859568910005
0.0009227764944788434
0.0009227609439908861
0.020163111177730057
0.0011464858976868487
0.0011549575200602413
0.0011467188723342375
0.00114658995961569
0.0009227576255623878
0.0009238637202033077
0.0009227954775869124
0.0009227508511348712
0.00341599116377645
0.0027398978816834405
0.0009229044786834876
0.0009757373700932906
0.0012594562920414168
0.0009290162060156193
0.00100872942759643
0.0009254429088312828
0.991736652891438
0.0019545894468858595
0.019665342117978997
0.0009463433202726567
0.0009544260259208042
0.006417154882130376
0.0009241483929087421
0.0009530955706160754
0.016039421801302963
0.991351429706785
0.001146560105899022
0.0009379529484807845
0.0021668229979461538
0.0009901021870482917
0.005233934513335542
0.0009227765830082768
0.0009258615651459478
0.0009227542013625585
0.0009227512220021304
0.001536769433933968
0.2064010052637407
0.0009330965631601022
0.0009644328195252003
0.000949433065172958
0.9824398445102798
0.005388300407854728
0.9919738405264047
0.9919728869345651
0.9918859556650215
0.0023226534469628093
0.00525060091543244
0.0018565475715526043
0.0009227620866042491
0.0009227512133391995
0.0009227508261071807
0.9919293741434781
0.0009268420772828003
0.8793524155609375
0.0011827234627804076
0.41347316401788714
0.9918341646641226
0.0009487046481283725
0.0009227530860198672
0.002438031634757034
0.0014473297252419093
0.9919789039603304
0.991706565336189
0.0010168061670402632
0.31089842088260516
0.9919497640493058
0.9916042879903635
0.007375174112329768
0.0009228198773457826
0.0009229615809134454
0.0009228615351644321
0.0032412326869293846
0.0009230158320185504
0.0009228964669273892
0.0009436694552592095
0.000993385596381926
0.0009228190821934792
0.0009227893126805973
0.0009230343319660745
0.0009227682818351719
0.991077142131662
0.0009227510012723791
0.008027573951758413
0.000928877198244596
0.0009431209919279777
0.0009227614182179349
0.00092305710031841
0.0009227584549571713
0.0009227546897806306
0.0009241527142155566
0.0009227904332812443
0.0009945690912736651
0.008400434055216165
0.0011053194155179343
0.5938936200648867
0.0034490761962553736
0.0009313145562062205
0.07449052915049402
0.9918657130538099
0.9919203581437519
0.07463122080018522
0.7141975471836423
0.9915142152520177
0.98909923262758
0.9919450912369834
0.9919744372806204
0.9732250588036025
0.0009378201555627813
0.001650840394327914
0.0013781375227026411
0.0009269550664181872
0.0009770140795049476
0.0011337240769754336
0.0009227569192102872
0.0014968237891109359
0.0009228873091192552
0.0009227512712718065
0.000922752630764361
0.021681517121027182
0.003056838026928254
0.0009273895631639538
0.0009228255250265858
0.0009229424828910953
0.0009229011725582998
0.0009227928108533028
0.000922811557901259
0.0009253615261590425
0.0009246026318665495
0.0009275077403487286
0.0009227495479914649
0.0009230229790507659
0.0009269625616569385
0.0009234067002319877
0.2144814285899329
0.0009227544070285225
0.0009228525126417644
0.0009228615801610333
0.000926946164960048
0.0009236282333589055
0.0009250431424620871
0.0009229559899554352
0.0009227536760719082
0.0009243197143501726
0.3070347385855544
0.0009240108906684486
0.0009369844532029924
0.0009227582061453524
0.0009427851547580287
0.011828057891113285
0.00093332040328456
0.0009227521709108635
0.0009237647613281434
0.0009232533943429364
0.0009227558506047687
0.004863780416501446
0.0011887580279081233
0.0009512866741433651
0.0009471656993743954
0.0009229769383920998
0.0009242111940848392
0.0011268504590754656
0.0011061794326899922
0.03461491744455216
0.001245709829717406
0.010406746362297315
0.0009392923709574637
0.0010658088600216792
0.010351999155384683
0.0009353427976191153
0.0012343133558349408
0.0009236404363363034
0.0009237783830406537
0.0009231583985097244
0.12166871226070743
0.0009262686597727676
0.00267116534101847
0.0009227606250631408
0.0010168721397553907
0.0014393390149755934
0.000988531901759233
0.03782239102150615
0.9902357669991492
0.0011995777907001079
0.9919763401654951
0.0009645064525613627
0.9919763054707978
0.0009231046522470223
0.0009227985311829285
0.0009228653385679308
0.0009228266234898923
0.000922749310231212
0.0009588436192143126
0.0009227531262474343
0.0011220349130623818
0.0009232658856227694
0.0009246931366960224
0.0009276850809924192
0.0009229570794984181
0.002622361821621052
0.0009278391547984569
0.0010038486940046232
0.0009228694596928087
0.0013833543683718834
0.0009234962765841198
0.0009230671761323061
0.0009227568476006982
0.0009260151920388696
0.0009229218885821535
0.0011323710872355591
0.000945611497906123
0.0009251258159811032
0.0009227552832073752
0.0009232833582482969
0.0014937178114066618
0.0009227505749517274
0.0029191315370059186
0.010222565261315758
0.0009227596603407008
0.0009232359471724642
0.0009303249943884401
0.0009971784338542857
0.0009704431087207139
0.0009514868621587392
0.000922749326641954
0.0009229273553056377
0.0009438161428634936
0.0009228572322073442
0.0009358515815268345
0.0009239829836595924
0.0009228081150086617
0.0009227826460221035
0.0009857805984243848
0.007288883229685969
0.0009394187676765799
0.00098853240610659
0.0009453777881234672
0.000936795850131112
0.0009239015642015969
0.0009297909048649415
0.0009227651636258683
0.0009284972374797968
0.0009227591842037553
0.008328276430650119
0.0009663798860436852
0.000923019201040152
0.0009227885223892003
0.0009227863628495016
0.0009230853108980301
0.0016793394780830605
0.9463530958539351
0.0021650184373869083
0.0035306567012171513
0.0009296895949713967
0.0009239645070255613
0.0009227597875647703
0.0009297740686178178
0.005915639215247815
0.005516855972890957
0.0009229145033140672
0.0009258011342905982
0.008383963466126035
0.0009235903965127715
0.0009227755125695228
0.0009227542070942058
0.000922781233765209
0.0009227560540281
0.0009227557627774799
0.0009233162854793823
0.0009685585511915014
0.0009239235905996034
0.0009637498380540468
0.0009232634718413062
0.08391001296669466
0.0009237753083352373
0.0009227678216580247
0.0011327279718552398
0.000949614796254386
0.0009375013793028322
0.0061816655305729626
0.0009251228116330991
0.0009228218867846931
0.000923387140908324
0.0009228413506866661
0.0009230843808591785
0.0009227799820756386
0.0009227498750245504
0.0009228310523674086
0.0009228908000730592
0.0009248376486958297
0.004906325818971482
0.0009230005708474573
0.000963981701648991
0.0013100128165306755
0.002016645659209257
0.0010811071701807347
0.0009231678629464175
0.0009230033629892192
0.00092275135961836
0.0009227570197495477
0.0009229388717943428
0.0009227494441294565
0.0009241998951368765
0.0009227615017264152
0.0009237099526965071
0.000933173428188859
0.0014659956154762306
0.0009440050600020853
0.0009318578222574405
0.0009240711068739219
0.0009230778953399154
0.0009229740078021864
0.0009590758848839996
0.0009497349181322425
0.684955450000368
0.0009228289478916259
0.0009514176018089571
0.0009227726631722095
0.0009232484514415616
0.0009227916953038932
0.0009228350573557101
0.000922751504941996
0.0009228460558632012
0.0011381945606144053
0.0010103198368406193
0.0009249740497335135
0.0009470467505037185
0.0010472320969808543
0.000924690604466551
0.0009276271264012601
0.0009321272974566748
0.0009299550515876568
0.3258924590508049
0.0013064634400021464
0.000923370428813914
0.0009228166322608141
0.0009227795300960214
0.002020643875161317
0.0009228180760553567
0.0009240523419204664
0.9889020973812885
0.0009292379338809715
0.0009227528291277938
0.000922821025353295
0.0010270979458767914
0.0009236222203355825
0.0009233458197200544
0.0009617149814590799
0.0009233319058372126
0.004003454661344333
0.000922889487078484
0.0009463327862660696
0.0009480121942882694
0.0009227798993343855
0.22302220943532006
0.004307578377585513
0.0020107310297013694
0.9774667386247615
0.0009333117751177133
0.0009227615907694839
0.00092365535688464
0.002979314990816288
0.0009227605751806421
0.0009227494244776536
0.0009265099313894909
0.0009231251293224137
0.0009227684319905546
0.973234657382345
0.9917549477102122
0.003656614048205906
0.0205909729071877
0.0009228253944098554
0.0009227708630315731
0.0010240501075867554
0.002338351376221169
0.9919252852642537
0.6597239518283504
0.9808120075443973
0.9885478120653741
0.9919791391004207
0.9919774208268924
0.0009229942810378139
0.008216265254841246
0.0033271939877576226
0.9918496587314002
0.9840194059931824
0.9919781414266453
0.9682580407655133
0.000968746277353699
0.0009228319876934554
0.0009228077846502887
0.0009228971672887373
0.006318571123472822
0.027927723955767474
0.0009326978914798286
0.0009486989047258516
0.0009632756518404809
0.0009230653761954418
0.0012609409464272464
0.0009236722649219065
0.000969869207755831
0.0009227502043182678
0.0009444000390815691
0.0009228049775196158
0.0009229901092840211
0.011516482754371313
0.0009254333374113696
0.00135539557767578
0.0026259352076797786
0.0010715260281208255
0.000922753800226357
0.0009227644213796742
0.0009228380391415052
0.0009227595386979322
0.0009270635440936279
0.0017175195314508326
0.0009232349216448789
0.0009317531688783741
0.0009229081571242807
0.0009384669902736821
0.0009231022204592824
0.0009246966551068512
0.000963095194295031
0.002337853861967281
0.0009227519894898739
0.000931566124440813
0.0009227958680704888
0.0009228188471334857
0.0009227522946708479
0.0016241907348993573
0.040891540269317225
0.000924034069824774
0.0009231204907875286
0.0009251538612097767
0.019630395696913692
0.0009232892010628221
0.0009433958918278989
0.0009244794917073454
0.000922784470918954
0.0009234702373035851
0.0009330735277744187
0.07463335400547234
0.0053923092157748065
0.003512641861081493
0.0009227505862461072
0.0009888705743673252
0.0009227499303405553
0.39872204603753475
0.0009908671782605468
0.0009227854852392961
0.0009353204825251701
0.0009424051993007407
0.05934245993247281
0.0009275345563656128
0.0009335854347809266
0.05753097766525346
0.3781745730892637
0.0009229225959348599
0.00099786297002993
0.0009289498911372786
0.007020711820340605
0.0009230732760332901
0.00092465271388088
0.000926755747216739
0.0009250726071401781
0.006105741346274058
0.0009235103421398222
0.0009227974447203871
0.0009233825224365135
0.0009272006413533234
0.0009239913489640977
0.0009257250763214
0.0024514887811598715
0.006817451265508813
0.0010795499638990838
0.0009227548481376395
0.0034333951247768365
0.0009346055951189893
0.0009282127491324304
0.006112543275699411
0.0017183950668575065
0.0009229825792673917
0.0011100287145081233
0.0009346969750777987
0.0009228210509499683
0.014890525573515914
0.0009256655384496179
0.0009228147915502666
0.0009228211691800508
0.0009229066386341653
0.0009483608946166793
0.0009236001923576127
0.0009241450786615044
0.0009235853658436015
0.0009239140246704801
0.0009276757212829293
0.003505573513012918
0.0009229727847301705
0.0009227841523132939
0.005615390601965234
0.0011465285723994243
0.0010003723983833446
0.0009227759022859906
0.0009249172815063344
0.022904082647289617
0.00104223477004899
0.7620867346405171
0.0009227740979726685
0.0009228155926047356
0.0062865783135970825
0.0009620173809799392
0.000922795080180642
0.0009235267233092069
0.0009990379368810614
0.011622543757516033
0.0009348559966345894
0.0011017954903337185
0.0009227688004992774
0.0009227611686873042
0.0009227505495594879
0.0009227500573047224
0.0009234151933918826
0.0009227579355173172
0.0009227502513191963
0.0009227532477998323
0.0009227861988861079
0.0009230900109456097
0.0009227611353261242
0.0009257816642824357
0.0009503013676735783
0.0009398703968278542
0.000922802961624322
0.001973651699380364
0.0009227821063754792
0.0009248150490289318
0.0009229451375197169
0.0009227568174064617
0.08182630509759464
0.0009228766156273383
0.9919400804520145
0.0014905999597609552
0.0009232186815069872
0.0009227966847537206
0.0009285200290756589
0.0009231598225901794
0.0009287647057727708
0.0009227503080393166
0.0009229652442728948
0.0009228214484592828
0.0009304888105799407
0.011908753825424064
0.0009233328021284348
0.0009254431777697868
0.9919467955674292
0.0031806836981154918
0.000922758427123024
0.0009227493909102527
0.0009270704110634724
0.0009234614992374067
0.0009228046853733975
0.0009251381845915957
0.0009227663598224098
0.000922823977251108
0.0009790723764645142
0.0009227557192095216
0.0009229918054640412
0.0009228058293117048
0.0009228845666890527
0.0009228009680149644
0.0009228738097075652
0.0009229350922303148
0.0009230934793650296
0.0009257122848859574
0.0009886076174426446
0.0009943909981026684
0.0009228113485870305
0.0009227516350674861
0.000922791629780511
0.0009227553562191316
0.0009533601127463
0.0009230017572952008
0.027264753642682615
0.0009233726674049522
0.0013340959608911954
0.000922757137692241
0.0009293859613029989
0.0009227499838712929
0.0009227497799676313
0.0009227502833421583
0.0010019897739481063
0.0009229783432483544
0.000931172467091221
0.000922759568000317
0.0009235042422822433
0.0009267775100705382
0.0009228830197975246
0.001200597434205094
0.0009227582781628243
0.0009237068852860419
0.0009227593388630012
0.0009464062316356945
0.0009233247504203279
0.03520902291078379
0.000922782673214795
0.0009227506317119591
0.0009228700755695273
0.0009233074569256278
0.0009227569710206417
0.0009227506689140776
0.8537035227755043
0.0009243337582526909
0.0009242858785473676
0.00105177355725169
0.0009496749633162706
0.001383368248383017
0.0009548046801686463
0.03264159862553713
0.0009247623323539286
0.0009244917791130715
0.0021127394878914445
0.001055956104507134
0.000922779424903385
0.0029449884298578975
0.000922749408530792
0.0009227585566998755
0.0009227785969709889
0.0009227628965481572
0.0009227578789233812
0.011129597330753466
0.0009362001315563881
0.0021335323856930765
0.0009227728978378362
0.0012380764843166762
0.0009228003696206481
0.0009227723563775255
0.0270819841361414
0.8396022874788212
0.001669277372342795
0.2921792316569037
0.0009227501789483261
0.0012408269118552864
0.000950392925044477
0.9354861237132507
0.0009227518444394116
0.0009288521639534907
0.0009227541187552703
0.0009229589278169127
0.0009428199779342889
0.0009227508653127536
0.0009249772850367806
0.0009230000925677072
0.0009230243378858852
0.0011717684459827261
0.0009229242599619544
0.002973371010589754
0.0009298457072989005
0.0010453624406943976
0.0009232539049074454
0.23828466323955141
0.0009229770217865824
0.991146396723362
0.0009456002728510755
0.990500388747869
0.0009334330741892705
0.0009228901279098056
0.003737734681413216
0.0015995132238494068
0.0009229761090103732
0.0009227504888222506
0.0009249736958779542
0.000930439563731542
0.0014187186862094732
0.0009795174403375334
0.0016328577815365112
0.0009235042972438218
0.000924529934894708
0.0009228520520289679
0.0010109973507312106
0.0009272472859767062
0.0009227503502638797
0.0009227492620729673
0.0009228462504745628
0.0009227492697225835
0.0009227492657125738
0.0009228053245913015
0.009604272462892706
0.0009255314748891468
0.0009256697256167409
0.0010405839915911229
0.0009277373139582831
0.0009426483408991088
0.0009505190463179047
0.018883076709928826
0.0009227495280898825
0.05866621393462139
0.0009247592840329983
0.0009231770217578467
0.0009233855373360838
0.00921724810025594
0.0012327228836713385
0.002123426838520039
0.0009234381268814107
0.017502493709735712
0.0012319348939693773
0.006515757987933153
0.000922801395074661
0.001003677195495708
0.0009227523283158592
0.0009229214116794522
0.0016879759856485547
0.0022565377549173624
0.028488332818240043
0.0009227769644059947
0.0009229750647406744
0.0009234150507607654
0.0009227586819565747
0.0009235337286971919
0.0009228139528806229
0.0009291283601574671
0.0009312968104113077
0.0009227527153486068
0.000924535040699469
0.0009227743019989726
0.0009257073581360323
0.0009232206845171334
0.007584246797022239
0.9896026086179346
0.0009227906456081692
0.008394398731756054
0.0009228802040922792
0.0009227785561506328
0.0009238637825416643
0.0009236918706164699
0.0009238840228100698
0.0028757104718576446
0.0010517653479844215
0.0009227520688043291
0.0009228074637652275
0.0009299361106653444
0.0009231506514992808
0.0009230604300333841
0.0009227676173448094
0.0009227498453636911
0.14372302343149826
0.0020720970556652456
0.9784480737962827
0.0009231876356941357
0.117224283276931
0.0009227834739050445
0.001155193678111507
0.0009228167876214407
0.0010127047656461685
0.0009370496588089254
0.0009231996254043148
0.0009227557983408899
0.0009229111810407424
0.0009334430807064919
0.0009301486001400789
0.0009227496416946626
0.000924384140635164
0.0009232649302503107
0.0009654123678046423
0.692537828499997
0.028993065498183434
0.0009411074870868086
0.24358545784234426
0.0019659867982502344
0.0011144237218300625
0.0010508204084547898
0.001132756802199735
0.000930861178374148
0.0012422412850949431
0.0009262230277612581
0.0009228715204463946
0.0009963606883403942
0.0009227909944007988
0.0009389462078381933
0.001384996473952016
0.9205673574097305
0.0009234319466593689
0.0009265053366977984
0.0009227558371954042
0.0009231431446907278
0.43326787558316066
0.0009247390936027807
0.001276328173101935
0.000932004788831976
0.0023599343092917937
0.0009405420150190728
0.000923248507865026
0.0009384417618478233
0.00109014155478051
0.0009281610889355489
0.0009248428350014571
0.001277380943403517
0.9547618215339485
0.18452105172016334
0.0009230475333301323
0.034185583731703315
0.0011320575255208106
0.0009227591172327562
0.0009229638428892938
0.011676279428194733
0.0009228345286759601
0.035233010404269544
0.000922751711915301
0.0009227493136147057
0.0009424826657580589
0.0009229155620859314
0.0009736929245922285
0.008851888397424568
0.0009229470835815535
0.0015369634168334334
0.0009301331315757916
0.0009300321179987415
0.0009376151480119424
0.0009232113771685578
0.0009236701199766636
0.0009264231052942496
0.9904163641832511
0.0009353161265724634
0.19503805947157613
0.0009292047053483044
0.0009271076129392639
0.0009253017206872709
0.0009230365216874066
0.0009283527530513476
0.0009372614991099763
0.0010892742393199212
0.015815219275522645
0.015412750725248127
0.014702518652918809
0.0009237495586436424
0.0009260681922706915
0.0009467113912274552
0.000922757094616391
0.0013824715406530652
0.0009227615415510125
0.0009299733677279232
0.0009682345593246921
0.0009279507666660258
0.0009251195178926367
0.0010224482613932341
0.0013379274288209963
0.0009240670875908018
0.0009264709866405791
0.0009238622346295699
0.0009309940053696553
0.0009268303977066582
0.01984673304820951
0.0009410684341030556
0.0009418575300323868
0.009427705757351927
0.0009248399409091148
0.000979621435645924
0.001042251655687094
0.00097402174476467
0.001289171081234447
0.0009576586848688744
