2.2557286900205386e-05
0.0015563987100548026
0.9885592937744005
9.59295896574418e-06
1.5936187884602648e-08
0.9467611934692282
0.9864518663881716
0.00835350061761899
0.9975195900309846
0.9957334089409365
0.9995461098090993
0.9992549106615882
0.9146756864794543
0.9997526787010392
0.9999999882335081
0.9999966367919926
0.9680278612290436
0.99991082404238
0.0013816325228753245
0.00019149779830973177
0.023794793094311168
0.02083002531266298
0.8916111713235607
0.9667151038218271
0.0003769229365583358
1.956552822334901e-05
0.00011215802806419046
0.001883611629934981
0.9212073766241057
0.9996599931239463
0.9998052824735711
0.9917971144811039
0.862467539684682
0.9969739073233321
0.9938821787169891
0.9997932930837368
0.9691552116270378
0.999951396870372
0.9995651164132104
0.999608467159206
0.9940585899229422
0.006291978121525157
0.023361283706373175
0.14020828708714883
0.980294264044662
0.7911259625831452
0.0005853552499232628
0.0049078963879337625
8.03310777873052e-06
1.8869991192988786e-05
1.5452786538361625e-07
0.10200827301528663
0.9999989998193146
0.999948787765855
0.9999579626200364
0.9996495687599849
0.9844192515805159
0.996086809094036
0.999999064507061
0.9999997342920501
1.2354710764674808e-08
0.31263870115584214
7.526466076255209e-07
0.025119518655315438
0.00400751163209706
0.8549183292604523
0.2421062253871628
3.2617816568743504e-07
0.999653546802012
0.9691597370614077
0.9987012422093073
0.979386749721077
0.9998347254608418
0.9999992414954395
0.9992936250597901
0.9999796016003637
0.998635700942531
0.9994292427679496
0.5642079486131476
0.9787276365842115
0.9999817346990678
0.9989778174492948
7.077232805328696e-05
0.22337088209258732
0.028154293610258986
0.7821034656182446
2.9603157920431178e-05
0.9016811150227065
0.012104155704206811
0.0008816916556740272
0.00026188210564073906
0.0019483470830184348
0.0001287709046810111
0.00013167571511111655
0.9970911180351012
0.9999996387632791
0.9999983816745257
0.9971534334996888
0.9999702026193665
0.013410927515546787
4.0602278476178554e-05
0.001619023795235918
2.465217632427205e-05
6.393623279528823e-05
5.091386146345288e-08
0.9317118891475653
0.06060147795559148
0.006330401366126247
0.9998910338615044
0.8525941386457714
0.9999972960974747
0.264386186385576
1.8431384335474342e-05
3.2567309930562665e-06
8.567414411014688e-06
1.0745580595328015e-08
3.3115488864999963e-07
1.9250118519872308e-07
0.9999698031459686
0.9999898293604995
0.9993764713515407
0.9709629489985029
0.9999995381865167
0.999998713996054
0.999980823664529
0.9999999657924284
5.66481759624878e-06
0.00031594310155254644
1.2518689841225231e-05
1.1686176776746543e-09
3.072256922791661e-08
9.76952075161266e-06
0.9704865473351132
0.9655003144171582
0.9999918741605756
0.9999836340476124
3.766456183108263e-05
3.403269495840131e-05
4.13761273651707e-06
1.0577956135182763e-05
1.8000566964819802e-07
3.104938447431432e-05
0.9999999760189638
0.999999676142938
0.9999995957665859
0.9998104682754626
0.9999999987282389
0.9991232598496741
0.0004657869292166779
2.6534765631261445e-07
0.9999360893275493
0.9935334871933783
0.9999999360465882
0.9999269939993359
0.9999713337853734
0.9999999956448904
0.9999999995170301
0.9999999942772002
0.999993029972585
0.9999991955912795
0.9997244188497441
0.9999806104809602
0.9987557351100941
0.9999868101759815
0.999999955916749
0.9999999312785844
0.9999699882387179
0.00016828096709008136
0.06503529417107164
3.099488553311295e-06
0.999996126093066
0.9999283322063887
0.9991673155766986
0.9998358092899712
0.999040721961325
0.9999866900119713
0.917406202717382
1.1100706660977591e-06
0.9999998772367136
0.9999937551962891
0.0005456037487529135
0.9992822108646934
0.9958111135040238
0.7337703100847377
0.9995952285197471
0.9996936748157506
0.9999986724469798
0.9944530395353645
0.9999999726704906
0.9963439176710035
0.9999969413748404
0.01723790675437289
0.00016042365071416423
0.9995929633507982
0.999996209230488
0.9999714672078956
0.7793241530027757
5.042124143303451e-10
0.1654975050664764
0.9999709419940216
0.9999384502803694
0.9999987389366445
0.9999987581257085
0.19909576943380336
0.3272554481090914
0.6053416861778883
0.09911731069429097
0.9999796320577938
0.9999884727227302
0.9849867223957529
0.9993521706027774
0.9999996452824925
0.9999928957769664
0.9999910884862804
0.00029082968523238943
0.002589620983255709
0.00016525612844062285
0.005726892926025308
0.15939904768011495
0.10373308851231709
0.9999086516584075
0.9999987930882444
0.991845115043871
7.008711694653703e-07
6.690837835904082e-05
1.4714844574410693e-05
0.0005032869850168784
0.015494548657685068
0.9989981521102291
0.9570275597908268
0.9989917075715788
0.9999739934770645
0.9999998157565035
0.7297834931714734
4.791984348761208e-05
2.578226536555307e-06
0.9974337720925515
0.9769473098933548
0.9999823737159134
0.9999816401341083
0.9999979977523903
0.9745874340463171
0.9999788646022088
0.999992534678477
0.9965396668985909
0.9992997025870772
0.9987871507286447
0.9995784102164431
0.16276132609322747
0.9973710207710502
0.9992590395453697
0.9597302207453172
0.8416708851349658
0.9937237006364483
0.9999993434414526
0.9999999972851563
0.9999999728927972
0.9999990767447058
0.9999173849145354
0.8234324182504645
0.9994650534044781
5.246815442964844e-05
0.002126530183605663
0.00012579947179089813
0.3685426235821576
0.9991275232336218
0.999601752377652
0.9999869991001388
0.9994785494639895
0.7336257747276198
0.9999998277689083
0.9999883744350792
0.9999020054016049
0.9999497372099022
0.9999947308572641
0.999998443830471
0.9999998330429233
0.9282807770451845
0.9999985841006346
0.9999992973299591
0.9928590617194575
0.02866757516275966
0.9993390735957223
0.9999809242261853
0.09752143627429695
9.997693199895583e-05
0.0002443972597502525
0.9997044783803645
0.019654859979723577
0.9886955075496255
0.9866964490475703
0.959589010544633
0.00020344425670701494
0.4702403856103859
0.9914758638593258
0.9996774430951479
0.08270597556648729
0.00010682021381956402
0.9986305373756523
0.9999997779330687
0.9993068516354797
0.9986320344398313
0.16963627488760946
0.9997719221409129
0.9993604611689132
0.9984289491905433
0.9822658677586519
0.9999681137124812
0.9941709273093767
0.9999995173847298
0.9999999888880725
2.9295658961325464e-05
0.9994285709804909
0.9999789183098274
6.040065905236863e-06
2.6608894576616258e-05
0.10188643855741217
0.9999759312287115
0.9994210153893143
0.0005848316946549776
0.936894997401034
0.9649835832112486
0.012940474721170703
0.003349017041598884
0.8701802808273049
0.4397403733708067
0.00042745915252345365
0.9982831304190498
0.9492361434156378
0.9994948521021267
0.9994810525823526
0.9316339797930182
3.52004155056862e-05
0.7571233892756332
0.9999989351146394
7.102841500488278e-05
0.999986597847816
0.999999625080477
0.9905777900963609
0.9999796201208089
0.9995970939398864
0.01384862924508415
0.0026624265602226945
0.00018673165188806115
0.8968046075647897
0.0009993298369854044
0.002718333839273711
1.893395394965516e-05
4.3271565191683785e-06
0.2956007847629928
0.9994971587439344
0.8402564524990737
0.9973846677391195
0.709636986179484
6.9664920498990674e-06
0.9622686418196559
3.191791584126462e-05
0.37296188798378666
0.67494009645454
0.6374104570501596
0.9888342587464551
0.00018066781665319718
0.9922258175351372
0.9999986166546883
0.9975025907412813
0.9999764184037262
0.3225604828202604
0.9998759470101999
0.23801397848586417
0.0032747749521785806
0.004267042991493032
0.05331041415799514
0.0025360644785394825
0.004022406089347154
0.0010692564514865979
8.974194095938178e-05
0.989443417159091
0.11069425918668258
0.0637289254801055
0.362933740430433
0.10789736106283176
0.0007966730407116662
0.9365554259358972
7.018220184560512e-06
1.4492868668729336e-05
0.0011538842372657162
0.0504960609860458
7.530168562764541e-07
0.7759962934942178
0.0003597453253447782
0.8595713520983433
0.9999932281298006
0.03312262703397044
0.9996268148374631
0.006650887450065864
0.34237970465236994
0.13059896809747207
0.00022934674390446378
0.9973240075591908
0.999999525945952
0.999939380915341
0.9763135240655699
0.9999366644523093
0.999997148222916
0.9999998274681037
0.9999464247549822
0.9991567425914946
0.9998141194259292
0.9993826191202141
0.9959346736068009
0.9992929425185345
0.9998839516937515
0.9999533985986866
0.999948069696075
0.12113945969148789
0.9999671024893872
0.4453042864705878
0.9939715837992521
0.9995086124341794
0.9873322990537278
0.07770999026950877
0.37738846910183743
0.999944761704512
0.004057997535883352
0.9781672913612312
0.99924324904613
0.9223379865882373
0.9998067230087414
0.33611431423421034
0.2842046980778382
0.9998009912352597
0.9900574652358896
0.4775483110483498
0.9395723409975526
0.9972214918084573
0.999381060890251
0.9999506274699981
0.955216550127119
0.99950924541462
0.0008712065202088101
0.9984336105357774
0.9999969414131076
0.9984532306215298
0.9964859642992762
0.9917667486667354
0.9983564502633921
2.3351326606898387e-05
0.9027307190250085
0.9999942986396356
0.00017165611889276882
0.9997224226473858
0.9971315686244829
0.2283554539882016
0.9985438952186877
0.9972085997320448
0.999278732762843
0.989297269622663
0.999999673290514
0.9827189430212496
0.9729806013450846
0.9999980086121963
0.9997719042752288
0.9996356594761432
0.8348655706214239
0.9991400905100779
0.9999996669813663
0.999919757402173
0.9969336865047583
0.9999890480678716
0.9998224529007037
0.9998364379468035
0.9975232259092778
0.9733918450054615
0.26524416026427844
0.07314818746092454
0.20912675966953234
0.9996526952204908
0.9873541579722183
0.9422080107612254
0.999999072157115
0.016072141824758086
0.9999997828665336
0.9999999253375316
0.9999998927190772
0.9999999861872482
0.9999998550376107
0.9999972168597876
0.9998088108684009
0.9999722214230404
0.9999760381302931
0.9999969112450523
0.9999999715667326
1.6016255306956586e-05
0.015706646115343753
0.9988278653685867
0.8769677822456643
0.9999573800690859
0.9997726733189685
0.9999862144866983
0.9536973564628395
0.9999863089307856
0.9247243597653817
0.9999941866629624
0.9997334382102265
0.9998429016250671
0.9999943154647384
0.7025856779460847
0.7009362969728806
0.9431705659095633
0.9994799095928981
0.9999936900322131
0.9946914755834316
0.99999699535265
0.9979681311808771
0.002393549178175598
2.2998930980780244e-06
0.97503737922262
0.9999999977954963
0.13270104013698858
0.9121850378834246
0.8949043498299845
0.933836395877942
0.999970709976606
0.9752948192899416
0.9998989591112684
0.9990230348385443
0.02271369497489133
0.3757547407084162
0.9998958012738955
0.9635710253306501
0.05256419042260991
0.9871374070598385
0.9999828956972623
0.9503562267859054
0.9850133682246069
0.9756240387156349
0.9995662606882573
0.6748296074290355
0.044579727542404905
0.9895725643980597
0.04169001279084645
0.0036224937360858217
0.9537379181401927
0.03606121141402093
0.0012659549035679623
0.0073336880743483605
0.000771970909723303
0.9999119072216552
0.9418699654426743
0.9999982448153821
0.9993883843922695
0.9997653416954769
0.8997848664055706
0.9927396133149045
0.9999926124522663
0.9978229158825522
0.9982488881178999
0.09991622626359206
0.9989060152084417
0.9999999433409753
0.9999752120329347
0.9999347310095725
0.9863910485597721
0.9996408305080419
0.9846345813414976
0.9474983022782026
0.998739386063667
0.9999321733184122
0.9998458116669313
0.9993558838718373
0.9999992407364275
0.9999622227471653
0.9999222932097154
0.0959591939827563
0.9925755391909705
0.9985988426859269
0.33302865600667697
0.9748492114305024
0.9636197685484853
0.9500542815769665
0.999930354084391
0.9991022009631585
0.9691911758083439
0.8978524268119534
0.9999512045915776
0.9910296906760518
0.10467977729594749
0.9999543757237415
0.9998478547067512
0.9999970863640347
0.9999991527137295
0.9999656358155324
0.9954364897070483
0.9930829265263393
0.9853543621507979
0.9998494654655901
0.9997628075857098
0.9999684522665778
0.9997203976430133
0.9999998705544083
0.9996727843054417
0.10549380534061997
0.9999000212593601
0.27944393584229105
0.9939724071962837
0.999997010269048
0.9994360395250075
0.9999934534347595
0.9999864567112903
0.9999578849489823
0.17810727397598777
0.9998508509388979
0.9975660330941769
0.9465971204113474
0.9999095976843273
0.9754184838618645
0.9999994857593564
0.0033158218540680824
0.999788426107268
0.9991602798767809
0.9999996806120454
0.9975626166167644
0.9924756121437677
0.9890509318236537
0.9996522191342033
0.9937413351787763
0.9999995993933293
0.3515688611121393
0.9997553172082999
0.9996974301907098
0.9995871210766787
0.9998861196479537
0.9999770611046429
0.8737541745238477
0.9998835520382275
0.9977932254376407
0.9996416084686587
0.99782790100063
0.9737639459918672
0.9989907393573907
0.9795171426353511
0.999958580457109
0.9562270246762588
0.9821785972328496
0.9824363459665301
0.9999250227005821
0.9999389481314238
0.9982053285974428
0.8595024614255463
0.9996795914407424
0.9999595391585274
0.9999754069226908
0.9999801960680256
0.9766936261176952
0.9993117656448494
0.999900933047743
0.9999847663322243
0.9999648249303802
0.9999670995782332
0.9973052781839757
0.9989570086883737
0.9998883496479083
0.9996551314178725
0.00038727729466091237
0.9634272026268548
0.9997955317153844
0.8720054793006542
0.4090181279293907
0.9998481847108994
0.9999996793328216
0.9999961645372321
0.9988598006211673
0.9993133830063035
0.9537912909046384
0.9998146703128845
0.9997738586332634
0.9986733278124754
0.9999507765115656
0.9999974483766592
0.9999915509673131
0.9977164745910705
0.9789464040124118
0.9873252175712594
0.9999991302494977
0.9999760407177655
0.9896918442910355
0.999008045825946
0.8956527937762465
0.9999997658579103
0.6496125908353219
0.8567421176958808
0.9826480084509084
0.38837812714168884
0.02167308846602627
0.9882858975356058
0.8682620698082067
0.999738169475241
0.9785177980155301
0.6291140786550999
0.9936605825572764
0.998535644666545
0.03602283397423584
0.9998613109367968
0.9996199647728367
0.9983995048676931
0.9944909930071989
0.9997754880916403
0.9966037939284776
0.9977930590015138
0.9997921701958891
0.9971940149827845
0.9999860851735889
0.6877634214637891
0.9935646850752816
0.9999959897019125
0.8097323930841919
0.9993029283514819
0.9999965504442531
0.9697769957578319
0.9999910083429564
0.9999833120534124
0.9999764997968014
0.9977240475763717
0.9999449717059524
0.996795250236909
0.9996247943209926
0.9999241227773985
0.9998789452164645
0.9999999986051504
0.999520627878481
0.9998999585081609
0.9996563583192786
0.9995607942670417
0.9995940120804584
0.43628248815907317
0.003618039637648057
1.326094947538791e-06
3.0431731210786967e-06
4.137957200641233e-06
2.9619251425862998e-05
2.477515974118429e-05
0.002624689079195485
0.963501904395421
0.0008877198532675166
3.2934606762871616e-05
2.909797799492483e-06
1.8923160548793736e-07
0.00030755277478118176
9.400992060198552e-06
4.722388960366913e-05
2.177261965454101e-06
0.00022248722935752733
0.0003484436954152125
0.9644251812959028
4.155884321575973e-05
0.1895416071886827
0.9999807409486863
0.9999828759300176
0.9980540276993304
0.9425204421755612
0.9999962790019002
0.8216136637191094
0.9996399494265508
0.9999960626699999
0.999985161666993
0.9997821971474703
0.9877612494576657
0.9986180830295754
0.9999995869899823
0.994782617997718
0.9999996963654336
0.9987917037381647
0.02203035226752535
0.9629954424055488
0.9996087073648889
0.35495135477487155
0.8541749462341357
0.9975571228388497
0.9999814269381825
0.9998733415581754
0.944185879232039
0.9999968393867805
0.999267665418956
0.999851842973621
0.9992955716202461
0.9999258228343597
0.9998395197001513
0.9996885424358316
0.9999936859925153
0.9006427532785123
0.915689312627941
0.9993893615558519
0.9999682362012361
0.6998110194751607
0.9999956300039308
0.999860022752676
0.968606336201948
0.9992116842638437
0.9999499831385391
0.997648712606737
0.9957429272461136
0.9997195233444464
0.999321931524075
0.3829599052504976
0.997786674478554
0.9999999999989448
0.9999730737190914
0.1362330147557277
0.999744684144467
0.38474989797441733
0.9999893440435196
0.9367410795514791
0.9840239747982186
0.9999775567599788
0.9999615454866768
0.9995601050045652
0.9999565949378767
0.9995727834993886
0.9930382446796998
0.11729215612552106
0.6624387727120271
0.9998924131338597
0.9999974400251265
0.9990599066010152
0.9863503081382973
0.9999999672188713
0.9999969878195708
0.9999999809370629
0.9999999975367002
0.9981307957808685
0.999998980605082
0.9999595496844262
0.9999999811568777
0.9999925718033573
0.9896921839572659
0.9999464991506875
0.9961831796913297
0.08103684910573708
0.9999966917433354
0.9999981206989229
0.002108844823971413
4.500631771080939e-07
5.139473687250892e-09
2.660058388034436e-05
2.032069670935822e-06
0.9999984738422679
0.9998479982841103
0.9999998888621623
0.9999999914294243
0.9088229024330134
0.9260423493240311
0.9999895074156333
0.9307252453786342
0.9967447582395297
0.9979835032878487
0.9991812451232117
0.9999770623529817
0.0032003876591365906
0.9909704132460692
0.29591812232850456
0.9960137382046546
0.988365196686096
0.8765137192956072
0.9998571986101076
0.9943628019095778
0.10008283178489029
0.004330780570797206
2.263102615989063e-06
0.9814604693537049
0.9393765614911439
0.9987666468750983
0.9665404835935111
0.9999968233914421
0.9999976470592938
0.9999945379850158
0.9999873855759319
0.9947459834605257
0.9235180447449145
0.9999917666183871
0.04019191313144629
0.9936462564275509
0.11848521121413925
0.9328683785122133
0.0004960576628934331
0.0004119931124922751
0.0012361351295324136
0.9635892538396461
0.12822397156353862
0.9206975753470116
0.9999980968139527
0.999995701383371
0.9999995744099209
0.0011166990243965782
0.9985049626018684
0.05524366527495234
0.9978549483081676
0.38219028198565996
0.008126941126080398
0.9964012829564659
0.9999992623731834
0.6592817307437613
0.9834738662105241
1.250308378419344e-06
0.00029371222957139267
0.9996497300139
0.20285836494010742
0.0005969498892936636
0.015701789940700886
0.9918670577799019
0.999994641052702
0.9999724236813774
0.9999996162368595
4.954108272316385e-05
0.9982650949175107
0.9999330717176587
0.9621727188334893
0.9994325684258306
0.9999765529296363
0.9999997983374291
0.9999961780014223
0.9999056519390414
0.04189996846498592
0.9999997899414835
0.9777598098190546
0.9996376934243348
0.996810005106508
0.9999979494576449
0.9999943956136537
0.9998275759714065
0.9999621236586208
0.9999957785687884
0.9999813520564125
0.9981269446393419
0.9844605877566173
0.9997449197069883
0.8364461974186125
0.9472735968854692
0.9997091931650977
0.9872599475781986
0.00014944400272487557
0.0003594825594802219
0.7085515806998913
0.24620656730930351
0.0004005599250921396
0.018903997780425567
0.0002179102029662064
6.459873072302841e-05
0.025340451845518336
0.9900762725243946
0.9997535273758272
0.94101428030281
0.9999074462369326
0.9998470231113571
0.9992405626609033
0.9999930931706805
0.9992784949087185
0.9999959178700116
0.9999999720467293
0.9998764119554823
0.02051458984252502
0.03896620329301581
0.9840241927212157
0.99999904747174
0.9998647145182947
0.9999993419547717
0.999991534230417
0.9999944024343732
0.9999738114468992
0.9970087160348585
0.9991870780515972
0.9999998511042214
0.9999299329932291
0.9994371808133091
0.9999998059444087
0.09662405282176954
0.9999975401082678
0.9999994066321588
0.9999639821512717
0.9995685447627312
0.999040212588198
0.999813514994166
0.9999998725948498
0.9999963923535198
0.9999841585828907
0.998664896652476
0.983956083099693
0.998757611859816
0.9999991760058353
0.9963276815489365
0.9436524439851428
0.9997751373095326
0.9999993012821998
0.9995754331590245
0.9999971827131379
0.9999800586550996
0.9996150644567333
0.9737723854243062
0.9230295154999603
0.996833798241563
0.9988136233311984
0.9971485019041244
0.9987422639687453
0.9669273948312113
0.8522663989563855
0.5150302453132126
0.5126017814015668
0.9874705508240971
0.9974820955146538
0.6804458426776873
0.9804291037329894
0.9220920906397011
0.9992941316308893
0.9999698975254858
0.9999764504786388
0.9961236447974001
0.9998433054037674
0.9984402288408443
0.9999983521119545
0.6816641172301807
0.9953142551770795
0.9976556351198855
0.9755692963069775
0.00024990702162995727
0.9956392579772786
7.514627120420311e-05
0.9883178961775675
4.335660407654609e-05
0.9999823713571414
0.9999860213045627
0.9999997130558553
0.999994952738904
0.9999999885674539
0.994387863315259
0.9999997456692841
0.9576998350168809
0.9996925127374962
0.9999850062960619
0.9996838681373754
0.9997659228117076
0.9995086040090998
0.9999961598153839
0.9962705585390917
0.9999996485751557
0.8800153891223759
0.9999357108716646
0.999995320494251
0.9999999648594456
0.9981138776443429
0.9999496107576344
0.985361360652517
0.9998619117982938
0.9992291455343533
0.9999984064814991
0.9999208852207141
0.9601935432166468
0.9999997724581999
0.9885912524677364
0.5352408147689195
0.9999873854925874
0.9990856577571017
0.9999370723479103
0.9433745069914202
0.9902890485971092
0.985224782387958
0.9999999446367001
0.999996135948324
0.9999877044617723
0.9998526079476456
0.9840482522468379
0.9999974958613242
0.9998290884689749
0.9999934887677094
0.9959582153920605
0.9125323703290856
0.9996931274770334
0.9985897680902361
0.9899393294604077
0.9941600409848997
0.9966523630359303
0.9997678499893066
0.9999991344394608
0.9994635271105168
0.9999885519369149
0.6383714744244114
0.6104389679238293
0.99996793526398
0.9999973823411149
0.9999756993563436
0.9996055321475973
0.9789692790327394
0.07986174899285993
0.9272799968778879
0.9911162084796641
0.999580028815882
0.9999040559997437
0.9999994900168073
0.9999072380037846
0.9364669078640092
0.9621185553835793
0.9997042887028204
0.9999108777979139
0.8821242626401604
0.9999982260910883
0.9999957595831515
0.9998594403363965
0.9999948450776182
0.9999961094793933
0.9999855518090022
0.9998792798856335
0.9997035311533062
0.9999487028084967
0.9947074619250156
0.9992829219080348
0.9061967874110096
0.9977356014406331
0.9999833618669998
0.9945081400583012
0.995535447890334
0.9857424968620027
0.9597601668637895
0.9989669562792011
0.9999685360943504
0.9998666847884584
0.9999862709363484
0.9999988660666579
0.9999997051684016
0.9999935685880632
0.9999932260549478
0.9999766377233745
0.9999279479616461
0.969162450689862
0.9999866029580702
0.999952769699763
0.9725011451785835
0.9582468934849647
0.9951021543712456
0.9998738058752995
0.999990668963161
0.999999485991679
0.999998057421956
0.9999924805620029
0.9999999977835767
0.999696439356026
0.9999998607126926
0.9999654803328404
0.9999022459804686
0.9850945400693729
0.9908266377195056
0.9965509879498501
0.9997878258716665
0.9998440207738792
0.9999382205450943
0.9621477940866628
0.9974226379215219
0.15777258965062915
0.9999748193421207
0.9995900458440188
0.9999737567363886
0.9999978485449108
0.9999825631319421
0.9999621634994572
0.9999996138216528
0.9999938449881864
0.9955156892507894
0.9451289375020182
0.9987316109347276
0.9976153777964551
0.9691039734231773
0.997445686791144
0.9987913084737279
0.9991838177982765
0.9983827812203632
0.4978824087671952
0.997977035462027
0.9984149135516474
0.9999991993733424
0.9999921160226182
0.9949979574408491
0.9999452914352975
0.9837520711096236
0.0649609291672017
0.9994008921015147
0.9999936267176378
0.9998823914046613
0.9904088525116677
0.9961853853085271
0.9997103608261411
0.9998039029892222
0.9999736635730636
0.8947971843410069
0.9999862089534786
0.9982677372706539
0.9974899539376046
0.999965404335824
0.5668902176053255
0.8874858054988545
0.9947874576001459
0.008144244316400415
0.9980051719450066
0.9999998827394803
0.9999984454698153
0.9963729652491832
0.9999984433929797
0.9999997575870828
0.9997811107511076
0.9999616502374272
0.9999993730117641
0.3484568362350152
0.001581503943729216
0.22287849568721488
0.026933961645085474
0.9984118817659398
0.9999998128732598
0.9997364510615038
0.9735801125431324
0.000707382830131776
0.00277200085633396
0.009897037090922663
0.010302048945399279
8.603142050706298e-06
1.4024732522111934e-05
0.9998800125978607
0.9969798911457759
0.9860523700357194
0.005731146881190658
0.00029341062955095734
5.404515886783583e-06
0.43901765137237264
0.9990207478997235
0.9999975733473903
0.9994485298770854
0.9992352504985439
0.513570205136589
0.8668564216913629
0.9766916942671233
0.9999885710439983
0.9222362091489598
0.9996573434204865
0.937079841861186
0.999930132663783
0.9994550834550877
0.9999995138138588
0.9997379505202743
0.9999979757936213
0.9999223318220796
0.5892930291309424
0.9989636311280214
0.9562384146119195
0.885092309568546
0.9997722038380892
0.9999988511521702
0.9999973766576703
0.9999933141971855
0.9999995148713541
0.9994504664797977
0.981221099696908
0.9999812064681284
0.9995458481999884
0.9996709648285089
0.9948827142910872
0.9999766302045147
0.9948029387956752
0.9984718789060301
0.9665124085957687
0.9999991769956597
0.999863080864477
0.9999905352499197
0.9999991813092411
0.9999991468669727
0.9923730979239367
0.9811199257836744
0.9980068522640073
0.9996089505525683
0.9997294716513758
0.2162800186818232
0.9999835342714751
0.9986009727119357
0.9998777795631832
0.9999082227299029
0.9993251499967024
0.9988754651235938
0.3776026097782446
0.8591385166163281
0.924858170359277
0.9999999845441767
0.9997110781075997
0.9999999737725211
0.8343951578326491
0.9999440785526122
0.9999998107056255
0.9990714880157877
0.9991238372408421
0.029005180128921903
0.9999758277130656
0.9988483432325096
0.9590635067069816
0.7247461640043978
0.9999944734034473
0.984752195610476
0.9936566095401886
0.7183101378769678
0.9999592830672303
0.9998084831087812
0.9999929784354052
0.9998449614167199
0.9012371538808852
0.999987305900095
0.9999825836038144
0.999688928592997
0.9987115480330808
0.9997236764713654
0.9989106379232939
0.9252386341135788
0.06188655123729575
0.98764437584446
0.999939965680396
0.08572947374904147
0.9945356479404598
0.9694130753087273
0.66932783702042
0.9835773933484644
0.9998792704182459
0.9583674228639809
0.9811023789479757
0.9999947472384859
0.7595903055672583
0.9995945673258686
0.9999505146058784
0.9998114983030602
0.9999986673929918
0.9618087304571659
0.9998282935781002
0.9995651675994581
0.999913438724635
0.9999933220903157
0.9996161859196379
0.9972425045750594
0.9999901886658316
0.999992948373853
0.9439843041759067
1.2590865809358263e-05
0.9678798520165671
0.9999982661737216
0.9995877633313246
0.10612767025270173
0.9729596906626407
0.5334927077657953
0.9999728154729359
0.9999774898228143
0.5687748642619466
0.9959260527908783
0.9999611574014456
0.9999779534333204
0.9865898620658069
0.046526017649078266
0.9959066073019197
0.961027132216181
0.9986217210876795
0.9999896816653672
0.9999999818157309
0.9999999937115345
0.9992324292329119
0.9999999307192803
0.9999999592991148
0.9999999059285614
0.9999728244877484
0.9999995037431346
0.9999951821874364
0.9999949633786713
0.9982202001600624
0.9995368162342495
0.9999801989375255
0.23266042436164047
0.9999997564512133
0.9999417335077239
0.9999921135916713
0.9999999164011636
0.9974226676627657
0.9999391043731837
9.504536246059413e-05
0.794354174462288
0.9986019132207389
0.9999993899324648
0.9921615809572774
0.9999830194171864
0.9995721767031462
0.9999999042556614
0.9996628483791404
0.999999875604544
0.9998046265065479
0.9883185198822493
0.9990700039923367
0.9971252326400145
0.0007220187878148795
0.9401915195078124
0.9999997210279791
0.9999999815768351
0.9999875031424988
0.9999987133983057
0.9999505209762047
0.9995587961076959
0.999989582278692
0.9999733285669539
0.9915220634290888
0.9999980788714596
0.9994445691437732
0.999882895048845
0.9998726021175393
0.9998990577589572
0.9998913916514613
0.9998499008107767
0.9999911407829066
0.9998268855434017
0.998516639173384
0.9967351067486833
0.9999674922032166
0.9999998936256969
0.9999102198946128
0.9999775253263915
0.9861365335718572
0.9999557980225774
0.2334436775472989
0.9999210371060449
0.999710289678828
0.9999135728533246
0.9962656715581989
0.999999948260327
0.999999923397212
0.9999996429236369
0.9841156076876142
0.9998580872499208
0.9999693706327184
0.9999999985433086
0.999966725533747
0.9996578554846431
0.9999958741039818
0.9958947589210245
0.9999851548228196
0.9997778668418223
0.9999991383474506
0.9917031817398434
0.9995362243509865
0.593639000703201
0.9999978898655841
0.9999985190370232
0.9998500227620221
0.999669777545252
0.9999898034099013
0.9999999708016327
0.3542293084913894
0.9999722295755628
0.9999732989902844
0.9874054001096961
0.9991350789462133
0.9912843055071646
0.9315418928701789
0.15961001380125722
0.9998584389869941
0.9997384010248729
0.8092079677225935
0.9854852716390504
0.999993011778969
0.9464785266034607
0.9999999747356945
0.9999998795593316
0.9999934035117036
0.9998875010931614
0.9999924126132451
0.8825361537756448
0.9978506356626022
0.9992660659084787
0.9999900987385221
0.9941712147044527
0.9999900873144323
0.999999120107646
0.0007536734204760465
0.0008055766713699809
0.9465707697045088
0.9693950663101479
0.9999992074027082
0.962805316285866
0.993313124505649
0.43945085225019637
0.9999984281903794
0.9980605872487267
0.9999962430481546
0.9982921770263898
0.9653062030402022
0.9999998242627919
0.9997570354942604
0.9999908316162264
0.9999842244184214
0.8643443196927835
0.9999993828490478
0.908992082699017
0.9931388782360409
0.9502100518361056
0.9999034373248757
0.626498863825715
0.9999222519394996
0.06315231519704147
0.9991082034189884
0.022077672080679983
0.999983729870053
0.9999728229929933
0.9981529636685774
0.979046551576499
0.9999814054424961
0.9999997707262086
0.9855858913816146
0.9969746437316542
0.9266131604738953
0.9908981684516347
0.9590350441818568
0.9993055062461258
0.9998691805180924
0.9991790034978582
0.996783702637911
0.9996710357037857
0.9999999753671155
0.9999999994005795
0.999994810943903
0.9999999972439713
0.9999999995871347
0.9999919249489331
0.7642472948862448
0.9999768033138556
0.9952395618810901
0.992971711061522
0.995136270075406
0.9998327001748336
0.9893559198191467
0.11230080716738335
0.9999993896398975
0.11391919992207743
0.9998068420151426
0.9996500362334868
0.9945796746543526
0.999987971079848
0.9914189469812094
0.9809384793480349
0.9936033820241355
0.19454845280438718
0.99646678349969
0.9982566031029853
0.9999997287147023
0.9978877368702826
0.999999651823037
0.9999571727241368
0.9758178737181383
0.996612764070923
0.9802053130732015
0.9999965035929903
0.9999847772882232
0.9998363418677081
0.9999971790117527
0.9999812560350582
0.9999336174767801
0.9999853653165918
0.9996380969349702
0.9999986054970387
0.9963401321750357
0.999997781033066
0.999937023842173
0.9997006235419745
0.004638264443655398
0.005103993303598115
0.9999989741164286
0.9891171668857145
0.9999399336046512
0.9999920920152884
0.9998132778339452
0.9978477501335917
0.9985198253418482
0.999598081179373
0.9525653096717906
0.9999997160306366
0.9999991717815013
0.9988461603884164
0.9998103107395399
0.9999955996078166
0.9999997293093625
0.9999999661018892
0.9488115103451152
0.9931140640360264
0.3320908022828741
0.9999926387612568
0.9729102942664417
0.9999998387202778
0.9945648617768811
0.9999930221952177
0.9999422142929598
0.9868518800356585
0.9999174728190638
0.9999997336680516
0.9999771085718707
0.9264753395830295
0.9995589442587135
0.9999999957052632
0.9999578966500716
0.999173806730299
0.9996958822496904
0.049084200427730235
0.8866445700082403
0.9983805440456575
0.2692276963903917
0.9441347814873313
0.9984583480891654
0.9942195041599186
0.9997367959788386
0.9989747146303952
0.9618840363287088
0.9999074865005361
0.99975233492798
0.9947489882564975
0.9999895017137359
0.9999930809601039
0.9545862267633131
0.0011738267492051738
0.9999805050334098
0.9999939564887218
0.9999984075608331
0.9987567060979671
0.6035134773025274
0.9997345932677354
0.9096552972721828
0.9997436083122312
0.9625676227432055
0.996128594479333
0.9986075356506032
0.9999165769995567
0.9992520548506495
0.9999184647365977
0.9974697072965049
0.9973524099314433
0.006487732348470322
0.9846828990843319
0.9998467342840014
0.4038322656046693
0.9647944747031943
0.9999749646309527
0.9997337456411292
0.9797357115393388
0.9999787790598856
0.015214759692567015
0.9999999768923734
0.9999999770477598
0.9984345851137495
0.9999953314307755
0.9794823029887295
0.6661720160017749
0.9999824371272101
0.9961971067811993
0.9997175789636269
0.9998217619510872
0.9979706515191227
0.999941252808687
0.99987061260915
0.9998205201133605
0.0018201421449587452
0.998961951944449
0.8078156800084036
0.9977729912670703
0.9980220738171578
0.9993289919505554
0.999840497249216
0.9999808445096425
0.9999934274395136
0.9987804515024542
0.1620590719472992
0.39084038191556764
0.9956844882943482
0.9998936861486194
0.9999881052794942
0.9995604897815876
0.9999998648474159
0.9767392291723347
0.9999913329525918
0.9989761471276414
0.9908831640483019
0.9909384613393134
0.9965329792520689
0.9491707417043254
0.9899821747869476
0.9995179646882574
0.9994209296069246
0.9995492525458787
0.9968111869688513
0.9988811637515101
0.31678461940845976
0.9441477237909103
0.9882855611652005
0.8072970241209423
0.9982168652253257
0.9225946128022108
0.9992466911422879
0.9918702472289175
0.9873868618487073
0.9994855016859886
