5.1936951810748e-12
1.7796664843672376e-08
0.01128047184192216
7.221429801315283e-14
1.902412709787509e-12
2.642878571609769e-07
6.644646383018761e-07
0.005856694289877084
0.0024785011096190015
0.003746151715327694
2.0472316874830577e-06
0.0007450315456701628
0.08530929349599013
4.4661372891668144e-05
1.5649628208917663e-09
1.4607755179141665e-06
0.00022014623392582278
8.470244054159541e-07
1.9086682440333627e-11
7.319139768971981e-11
7.096283873073534e-06
6.463262580489931e-06
0.00022862633504853222
2.467765040250985e-05
4.562166628872832e-11
2.0116510854709228e-12
2.300880867211003e-11
5.64288376587299e-09
2.5229042343507645e-07
8.561093293709614e-07
5.8624311054202657e-08
2.648094760327232e-08
3.699986148731683e-07
0.001624901373685796
0.005746559747165538
5.5039332725572245e-05
0.028780906037509355
4.857809239202515e-05
2.5974530503113058e-08
0.0003818934406352412
0.005930133034210895
0.9937015133304947
0.9766095472656348
0.859791575190826
0.019602981674420837
0.20886978654584307
1.864568601661033e-09
1.7724015213050913e-10
8.198721462125971e-11
6.770394252052745e-13
2.318686974955814e-14
7.618744153822675e-07
9.58548893734509e-07
8.452963315999352e-06
3.5843499283695698e-06
0.0001626095264645295
0.0004360918797937231
0.00015524162199946758
8.852145652267604e-07
1.035324821628664e-07
0.9999999876452325
0.6873558283567704
0.999999247353162
0.9748802603275497
0.9959924822282159
2.1876510978720726e-05
0.7578936874612955
0.9999996738099761
0.00034603223733098583
1.1486628253792824e-08
1.513141158456192e-06
0.0205895474346932
1.0577138320656538e-05
1.2598424984244594e-08
1.8434755550705455e-06
2.0093371862655335e-05
0.0013454320689675514
1.1482382812143981e-05
1.4187029011476079e-06
1.2802118823495382e-05
1.2072791394373666e-05
1.0250198240755596e-06
6.893822214648706e-12
0.00025432927749549205
1.3752722559978292e-05
0.025951305677351284
0.9999703888841605
8.180562171637193e-07
0.9878957474706012
0.9991181143678232
0.9997381138440513
0.9980516181546988
0.999871174013668
0.9998683230458447
0.00018477784853807342
3.6013613962645944e-07
1.3340374427636884e-06
0.0028461615223014072
5.60919218402651e-08
1.4523215632397934e-09
0.9999593968217216
0.9983809741956233
0.9999753475129904
0.9999360636616805
0.9999999490859756
0.0586760315888412
0.9393979006533397
1.7770509644639508e-09
2.7727159124627192e-05
0.002082189287629029
9.496749857116058e-07
1.192877059445337e-06
2.1734553194111362e-09
2.730571825426017e-10
7.924124024833778e-13
1.937110099256661e-14
1.9006266368990395e-14
5.6221486051406004e-14
1.706159697819898e-07
1.4221448060817142e-12
0.0004915167081638577
0.0006519039081101961
4.4715621560077905e-07
3.798068797118033e-07
6.665821629898763e-07
3.402310525351205e-08
5.8277967552271615e-12
1.132226336009038e-08
2.3881639059668876e-10
2.1767430964522205e-14
2.509764045296777e-13
3.2374053098930112e-12
9.425086562733093e-07
1.901425650872102e-06
1.153887196219835e-06
3.85369796195914e-08
3.913682096743045e-09
2.9698961537880364e-11
3.2694050424305705e-11
7.171789450193614e-12
2.891079069093457e-12
1.305460918878905e-10
2.9042998552346644e-09
3.16008872751875e-07
4.796324668627131e-09
8.199358068729217e-06
3.206712144306157e-11
3.665119040804831e-09
2.1393355580355876e-08
2.4473674305605024e-14
8.819273475769579e-08
0.0064582878749581095
4.4470273610834556e-09
3.8330992507620275e-06
7.021962037618606e-07
8.259526227580379e-11
3.7328309894454926e-12
1.9468012798574614e-10
6.332056983644584e-08
1.0851988619289092e-08
1.2070341318266743e-08
1.7665675499710995e-05
2.1460067963831816e-07
1.9664080153205878e-07
1.1562097142745113e-10
6.266824079237853e-10
6.9666440190196e-07
1.7131028404270503e-07
0.9349241877707029
1.1448450958899553e-13
2.9481841669455482e-08
1.9041267667237112e-05
9.532502371257932e-06
1.310939119887515e-05
8.603496703628564e-11
1.136492979386261e-08
6.529432960681414e-10
0.9999988897766654
4.464078145953985e-10
4.122585208184622e-06
0.9994543834806737
1.7711243398348474e-05
2.598960881883315e-07
0.26559871822352593
9.540130425188403e-05
0.00030615306089741497
3.6644058665578273e-10
2.5227589575076543e-08
7.832526363592839e-10
4.267651686260581e-08
5.812967488457442e-09
0.00010286097267108949
2.415088725243953e-07
1.9118242446449448e-05
9.553556493789405e-08
2.827609599550118e-05
4.810481175419408e-08
0.9999999994957876
0.8345024121283076
9.909729335226003e-06
3.511723444163429e-06
7.061467612428777e-07
9.584935364413963e-12
0.8009004974937148
0.6727023778335033
0.3946258568671986
0.9008825712257017
5.435921715238675e-06
9.459293705121456e-06
0.015006457737264728
2.817683289197157e-06
5.719160673314616e-08
8.786776454680227e-07
6.201742123886654e-06
0.9997089483893628
0.997382502244295
0.9998347295937305
0.994273038196977
0.8405959710887367
0.8950204470122388
9.041594809125456e-05
7.722298924470818e-07
0.008153800721707042
0.9999992979953692
6.71716296806003e-12
4.317786720155083e-13
8.937761897239382e-08
4.371464149434764e-08
0.0009759959374872813
4.7671311961536905e-06
3.878176518135998e-07
1.3504765360903742e-06
3.009646584358022e-10
2.4345033113304744e-07
2.0591039639172627e-05
1.069609215075761e-08
1.5130692651280165e-06
0.00023743930982609207
7.832970443922933e-07
7.096457610412059e-06
1.9150391836182343e-06
0.025287349639367802
2.0049538056761405e-05
4.446656241323946e-07
0.003459051559205349
1.4545540866252436e-06
1.0473127448962777e-05
0.000404114819311422
0.00010954686173436
6.893216036279623e-07
5.580626190800458e-07
3.0605915552831996e-05
1.1077665966335039e-07
0.0004513159139827898
5.541264016180267e-08
1.550112228454419e-10
8.713377989663029e-10
1.3123036595407027e-07
8.240089300863978e-05
1.2361482520138726e-07
0.0005334344316763907
1.9826875855850143e-07
2.473643439050126e-05
2.2466372569263625e-09
3.9675021323318195e-05
0.000872438290215449
0.00031573036916180054
3.6256239046335327e-06
0.00012404886143271704
2.0627100172377674e-05
1.1977260386407706e-07
1.9435567370852395e-07
7.891652832418624e-05
4.370928578544596e-05
1.5272084032262477e-07
1.1832158225705216e-09
3.45305171442992e-08
0.05659322305799033
8.181552753446389e-07
3.3387736982833467e-09
0.007130271315497535
0.9711870873486664
0.000626952313031743
2.5860218750594005e-06
1.933735097620963e-05
2.688284920069117e-08
1.5824962100528413e-08
0.00029295848082585007
8.922477604379155e-08
8.04388087836407e-07
9.613040358843927e-08
1.8167319018629643e-05
6.43739793704679e-07
0.5297183768830865
9.339851397053707e-05
7.337879945038481e-05
0.00010609036184094955
6.430530587740639e-09
4.629194535441501e-06
1.0575327491980241e-08
1.5393282476832842e-05
0.0010594616229484277
0.8302763439316778
0.0001344509016889918
0.000632309921085144
0.0015665460097465914
2.9479952408115167e-07
2.1722095634739758e-07
0.005719862662306455
5.5190504228883564e-08
3.30739271557949e-11
1.2234398140024714e-07
0.0005412424408931891
1.161446296039245e-05
3.6154469972393242e-09
5.869616959497661e-07
2.0928437684508757e-06
2.3296095291955884e-05
2.5370492207271314e-07
2.7873808596153095e-07
0.0007247643109878401
0.034979436225015634
1.0762130859146212e-08
3.239409126326451e-07
2.070333689511408e-06
4.630624539424059e-06
6.263281549568838e-06
8.395830463037064e-08
1.1040457177844838e-07
2.276671820564498e-06
1.4000437988239682e-07
3.2316963632845475e-08
3.782599844675554e-06
6.120908713497754e-07
3.6800812577466974e-08
9.930618817436958e-08
1.224578443483755e-05
6.024966844859941e-08
1.90055084081456e-05
4.355333528633884e-06
0.00039774476300199097
6.868415539186709e-07
6.173383674149777e-07
5.121227935464332e-07
0.10317371736564825
6.1871464547784425e-06
1.3657299482036675e-07
2.334651660935032e-08
5.563245362184519e-10
0.00026290779067146205
0.0004940022741993706
0.1597432719613718
3.215606270713669e-08
0.012301539257936063
3.599311088540342e-08
3.213791456580652e-05
7.536701154187418e-10
3.0606139771486098e-09
1.4743758226797542e-10
1.9147132500719894e-06
1.8250860976085298e-06
0.9998193021704697
6.597944403483149e-05
3.3025553466441576e-07
0.001228344247358346
1.8351506478837996e-05
0.6771936100815603
0.00012397467799819665
9.200815664455935e-09
9.040924760422618e-07
4.52539560371778e-08
0.00096569947942465
7.226730994419989e-10
1.0224377296915583e-10
2.1901796419447546e-09
2.4445806773860604e-07
0.007247604653030049
0.8626757106605861
8.571566782489224e-05
3.086912869315352e-05
6.98722658602577e-05
2.4799010302330995e-06
4.167710451473569e-07
2.226816157031914e-09
8.051538393663425e-08
4.691402655368774e-07
5.4448341534820944e-05
0.9999992469828699
3.135481739135017e-05
1.1824157806701036e-06
0.0011271764957753987
6.93244162839874e-08
1.66514655066773e-07
0.0003098279073499201
2.4638981564986775e-08
0.6576198530656923
3.012256117039437e-07
2.3383774026532144e-07
1.0463287268621666e-09
1.7426877028792822e-08
6.0615421420513654e-05
0.0006545197587734151
1.708874128450346e-08
2.318841989251965e-06
2.413782970676339e-11
1.6085703504453956e-08
0.00010974060233711756
2.459984449553782e-09
4.8430104232697325e-05
0.004019930685570402
0.0007067950476277391
0.00011263790877742987
1.7370540149800305e-07
1.2258799365474213e-07
1.2005925658025825e-05
3.282927908129372e-05
0.00012689997177981903
5.524900237030499e-09
5.79272900577156e-08
0.01266327550857259
0.922290008604709
0.000917345036078578
3.5089597920508795e-05
0.9959419963797682
0.00011736108864361696
1.460880938890285e-07
3.707066764141618e-07
1.441660515828506e-09
8.973842133725117e-07
1.6872675766357004e-08
3.522033129679995e-09
3.38491641513752e-05
0.00020942624357357057
0.037833407574983276
1.2043860155352282e-05
4.0354352761466206e-06
4.8795548371843285e-05
0.02281358173263639
3.2974700268402076e-05
0.9990705319503616
0.0010981383895637949
4.445031380509029e-07
0.0015274136041894678
2.0489067431717906e-09
1.3964060457918392e-07
2.3267202040169976e-08
9.540194829383523e-11
1.8092742185821747e-06
4.972962795440055e-06
9.87966318465759e-08
2.7754918626397206e-09
9.974050585005667e-07
0.0006154869320297283
9.010133285712536e-07
3.17667120142025e-05
0.0006376880849416763
1.0272964633034371e-06
6.680339383509612e-08
0.017281017184881554
0.027011607954987384
1.6545199162384767e-06
4.792991616358026e-06
4.324298846144395e-09
2.223771979169828e-09
0.0008377267214162167
2.9018066705448595e-10
1.3673984823825707e-10
8.543265382448607e-05
1.5896755320616591e-09
2.5522914556061445e-06
9.181170502022698e-06
1.055799938286238e-06
1.1958355185697858e-07
0.0038365490231453032
2.6295962273920883e-08
4.547128592140201e-08
7.547258721859137e-06
1.0898597046671574e-05
5.111679905481953e-09
1.1403278837961655e-07
0.9839267120847991
4.9550744176806775e-08
6.257853158897504e-12
1.1985577101386383e-09
8.850873656911604e-10
5.175288013870116e-08
2.6749180109914143e-06
0.000190025759617933
2.7595677757974478e-05
2.3236267638741656e-05
2.9576724098251793e-06
2.974891485829696e-09
1.0478818489872467e-09
1.0757017073527052e-07
8.201638192638903e-07
0.12269485760030988
1.0302059567289927e-05
4.2229274929435166e-05
7.459320674130441e-08
3.6844718740039645e-07
3.4493762665307725e-10
0.00014391156716892043
1.2218180457561836e-08
0.00015728641991919943
1.3103817348402486e-07
2.939719886473144e-11
0.2961425526556323
0.2990618599179642
0.05323643894854568
1.510565769999057e-06
3.252891825081134e-08
0.003860715267889737
9.11652114746223e-07
2.1287686516471366e-08
2.0568689970185302e-07
3.036913097195787e-11
7.846252801333821e-05
1.9821977334582404e-09
4.454883635487648e-05
0.0009106262677250109
0.06695644877362793
0.0013583694602638703
6.991456120087489e-07
0.024701010646183755
7.470474681552742e-05
4.900181780820524e-05
6.07180626173975e-09
0.62328594883645
1.7290772874598432e-05
0.0002876055333244245
2.140298812851022e-07
9.821608971397578e-06
6.605415060178984e-09
1.5366159489134705e-06
0.014895543664768985
0.0002833591477138964
0.0003080396977298177
0.3251658465037854
0.9554156624462592
0.010416918573661987
0.958308481418756
0.9963774559362
0.04625992824391026
0.9639387157350153
0.9987340382533783
0.992666238246417
0.9992279590315578
3.5189889349917447e-06
0.05797172602847686
1.0907478046148752e-06
7.161782688472711e-05
5.444372451822613e-07
5.186834006060796e-06
9.669862092120951e-05
1.5202256771470996e-08
5.215536056110888e-05
3.529051400661023e-08
3.15328605988011e-07
0.00043046915950004425
2.5270270538723996e-08
1.9692047871139324e-05
6.31650292165454e-05
0.0003713996719450174
0.0003461539227193165
0.00039659139763215665
1.8765879429200068e-06
0.00038529449179412696
6.229962142109784e-06
4.2805307789821544e-05
1.3593591302313157e-05
6.660124253932179e-07
1.5665082734205965e-06
5.346664637189918e-05
0.9040405677865585
0.007413808390920195
1.319048827851145e-05
0.6668765679231496
0.025149359901988858
0.03635701988399203
0.041213886591126084
6.797315099350245e-05
0.0008970662063793291
0.030800410818915925
3.98553815793932e-06
4.7532550069282805e-05
0.008040283588104463
0.8950106108928522
1.957066477420086e-05
1.3702817634253118e-05
1.0097680374574808e-06
4.22955499645976e-07
2.5882247367922723e-06
0.004563063873728085
0.0069132788078541015
1.2436040080522509e-06
0.00014522490313632035
0.00022471066858645018
3.120215888219425e-05
4.412505939663942e-09
1.349316311631462e-09
1.9405225985184434e-07
0.0003353647515354
5.795633712359866e-07
5.731583522526926e-06
1.7585653181486327e-07
2.4991746311696e-08
1.176704026692106e-05
3.793071950145616e-09
1.3106332933869003e-05
3.2349649950360815e-08
2.281988837478474e-05
2.0011141866264862e-08
1.9892654016857464e-06
5.074172244945806e-06
1.4918178103932339e-05
6.480436755511481e-05
1.9796413783016403e-07
8.421475600970064e-10
1.2630985023684338e-06
9.21258201259619e-06
2.0661501611755749e-07
0.00015806154963011313
0.0010393197657945304
5.919015965395439e-05
5.822302149389235e-07
0.004069745951873453
2.218962889888675e-09
0.00575543555324717
0.00023550605853040333
6.060650463856331e-05
0.00041221195648194015
0.00010590161124380657
1.0765683582840637e-06
0.12624543267120755
2.2101679720339595e-05
0.002203555278170255
0.0002652669571214114
3.3246189369817455e-05
2.024278117314963e-07
0.0007334876810822902
0.012414711559841843
2.5720182640075675e-05
8.802401169041686e-05
0.008689091675747608
0.002836688791547989
2.6743958321225433e-05
2.5811248049406173e-06
1.4898292295443046e-05
0.12975961714181605
6.166613296779169e-06
3.8346888961319375e-06
2.4430304866072472e-05
1.8935070985054556e-05
9.838147068048551e-07
0.0006835303728797932
2.3189010708447368e-07
1.8094683585590352e-06
9.514419246303874e-07
1.8169336436441763e-08
0.0026941016226371636
1.436190016672886e-07
3.9863093234059085e-07
0.00034486201024618967
4.0887893405402744e-08
0.000561270952992636
0.00013167082997610436
2.8569542168624596e-09
0.590912847620147
0.00011734575156471772
3.100772014028116e-07
3.628392314822331e-06
0.001104579058227901
0.00026011961655181075
4.698099323415417e-06
0.00011791841171901521
0.00022614115306113502
8.338669951520432e-08
2.918099520795993e-07
1.4054643831326121e-06
3.8716531251227995e-07
1.1286376251662517e-06
0.02105042848896694
1.7102574456585968e-05
5.898467068482827e-07
6.312148006003314e-08
0.010306186997510786
3.6695214733563484e-07
0.05251610723331766
6.477186074557044e-08
0.3503588583469124
0.14264489024918905
1.7416500588258912e-05
0.5357514385441048
9.49916078955864e-07
9.143681498546831e-07
2.3123663420893035e-05
1.7081255844088268e-08
0.021481142460243678
0.33791933105532385
0.006338577229737533
0.0014512304122551378
0.04744038933354829
0.00013767068278090267
0.00037998220753550187
0.0015951877159453391
0.005499256083112037
0.00013892305285731363
1.9472311830169497e-05
0.002206664041112142
0.00020717313401604214
2.3287872165163723e-06
3.2953204648820596e-06
0.3121783118138756
0.006433651459311034
3.5898535584394593e-06
0.19025917742002238
0.0006911684028603287
3.25621941833615e-07
0.030222943933260554
8.563821948726524e-06
1.662572056879379e-05
2.3392850422495085e-05
0.0022756795998425754
5.4425105940144815e-05
0.0031639242708373736
0.000375012990177338
7.587696461803331e-05
0.00012033466353542363
9.693608625414803e-11
0.00047918208740992195
9.624370597763832e-05
5.002949435745563e-06
0.0001404000848301733
1.7411358977804025e-10
0.00014441832642419163
1.130901039900958e-06
3.800576614590017e-11
1.1385737095320715e-09
9.316043828174248e-10
1.0312070725453811e-07
1.322440439060496e-07
5.591309716091548e-07
0.00047940751551307054
5.35296388122378e-10
7.433020852393913e-13
8.60831550613195e-11
1.6473382900804474e-15
1.0765650669246993e-08
3.855844623368428e-11
1.2788950977599306e-12
4.095246948435328e-11
2.2532215377563435e-11
1.1892386791992119e-10
0.035514167487663964
1.7756614387696977e-10
0.8104562019252652
1.1894944445240903e-05
2.2952225907784497e-07
0.0001552186374260577
0.05719344239920285
1.726345930304343e-06
0.17838608305079073
0.0003247426630375194
1.7756324005503213e-06
7.645804928918983e-06
9.293749608538242e-07
0.0010767644551582074
3.72279429868077e-05
1.7872681088291118e-07
3.947750391046766e-05
7.197575266744326e-08
2.867422768566405e-07
0.003276748548519284
0.0016446154677980328
0.0001980710562762587
0.6279110306265491
0.14145288739776374
2.3300761536022106e-07
2.1668190255878674e-10
9.263504751145295e-07
3.5905937417104366e-05
1.1595354219949076e-08
8.150534943676219e-08
9.654184534867191e-07
4.017423472382346e-07
2.083679326652501e-06
7.09946767958319e-06
3.9256123106264707e-07
4.654543419823817e-09
0.08049846332339614
1.417916432705932e-06
6.75131078173437e-05
1.1468324500665033e-05
0.30017575630446686
7.415721630699914e-10
6.980160742229585e-06
0.0033978697734850316
3.5520041724038956e-05
4.6032532588382585e-05
6.572590214529789e-08
3.7123785585743027e-05
1.861789791004631e-05
0.000555829914406256
0.030315149756546554
0.002113847608948668
1.6869027642700588e-18
2.3292932006434377e-05
0.8637668626382004
0.00010230149492037334
0.6019369594053201
4.798579696000908e-06
2.3157224402935773e-05
5.173438304076718e-07
8.750721281532869e-09
1.6658012208099808e-10
0.00043492151176588776
2.054333589688206e-08
1.0094901896488398e-07
1.0749275682021634e-07
2.452524166692285e-06
3.883769802549532e-06
3.1028335345849542e-06
8.95441895431698e-07
8.428778917898586e-05
2.2623239774479082e-07
3.4800920197911525e-10
2.1659830655005752e-07
2.0439338997301753e-09
1.4342506060835311e-09
1.3760058823736616e-05
9.578881456205895e-07
2.84942020258194e-05
1.774571745744782e-08
8.52335165098038e-07
0.00946188019665254
2.5688403908689e-05
1.956138109686511e-07
4.864435792576167e-07
1.862218859285407e-07
1.790651346184331e-07
2.5432665566812545e-11
4.83841072978348e-13
2.734981396671585e-16
1.4016499310040188e-10
1.6802620059942133e-12
2.9171975301451294e-10
0.00014515790470776555
6.921651966698231e-11
3.134904310121133e-12
0.09117390390665457
7.815220920602461e-07
6.174877491226796e-09
0.06558875432302888
7.077088013246188e-05
0.0001561660568712746
1.528522388863612e-05
2.021724243684151e-05
1.3538172281085863e-05
0.004066451896840234
0.7040804713733689
2.035978433025988e-05
0.011612617341237984
0.12159197843440131
0.00010977009647834704
0.00016573475902957206
0.8998977287013765
1.5721155289938563e-07
3.561154353489567e-12
0.018480672259802045
0.00142873457532313
1.725560349192247e-07
9.890142359437627e-07
6.806606528743377e-07
2.3399154842906535e-06
6.834820555905102e-08
4.231217931231402e-07
0.005252126487173495
3.1321394287590922e-06
5.804130723713444e-07
0.9597230105737418
6.26562303884583e-07
9.795611211073048e-05
1.578606963645466e-05
2.8466426863567747e-08
7.065661244346509e-09
2.8970243417069063e-07
7.187098826056828e-05
0.09237483516334274
3.620127287710927e-05
1.2571056432872372e-06
4.156350337350582e-06
1.1871982144365629e-07
2.9000205638426864e-07
2.029676965297746e-05
9.070928741507285e-05
6.437601203253235e-05
4.078991907838351e-06
7.237586779244023e-07
0.00029137047661385493
7.052841905371259e-07
0.0001147783169549005
0.0014357699822336945
1.0349619064814272e-07
0.00011583879532427688
0.0002603773057358282
4.3781418973930866e-05
8.21852029542184e-09
8.553841807496099e-06
0.008123733356097031
8.558305141761401e-10
2.7567185098703253e-05
4.0138803147758757e-10
0.9999504570464985
0.0017348721795208747
3.639395882326984e-07
0.037785265239171265
1.6203765711837787e-07
3.616574736618576e-08
2.0024927439346308e-07
3.744121961107805e-06
8.755615390406359e-05
0.00017558481281189638
8.026943462256624e-08
5.193284028596145e-06
1.122511247572107e-06
8.841372272849887e-05
3.6050374369182327e-07
1.9799976837932285e-07
2.4728753786098982e-08
9.546702925553266e-07
4.05229405885292e-06
1.068914409140583e-05
3.012814018404743e-07
0.0006053906927931742
0.00024716541856596995
2.2654843444402675e-06
3.620396187027823e-06
2.128508926438075e-05
1.0930770045523952e-07
1.2265176059683872e-07
2.737953470617411e-07
5.7685403744353516e-05
1.6221525709788455e-06
2.468565568592271e-06
2.179940473274836e-07
2.9466396455167475e-08
1.7603814805938525e-07
1.53616844190099e-05
0.00989530425395295
3.1703242884622263e-06
1.5260986961667706e-05
1.7747699277331926e-08
5.344922864569149e-07
0.0002529081184145832
7.162610268149116e-09
1.8441350539671548e-05
2.833613260302862e-06
1.9601980531353462e-08
0.00012319889069475087
9.055341697251896e-12
2.6240822582911943e-11
3.2586283255117885e-06
1.2864209583708613e-07
5.243480941809215e-10
3.4144377555437666e-07
9.647564235231267e-10
3.8301151758419476e-09
2.5806326954404295e-05
0.0022732304906865936
0.0008115433967903016
2.1553440835442093e-09
6.880070449214201e-05
0.00014544589013308997
1.1804979743220695e-07
1.0942803847591245e-05
1.1396557036868861e-08
7.342004381020026e-08
1.8127438372126485e-09
8.384136424084666e-05
0.0006941253719095078
2.0079259130327344e-07
3.316989750225491e-08
8.83994162380818e-07
8.28216822434395e-08
4.224208181708084e-09
0.016043873765348833
5.591767948478885e-06
9.635460498445389e-08
1.8936508419613088e-05
1.804950467416301e-07
2.6352425850814116e-07
2.8635067568805254e-12
0.00037903614317191136
1.2695865727509925e-07
1.1378650042038995e-06
8.215428532369434e-05
0.026035019433586336
0.07686690116455157
0.0031555868631056552
0.0011533918814642964
0.0027734405126395656
0.0012116381943927089
0.03289715670020349
0.1476410238609718
0.48495404813138415
0.48738420179013253
0.007848111290441315
0.0024703215241939566
0.31952383917735705
0.019567146087193316
0.005308811233782112
2.484870655245538e-05
2.9215824326155245e-05
3.614704505151173e-06
4.355442236675741e-06
1.1383284044519845e-06
3.0402480138050486e-06
8.726911483948475e-08
0.0001147067116802781
4.955936139482772e-07
0.002338278064255566
1.3405195446718984e-06
0.0006130090331670738
0.003034933013071629
3.4413014088884634e-07
0.011609490614589022
1.9266125734841927e-08
5.781266752871898e-06
1.3549444303233695e-05
1.1815198803569867e-09
9.199341117388677e-10
8.990018460833176e-09
1.347780760838508e-05
1.9067680267211022e-07
0.0422966124789882
0.00030747290569002465
1.9048704105118129e-06
6.330497933642464e-07
2.1120879089373464e-06
1.2348499656907684e-07
4.852388255735237e-08
6.409494711112862e-05
2.0747454895623683e-08
0.11768869606851348
1.3200997589498647e-08
4.211355208824261e-06
1.3711543924891156e-09
0.00042306305582201053
1.3361119885369962e-07
0.00010590350646702327
3.757791731168352e-05
3.1207042384827037e-06
9.98734620726993e-08
3.4527216026305187e-07
0.039776561680041865
2.466320070849579e-11
0.011407816700148385
0.46475898523712256
1.2578944930479463e-05
0.0009143105022195705
2.8712234440372174e-05
0.0035715369023811786
0.00964724497723055
0.014775035982061622
2.6075198586707333e-11
8.13626248413658e-08
1.2138236780925567e-05
0.00014664552916151982
0.013305598836092596
5.54925672586897e-08
0.00012083361847608643
7.060360456567719e-09
0.004027831345698056
0.08717198232864803
0.0003015812065346558
0.0013548971597554364
0.009681475806522588
0.00012310566749085047
7.90980417876668e-06
0.0001616010575327241
4.486950746549884e-07
1.802404687075354e-05
4.185965108640805e-07
0.36125438921226616
0.3895609057435496
2.5417970634584417e-05
2.505184092141667e-06
1.2412399974199847e-05
0.00038909725311337063
0.00527140112961038
2.5822192073810427e-05
0.0010239735697924847
0.008881565893849086
3.6926302152879938e-06
2.077775079731424e-05
5.4788506469305516e-08
5.479050820007031e-06
0.0017999853598617494
8.101804726614883e-06
8.807542439411073e-07
1.0470563544149216e-07
0.11787146330861564
3.556737543239102e-07
2.077736544750684e-06
8.628083308403428e-10
3.934217069502647e-06
4.8741053964579e-09
2.2885377249790774e-08
7.336989689738205e-08
0.0002923645185227587
7.030871107167731e-06
0.003487929496955936
7.707994785046255e-08
0.00016218175551329574
0.0011494300175680773
2.7240594039419635e-07
2.2274616772924428e-05
0.0005513704401850176
1.139022050642625e-06
7.400615479638022e-05
2.77983544566813e-07
1.7584124719818293e-07
5.70263318265676e-07
1.135449621093092e-05
1.0666573942531958e-06
1.487608706874445e-07
6.375450192991112e-07
6.641974809982098e-06
2.1981376017588335e-05
9.991753313895736e-09
5.02050280829716e-07
1.2913742623159535e-06
4.69733786555978e-05
1.9515629965726833e-05
0.041712850808656415
2.1403267630840014e-05
3.5377290765022537e-06
5.420629614374616e-06
4.868912828443059e-07
1.819293038484802e-06
1.5141194173706162e-06
1.9276268808288594e-09
1.7161010446534788e-07
9.338504926484066e-08
3.9041076162158504e-07
1.8639793598448395e-07
0.014905454866589264
0.008401400118243136
0.003447767130975335
7.769432639807884e-08
1.5481366699236983e-06
4.165432511836529e-06
0.0017916511726292926
0.00034455683657075883
7.656736448099591e-05
5.042329690069059e-07
7.152663338196609e-07
2.085291310342222e-08
9.942845683272939e-08
7.93053900285243e-08
1.6371266693681155e-06
9.962603966986696e-10
6.018770652071012e-06
3.063603561523904e-07
0.054851850693924294
1.7101955633970334e-06
1.22072749984438e-06
3.774146027617765e-06
1.1997055908732845e-08
9.447999972023396e-06
0.000417184194555805
5.817526983211671e-06
2.2086006446300385e-06
2.0416891341074076e-05
2.710573409134312e-06
1.7281733373960942e-07
4.764935290338196e-09
9.073182546967337e-07
5.45661109619396e-09
1.147994069582658e-05
9.813241500654663e-06
6.41677118912084e-05
6.247661948136775e-06
1.586125534981441e-06
1.8758240200541131e-06
6.301682368768713e-07
1.3013102998016635e-06
6.482568830365824e-06
1.8165709417989982e-09
1.3399310833822131e-05
6.369834855809924e-07
2.92020232790318e-07
0.002488981415316885
5.932263485035477e-08
1.0787352307512667e-07
6.629554032385463e-07
2.3281309441050768e-06
5.332164898809331e-07
0.0019851047240295903
1.1951991030483805e-09
3.138081394146895e-07
0.003626524751527505
3.920725188198718e-09
2.2697077290561146e-07
5.1939458721930136e-05
1.7364225959188013e-06
5.677847653167083e-07
0.0007612257931181157
4.151200719235096e-08
0.777088351109059
0.9729047905826604
5.330555971936378e-09
5.2675286146149896e-08
4.9888284334465095e-08
0.026402229621452732
3.725167015202882e-08
4.1966279002712856e-07
3.2300263857564704e-07
1.8167611778169853e-08
1.3286079356368096e-09
1.0439218413909019e-08
1.9804570176106037e-08
6.7852699729917265e-06
0.00013385191560974155
1.441417001636877e-06
0.0004226744267975071
1.6512357003003395e-06
2.414752040805887e-05
4.985648363473532e-06
2.3933949231511477e-06
0.0005187547805183029
0.000751555462013553
0.48642290851428843
0.1331435631175703
0.02330574484902007
1.3288797686168247e-07
0.07776343162324713
1.997387158580427e-07
0.06290280202146871
6.257247541131743e-05
7.050535229673615e-10
4.749735185917239e-11
7.605741951611336e-08
1.7031670473152363e-06
1.8834286662996464e-06
0.00027825331079280345
4.024566719654613e-08
0.01655901031030432
3.1413707220568056e-07
9.911646829953085e-08
1.1354979363933012e-06
1.6135949004172445e-09
2.3571843521914323e-09
1.2293693835964971e-09
1.0560646169517966e-06
2.7403902295821887e-06
4.125378197715876e-08
2.939162565826541e-05
5.543224921320498e-06
2.3147096291892493e-06
4.4433713958551557e-07
7.739631796368345e-05
0.001527377843284082
2.1652512640379726e-05
1.1485786566658419e-07
7.998845494250023e-06
2.9288923139172975e-07
1.1501637899568823e-07
2.593997535773895e-08
4.5835055059191815e-08
0.0007036925702176554
0.0019899753432954387
0.0003909129444837134
0.00027021538391214727
7.279640074030772e-05
1.4444664006929926e-05
0.001398638491290557
0.00011431737246724812
9.171097090171536e-05
0.0006725728954600036
0.0011244759191677634
0.5016105640544851
2.8863309847212388e-06
0.03597787345009016
5.885108737048083e-09
0.00026259845115017864
3.4060023453708346e-09
2.4117093238190815e-06
5.3327834165323803e-05
3.59123493265238e-08
1.581229454595778e-05
8.321609560842558e-05
3.468149974818679e-07
6.630699421779909e-10
8.7451833580601e-09
8.321527327206886e-07
0.0004337730500558267
5.108201320309033e-06
0.013738196410851633
2.1836336195134465e-05
0.00021702598944498436
3.59114752981785e-05
0.00010437035473171241
1.3465156236238865e-07
5.079437694453801e-06
0.09872417681054133
1.0849101227398959e-08
1.3332760119919492e-05
1.739680015956318e-09
2.6227625978903845e-08
1.7870900844208935e-09
9.125299396682607e-08
0.07460569920468882
0.9380840786315073
0.01235413921009295
1.0284646622345597e-05
0.9142318008298347
0.004221269982954426
3.0673709521785986e-05
0.3306328069174153
8.123718738240081e-05
5.1510308855776905e-05
0.02975700465853972
0.017177443247007602
3.0122923039414768e-06
8.01329803398421e-07
1.4469150938414369e-05
7.0086952806668516e-09
6.193680844872198e-09
1.3283104022547038e-06
1.1440432748881156e-07
2.9220264881782328e-06
4.707364552562299e-08
6.504255314957281e-06
1.316675348687634e-06
6.098358409381947e-06
1.917604859837712e-06
5.571154503664496e-07
6.1754225354737826e-09
3.356777841236931e-06
5.327386044025491e-12
1.8446034680534543e-05
1.6047037866610409e-06
0.00037154930052639196
0.8938658427358152
6.313314141848748e-05
1.9099992916160145e-06
1.691829191516532e-05
9.539070618595455e-08
0.43107685002466245
0.004001088512225222
4.363747534898105e-08
3.506254514212126e-07
0.013401832784039698
0.9525486254079946
0.00395556138071178
0.03895901408375737
5.2198126150200073e-08
1.9426261572386447e-09
1.5425149074334657e-08
2.4882160348723893e-09
0.0007670056925193619
1.1023387048893018e-10
8.133412137849776e-09
3.9053941570997176e-08
8.174178404921332e-09
2.2478244594807618e-07
2.163997288061844e-08
2.9531461187291862e-08
2.340850656714726e-10
3.0903886060906622e-06
1.9015416892199202e-05
9.555365779525629e-05
2.325040500265455e-07
2.1935455527054556e-05
7.471508871840484e-06
6.220340989172493e-08
2.3238332060496836e-08
1.363653529044726e-05
3.0148614683519926e-09
1.2427577407146366e-05
2.321670960512031e-06
4.6488899477113565e-07
0.007784625746427433
1.5889390912359767e-05
0.00016179823712792214
1.7501973772325e-09
1.4538116767979415e-07
1.014575613585178e-07
4.925426679630355e-07
2.547517732623765e-07
3.4570149182513185e-09
5.461211501905231e-09
1.3541169998296236e-08
8.035869116197889e-07
2.261576375943073e-07
8.666998555127265e-09
1.1570002090367231e-08
2.619011105248747e-09
4.9460310705365385e-05
0.0003071983674510034
2.009657395381475e-10
9.685858945407432e-09
0.008477148447205481
1.6644095490991665e-08
1.7706775273870255e-09
5.041950287899616e-09
3.2720759848557243e-09
2.9952105709611974e-09
4.034809359994419e-08
1.0695554418421551e-08
7.786396251888032e-06
9.72532516608642e-05
9.009194761879322e-07
0.0032569196605651348
2.218600493035316e-06
1.0113591769048707e-07
1.4236408377613902e-07
1.3868165165849307e-06
3.519067802904575e-05
1.0978648863852623e-05
0.7577202877955685
7.812560396702677e-05
4.69720932612348e-07
8.730870815407924e-07
9.655061449982272e-07
2.6475313929745754e-09
2.1292243759748757e-09
9.692710371929523e-09
0.01582082341840261
8.694622272256503e-07
5.046416492191085e-06
4.730147457728771e-10
8.17757142633023e-06
2.1844355954852528e-07
1.0421637906395134e-06
6.83430363224215e-08
5.6207218619999826e-08
1.1009946909799183e-05
1.0985607376988369e-07
0.008293437503318327
0.00046327906368562826
0.406304904653699
9.392035497664185e-07
3.30447600322702e-07
8.384300421321851e-05
0.00031555039312163876
2.2384599633731786e-08
2.599834780643462e-09
1.390131553959474e-05
1.5182299576223484e-07
2.1849221872308283e-05
0.001007584811071122
4.64949598075088e-05
6.152435302427937e-06
0.0012868571385937237
0.046835135004657545
1.3419052826481453e-06
7.906319554381375e-05
0.00010363936731476159
0.014514496067639784
2.765150488245062e-07
2.75708840695879e-07
2.0783033573097677e-08
5.0814341134229404e-08
1.6435246377063677e-07
0.00011232002224996669
6.229882046618857e-06
9.183787877922038e-05
0.0021454942776434342
2.319641110409243e-05
9.887551701712441e-09
6.371203177471787e-05
5.8112271516913e-07
7.075409760451387e-07
0.9991495296556059
1.393828037597914e-09
8.555190443638277e-08
4.89660940861348e-06
7.257039445538935e-07
0.03719250712679307
3.0355497731134626e-06
2.1361121270716305e-07
1.236468197183994e-08
8.323225470406927e-06
2.9781717252798286e-07
2.426926282664663e-06
3.078031636783668e-05
1.7080451835920354e-07
9.504762764418378e-08
3.126357580491121e-07
7.669442186033384e-08
1.1118533646070487e-07
5.8770048258509e-07
0.00030895458321340434
3.5850316155117847e-08
2.08849618941382e-06
1.2095144611763293e-07
0.0033986000672277714
1.8787573474376965e-07
3.6412511093553525e-07
9.887736836560116e-05
1.5602096049079244e-07
5.177462065273116e-09
1.156228711578401e-06
2.4343772051156846e-08
9.782286528117057e-07
8.907996686368133e-09
7.022664333623055e-08
0.014383002794893896
0.002994061240132303
0.07332122736593893
0.00033620631103598877
0.04090575607821639
0.0006733925736766155
0.00011947562414265854
0.0008166745103849889
0.00011937320504043804
4.607713960115448e-05
2.531446831385446e-10
1.2653791782893269e-12
1.8461822041655397e-06
1.5961615983963446e-13
8.299581045777041e-12
7.5099662179144685e-06
0.23575265848159221
1.5953503116654432e-05
0.004758961937968437
0.007026830143738794
0.004681339702258889
0.00016669788647484003
0.0001817067671520573
0.8876972749041189
5.524140435132316e-09
0.0024438660342064617
1.9779982942788063e-06
4.487901141675735e-09
0.005419008682010006
7.992444303399453e-06
0.008581036689288939
0.019060419919767597
0.006396614145434819
0.8054305290988852
0.0035307979323995235
4.619673403070083e-07
1.656907596997701e-07
0.0020112020317239448
4.560571325210262e-09
2.7359941974906853e-05
4.883357690001437e-06
0.0004363349483420152
0.002407240681650803
4.388286926075957e-08
9.274075404132758e-08
8.676037415942197e-06
1.135146836888996e-07
1.3733245139296916e-06
8.523594150012243e-08
1.3758521734666442e-05
8.036055556509759e-07
1.3679758507936785e-06
0.0034651226964811195
3.2950164942593743e-07
6.284353502294136e-05
0.00023039514971676857
0.995361693611492
3.555319046808352e-07
7.26693369705976e-07
5.6426912512340165e-08
5.324122477313728e-05
2.2016359021870487e-07
5.144910367538946e-05
8.429635870432361e-07
3.497975967337463e-08
5.91418408235713e-08
5.034033276807853e-06
5.488277660211725e-08
3.677408988866145e-08
5.364332716666002e-07
7.324637227935241e-08
4.352619699592714e-08
2.3107076409273127e-07
2.78576467154387e-08
1.247231262687825e-06
4.407165442382296e-07
6.491764515131916e-07
4.550169087504919e-07
0.0004809597850435492
3.7040979099524297e-09
1.7963587799518868e-07
1.2493914169226752e-08
3.737770245167351e-08
0.0003270857764129488
8.337301014398017e-09
2.0387082512600736e-07
8.424089671369213e-09
0.07352390335806679
1.3641506308385112e-06
6.04382275885954e-10
1.6396597482669055e-09
7.435312429165836e-10
0.00019266318414869261
3.130902976154991e-08
1.9457977480926252e-05
5.413757381924595e-06
4.9764545436626013e-05
0.0005139235886430375
9.846732666528865e-07
5.5110343284714564e-05
1.7778091282648464e-05
0.000488064292502219
0.00584161475201027
7.810168604013513e-05
3.9712575274217404e-06
0.000251441189348621
1.023296132755061e-05
1.6273881863367423e-09
4.946607294363422e-11
8.505933334063951e-05
5.392402931013979e-06
2.384476449276494e-07
3.086413912761068e-08
0.0002895525830878564
1.0609454867006457e-05
4.50295979041152e-06
0.05050413060752027
5.656822486979692e-05
0.00012451499082944065
1.652628243983962e-06
1.2421328766885367e-06
7.510389147532038e-05
0.0007463734472156875
6.2657755978595924e-06
0.0023043233678207995
0.00264357168813171
2.7057329739310885e-06
1.5181537624752775e-06
1.8708162940572267e-05
0.596167401307831
2.6911729855627957e-06
2.4901030879721e-05
0.00011960511795808268
0.01954330840323709
6.568807728866558e-07
0.9847850392502218
5.2233575812908896e-11
3.586537663454644e-10
0.0015627933483601181
1.7422609804076913e-06
0.020184580532545522
0.3337589627455792
1.10273714522869e-09
1.2916116697499596e-07
1.219465812941764e-08
7.264682142321296e-09
9.731086842369052e-09
2.041497236902371e-07
1.276694932964224e-07
2.796549721672666e-07
2.0139713042273616e-08
7.900823564032232e-08
5.254431863352722e-05
5.432033925330026e-07
4.6450370112743005e-10
1.0385549847523782e-09
5.498036685344504e-09
4.692591952289925e-07
1.114507947087978e-07
1.2881247732746247e-09
2.8775545212116726e-06
0.00020131508221224076
4.534898791721767e-05
8.480164005438467e-05
2.272267889007547e-06
3.3339365503604976e-05
5.041618917842043e-08
0.023018635023662765
4.000373705524412e-07
7.449504176675573e-08
0.0002710018466526197
0.009050166508822607
0.0032896424839458757
0.04823123136356924
0.009961082934321262
0.00040408386905265554
0.0004977976561699678
0.00029388681316291335
0.003161081714182723
0.0008936255638407975
0.6831948459675798
0.055849863753861986
0.011660809141141194
0.18629938545533586
0.0017706410455945092
6.920881805147196e-07
9.785113657886292e-08
5.506504119830841e-10
1.1377300355315626e-07
2.562512976997338e-07
