0.9999774427078435
0.9984435834930415
5.480260956153789e-05
0.9999904070409602
0.9999999840619096
0.053238542230575676
0.013547469127846126
1.6284061281416467e-06
2.5284625554168986e-07
0.00039540188414954826
0.00045146831889721214
3.899657123582495e-08
1.4984164104878006e-05
0.00016767420724428066
5.33649438455219e-10
1.9005498970030653e-06
1.4758037599995033e-07
8.653674904157536e-05
0.9986183674572429
0.999808502128079
7.788586095736743e-07
3.0826351343350472e-09
2.6826150268842606e-08
4.481277177051408e-06
0.9996230770154021
0.9999804344696658
0.9998878419455927
0.9981163827269126
0.07879236934090698
0.0003391506980743961
0.00019465889309933516
0.008202651921393375
0.13753209022436363
0.0012745034073513328
2.742079180014412e-07
0.0001515027970173362
2.0334727735714172e-08
7.60749587178631e-09
2.7152396933137594e-06
9.63939204686485e-06
9.32010337491324e-06
1.2551636963042668e-06
1.7424574590380144e-06
8.734914813000704e-08
7.864921709923667e-05
4.224576713270183e-06
0.9994146428828099
0.9950921031730431
0.9999919668093337
0.9999811300081122
0.999999845472111
8.71844894560939e-09
4.806581923777073e-09
6.491578023749457e-09
5.327421553413649e-06
6.197885622025884e-07
3.7047868526730945e-08
1.261469409323799e-06
3.842297026835558e-09
7.369654162185765e-08
3.974810101734098e-14
5.105001201976546e-06
1.7680162536001735e-13
1.18750525592924e-07
5.268251365868549e-09
0.1450576409398024
4.539974897986043e-08
1.1374050676440503e-11
6.955461301104112e-08
4.263798773774992e-10
2.3848863668437625e-07
2.283883052680412e-05
0.00015246865298443825
2.5171007852711304e-07
0.0007045314243815315
3.0220464746009137e-07
2.277110474456442e-08
0.0005592745904847002
0.43579062670717866
0.0212595612874099
5.991801186152422e-06
0.0010211491427302647
0.9999292276640659
1.811682891234903e-06
6.453789645665673e-07
5.085592013433951e-06
6.999307101457282e-09
2.4364180382506493e-08
9.599258101071963e-08
2.7090161385541328e-08
1.1433918248814471e-09
3.302465368209948e-08
5.4845688558735874e-08
1.2195259935909686e-09
5.252088512278637e-07
1.1003578636367282e-09
2.820935454295002e-07
3.96580364679189e-07
2.974114191260273e-05
0.9865890710286971
8.884609756604838e-10
1.9446161939535524e-09
2.5195373734517143e-10
8.97213719548404e-11
7.228914294408571e-14
0.001618754353118373
6.208461319367493e-07
0.9936695968567941
8.101914289358396e-05
4.035828666271723e-07
1.7541694039413951e-06
2.932437620165465e-08
0.9999815664421826
0.9999967429957998
0.9999914325846972
0.9999999892543999
0.9999996688450923
0.9999998074987586
3.0026230887561654e-05
1.0170636006351774e-05
0.0001320054015391121
0.0283851251696968
8.312208774802693e-09
4.2804072665045306e-07
1.850947404625874e-05
6.070854301468559e-11
0.99999433517656
0.9996840455761776
0.9999874810708453
0.9999999988313606
0.9999999692771796
0.9999902304760035
3.1182214260048107e-07
3.394994813688005e-08
1.6604653426756766e-07
1.026940404212689e-09
0.9999623315209344
0.9999659672750251
0.9999958623545532
0.9999894220366783
0.9999998199914388
0.999968950484867
2.0957942337547073e-08
1.987485961990141e-09
3.9943698859666056e-07
2.5604856979886226e-09
1.204038343298004e-09
6.116286126084535e-10
0.9995341916764816
0.9999997346523191
1.0921119233277198e-05
7.730969818612139e-06
5.940753108847288e-08
6.917179439965349e-05
1.37069913744231e-08
7.378314153001292e-10
4.491465724453187e-10
4.857869930925409e-09
7.39831497442116e-07
2.134289722822457e-07
0.0002629426123023312
3.7993822696987366e-07
1.1333944342594795e-05
3.5342964535312136e-07
4.392062439994947e-08
3.258214101869449e-08
3.5665837966177655e-08
2.161937498146907e-11
1.3206106428235657e-06
0.999996900511331
3.8444244696382475e-06
1.0125801154217972e-07
9.713923745605029e-05
0.0001510813161787407
0.000959277952322387
1.329858068381009e-05
0.08259379662917496
1.3917894183895923e-11
1.2231252047349888e-07
1.897940639153111e-06
1.2198467364579725e-08
8.143561897470264e-07
0.004188626586512435
0.0001427449637281944
5.997067807903311e-06
1.5202160560903014e-07
2.234531868589365e-08
1.023556089339098e-08
6.085684198814268e-10
5.346896997772883e-10
3.305039952025671e-10
3.796034940582592e-08
1.6180977136663711e-09
8.585688395723966e-09
3.0542452503359336e-08
9.705314853183408e-09
1.0642704778931255e-08
5.604234218591561e-17
7.397037919153473e-08
2.088625326875193e-06
2.0129032367163582e-05
5.191688142136589e-08
1.2418640147116803e-06
1.9016676805762524e-06
3.678321369768017e-05
1.1580455585646639e-05
1.1676458168805553e-07
1.131448665813428e-07
1.9834876001222235e-06
6.4500307584309425e-06
9.18756053266737e-09
2.9228887044263566e-07
5.779952346909813e-08
1.1993361230917228e-07
2.6256268694165644e-09
6.004595545023556e-08
1.213379927477541e-08
6.678839686120149e-08
2.2585793687780323e-06
8.427286804528479e-07
9.323643619956336e-07
3.59874749646594e-07
1.0824958538593042e-06
1.0377893540178937e-09
0.9999330916149093
0.9999852851549895
0.9994966236307807
0.9845054074477466
2.4610342479877648e-05
2.9175175851938748e-08
1.6157886362079646e-09
2.7970701931655566e-08
2.3981576861099206e-08
1.1623309383969896e-09
1.2268776570058702e-09
4.252149850218107e-13
8.093218245587697e-09
7.711211422383552e-08
1.6842850101520156e-05
4.9706638003315095e-08
4.41617967031631e-11
6.49422551948082e-05
1.0787279282529967e-06
7.020654843101045e-06
2.6985921301548134e-07
3.697804935721234e-07
1.040377935434009e-06
1.8685623457193908e-07
4.935615678065566e-07
2.6094038411781607e-08
5.433949318408455e-09
2.994368864373358e-08
1.7542307324703646e-09
0.00010914126114789085
3.6622410847734946e-08
2.5596957522306055e-09
2.5954251965568405e-08
7.905848302967976e-07
2.1415235080899966e-07
0.17656745805401483
3.360379967850335e-07
2.5191657132898266e-12
2.1294897586863065e-09
4.751541926137968e-11
7.300656281451177e-09
1.1544591082485978e-09
1.1915812152814914e-06
9.375218862630773e-06
0.00038804014853266
0.0002604444120463478
5.244777623062262e-08
1.1431175386380974e-05
1.891321847920529e-05
6.550712195305473e-06
4.119662339124606e-08
1.952320777908178e-09
1.0666751072622966e-08
4.031147328985614e-07
3.9336604945556147e-07
6.986896979233638e-07
3.04511484551242e-08
5.978926699205912e-09
6.506906531314593e-08
5.182198989926421e-06
9.72640572079866e-07
9.369318565050362e-12
2.2649791611310777e-12
1.1513719198115902e-08
1.4513885638239955e-11
5.86028276373381e-07
2.558161081363927e-09
7.174288324647606e-08
7.794757206279915e-10
4.11257211406673e-05
2.456486386209516e-07
1.1395918226908976e-07
4.35954463974804e-09
1.4328627508437383e-11
2.4969109792296737e-06
2.2986104756579725e-09
6.389848472723447e-07
1.6517908257793652e-07
3.393638763473847e-07
1.415006486248269e-06
7.106211884559797e-07
3.919539385920718e-06
0.01773383722811778
5.5958629409028844e-08
2.941249298763997e-06
4.2727670368489777e-07
1.107712819146738e-08
3.253775348375359e-11
1.4695616358104667e-07
6.9200781408369475e-09
1.3742251470304502e-11
3.7600562985975935e-11
5.122830025887326e-09
7.342216188038708e-07
7.325025225053302e-08
3.045577679160371e-10
1.4129527835115919e-07
2.959033890053308e-05
0.9870594504343193
3.4552321355763784e-10
5.992006228756729e-08
3.641381901421874e-08
1.811613956817526e-09
0.001712582869673227
0.0507496822725562
0.0005021829439563211
3.810920600268672e-09
2.3257556097668407e-09
2.9968603686639915e-11
4.752134780898324e-09
7.464212158086525e-09
1.5380933073465033e-10
1.0357172664057229e-09
3.0583724299890034e-07
7.232425665056e-07
1.6663216984451848e-08
5.159472265796042e-06
1.1215633514224504e-09
1.6786882291432457e-09
1.2817769615330874e-09
6.202351865603322e-07
9.169757662301448e-10
9.126697304638171e-11
3.160594816823391e-11
4.371100208047676e-13
3.013398347944753e-07
8.838960181064868e-06
2.0071300416299065e-07
0.002615300102545737
1.3911458330375983e-06
1.1966344748411094e-11
9.104953618139974e-08
1.1384987613815853e-12
0.6270381089404403
0.3250599033730239
0.3625876281580444
1.1206108195564894e-07
2.903738822605729e-08
1.3323041274632255e-07
9.97034792933569e-07
1.1176253878933121e-05
5.22080664523087e-08
8.136010440064268e-05
7.1510465070096656e-09
0.7619860121658102
1.8882824174031753e-09
7.696085871568268e-10
6.537155324853764e-08
0.9974639347732608
0.9959775938061599
0.9989307413562174
5.230515292828777e-10
6.994774726079653e-07
3.7779468562524155e-07
5.52350874293203e-07
3.551154047176842e-05
3.4339302394529124e-08
2.6808599795663436e-09
5.977799006994051e-08
1.2369843008891956e-12
1.9344913939928426e-10
3.349754262649824e-09
4.281177515051774e-08
1.8848834451874555e-13
1.5544133948180592e-08
3.259100535799806e-10
8.189878995229607e-06
6.1281631764024875e-06
9.330768166474535e-10
2.791530917059385e-09
4.891208693894685e-10
3.164469487439182e-07
1.0179947727679775e-08
3.716538175256666e-11
0.0026759899216622354
4.5662588056816155e-07
2.5153889377303264e-10
1.2113773556082359e-07
6.331845816396912e-05
5.327676654153454e-07
1.71977956145825e-07
1.0798528144721303e-08
0.00021599776923652232
0.0001858781140837468
0.0005689114904786785
4.5362183918440255e-05
1.5908854343812608e-07
2.87076374335069e-06
3.567589994257033e-09
2.72509529592467e-07
9.110741789722918e-09
5.658923958382023e-08
1.8968534042369564e-08
0.006028408798910403
0.0004912585824354514
1.995414771264689e-06
9.663235778113161e-10
1.2023302019981699e-07
9.961555716735946e-08
5.206891491621972e-09
0.021715347523863754
0.0007566041272552327
0.0776616424235432
0.0001932755485394795
3.318694581716763e-08
5.792902890393851e-10
0.00019900524147034357
1.2611692161078269e-09
1.8488971881575357e-07
0.022594184756395998
0.0027664641438679125
0.0006148887833420431
5.591738671157275e-07
0.02196986787454101
0.00045777988384067346
7.620503980533088e-06
0.0004682369986873213
2.6140751510501777e-06
1.9355643205494858e-05
0.003514033585921895
0.00823311119976479
0.0016435263895022186
7.149063424384079e-14
6.2851018043237615e-09
7.127423219284274e-07
8.853219904285221e-11
0.00027757457697016164
0.0028674155151641057
1.5063760792643583e-07
0.001455203762163035
1.2517639085731493e-06
8.334983151676945e-05
0.01070168749606894
2.598394982622959e-07
2.9443577654124098e-08
7.444381092193598e-06
8.945882856938867e-08
0.00022330196722043774
0.0003643361984692457
0.16513442715471283
3.1511934550766693e-06
3.327276761059248e-07
8.02424610702484e-05
0.002980880682351638
1.0949479813206134e-05
0.00017499465159244643
0.00015437977869438722
0.00247571069295212
0.026608035408796957
0.7309192530745419
0.9268517859746132
0.7908731947555605
0.0003397532022865781
4.4013582243001635e-07
0.0577919838886971
1.6555756098506117e-09
4.751487036174932e-08
1.6750464186952565e-07
7.465281073230972e-08
6.783017357493315e-09
1.2847965613851665e-08
9.320749124367742e-08
1.0669715159838968e-07
7.365986924000786e-07
1.8114946436160474e-07
7.2557609647074e-07
1.0817107357064799e-07
2.5457123522093513e-08
1.1526684020820038e-12
6.308305357933317e-10
6.366553811300125e-08
2.5620880173331018e-05
3.231709220596417e-05
0.00018509682949965228
1.3709941164479215e-05
0.04630227508643049
1.3690723656074898e-05
0.07513172275235673
5.801022047008235e-06
1.308319844313517e-06
0.00015696733351440892
5.6845057136811596e-06
4.7243708482721276e-05
1.794455146419356e-06
9.373113991143063e-05
0.0005185798379553708
6.277385153298997e-06
0.0014478074890670136
2.0929901429194887e-06
4.797504741235729e-09
1.040893475447126e-09
5.4976387960746303e-14
5.0702197964578806e-08
2.2209915076201869e-10
2.3734224574143695e-07
9.147396086284721e-06
1.0700086400618577e-07
1.02981146473861e-07
1.4500775403005874e-06
6.328765088576527e-09
1.7004584526224817e-06
1.1759218135519045e-06
1.0934287154615111e-09
4.6886467585125625e-07
3.1635093164461125e-06
1.059204119252318e-06
1.205336733958108e-07
0.01285273634974007
1.705932489096685e-05
0.049642236481369145
9.1087502845585e-05
9.365951962623658e-05
0.00011066478736783865
8.753429538374656e-08
2.2002881555017483e-06
5.0831132779865065e-06
1.3137435022205844e-06
3.721568095494143e-08
2.1151524661948322e-06
6.432093383525027e-08
6.7894961447082615e-09
6.824391020225559e-08
1.2815786980319857e-08
3.2370171299049886e-05
0.00015713988974536185
5.68076266187704e-07
0.0005356726100010498
0.00021759614928376674
2.295367721434354e-05
2.4459964263804744e-06
7.249668162341913e-06
1.9171437030829035e-08
2.3965109308432183e-08
1.6668926024288823e-09
3.945741421803948e-06
1.3436725481304266e-08
5.089314550108944e-06
5.07324079671191e-07
1.40634901541152e-06
1.64198120395411e-07
1.0572952013006925e-05
1.1070555035772662e-08
6.015090483277525e-08
2.8404141824590173e-05
1.1702666130309296e-05
0.00033901387569616693
1.7061356106540672e-08
1.581407828183136e-05
2.1331766792777012e-05
2.262399608281415e-07
8.097353369856499e-06
0.0013813497771411013
9.467524129385755e-05
1.2849259824724633e-06
1.6201158116255954e-07
3.6428063130154965e-06
1.4140326219182272e-07
7.201835747516522e-07
1.998142563986878e-06
0.1021219070058875
5.845872066640271e-07
4.7035987749570204e-08
1.79295320423281e-07
3.219171230550581e-07
0.00013668476205883415
1.9037254527237722e-06
4.2409991118538405e-07
3.1775456125845495e-05
4.3435093852962914e-07
2.3827953282821437e-07
0.014644394029409348
3.272196445327279e-07
2.5067558902060523e-08
2.0240740796305024e-07
2.789510147449233e-10
6.673486972077822e-09
1.808476409070444e-08
8.914377206948668e-06
4.0788116727939346e-08
1.8661255598349156e-08
4.237918461717378e-09
1.795935206849144e-07
4.907440649545713e-08
8.28198392329869e-09
1.4764598289544068e-07
4.2082652931659573e-05
1.250639555183145e-05
1.1197550849512455e-08
4.5078353318744105e-07
9.678424649693444e-08
3.138776068291713e-07
1.2236551198390937e-06
3.1626383352837665e-07
0.9966841770716982
0.0002103086151120199
0.00036517485042710386
2.5675027758356673e-08
5.924647674043713e-08
0.00010798521303178114
0.010872612631031824
2.1903275612985583e-06
0.0021450441229998066
4.596501325390961e-09
1.7523432711255543e-06
3.365635094807981e-06
0.00013611066258305076
6.635806030310985e-07
5.890634176693869e-08
2.1499907900735686e-05
3.9274725460175334e-07
9.434615913752665e-05
3.2186791246670104e-06
1.4451376830519243e-07
0.00010835479479419254
4.260938695027633e-08
5.6616650278187945e-08
1.1651408369393797e-07
2.6004197865078434e-08
6.804370995284234e-07
2.7049374098806994e-05
2.3326839861125786e-06
4.75000808712829e-09
1.5290716199874338e-08
0.0017189663084669975
4.265404499774865e-07
1.1029983986506362e-07
3.6624398205489064e-05
1.585715358414834e-07
8.610141381197579e-07
0.0233053897181741
4.685238311997704e-06
9.883472345224856e-05
1.3424197688707596e-05
3.382888867597039e-05
3.288224411956799e-05
4.5311468342861875e-08
0.0010428393909252304
3.6896639396869286e-05
4.653687511628882e-09
1.6235436980553613e-10
5.749585388085801e-07
7.780663036449302e-07
0.12799451783379912
6.0941563274542245e-06
3.694728674869426e-06
7.344119275844619e-09
2.8725883790271973e-08
1.743066101296195e-07
7.920832110565859e-08
7.553748867520402e-07
6.690491918083244e-05
1.8549792248299185e-10
1.8567459095636065e-10
4.0176768027559285e-10
1.146122687178631e-06
8.061571278841173e-06
0.0022823926587585914
3.119581961756908e-06
0.0126576798139557
2.1079500275999905e-07
2.3893096253936973e-05
1.9347863730203556e-06
0.0009914882021277718
0.05183104871212513
1.5993888182490686e-07
2.791822074489476e-05
0.0006101790816486617
9.510233437516935e-08
0.07585451688285533
1.651889661364329e-08
1.3107759021133113e-09
1.5492895458750812e-08
0.000261749387828264
7.84191879974905e-07
0.03296652302628162
7.313194811402984e-07
1.0845902479597777e-05
1.0997943703526414e-08
5.353524389504108e-07
3.164652169671152e-08
5.175737170123676e-06
4.863667589648067e-06
4.8821346539064675e-05
2.679148158260252e-06
7.126534654223469e-08
3.0794915836015176e-07
3.7755520682258354e-08
1.0603610665351802e-05
8.84425473207626e-08
1.6630209520138782e-06
1.3786241636984005e-09
8.149317995968524e-06
2.7284597590432627e-06
3.1238927120904687e-06
5.745474668546825e-08
8.187956376869302e-08
4.756578080541092e-08
1.0499163813872244e-07
1.733833521174454e-07
5.579961299002451e-07
2.0773496660789304e-05
1.5300600373009536e-07
2.0013441009708648e-10
6.671292563742013e-08
1.2978899711951784e-09
1.8928461571996884e-07
3.7973199069151285e-06
0.00033600705013601793
0.0002907649462952176
0.00040598763567382506
1.943835009980576e-07
3.4159889693256613e-09
2.7335894349374086e-14
3.2566790744432245e-13
4.652737752336858e-13
7.693882384044609e-12
2.89626359915697e-11
5.407218175372837e-10
5.031722689981755e-09
0.9991122792679956
0.9999670653924915
0.9999970901161146
0.9999998107683926
0.999692436439604
0.9999905989689024
0.9999527761089567
0.9999978226970645
0.9997775127418211
0.9996515561816862
5.9871429957736796e-05
0.9999584409792163
4.9608975127854634e-08
1.9351333131795517e-08
6.433216983670255e-09
0.0017901757596567923
0.00028607298080754066
9.212878404366e-08
2.5297898352405753e-07
2.188973760094329e-05
3.0289496019371405e-08
2.832443240762896e-09
0.00021687345909789937
2.5117746842927595e-06
1.2950851643221233e-06
2.340778126848133e-07
0.005177899810848398
2.8413362087999508e-08
1.904744310550233e-06
1.1832104761172471e-08
8.563829189049769e-07
0.00014231244467954394
9.74745879516773e-08
3.9015350483469156e-08
2.253938665193144e-07
2.403696395777092e-07
3.9976137037878646e-08
1.8316578824508238e-07
3.148856522277496e-06
0.0007300184899226963
0.0001339958632242536
0.0007034885495579408
6.618159200892211e-08
3.253807966230495e-07
1.6225068822771323e-08
5.85328226189937e-09
2.415329028091327e-06
1.3074534767970785e-07
1.9221413294628991e-07
4.8777097933191e-06
8.176276468726728e-09
4.368851569279776e-06
1.4542517474128386e-08
1.7739488712287078e-07
4.749079614049557e-07
3.381313867354001e-08
3.1448695912461085e-06
2.364562316062961e-05
1.2030766995829167e-05
0.00012223827309935226
7.739952435277841e-07
2.356099350930383e-08
9.6794839057478e-13
3.6209381245223184e-06
8.220035921381013e-08
0.00015297668861458772
1.7788903125839155e-05
5.3954114409794683e-08
3.342122741145826e-08
1.1224473406734302e-06
2.2434364751568524e-05
3.8454346533142596e-05
9.919959360712449e-10
4.3384496483220994e-05
2.1365789004937497e-08
8.420219986586054e-07
0.8827001800405588
4.150537879795465e-08
0.0001028660409064544
4.6639669344706116e-08
1.236718496630146e-06
5.903136869089879e-09
3.2432033051955336e-08
1.2646247925321456e-06
1.6165429292173216e-08
9.789190901402473e-10
5.546100123770299e-06
6.837379029642724e-09
3.701638806653281e-07
9.602253285214504e-10
1.3654114766790121e-06
5.00095243683153e-07
6.356095767498395e-06
5.539620275377346e-09
1.39065277139286e-07
3.1218896971919177e-06
1.700032531348827e-06
0.9978911551505872
0.9999995499363381
0.999999994860526
0.9999733992752088
0.9999979679285402
1.293725229343258e-06
6.819275083655289e-06
9.964774630686302e-08
3.4303246409607597e-09
3.0727662496894805e-06
2.6127769190767268e-08
2.650634980591951e-09
1.6310911674216744e-07
2.975308660533637e-08
4.801949706171237e-08
1.126658601222594e-06
2.50391978489748e-06
2.8345580220403928e-08
0.00035959632657211105
6.290227717088383e-07
0.003964603163825535
6.982562510602217e-07
2.2978424299277282e-07
2.7567053332318307e-05
5.891167786995004e-05
1.6819321338801088e-05
6.087917373001551e-11
0.9999977368938078
5.824032707827264e-05
3.8514945346010765e-08
5.510346749301356e-07
0.03345852192936383
2.495116069491582e-06
8.023868155819483e-09
5.388786551097706e-06
7.029370618619594e-06
1.8899704999326887e-06
1.5160811100353742e-08
3.2739873000361734e-06
1.4571778433691336e-07
4.0584309355145025e-07
2.0111050668384457e-09
5.4641518428721517e-08
2.8797991710352796e-10
7.189183872648779e-12
6.442040515749563e-11
3.6042844819162806e-07
3.178945664027932e-07
2.0813466631018038e-07
6.004066089815136e-07
1.4128782755325185e-07
5.5630313730194427e-08
1.915600659636989e-10
4.6258488620485806e-08
6.189533317769437e-06
8.668656959065202e-09
2.8971528039366102e-08
7.755300177037023e-09
4.142513033715135e-07
2.8834693242143054e-08
2.7977622006554587e-09
2.296610960837823e-05
6.990589612586368e-11
1.0140174168251848e-10
8.50699160421669e-05
2.91120705535827e-07
4.599099604442008e-12
3.4812769283112327e-10
9.162633539193877e-06
5.357293624125045e-06
7.718278384198206e-09
3.751318018195858e-07
4.5295314869762414e-11
2.778087522972379e-10
6.656424667766649e-05
3.3154255863509993e-05
1.0073516189079572e-09
2.341078444425075e-05
1.4129723737167909e-09
7.787062262555914e-08
6.787767344285461e-06
1.0438020390756672e-08
1.2970353023570248e-07
9.964002537035497e-06
4.118503873780791e-07
2.667691749674758e-05
1.6893283644679474e-06
2.4571073934748263e-09
0.00017239753456537544
1.3018005632730615e-05
1.6897788864481506e-07
7.831283672035592e-06
4.539303704226375e-09
0.00013844329863712436
2.7563857474923802e-08
5.0633882295670394e-08
3.183488349171955e-09
5.1372795802258505e-08
4.436189054253674e-08
4.114924993686063e-11
1.007008684032837e-10
4.1678711440306145e-08
1.5662668071459995e-09
3.9483476388398725e-10
2.8460617668893027e-09
5.266064406598313e-11
1.0463517162422819e-10
4.008638455956451e-06
2.4840066380172816e-06
3.893216788649324e-09
2.9061184416904326e-05
1.1318966794931776e-08
1.1210685877759999e-09
1.7096979367054711e-06
1.1060708706764048e-08
0.0007030636842881416
1.2484076511914397e-06
4.839130774839173e-09
3.315906025540316e-07
0.9794854101466817
0.9610337966741458
0.003131584500847184
8.238861232212838e-07
0.00013528495709427398
2.4323259950011573e-09
3.089583194854307e-08
5.581351797051458e-06
3.5620836118878874e-07
0.0007180365623613495
1.378251739351002e-06
4.2871272312517426e-08
1.2657550756364282e-06
1.645745177937619e-07
6.940255604772842e-08
2.2130852567222336e-06
1.18953911234855e-09
4.737993476590386e-07
5.726262587433168e-10
7.030044225066215e-08
0.0002656617735571314
0.00017319607438417945
3.6441983590682795e-09
2.723649546410873e-06
6.327700071939891e-09
5.603535973432783e-09
2.6925457493146994e-08
9.364283786602865e-06
7.246791367286633e-07
2.3042566096856937e-06
0.05634737551416939
0.00022459877234002845
6.986840343682632e-07
4.5530692261693024e-05
2.0682800408753338e-06
1.8802020222881835e-05
0.000239043443544841
2.506272736545156e-05
0.00010274784499968235
1.9385001841295316e-06
2.951557868794454e-05
7.794843080538717e-05
4.5777545923941936e-05
7.12216980480726e-05
6.276092788108097e-05
1.4936541702388455e-05
5.384503831072575e-06
0.004640781855616281
3.173879744527025e-05
1.0678047845085208e-06
3.726775011378274e-06
0.07259908485187382
9.958162275037501e-07
1.436284617490987e-07
4.421778252936841e-07
1.4405693854731102e-07
3.489404177015281e-08
3.0698462993894913e-06
2.5287059205183354e-09
1.339453084473757e-07
3.5971392615120546e-09
2.5226304310510335e-06
6.960081970091533e-09
1.502015112188483e-09
3.3685080331871194e-08
3.415702771740364e-11
1.281864802659479e-07
5.608298968794035e-11
1.223145343177498e-06
2.1992386846886556e-08
1.1833830325493214e-09
2.7354141211283115e-09
2.426164649270897e-09
1.4872441229725627e-07
5.4625406301147634e-08
8.59727030006219e-07
1.291694074712984e-08
1.0964022054729966e-07
1.4701776986189115e-08
1.143475210948521e-07
9.961930084623039e-08
2.237212524663073e-09
4.732146768987939e-08
8.628953838560617e-09
5.248362593014992e-06
1.1614150531826989e-07
4.5326427430676163e-07
7.526284562895128e-09
0.0011594701197093704
5.025562930173012e-05
5.0889490237909907e-08
3.55814247348802e-07
6.674171641501413e-08
5.0935583520934746e-11
4.089025178334652e-09
2.8796560203333822e-05
2.2639199769771573e-07
9.297533783862559e-07
1.8519034151559848e-07
3.553968997766867e-08
2.892497178385693e-08
3.419786298078183e-05
3.2613223980669103e-06
1.4831576463916768e-07
1.807120213237753e-07
5.5337217883875625e-08
3.782405460360754e-06
1.54334428622457e-07
1.9295691279836622e-07
6.220338813921693e-05
2.448636200756949e-06
4.6730125069590936e-05
1.7442663371248906e-09
1.3714300502391762e-05
0.00014037241468577318
5.225162296062693e-06
2.0487305348472204e-05
6.895476783258247e-07
1.55503097999482e-05
0.0001179598143003712
6.897757327368118e-05
3.7605494249725526e-08
8.342398940411897e-09
8.584242625102451e-06
0.0003734558285562746
1.1176270570071005e-07
4.180267569294432e-06
1.4479128334206e-08
1.1591208234646638e-05
3.2151474870130656e-08
2.572557572631445e-06
2.977075126143209e-08
1.1417781893733755e-06
2.1741622184603347e-06
1.0399290027909542e-07
9.85431193586045e-08
2.445977655867922e-10
1.610266556920217e-09
2.4475751219817878e-08
6.166122585730289e-09
5.294128229728981e-06
8.901731677787304e-05
3.4525296923682206e-06
1.0554227730983829e-07
6.712036392895771e-08
0.0001405588003780704
1.2207005895411064e-06
3.885644136347045e-06
1.4425303080977968e-05
0.00012064627508756279
4.103703487483326e-06
6.963404246550822e-08
0.0017571354629385845
0.0007170008152725754
8.61379470143335e-07
4.5523279126969894e-05
1.6365676136385453e-05
1.4768885984898037e-07
1.387287690040966e-06
0.014256362725916337
1.613410839347934e-06
0.0010327290763658308
1.0345857518534755e-09
2.089804199549369e-10
2.3745626698701405e-06
6.12839342608247e-08
1.4597733704436382e-07
5.79386691753061e-06
1.3194569267582343e-07
1.3808894337536682e-06
7.204204660060197e-05
0.03083684675529711
1.2098276959796434e-05
2.1549905141838662e-07
3.8253598500319525e-07
4.0255689244617015e-05
0.004876442069463999
0.00012198610463829227
5.298607193975643e-08
2.7034045510167508e-08
1.0770665316120583e-07
1.3706365417340702e-06
2.682472608126058e-10
0.0003025332419653175
3.4793993824296335e-08
2.6767836581983585e-08
3.90955934046951e-06
1.915082180746679e-09
2.5736547817808833e-06
7.129879692485528e-07
0.00021198281261729295
1.4228789872803385e-08
3.45567307386994e-06
9.930461789385943e-07
1.7696709044742352e-06
1.7848573167344792e-06
5.292203614580892e-07
7.019715190985605e-09
1.9044869532151077e-09
5.950981566082925e-08
5.594316201637699e-09
2.1391817931395213e-06
2.8958647582609595e-08
1.8576875395846104e-09
1.290147070650495e-07
4.906198584983671e-07
6.520320678152154e-08
1.4463909937663347e-06
1.02116275818174e-07
4.584961732837526e-07
9.493932957123234e-07
7.420529760023223e-08
5.814496878929392e-09
2.8211252489646527e-08
1.2691559422640458e-09
6.239487102981422e-08
5.548716840383856e-07
2.434093319201545e-06
2.1390286052409982e-08
2.729285091531158e-08
7.289280366431373e-07
1.1205630971744674e-07
9.082855797943516e-07
1.118154068800775e-07
1.6058447475354428e-07
8.537811449563477e-07
2.1473144579876678e-07
1.8546341072729637e-07
4.3004971853231676e-05
6.056427429859155e-09
3.6040460854982753e-08
8.203200851816242e-07
5.8555376546740376e-08
1.5820908269081968e-07
3.615624856103216e-07
1.5242016082667566e-07
7.022989200481307e-08
9.037318468468448e-08
1.3723243780203872e-09
9.721531197562795e-06
1.1397306825439396e-07
3.1193642588871625e-08
6.71619693627422e-09
1.316034730678847e-06
1.4822185300592187e-08
2.0494303179621427e-07
2.4518199333622705e-08
5.025040095990231e-10
7.00309374759764e-07
8.50176634470496e-10
3.31495874024777e-05
0.0001612444129129175
1.161549493080208e-08
1.3444996161845026e-07
0.00026349902671580117
1.7564140014825116e-05
2.114732239725238e-10
3.807749500645571e-10
3.7775975932648886e-09
1.0004403900908701e-09
1.3479105918787832e-12
2.7825893480974844e-12
1.9242355990105036e-08
1.6810247473187527e-09
3.03702411926037e-08
8.607206467634013e-10
4.8943079998576575e-09
8.971551874496333e-11
3.5016226499919115e-07
1.648801417455096e-09
1.2917489266519704e-08
4.031203721635945e-06
2.3643295690284167e-06
6.650514432475541e-06
4.305663556987465e-09
7.133496622410748e-08
2.672293302375735e-08
3.1736462692826444e-07
0.000342456654862376
7.894073625151055e-07
7.1619692405432035e-06
0.0005449158395662259
4.861386349032121e-07
0.0002619683029217087
2.9534588237555725e-07
1.6274481513868136e-05
0.41042871631225025
0.001036321701320969
6.911571292723287e-07
0.11490737564883227
0.0002276961835206846
1.2240087168105883e-08
2.6211425272453295e-06
6.682264321302986e-06
4.790358187439976e-07
1.9352736894280782e-08
1.992239578766062e-06
1.788117897683724e-05
7.309291350132555e-06
4.598482245940579e-06
0.004658619798571792
1.7558589509387835e-05
2.3784837664938418e-06
6.136667055922154e-07
0.00017775431580937146
8.244820897284042e-08
3.9660395391867863e-07
1.1594352360509855e-09
4.272222358453716e-07
5.411461008815117e-07
0.007626856201871331
1.413175879026912e-07
2.8448651888086603e-07
4.3686433181308e-08
1.0288268401132082e-07
1.1544851485750983e-07
8.26342628516906e-07
2.0548746149020258e-07
7.887872092602002e-06
6.081957273515725e-08
2.2389351226642293e-06
5.8223328423111344e-08
4.6510272555016615e-06
9.373531420879897e-08
7.909772097072063e-06
9.789657675892392e-12
1.0306116459386225e-07
6.646163659796113e-09
4.7510732136871804e-07
2.2981413419306722e-07
4.986910229518858e-09
2.828803918489555e-07
2.0480215441076636e-07
1.4614773910410767e-08
2.0128629801564422e-09
2.9490155783652285e-09
4.174264574125404e-07
1.3583109990176028e-06
4.1809444224961217e-07
2.5183262759865144e-07
2.1820396009280958e-05
1.575054478505457e-06
3.767539996010587e-06
7.488035563152013e-06
1.6010689931978204e-07
6.176250202878106e-07
1.2120444968374922e-05
1.268008733754271e-05
3.0757886954449015e-06
0.0003110696578645176
0.0012884257208082342
0.00027632170118679835
0.0010892705446372975
0.00015509994269996585
2.8889311860262475e-05
1.360829708577401e-06
4.972707958878029e-05
3.766678728732117e-05
0.0012419759085013666
0.030556179645959674
3.9143956250895384e-05
4.0699714208006e-07
5.913086435832344e-09
9.737317383770862e-07
5.59774628670522e-07
9.667385945283372e-07
3.0995477273714776e-05
1.940671356585641e-05
4.9478382730225384e-05
0.00018849543348383062
3.792416537890141e-09
0.038190930182273417
0.00016877928479567693
0.00043478492738505863
2.5137939036880934e-09
1.247935612933089e-07
0.00018727118137384623
2.2368685011494753e-07
4.440220817650953e-09
1.8594882033132008e-09
2.099554200438226e-08
0.9999874091288574
0.03210169928358512
1.2475132151768714e-07
4.64243831871511e-06
2.070937709461149e-06
8.581062975197524e-06
3.607457737947493e-08
1.0265167691448629e-05
2.241466946294929e-05
1.437371379855297e-05
2.6292830337393252e-05
3.9583949812923254e-08
2.4705474936007196e-07
2.3039039688066296e-06
8.682871762849552e-05
0.00013635306365104488
1.3824765999795982e-05
0.0013777361189169684
9.945407704766942e-06
2.7563363264828462e-09
3.611775690342763e-09
3.914835960383927e-07
6.869647273753434e-08
1.4120021560229605e-08
5.387319789412502e-08
2.716732902853763e-05
2.7144795843815745e-07
4.791486062428687e-06
4.99764483599752e-06
0.0017797995757335594
0.00046009337681113
4.980184838943834e-07
1.207780765615543e-08
2.3696306878652977e-09
2.706707013954973e-08
4.140908342388535e-07
7.324229217179965e-10
1.2174122897713112e-05
1.357517870230319e-08
4.9795127536967135e-11
1.762400898664403e-07
5.158153083933299e-08
8.734033857506157e-08
4.434266275600716e-05
1.7094409721026792e-07
1.2607664480771138e-05
2.966177671320342e-08
0.0003369958482130889
1.826452641205933e-08
1.817974311419877e-08
1.952706034938197e-08
1.211549628196433e-08
2.2414354188153673e-07
7.358173381268233e-11
1.8231868547820778e-09
1.028399685431222e-09
5.553672356200163e-09
1.1627659151376457e-07
3.915757112421713e-08
9.172963965570805e-09
8.554629236000555e-07
1.028497562171586e-05
2.6248680232724688e-05
7.878400138970696e-07
1.8167034752263248e-06
0.0005553931810783232
0.00011704599784174447
0.00012734714270301494
0.0001008908037940926
0.00010856352832034048
0.0001495099156665108
1.0728207044104748e-06
7.583424927638342e-05
0.001482459903531516
7.969307411183334e-06
3.0289026557069102e-05
1.182900417026988e-09
8.930103999755527e-05
1.50853850697798e-05
0.013828275745452217
2.550872958786857e-05
2.30492816981903e-06
8.372847252784426e-07
2.3096985543860443e-08
8.31505322765753e-05
0.0037332296417707015
4.003514752919594e-08
2.688115162678986e-08
6.247593560840999e-08
2.3001852216306475e-06
4.5038633029558546e-05
2.206763315060539e-05
9.828786553469968e-10
1.7876455220434325e-05
2.494897265205027e-07
2.9612219114115395e-06
0.004105029082272699
1.447019649016676e-05
0.00019657474636971192
5.072797971811058e-07
8.624746752977304e-07
4.952727647874e-07
5.609401184145976e-05
1.169800344214605e-06
1.1469131945593356e-06
6.613373679873177e-05
2.6262109544255735e-08
8.411212382782537e-08
2.6598407898941596e-08
7.217874934201093e-08
1.0102429502055086e-07
2.9215577830204224e-07
2.5612717297273345e-07
8.104010529412013e-08
1.6078238695310814e-07
1.8613794953310457e-05
1.6449138354773677e-07
2.2980110365070285e-06
1.9792758391229556e-09
1.5021306207930201e-07
1.1555683978997256e-09
9.095048181881182e-10
2.4563108844658384e-08
3.3022219417796055e-10
6.757862861636949e-08
4.630071038982177e-08
9.26104808309234e-09
8.962263170415939e-08
2.0061657941917777e-06
3.869886368049249e-06
1.5524363430394132e-07
1.3555784781902454e-07
2.24757107959961e-07
9.329854639250784e-06
1.309333619989446e-07
7.735814591485314e-11
9.162968876361956e-11
6.99516511207237e-08
1.209815202723696e-06
6.674788194802878e-08
2.046327934292569e-06
1.0766590874900451e-06
3.5706807980981705e-09
5.011935535530096e-08
2.793985206677764e-09
1.4177247553228635e-08
1.1094963234380913e-09
6.075488339220825e-08
5.267144426044595e-10
7.097314908905854e-10
8.765517866664336e-06
1.5667275773255646e-05
1.0805192945059622e-08
5.8732273200838935e-09
8.134519553251931e-06
2.6054775731125463e-08
5.8543057371266206e-08
9.64319627978632e-05
1.0088417465647177e-06
1.1656236235817984e-10
5.351927504419088e-10
1.7985436271870427e-08
4.973857164739097e-10
1.8093885821261534e-09
2.4506756413885294e-10
3.2710225007464735e-09
1.014925619537451e-07
4.369227452795334e-08
1.5518081768223887e-07
2.9634045769697824e-05
2.4778000045536667e-06
2.5698598074920802e-05
6.235333183555151e-06
3.1892119352128785e-05
2.0588071468510604e-05
8.155757565649982e-07
4.857641656766375e-08
4.0596875168872806e-08
0.00028288435067793803
6.765462095129489e-10
5.981546510414769e-10
1.0510831193598441e-07
2.7558498129604367e-09
2.377374860354362e-10
5.490213579295768e-07
3.1026117934239393e-08
7.231413652403637e-06
3.2003438064894377e-08
2.7418271051610533e-08
7.777903482524205e-07
4.207812626360767e-09
4.383321803896225e-08
1.1648537253438456e-06
2.2494277994798045e-08
4.154130798542849e-07
5.143949925684323e-08
0.00034995927430552713
1.3163639658873967e-06
4.02747856566338e-06
1.6276583321937755e-08
1.0964513301252815e-06
3.829082963282999e-09
4.160463180121875e-06
2.2682991353529843e-06
1.3906735115889203e-08
4.721867660670353e-10
4.2142047452477535e-08
3.095395827892528e-08
1.5840372086902846e-09
1.7300093356670135e-08
2.3316813250512935e-08
1.1172934478996546e-06
4.4851115521393125e-10
1.1144014771327541e-08
5.174715964272587e-08
6.785735747648719e-11
8.884946208110398e-09
6.425797631619956e-05
1.3688805377962152e-08
1.967795818270073e-08
7.141648849468116e-09
6.509756908122089e-07
1.1671442934622148e-07
3.253481439801488e-08
6.897997138118059e-05
4.193616736187026e-08
1.4161881839340707e-10
8.25473829719799e-08
2.178307386784013e-08
4.5066114844798585e-06
7.657477774384418e-06
0.00013304484272916276
1.2389239999389617e-05
0.0014435089325214204
0.00040185937885847857
0.0474296557558019
8.971216954831738e-08
3.5800872637409715e-09
2.6157423298131636e-09
5.6385204822062e-08
1.2049099257189142e-09
3.9614040020879474e-08
1.7141614755306482e-09
9.150633356855526e-09
1.0410258811203262e-06
1.65133673592119e-09
2.1027625949562016e-09
2.2243903877468257e-07
3.1256955406871043e-09
5.87468689341135e-10
2.758380963850282e-08
6.456290148289805e-10
2.3608098065668214e-05
5.299067928365042e-08
3.406429790039627e-08
2.2883003697087044e-05
5.334465417212854e-07
0.0004396755417698255
1.935750758818539e-09
4.210168942501866e-05
0.0008261925076171211
0.00011140860233409626
1.2359697148207147e-09
3.792840907708669e-06
7.016071255057314e-08
1.7943337942433347e-08
1.801214797275633e-07
3.034378345129406e-08
7.333919335080484e-08
2.94310700226408e-08
7.375464598418118e-08
5.205631373672076e-06
1.4411750623976119e-05
0.00024369347855105966
0.004999569658364635
2.653044099678358e-07
6.917412452468437e-06
0.04541377318357735
1.4198388849017907e-09
1.5270080484913133e-08
4.7783354025410835e-08
8.117149623081728e-08
4.414767293025979e-06
1.1094083217069418e-05
3.150831463592236e-05
4.649770942482575e-05
8.136596871422471e-05
2.1936052501051565e-07
3.354873432818675e-06
5.792626086294255e-07
1.8083864346556573e-06
1.54934556105295e-06
2.6580904994471225e-05
0.00013731723259927234
2.1725379941352316e-07
1.6359702841989538e-08
7.890157343193324e-08
0.00013444348207911115
1.996685371628486e-08
1.0369244354656363e-07
5.3637207089225215e-08
2.8863956826084103e-07
0.0007209765529488463
1.0586816035376535e-07
9.071308183169985e-08
2.3034961569941297e-08
2.2591322321572406e-08
2.312726907034877e-06
2.9262295265873985e-06
0.00033311638794441325
6.902039601788334e-05
1.7561769314934856e-05
0.0038027638053157566
0.00028240883286696636
0.00017823077991290507
0.0020293387331140338
5.854279701584921e-05
0.0001292594403060644
0.00017920001749563446
6.419217532017359e-09
0.0010379675863275925
4.3954535878009216e-05
0.002097410295020231
0.001977925715175884
0.0006710069538052466
0.00015949723748297549
1.868083728663538e-05
6.460581690008397e-06
0.0012195472054069446
0.8379380504981102
0.6089583027104744
0.004270162543335556
2.0566348324763794e-05
7.241871924867927e-06
6.670834125667964e-06
3.4093391565291606e-08
1.1504893283021687e-07
1.1504860834305859e-06
6.400398384231124e-09
0.008845661761475406
9.587778704751276e-06
0.00011832703066713611
1.2964475924304105e-05
5.5682864750160855e-05
3.836774347863493e-05
7.423654016291544e-05
0.00015040349838615682
2.517621465800926e-05
0.00021882474034211243
1.4621370184230935e-05
2.0706464840223737e-06
4.984427863461502e-05
0.0009177855554598344
1.1749294160741025e-05
2.5073296105024794e-08
0.000753211006310407
0.00812975222025148
0.01261302436998642
0.0005142420385573506
