0.0017274897988908233
0.017401854129306567
0.9971233519527337
0.001727740598728908
0.0017272969833724272
0.9958972478833342
0.9965910934236955
0.24701681529728464
0.9971357795547328
0.9964753072099423
0.9972924257760147
0.9969895636921611
0.6500671903026339
0.9972832431634429
0.9972962379257367
0.9972963939558966
0.9917122628987486
0.9972945772645669
0.0017362814497694787
0.0017313928568077697
0.04083933261246461
0.5218879971993393
0.884352060782641
0.9732232452650061
0.0018125105081836076
0.0017277461042437459
0.0017279089036179938
0.0029222008736459137
0.9950349839054091
0.997281782644802
0.9972707054958994
0.997179956850837
0.9970064673930483
0.9970213933299449
0.9972462152928554
0.9972507394343155
0.9972190685717554
0.9972963398868637
0.9972878042722835
0.9972939948082727
0.9971792235861796
0.003514502380833633
0.0054678827104496
0.49605027763166915
0.9712269991191151
0.6218195103314395
0.009027674429891082
0.4700638381882089
0.001729257791462169
0.0017273607143106712
0.0017271488644489356
0.46878065230737176
0.9972961891477268
0.9972850499745701
0.9972963173277737
0.9972905057955855
0.996645399068588
0.997237904605897
0.99729579560788
0.9972963873061023
0.003205395262954446
0.5882426106484695
0.003205397388728297
0.03826253163383303
0.007285511280335499
0.9828956884986069
0.48372900491874354
0.0032053973260526207
0.997294758598643
0.6660624886777334
0.9972693921074325
0.9964506347149915
0.9972955912967073
0.997293604632685
0.9972962651149971
0.9972947671826492
0.9972438904249524
0.997218610421365
0.9563177699942945
0.9971713358573704
0.9972944545238401
0.9972924562107011
0.0017276698576204701
0.6802889498645277
0.007038516351818969
0.5210775666887948
0.003206004029576729
0.8664569468036418
0.0040917383449649855
0.0032141421333887793
0.0032296842083363387
0.0033201730553090824
0.003212623561933543
0.0032110419855213308
0.9906822384609538
0.9972962356283809
0.9972963889267742
0.9972634819832797
0.9972960753329877
0.09541678914566977
0.003206204170991911
0.0033332354572292023
0.0032056000772521607
0.003205463528527762
0.003205395292246953
0.9882115270340939
0.17808701698028814
0.030042435221022405
0.9972704171110948
0.738405568709498
0.9972963114244122
0.022859381111770955
0.0017271977110413798
0.0017286215040592326
0.0017271379449446162
0.0017270700838939283
0.0017285992818912605
0.0017271394728012302
0.9972961538033849
0.997296400794833
0.9956657972876718
0.9970207479104319
0.9972963799033164
0.9972963763072216
0.9972694589643283
0.9972964050696904
0.001727100277787157
0.6418994374410438
0.0017274449190705348
0.0017270653361286682
0.0017270687606991408
0.001727102465960378
0.8749793933495726
0.9959453689069709
0.99729590471309
0.99729530613844
0.0017302205865809923
0.0017277720380578854
0.0017271351121806154
0.0017270948969422216
0.0017271479709532037
0.0017318680778061596
0.9972964045103107
0.997296398473593
0.9972964049966926
0.9972317345650812
0.9972964060046261
0.997267363666036
0.0017381128073497905
0.0017275048250873738
0.9971572610691991
0.9972195072318936
0.9972964026686928
0.9972960401571017
0.9972955573174768
0.9972964054282856
0.9972964060493781
0.9972964016838042
0.997287157134779
0.9972961836082855
0.9972917184887744
0.9972963346261872
0.996072686035706
0.9972912215142371
0.9972964032964858
0.9972964008572676
0.9972708865805909
0.0036332493171429767
0.030922433803667805
0.0017272065807801265
0.9972963955153221
0.9963544304924337
0.997245645624046
0.9972928966585256
0.9972947591757654
0.9972963002512151
0.9902692152761451
0.0032054056860330686
0.9972964045658748
0.9972963773416872
0.003210575770787389
0.9972950719312409
0.9972697878287599
0.6470733431463725
0.9972895092836223
0.9972946777940854
0.9972960182201372
0.9972715614362584
0.9972964015939119
0.9972499793341717
0.9972964036299965
0.0039048880260005173
0.0036401746347804746
0.9972597610471141
0.9972914484177556
0.9972929440122048
0.6501662735253458
0.0032053952524504527
0.3589737516394431
0.9972959500040443
0.9972962476849629
0.9972963981747149
0.9972963907115312
0.04686086482523076
0.010036499324032146
0.5180668994733341
0.06499576322339991
0.9972607858270494
0.9972854652825405
0.9425929764625274
0.997171472298121
0.9972963943557638
0.9972957202777661
0.9972945592408915
0.003218890096083395
0.004502246360390924
0.0032055829634945756
0.006480099080565196
0.45547763505342836
0.3892999996485189
0.9972953511151231
0.9972962907688723
0.9971757373744431
0.003205396338752739
0.001741434687864957
0.0017278540490813022
0.0017335414306560856
0.0039900479587018645
0.9972775546251437
0.9475761170986867
0.997286139848203
0.997292880163533
0.9972963884354429
0.9962044727762274
0.003638647766049991
0.003629360334719472
0.997135192960903
0.9968987547226473
0.9972963563828038
0.9972963175175024
0.9972958375039402
0.9971598443921681
0.9972908015326133
0.9972930358808868
0.9971749868251141
0.9967976137310873
0.9972743854302368
0.9972920922236441
0.005876125867443609
0.9970696735890126
0.9972417233073899
0.9824811866310628
0.9954543073706286
0.9970245371202611
0.9972962809490026
0.9972964060504476
0.9972963879649099
0.9972963438004556
0.9972954589952813
0.793556266598918
0.9972949467227997
0.0036296355430904905
0.0037980307682102922
0.00363003078241818
0.5860725220232578
0.9964118013300634
0.9972963798121688
0.9972963150912623
0.9972960071156819
0.7624339748003042
0.9972964000259771
0.9972962579406407
0.9972943694896955
0.9972943354280442
0.9972953430087624
0.9972963954766395
0.9972963988065165
0.9934018856702445
0.9972962189348241
0.9972963708971931
0.9968018509072601
0.9753445457556158
0.9972948013153601
0.9972957277525242
0.04928997758932388
0.0036299514687410696
0.0036322435666806957
0.9972940376886648
0.003653485293381184
0.9971858313493832
0.9971879071829219
0.9537237748006253
0.0036299909908263936
0.7095658043739901
0.9971802561097219
0.9972956595822994
0.26312829938006815
0.0036557887084598807
0.9972963095900643
0.9972957448022681
0.9971502887552312
0.9972422537824055
0.5767380992176571
0.9972957984278351
0.9972756161234445
0.9972512487336178
0.9967261053002425
0.997296039375668
0.9972936835327915
0.9972963958866844
0.9972964057915032
0.0036300803764237177
0.9970338082467628
0.9972961352750365
0.0036294914169914838
0.00364008162911422
0.01738162482484167
0.9972911409912887
0.9972886944427234
0.003630059788876994
0.9960055267672406
0.9972768951295305
0.12413137395682249
0.003642960985076652
0.7760867548681137
0.17664257780550432
0.003647409785360735
0.997284990918812
0.9970036928871787
0.9972842519813159
0.9964823988045819
0.9925863692818021
0.003630283276282327
0.9201050879688188
0.9972963930654795
0.0036305357452831315
0.9972963563806114
0.997296405182045
0.9969544647495006
0.9972963751293878
0.9972912935631281
0.0036438661134871038
0.003636810843271525
0.0036346142497703693
0.9937551627452693
0.0036707208122093975
0.003667772228229066
0.003631572250476214
0.003629345753287881
0.4259724262606074
0.9972733715620231
0.9944931120878023
0.9972635847553253
0.655958199527389
0.003687198618132848
0.9954292025424584
0.0036296650957173535
0.9431986821563934
0.8128003979787007
0.9703432541064423
0.9970037338800687
0.004378130117767118
0.992527653242902
0.9972963416733573
0.9972771997220709
0.9972899948218321
0.5858767801477304
0.9972956618671062
0.9876455779356866
0.003701376318564522
0.003658444096905463
0.00449631183616929
0.0020732087402540577
0.001921040209753245
0.001768716714494736
0.003651157437252677
0.9945108328256085
0.5450545507350425
0.5755648220979784
0.9801725234809501
0.004165389029842
0.003664728515649939
0.9943754672340819
0.003629479154548566
0.00363028511873065
0.00374419806977323
0.014551836213285619
0.003205397850592549
0.9921702114350156
0.0036368615229200874
0.9815385209984395
0.9972948933324961
0.005557793910628402
0.9972844087468126
0.0037876308314475147
0.6064932330445686
0.008529952244648798
0.003630142374044234
0.9963263124143305
0.9972963984988756
0.9972949836576439
0.9900317143119307
0.9972943413840119
0.9972963698759442
0.9972963534133878
0.9972944460060886
0.9971820165614579
0.9972960119680021
0.9972910705511756
0.9971448212500313
0.9970814867888392
0.9972954875565618
0.9972960263300968
0.9972766184420244
0.012681330639024439
0.9972963444641445
0.970950183210491
0.9958671636385225
0.9972835144974386
0.9969479386285635
0.004052290492087436
0.745989933084237
0.9972912694117205
0.007229751351451787
0.996487207941428
0.9972907711650969
0.9924231188309441
0.9972496285247198
0.6377761328675896
0.4979844856191288
0.9972955645051897
0.7867375232671717
0.6386531792931319
0.6584090879195287
0.9964755533761115
0.9972822990492225
0.9972950936544527
0.53665732476477
0.9971849548143267
0.003421077848046872
0.9967936558088385
0.997296368519073
0.9972780765419508
0.9956487061438074
0.9972793009035625
0.9970446377104948
0.0036293896003910136
0.7392913510826631
0.9972962553723336
0.003777338916184624
0.9968509807040152
0.9972323618932173
0.2644688944496606
0.9972353116278009
0.9972701136792366
0.9972554165097076
0.9891890514026466
0.9972963964973448
0.9972149611277275
0.9558943639091039
0.9972963938073526
0.997292460361997
0.9972918382768128
0.9513306608741117
0.9972430971303652
0.9972964051556246
0.9972962988446449
0.9853611910996243
0.9972963220665071
0.9972942313057329
0.9972928561576903
0.9971063842608332
0.9962753950276846
0.6001231811126028
0.3189098704298789
0.8938296072389348
0.9972808921616946
0.9970881596821018
0.9961258775353621
0.9972954561867792
0.0048635873980130695
0.9972963823320058
0.9972964057444139
0.997296391448576
0.9972964047444016
0.9972963962579784
0.9972963101627199
0.9972836302054013
0.9972962730213725
0.9972963744560529
0.9972949518794442
0.9972964054015505
0.0036293915257835287
0.004877910695874875
0.9958765817072548
0.9864233104376248
0.9972948268293321
0.9972933792627262
0.997291497095099
0.9686295280213638
0.9972962837925521
0.9968211477991548
0.9972961017063637
0.9972917504944762
0.9951182084503728
0.9972963706317688
0.8465865708789281
0.7129174429697812
0.9711107288966623
0.9972943092939872
0.9972963118112744
0.9782363984612251
0.9972963579648494
0.9970018069592135
0.00364151876786618
0.003629326558744177
0.9935280286291038
0.9972964059712451
0.6596266094887034
0.9796711846005074
0.9915146980128721
0.994072658009697
0.9972952853837393
0.835341793624338
0.9972944586456963
0.997241569954463
0.6638033638878786
0.9960027169832648
0.9972922427295097
0.9970130707046045
0.0038364743780405575
0.9970595345291852
0.9972960574300239
0.9745138950242779
0.9833134052187082
0.9945822641170502
0.997291493232968
0.7405881472589169
0.010569649275210449
0.9962973392671892
0.652406217172856
0.0033864806351690045
0.9911198931982486
0.23969272885988982
0.0035518908002868475
0.32078046193854287
0.003241455112122811
0.9972957706420194
0.7232551122703169
0.9972963448198428
0.9972946304835324
0.997295547904893
0.9891322554951868
0.9971951755049168
0.9972964016936928
0.7941640267093808
0.939927345609139
0.009943099785704517
0.9972355362658849
0.9972964044743429
0.9972958696723787
0.9972953865199113
0.9969590581793707
0.9972908304832144
0.9966457525365121
0.9969934718578796
0.9972865088971408
0.9972929261409185
0.9972811746530063
0.9972779283391543
0.9972963748527306
0.9972962731104896
0.9972960327162936
0.5002314500148347
0.9972669713717275
0.9971898844628544
0.760942708687
0.9972215803275649
0.997132299891101
0.9958433849254215
0.9972850889813404
0.9972044325370625
0.9364773182575583
0.9939983696880631
0.9972897656749888
0.9970396192678481
0.776435103473523
0.9972894157165656
0.9972926663245184
0.9972962152384969
0.9972963196685564
0.9972828064690188
0.9971584274099556
0.9971788948642472
0.997116696176317
0.9972952251016662
0.9972830885400199
0.9972958962216488
0.9971875121060029
0.9972963025458992
0.9936646684346464
0.7042357596911113
0.997285371470152
0.9409340844081646
0.9949504694919209
0.9972958193274469
0.9961403102477485
0.9972963910230708
0.9972961189037596
0.9972953496682581
0.6501404939127056
0.997294545045859
0.9972745405154931
0.8538360131416908
0.9972889794596839
0.9965195067623448
0.9972964009004383
0.0018132113202078417
0.9972895333369781
0.9972643012584893
0.9972964047528137
0.9969853821468312
0.9972427266637458
0.9968213148594347
0.9972559690901976
0.9969492161590754
0.9972963885890381
0.562264833799112
0.9972747325993608
0.9972457490110843
0.9972784411513748
0.997295519018795
0.9972963663315781
0.9965848920446144
0.9972955617068828
0.9972350684155158
0.9972797122518485
0.9965383822096491
0.996841758742852
0.9972925236226863
0.9965498343493032
0.997289865065837
0.996714410701019
0.9966126641093626
0.9961747845804653
0.9972956654295803
0.997295744105469
0.9972364813784372
0.9958376055956449
0.9972634521559026
0.997293029475967
0.9972959405802077
0.9972963591283349
0.9972054643512459
0.9969484450736888
0.9972959767907987
0.9972949037314738
0.9972963814569629
0.9972962117562499
0.9972475587151155
0.9972532667922864
0.9972609109013257
0.9972945723278294
0.11093649951129825
0.9914801693773997
0.9972918044210363
0.9937429458833333
0.009564510773987093
0.997286192015667
0.997296401564416
0.9972963462064797
0.9972865676275842
0.9971783133934675
0.995507679763845
0.9969100027257917
0.9972657197109485
0.9970476063257867
0.9972135671433139
0.997296389407426
0.9972962342152726
0.9972804052731492
0.9972718414918794
0.9971698948710994
0.9972963983472048
0.9972962994108593
0.9972929783873588
0.9972777773094843
0.7186857744972632
0.9972963911477871
0.5657758608904484
0.9913132537937392
0.9971611556233023
0.5293386027641903
0.006809286152269813
0.6368318970813261
0.9618234741078481
0.9972952277827841
0.9972150751836624
0.9775020495764319
0.997191875784299
0.9972852717870334
0.04306147860960187
0.9972935080927132
0.9972121003813715
0.9972759549697376
0.9966540972057556
0.9972930281354248
0.9969490851009237
0.9972664986639714
0.9972950460996424
0.9968138945237294
0.9972963689198028
0.988924355302849
0.9972848997883704
0.997296322432904
0.9245757041747734
0.9972872081415801
0.9972963676340606
0.9967531419242643
0.9972960853434369
0.9972963432322342
0.9972963717838519
0.997123657713979
0.997296301803764
0.9972147111741899
0.9972961041386904
0.9972962750289598
0.9972937778347171
0.9972964059964022
0.9971829634654075
0.9972946925736854
0.997205313116506
0.9971880383377139
0.9968959017824401
0.9631774281570957
0.0037826867083616696
0.003629339782982421
0.003629573706259184
0.003629455807880746
0.0036663682503956688
0.0036565727809940406
0.0038272697617336556
0.8828752992069412
0.048756566549552946
0.0017291105371597894
0.0017274076046797076
0.0017271545712672144
0.0018397074179267588
0.001735575809889777
0.001727873384793551
0.0017281082870234579
0.0017396101667427931
0.0017332181899317718
0.951168880030952
0.0020025774969467387
0.5464819403988188
0.9972961967869419
0.9972955802229965
0.997290089278045
0.9972604729477551
0.9972959679018758
0.9922506476389429
0.9971239285010006
0.9972963075126647
0.9972960337584323
0.9972840951882551
0.9972822453291864
0.9967819665290363
0.997296404692569
0.9972963282097386
0.9972963760169814
0.9769892472473516
0.005638977898795354
0.9952927311641263
0.997274900744732
0.8770059238953039
0.9964977725785685
0.9961529937382745
0.997295578398996
0.9972728183320437
0.6694873273380677
0.9972964045100704
0.9972940849370653
0.9972960203586343
0.9972859473105271
0.9972893071826594
0.9914888287296364
0.9972864323728586
0.9972963847331666
0.93804588039633
0.9925575390410635
0.9972804928326572
0.9972950160874493
0.9939680972110466
0.9972963843446785
0.9972926381735641
0.9970968955934557
0.9972821419192779
0.9972911671373396
0.9971314580127912
0.9971394801202782
0.9972039898447387
0.9968344518036347
0.8857267656313508
0.9972508434406093
0.9972963993070239
0.9972962923807861
0.20706276605159948
0.997274081290994
0.6606915471247146
0.9972961315835696
0.9905939546461017
0.9972922826727272
0.9972963575990037
0.9972960790770609
0.9972536785518638
0.9972958567187132
0.9972949139986461
0.9972558884804752
0.48695700469122255
0.04172124701503286
0.9972956874198455
0.9972963914420431
0.9972939110004001
0.9859285662844165
0.9972964058553024
0.9972937988451078
0.9972964059189656
0.99729640573713
0.9971511766451148
0.9972942089006496
0.9972941133814437
0.9972964025312471
0.9972963855311223
0.9972065618975038
0.9972860096843025
0.9970855478047682
0.7370185123880653
0.997296390663706
0.9972963992913622
0.005136961942782462
0.0017270949293442654
0.0017301512888433736
0.001727513362331731
0.0017274425892514333
0.9972962992473764
0.9972420530673552
0.9972963284506029
0.997296392623894
0.9476294204589892
0.9917124317577822
0.9972963440609889
0.9860650717363726
0.9959263089200278
0.9972817950424274
0.9971472466378447
0.9972958321993198
0.003776272215001852
0.9953613429247704
0.4802570734736959
0.9972516800181447
0.9972271061151299
0.9814733375647297
0.9972796045519445
0.9969678513490987
0.03302739939179141
0.0039031497532169856
0.0017284223519345278
0.9965020614436354
0.98444462519699
0.99705404359566
0.7996301029693628
0.9972963549854099
0.9972925194776758
0.9972963901073785
0.9972963777554679
0.9970265105433832
0.8653413709121541
0.9970839528172841
0.9861251372405122
0.9962555273017139
0.009546403317319574
0.9955925145998914
0.0036343252699547095
0.003629578754237024
0.0036598127535158232
0.9946389871087845
0.9933952589834725
0.9945197507832687
0.9972963999146983
0.997296371481005
0.9972964029555007
0.0036534370184523007
0.9972361484248186
0.010345959505755004
0.9959040262739036
0.6211719319360336
0.003649956925071476
0.9972278956111378
0.997296373321756
0.9937805209479184
0.9951272939521776
0.0036296752753225002
0.0036732170782634165
0.9972830097284844
0.4181720181673548
0.0036313079703211458
0.003923020524105076
0.9943426953261827
0.9972963216362427
0.9972931499914404
0.9972963862018047
0.0032957208534494754
0.997265327755649
0.9972963558472034
0.9962446615121747
0.9949692412834474
0.9972961440287879
0.9972960748246339
0.9972947927094075
0.9972827724415373
0.004012610531485164
0.9972963956656578
0.9959773161704086
0.997284635510075
0.9965768530882847
0.9972963726171395
0.9972962246283428
0.9972963909759783
0.9972963816961825
0.9972833256436661
0.997295660585821
0.996176497640803
0.9923915498443427
0.9971723301370452
0.9330446621732171
0.9904297075524489
0.9972814147946921
0.9480333322327955
0.0036428961255976673
0.003843189627967419
0.21530191823015443
0.5824305511219517
0.0036858914491197754
0.005859153798446342
0.0036301265670742
0.003632763062311478
0.01572021269691032
0.9971238213530523
0.9957083675599463
0.9963859618861463
0.9965474898403902
0.9972106676353774
0.9972825989300157
0.9972963946469776
0.9964126144179994
0.9972960537332692
0.9972964037216224
0.9972950094368422
0.46737178707017757
0.0022827583390247776
0.9972297319632248
0.9972947199058587
0.997295614171103
0.9972955403255394
0.9972962944170322
0.9972961224608119
0.9972845512210171
0.9972663740844593
0.9972635244518541
0.9972964059170529
0.9972961111188585
0.9972597740277543
0.9972961791124638
0.32234109038258285
0.9972963943415595
0.9972963389876447
0.9972961732104967
0.9972871586791217
0.9972153972355563
0.9972934235555662
0.9972950870871756
0.9972964014840405
0.9972951022159541
0.6212300858904704
0.9972345373120988
0.997152865957153
0.9972963972454578
0.9972894092506139
0.965052150140401
0.9972551801981923
0.9972963857021376
0.9972913874447435
0.9972960655323424
0.9972963198653675
0.9962482300901017
0.997213482445949
0.9964609603610552
0.997185359591244
0.9972877738472097
0.9970485459817493
0.9968516885408321
0.9964898370822401
0.5289925017544853
0.9970175310017871
0.9949198158571936
0.9972767887364201
0.9972953765214269
0.7544027278056029
0.9971592586049381
0.9968074589518388
0.9972945204690814
0.9972931200881676
0.9972955573100148
0.6827310444802818
0.9972941810383524
0.9955938704778478
0.9972963777069265
0.9567101856473091
0.9945448663568178
0.9970418622788353
0.9749500572008372
0.0037413441580769788
0.9653020819779498
0.00363077463271777
0.9970802480096946
0.0036314036435239603
0.9972913368819124
0.9972955967179621
0.9972958995224465
0.9972963310557343
0.9972964060519454
0.9970743029433484
0.9972964018915246
0.9932329194752962
0.9972952814694773
0.9972955616434185
0.9972831558612386
0.9972951202306605
0.9956320895504761
0.9972930884431375
0.9971480622840011
0.9972962283626863
0.99331079562286
0.9972959111320011
0.9972962068101994
0.9972963917103546
0.9972662687889382
0.9972957325723004
0.9958935399925214
0.9971958041778711
0.997290662569876
0.9972963766472186
0.9972948710321337
0.9640145087464368
0.9972964049515332
0.866613334435579
0.9719109442110813
0.9972962845251703
0.9972938847481598
0.9972795824689352
0.9971069039013049
0.993701536009137
0.9968326403693136
0.9972964059570251
0.9972962761284945
0.9972840474185021
0.9972956510008034
0.9971262798849312
0.9972958372008084
0.9972962943971657
0.9972962644463255
0.9968977149283021
0.97626536161697
0.9972444639481504
0.9966965835001889
0.9972788987624894
0.9972705104118578
0.9972935787405041
0.9972834014852882
0.9972963815306095
0.9972456593609228
0.9972963858881561
0.9593801115499984
0.9970969683709552
0.9972960406452613
0.9972962767836285
0.9972962830860813
0.9972962253872362
0.9934428050836662
0.01707718436738847
0.9962954288382777
0.99044790575625
0.9972910491678348
0.9972886445637279
0.9972963917174605
0.9972724929000787
0.9791679217278166
0.9868620542313351
0.9972954383782939
0.997294196385144
0.9590564074566649
0.9972963657691971
0.9972962053369979
0.9972961162661604
0.9972960688492694
0.997296239582537
0.9972962296280232
0.9972958777000762
0.997153280311396
0.9972953546644404
0.9971994565942504
0.997292448687926
0.9578426889968064
0.9972955451460357
0.997295776409754
0.9971450115629907
0.9972340661451087
0.9914204617891301
0.9947407880734026
0.9972868829087762
0.9972957849020914
0.9972930030237751
0.9972957408985046
0.9972963616410816
0.9972963775502831
0.9972963991592304
0.9972963696101934
0.9972961037674015
0.9972300315612833
0.9210585728323054
0.9972955446459512
0.9972713473184803
0.9962001277880541
0.9887365915034563
0.9969256003490689
0.9972961204174043
0.9972962278263516
0.9972963997080728
0.9972963713855288
0.9972955622318462
0.9972964059865075
0.997290515087813
0.9972963505229249
0.9972856132566562
0.9922147372905946
0.9929004975942473
0.997245246417527
0.997290091002022
0.9972890489526927
0.9972945837243532
0.9972959300485719
0.9956557868307095
0.9972760123974029
0.30872333430921334
0.9972931160943207
0.9972838607445362
0.9972961631166689
0.9972958912451664
0.9972963065272197
0.9972963316373378
0.9972963980174501
0.9972962725922915
0.9967767627866357
0.9952826058768515
0.9972793832070038
0.9972371733889747
0.9971180279956995
0.9972891417220766
0.9972682033582788
0.9972545997494329
0.9972759874172408
0.6776183488009365
0.9909981381142083
0.9972960752372911
0.9972962502944537
0.9972963732031087
0.9675541534006894
0.9972963847387027
0.9972959104136594
0.00876551754566303
0.9972947608076234
0.9972963826641689
0.9972963868695524
0.9971647384552969
0.9972920883704333
0.997295992970233
0.9972222124830372
0.9972959968293403
0.9932625824744811
0.997296131566491
0.9972506953694648
0.9964655653734416
0.9972963620495836
0.6872724529639982
0.9469692657527542
0.9972310191015029
0.052889494422174305
0.9972789724776089
0.9972963524246934
0.9972587761104511
0.9970353933132944
0.9972963588257271
0.9972964053548964
0.9972850096616731
0.9972956239343785
0.997296226507645
0.007327630564594535
0.0036539849697242396
0.9774794122378657
0.357094631863765
0.9972962848167475
0.9972963631584725
0.9972235796945518
0.9972020626266779
0.003679895641405152
0.10099197790603291
0.005203523571277549
0.008214233826696565
0.003629462170646303
0.0036296388513777094
0.9972955631317962
0.9858578749360667
0.9964197870756799
0.00366730307434152
0.011592670060665744
0.0036306180324487446
0.0714305403681408
0.9972561921552365
0.9972960700314528
0.9972948830963364
0.9972948141628782
0.9522638735816155
0.9613289996277364
0.9972123087119936
0.9972334028752919
0.9971572373977327
0.9972954489886274
0.9960069586648712
0.997288267609743
0.9972907873854845
0.9972964045057395
0.9970811870068397
0.9972963690563635
0.9972954764804723
0.9929924742231157
0.9972838284699694
0.9954197368919008
0.9901634335994053
0.9972017800802085
0.9972963986236677
0.9972962821704109
0.9972958890644149
0.9972963925378016
0.9972666112280267
0.9967451605279648
0.9972959091459005
0.9972590245512016
0.9972956365050009
0.9972249471307033
0.997295675498192
0.9972900391690275
0.997183511186193
0.9924220194767175
0.9972964011386524
0.9972900292022634
0.9972962395529698
0.9972963037728013
0.9972964046233924
0.9958563897560078
0.9816498950189628
0.9972872004730908
0.997294390869936
0.997282462923724
0.9241560192720413
0.9972962388026932
0.9970175926091434
0.9972917951328371
0.9972944942801537
0.9972927162504807
0.9972233483111987
0.5841563305901383
0.9913730909736616
0.982033719049068
0.9972964059242566
0.9972756894762619
0.9972964040268194
0.8143222982869884
0.9972923797229967
0.9972960038677018
0.9972879393124309
0.9972597808236865
0.6175043776636248
0.9972907688975361
0.9972782174068255
0.9782442076802974
0.6907411253256415
0.9972935013768347
0.9970415514119908
0.9972353628096917
0.9789261852641781
0.9972960387051665
0.9972900684640233
0.9972908308539806
0.9972801051685029
0.9729304382176227
0.9972949395981741
0.9972961686537769
0.9972945086108395
0.9972662865967369
0.9972862623164085
0.9972821820394693
0.9807011494074996
0.005109020221785
0.9972486694586727
0.997296269549192
0.007920491445290445
0.9972124469304637
0.997111906717563
0.9299198851636163
0.9964371032983382
0.997295529907915
0.9971140556089448
0.9967973315086889
0.9972963874136662
0.9396255466254981
0.9972736178423736
0.9972960595016052
0.9972953354466276
0.9972963879330572
0.9972589482910645
0.997292457553232
0.9972929828259339
0.9972870509390559
0.997295104020935
0.9972880391315554
0.9933080797326421
0.9972961951103723
0.9972962511512558
0.9899824147011582
0.001727116136160821
0.989101420497631
0.9972963832919833
0.9972930456287362
0.009537647432877883
0.9967557017411656
0.5061657142366668
0.9972960303010757
0.9972960878359841
0.9890562195460576
0.9970944031667484
0.9972963847566076
0.9972826064191974
0.9968492386378923
0.019696125563963426
0.9972068905218068
0.9956008172379002
0.997291890384531
0.9972963906331138
0.997296405534808
0.9972964056661809
0.9972955647694386
0.9972964017797155
0.9972964050770876
0.9972964037986956
0.9972963333789364
0.9972951988255773
0.9972963508836569
0.9972200171789973
0.9972395404829237
0.9969739494538798
0.9972957299867995
0.9951927692361415
0.9972964039938411
0.9972961434175251
0.9972962054705978
0.997296364235448
0.9651600177180394
0.997296128517628
0.0036495111912304866
0.9964535093213885
0.9972943527986851
0.9972963702399288
0.9969025304677037
0.9972956979172481
0.9972330098175881
0.9972964036160367
0.9972948767250389
0.9972964046930148
0.9972870778844645
0.9838504879384107
0.9972932053483706
0.9972879088776335
0.003658221884672374
0.9868950876443605
0.9972963362334735
0.9972964055634619
0.9972736988800327
0.9972934796400398
0.9972959267461594
0.997292211484695
0.9972963873782191
0.9972963115032539
0.9966858797793755
0.9972964022470245
0.9972962041167956
0.9972963124384675
0.9972963053328914
0.9972963511849224
0.997295846161936
0.9972961646979129
0.9972957962675085
0.9972874924345805
0.9952764909298562
0.9965218929135117
0.9972960088785525
0.9972964020950345
0.9972948402204567
0.9972961076514011
0.9970445221950472
0.997296160028243
0.6342613123500149
0.9972950318738446
0.9968464325422102
0.997296321416932
0.9971963126287402
0.9972964052583195
0.9972964056013608
0.9972964045675963
0.9937112512391013
0.9972957493601357
0.9972920821916131
0.9972964055910634
0.9972931003891655
0.9972882170927917
0.9972953197781147
0.9957134399298821
0.9972963955360863
0.9972869625469559
0.9972964027068507
0.9970698862059925
0.9972859912520625
0.8947206742164842
0.9972963309992865
0.997296399069261
0.9972936243095902
0.9972926931563845
0.997296384590492
0.9972964059426969
0.13230860196187935
0.9972946489370559
0.9972957984491508
0.9969961363399727
0.9972479786399868
0.9970179014850066
0.9972532242100566
0.9902413648981504
0.9972951486435933
0.9972631531857205
0.9944615305165188
0.996383229388385
0.9972962665794776
0.9954769869188296
0.9972963991353822
0.9972963866429151
0.9972963729808536
0.9972960165027629
0.99729634419682
0.9821373712939424
0.9968266533092437
0.9947135062508223
0.997296212121397
0.996780195825321
0.9972962637122049
0.9972962972775813
0.016974368097518056
0.10673265805721908
0.994047078656055
0.8423274008564338
0.9972963603324745
0.9944466074850792
0.9971783281434066
0.14258885302471808
0.9972963831884547
0.9972777232980824
0.9972963835302936
0.9971165101256678
0.9967297225267672
0.997296395698564
0.9972880087859387
0.9972956907065887
0.9972960024270814
0.9969508377415274
0.9972950270586207
0.9949514520329531
0.9972613111700349
0.9966522598080266
0.9972882964179063
0.32154767441170423
0.9972916646036697
0.02113980113990543
0.9972280401105241
0.004186255504198773
0.9972949062564257
0.997295768711645
0.9937121684122696
0.9962508400871051
0.9972961530950519
0.9972963938839131
0.997276880987258
0.9972868129322666
0.9961700357386001
0.997256465461343
0.9587096658652704
0.9972242366023345
0.9972183257078914
0.9972902286617132
0.997018743990729
0.9972941460338783
0.9972964034551552
0.9972964060750102
0.9972961681965241
0.9972964060625835
0.9972964060725386
0.9972961210417705
0.727774378535017
0.9972947441172164
0.9972717704208475
0.9966549342020794
0.9972866932525691
0.99728343282185
0.99702562083662
0.1367230789926004
0.9972964033299578
0.9833338223113567
0.9972952529447188
0.9972930794812835
0.9972887750985543
0.9972368768412386
0.9963062683816752
0.961199025765131
0.9972939559781151
0.22912588869049128
0.9843056185716487
0.9890233445411772
0.997296289557445
0.9970517454557116
0.9972964012182624
0.9972961115615594
0.9961262445592702
0.995988838868539
0.9914898354927849
0.9972963206207304
0.9972936422077019
0.9972953105957643
0.9972963835779252
0.997294111383703
0.9972962917759076
0.9972576996968853
0.9972797245905609
0.9972963950214313
0.9972605161850322
0.997296393158636
0.9972905147667055
0.9972936414168432
0.008490794217902648
0.00532612948824373
0.9972963163433523
0.9686869211821187
0.99729619946202
0.997296125701436
0.9972944939204464
0.9972712723169019
0.9972835731865988
0.9970872537039696
0.9966927158871441
0.9972964029391775
0.997296223319764
0.9972612078302109
0.9972885854875234
0.997296312419451
0.9972958254977778
0.9972964043944252
0.8778450270352041
0.9960366646937387
0.008881561024087695
0.9972947091261839
0.7864535075812438
0.9972960851535583
0.9952078919231869
0.9972960095403112
0.9972831583191613
0.9972782491556053
0.9972952398590015
0.9972964014880314
0.9972962850629514
0.9965413324248565
0.9972633694040443
0.9972964035781346
0.9972870138686858
0.9972858601151908
0.9971635621700347
0.9238334248280574
0.9728093878255347
0.997254403821262
0.602144856429351
0.9857748934306221
0.9972514652704768
0.9969070132531618
0.9963206715571413
0.997292920764057
0.9948755119306976
0.9971125009362108
0.9972854789391455
0.9969149661230681
0.9972963326895448
0.9972462893440219
0.9971627889791417
0.03203919950866005
0.9972894015284214
0.9972897957966934
0.9972939309455577
0.9972861044273179
0.3442900620520614
0.9972850830563679
0.9963721296958674
0.997288254407409
0.9925437165515854
0.9972421795256554
0.997292200100687
0.997268592234779
0.9972848841230776
0.9972940422761728
0.9972807000278385
0.9967834683186798
0.00500629123186655
0.7323262422433618
0.9972949402933522
0.5821061273821221
0.9966025906020154
0.9972963628503975
0.9972952681806839
0.9901141215882794
0.9972956528017466
0.47703556015412746
0.9972964055192629
0.9972964059602862
0.997271460152007
0.997296260832718
0.9970273495449866
0.9576793351927859
0.997296014740649
0.9972122637842525
0.9972889585955078
0.9972902386462271
0.9971734347170215
0.9972956333093308
0.997276896205179
0.9972715092875137
0.006015282848105693
0.9972482522353324
0.670373931765205
0.9972883589580206
0.997272707037219
0.9972818037101889
0.9972917502589613
0.9972909656669255
0.9972900318476076
0.9968665051503954
0.931447571344923
0.7448060380161032
0.9837319037225624
0.9972933249157132
0.9972912828716438
0.9972547076705228
0.9972963818263555
0.9781741215540627
0.9972959845540565
0.9972808552079888
0.7205308548286139
0.9964908794971556
0.9972794887031368
0.9936469775778127
0.9909608259026985
0.9972566039491514
0.9972683951746975
0.9972935262314312
0.9970684187410946
0.9972583178763155
0.5237185000892555
0.9971692323479474
0.9968138038498536
0.7136708726276755
0.9972747496986577
0.9971126774226654
0.9969499630861455
0.9960863875974949
0.9921547342968551
0.9931131707388368
