0.001981463103737289
0.006530045994239782
0.001193884662775542
0.0019816730823774597
0.0019813272808511294
0.0015556225680525228
0.0013449552924917872
0.04429493937959901
0.0011915843126094013
0.001540351233897259
0.001106469898067575
0.0012613321129237467
0.3025820004096878
0.001110265388772923
0.001104783500444459
0.0011047325537663537
0.0024398886584914327
0.001105457171053287
0.00198756522101672
0.0019842299069336602
0.009538113325731207
0.034336184136167854
0.01748919056314986
0.006595557308069995
0.002034935165222801
0.0019816870115580776
0.00198180035894508
0.0026364446712810385
0.001837752003471289
0.0011101749156962064
0.0011139996336281526
0.0011473307617670587
0.0012095466503118052
0.001219032499897564
0.0011297068303712725
0.0011283766911238796
0.0011359817937396275
0.001104760362076086
0.0011075505600138522
0.00110576617072065
0.0011662284957270938
0.9886585948039917
0.9848614511386478
0.4522173373254083
0.019072305236840562
0.3308123973463553
0.004926692216070187
0.031658742739582135
0.001982618026524148
0.001981376343784716
0.001981199179052734
0.03422577649980761
0.0011048359124218503
0.0011088654621709722
0.0011047616275318883
0.0011076942009550937
0.0013088817131307192
0.0011269273488037383
0.001104999833412672
0.0011047342826824473
0.9893063571253947
0.36157557072219093
0.9893063524160557
0.9381476081312105
0.981558230073724
0.004775768087494015
0.4643657607363539
0.9893063527324676
0.0011055793990171708
0.03333218809343133
0.0011138876932852014
0.00154903845478304
0.0011050575166886526
0.0011056445659513962
0.0011047810484345034
0.0011055059840444253
0.0011282551335489068
0.0011330365700665626
0.009110545722065775
0.0011526771701200933
0.0011055172820419957
0.001106207303304581
0.0019816255944196007
0.031977003698277426
0.004766573138231594
0.02803310916672935
0.9893049842280462
0.019773873870165045
0.9875328334356365
0.989285899261695
0.9892532474751092
0.989063133340597
0.9892910490391988
0.989294221460541
0.004966028062320735
0.0011048057678619554
0.0011047341615145199
0.001122164134508297
0.0011048494708430475
0.017210620105169817
0.9893045607423104
0.9890359214033874
0.9893058830519161
0.9893062109725788
0.9893063570633782
0.006464613920649076
0.7859894455212041
0.009422614816321895
0.0011159961211689663
0.02925628254702184
0.0011047660669028475
0.008953693447172067
0.0019812447575925534
0.0019823429173657565
0.0019811949386111007
0.0019811413959493237
0.001982330327231323
0.001981198484335498
0.0011048198389901934
0.0011047293806928408
0.001979043654463964
0.001205175236446925
0.0011047402504614236
0.0011047399906362239
0.0011145164632632583
0.0011047279526214824
0.0019811660135137356
0.025325356093473018
0.0019814198674017814
0.001981137448623765
0.0019811399795828313
0.0019811653061187033
0.01896373382874535
0.0015047713169386344
0.00110489803608426
0.001105089325722176
0.001983213885160019
0.0019816569269391873
0.001981189101419541
0.0019811597316045037
0.001981198520323771
0.001984534623904199
0.0011047281539867022
0.0011047307227320855
0.001104727853189007
0.0011277681064765562
0.0011047274842375585
0.0011142975402521518
0.00198857662533143
0.0019814967983720383
0.0011545899636969399
0.0011435896133531992
0.0011047287179771562
0.0011048707435447874
0.0011051170998071214
0.0011047276629921467
0.0011047274634374007
0.0011047289870561195
0.001107795051235236
0.0011048012309391004
0.0011063473674121278
0.0011047540531735694
0.0015127071989310236
0.0011064271353837165
0.001104728471042036
0.0011047292004549957
0.0011134897420044376
0.003342688179715773
0.9500221235234387
0.0019812535577623798
0.0011047313993320317
0.0014310538535109993
0.0011225945829882408
0.0011060622707531964
0.001105339531861226
0.0011047659724335817
0.0031216858707324166
0.9893063345202229
0.0011047280812268574
0.0011047386668725306
0.989294492059708
0.0011051882422124344
0.0011142041735603774
0.3155718290125648
0.0011073298047076126
0.0011056216028848117
0.001104857496994507
0.0011129235947177037
0.001104728989458059
0.0011206315106056265
0.0011047282551423004
0.0034827968922253433
0.0033463560467824863
0.0011176709312316537
0.001106349665269479
0.0011060043786517279
0.018792391627099586
0.9893063571478989
0.5989326782108656
0.0011049000965260736
0.0011047842283951619
0.0011047305936326152
0.0011047330494966406
0.9279853734453434
0.9770871647758025
0.43257287156299773
0.9096035307274041
0.001117135844020391
0.001110448331407313
0.043965444676247314
0.001147205811031732
0.0011047316592112354
0.0011049721225265094
0.001105423706482776
0.9892754175389656
0.9867653326212241
0.9893059395681043
0.9833236556574315
0.502270186001965
0.5552275470753495
0.001105248495083207
0.0011047832339250248
0.0011693739692779054
0.9893063547206682
0.001991191830602878
0.0019817717672828846
0.001985328792179608
0.0031421185948926752
0.0011145871418752375
0.007568234010918426
0.0011080888322540546
0.0011058830339516815
0.001104733366618873
0.0014265862395017618
0.003345260152534878
0.0033409739349653422
0.001162222147495415
0.0012436789291001924
0.0011047487038360463
0.0011047573363648562
0.00110491827788822
0.0011757167249449366
0.0011076539849224714
0.0011059996014377929
0.001169879358551521
0.001261179059938994
0.0011123073555701656
0.001106933375519835
0.004239216127644589
0.0011799962041937468
0.0011233851491741485
0.003935655012456114
0.0016782217941800001
0.0012014335148452366
0.0011047680581346645
0.0011047274635736998
0.0011047340622908509
0.0011047560627078195
0.0011051750405059266
0.019793692248151282
0.0011054304051520104
0.0033411023925478396
0.00341646228784199
0.003341300178020621
0.03390097597742604
0.0015691417848308483
0.0011047373472568673
0.0011047717207565014
0.0011049044993781565
0.016348136446635526
0.001104730417848673
0.0011047822044870802
0.001105697037381259
0.00110554406642846
0.0011050772712330394
0.001104730972994091
0.0011047300191509373
0.0022467122496460587
0.0011048134161522924
0.0011047402861464697
0.0013788064649301315
0.01659626228846078
0.0011055484568040096
0.0011049618459415018
0.012348117477838089
0.003341316689086215
0.0033424173954821348
0.0011059568657298213
0.0033540913551332384
0.0011435990478650276
0.0011416380168867168
0.009651948894698939
0.0033413315896066043
0.24736395073155165
0.0011467353180460934
0.0011050424523054902
0.019039073575381305
0.003352572550534121
0.0011047588427357277
0.0011049468631002795
0.0011572383877221783
0.0011241612403936772
0.3810569806112322
0.0011050160799486715
0.001115622523439672
0.0011285777792371199
0.0013016541350552003
0.001104849815013644
0.0011061252433583089
0.0011047311934110696
0.0011047275536025245
0.0033413333873965694
0.0012381720754588354
0.0011048433816079467
0.00334105000406188
0.003345730735964777
0.006675504531239591
0.0011072685934101194
0.001107249353963633
0.0033413506886085472
0.001481049103178133
0.0011144476854760056
0.019433090518170076
0.0033471389260958727
0.02656271471508684
0.021469155092478414
0.0033490104900748183
0.0011088950129424385
0.0012098963386216813
0.0011090631316035885
0.0013503111771275599
0.0022640187009689183
0.0033415584057699156
0.0141091457185764
0.00110473230355824
0.003341505542365575
0.0011047471416702262
0.0011047277955259678
0.001223916723258771
0.0011047377857315093
0.0011071870597918069
0.0033484566062678446
0.0033445142895041947
0.0033433239752150767
0.0031752430838508706
0.0033661379610551243
0.0033588014652893455
0.003341959641169832
0.003340968513471954
0.02059753559387291
0.0011168612346655845
0.0027267868697002863
0.001116460474651664
0.01890161868931254
0.003366410339324066
0.0017107272999477353
0.0033411179662183182
0.010289072375747436
0.021689483489866355
0.006324556625873537
0.0012000930959394536
0.9869909920174057
0.00252891131216773
0.0011047510542458049
0.0011117681075372711
0.0011080682745064636
0.3748676689920005
0.001105087883599806
0.003729978547228069
0.003382478807729608
0.0033568317170272464
0.00393933645473743
0.0021969109701323627
0.0021040562903905497
0.0020079258694241328
0.003350611008850158
0.001949487747037815
0.37305116469967503
0.019741443235525968
0.0044811114282881075
0.0035706780720340613
0.0033632715028762646
0.0019263793730085773
0.0033410259426075537
0.0033413987916164393
0.003392230654455293
0.00612770480238377
0.9893063512580407
0.0025627988159178127
0.0033455529285706604
0.004177743454792106
0.0011052595177055296
0.004074069837466231
0.0011096348514481518
0.003426207919565527
0.34400624380715367
0.00496370591628384
0.003341325792421639
0.0014381756767608063
0.0011047302386935924
0.0011054628911173446
0.0031631999293571973
0.0011055707200459948
0.001104742868031127
0.0011047465957668675
0.0011053685209565852
0.001151704818198901
0.0011048736934251538
0.0011069329012134608
0.0011863732712356788
0.0012148106432917276
0.0011051925266780428
0.0011048526542729354
0.001111435484031731
0.00658307010198436
0.001104756289704126
0.005671056644658263
0.001568330407336773
0.0011092428658950073
0.001289882561967319
0.9875034042498905
0.02062164680850693
0.0011070029364100605
0.9816533963256772
0.001377976379516344
0.0011067994731932122
0.0025676178790707154
0.001121699059517395
0.03297077949869536
0.02042671451608202
0.0011050412427900827
0.015617535805192378
0.020732243272228525
0.2945926575210384
0.0013821918210146144
0.0011099344291616812
0.0011053729226001962
0.039996622328307904
0.001145398597942635
0.9888316480546064
0.0013622665020207377
0.0011047433074060922
0.0011137409201161257
0.0016535562592518208
0.0011108779065241168
0.0011971022769324755
0.0033409891923940126
0.016950375439145744
0.001104796392461083
0.003427046403953363
0.0012617301283880293
0.001127949367785745
0.01989312481108876
0.001126990240913066
0.0011138183205807028
0.001124182384691897
0.0032395155874468977
0.0011047312842675098
0.001148016357496344
0.031054816179496517
0.001104732732216863
0.001106250566814875
0.0011064498182645458
0.008863309628952501
0.0011313062757158604
0.0011047278012889978
0.0011047664870950447
0.004031129266758418
0.0011047580296767113
0.001105538736989705
0.0011060755246649066
0.0011752878212852162
0.0014522572182502547
0.02738028686478648
0.028407405150887285
0.01357342586725459
0.001110469285616937
0.0011784940569539344
0.0014974785543156028
0.001105039031130459
0.9859225291968137
0.0011047385706556613
0.00110472757518611
0.0011047322719276115
0.0011047280988981513
0.001104732327816826
0.0011047733881764396
0.001110738552298679
0.0011047903929563196
0.0011047424931272894
0.0011054793613022606
0.0011047277820486127
0.0033409931180655396
0.003953619668903483
0.0015734194841691444
0.008305660209228278
0.0011054003840376713
0.0011058718170639933
0.0011065868863139765
0.0068128531162534225
0.0011047723171705359
0.0012753252792355857
0.001104839656721551
0.0011067340612364329
0.0017937602355347726
0.0011047403791132773
0.12327220679665375
0.24472346154242827
0.01663343510153256
0.0011055186195447235
0.0011047620016393749
0.005329832797232723
0.0011047459248812164
0.0012069509464526101
0.003347049713725019
0.003340958162473023
0.0022412266549432197
0.0011047275060745566
0.03274402098905012
0.004982804216708086
0.004228443607354961
0.0020457859802438887
0.0011051008797405245
0.1389249169557262
0.0011054521143510703
0.001124091186611157
0.019141067299225146
0.0018385713164857668
0.0011061747317460224
0.0012033931509970075
0.0034344440897294214
0.0011918870276181352
0.0011048551400229458
0.006367709752728846
0.010607244301854203
0.001922124269972538
0.0011066295834201252
0.22669447629722872
0.9765218022230762
0.0016672250288606168
0.30343601241679885
0.9888994884336324
0.004969107006957303
0.7124197728192219
0.9885854637769423
0.6281720528435268
0.9892297299475913
0.001104946018406664
0.2429560850476866
0.0011047540634740265
0.0011054445238230636
0.0011050334888171901
0.0029946655519138077
0.001140978093573321
0.0011047290473378095
0.015361532846870982
0.01168048970268597
0.005196001685986869
0.0011336247963129396
0.001104728066614624
0.0011049404600279623
0.001105178299413301
0.0012171410502249678
0.001107633569317462
0.001330034978309031
0.001203450346599559
0.001108400718550526
0.0011061255894119662
0.0011100491241877446
0.0011112206728972466
0.0011047422622539578
0.0011047746665644586
0.0011048718269162665
0.4576531955494648
0.0011196304315584068
0.0011433501868001162
0.20756073883990714
0.0011437974902699143
0.0011928856714429475
0.0018897224751845555
0.0011106597920102514
0.0011507945963994183
0.04893514650750413
0.002143826665179738
0.0011079182121130184
0.0012379904726539158
0.19370742889994155
0.0011082460765881443
0.001106373647095789
0.0011047983997451982
0.0011047661584134246
0.0011097300395042126
0.0011788749722397818
0.001167696022081366
0.0011703221779093994
0.0011053016428102867
0.0011111162891471404
0.0011049774164418773
0.0011439226444228067
0.0011047613837059844
0.0022204408905494013
0.0298576192785974
0.0011083778556755825
0.010627140367043274
0.001744320539719739
0.0011049207280406925
0.0014484036114074533
0.0011047323687043676
0.0011048421286769773
0.0011051207736011098
0.03181587909729226
0.0011053346149129453
0.0011119016596602448
0.013086215117996822
0.0011075086553668262
0.0013671245650590262
0.001104729429238207
0.0020351506209458554
0.0011072882724073821
0.0011158295812918678
0.001104728016218537
0.001214391209317082
0.001122866260447441
0.0012721773188698739
0.0011187559829750424
0.0012737850791426522
0.001104733215357352
0.020216580016280468
0.0011152245349953882
0.0011267198252105034
0.0011141908667261853
0.0011051429961846328
0.00110474196698605
0.0014769686627684867
0.0011050500901630888
0.0011372433024687888
0.0011120079161306038
0.0013632573599618994
0.0012496469735147732
0.0011062790630970735
0.0013480980791868821
0.0011076404715108096
0.0013013704036842566
0.0014025288491572158
0.0014566988281533302
0.001104994587984915
0.0011050114276191505
0.001127498792653343
0.0015616369618907638
0.0011158215886503803
0.001106014957243096
0.001104960876742184
0.0011047507441797062
0.0011377059758448385
0.0012960716971126842
0.0011048871517700901
0.0011052962941577352
0.001104736476237884
0.0011047986207855212
0.0011297883046061535
0.001120210193403419
0.0011169841022593478
0.0011056771308105614
0.020171217170047682
0.002490549406523971
0.00110711520774397
0.0021543290022163924
0.978141243733114
0.0011089995409331427
0.0011047296291258743
0.0011047537659884552
0.0011084652295838228
0.001147488901520626
0.0016677752340241677
0.001303178277623793
0.0011209893036904241
0.001192527186545302
0.001134553140985629
0.001104733903823554
0.0011047921530843363
0.001110459427054779
0.0011175560734606842
0.0011567061007336519
0.0011047302903819496
0.001104767134335931
0.0011064698428148597
0.0011115161451084427
0.10912469434339257
0.0011047331762022703
0.3935033301214748
0.004641585231581497
0.00115309222505464
0.11426926205285834
0.004721613153308001
0.01901083144016055
0.006614150941979069
0.0011051673475724166
0.0011478088419075163
0.01381164836310546
0.001160524483205476
0.0011102090613022148
0.011081149128961904
0.0011062300322740022
0.0011469874409531843
0.0011151918087712904
0.001438891849116673
0.0011062832187967123
0.0012271412290529755
0.0011204808772883545
0.0011054087384501064
0.001257087017655661
0.0011047415777909644
0.006236008624249881
0.0011106783716312257
0.0011047687045745841
0.05922728929986584
0.0011093348582040534
0.0011047418636690816
0.0013895132682985925
0.0011048401205503804
0.0011047555125443158
0.0011047433244356529
0.0011983136406722166
0.0011047710497593018
0.001145353383349124
0.0011048663611391875
0.001104789233465126
0.0011059270023299048
0.0011047274838109856
0.001165482507319509
0.001105436057795589
0.0011388919511246256
0.0011548537120093156
0.0012497972933862072
0.008112409421354603
0.0034121554365551436
0.003340963833236293
0.0033410845382747067
0.003341026372802469
0.0033572135686134965
0.0033575313706069075
0.0034518722204732997
0.011977019450112291
0.012211156860076436
0.0019826864594780784
0.0019813961864271258
0.001981203471901923
0.0020554587736798316
0.0019865819510054236
0.0019817847238436655
0.001981965866496957
0.001989123681635308
0.001985100661920027
0.03483032978979472
0.0021554838727509784
0.4021216615929583
0.0011048171897334905
0.0011049983634310934
0.0011077984701897883
0.0011225884533183734
0.0011048773994811042
0.00420719355719623
0.001190340610708479
0.0011047762882621058
0.0011049076599208446
0.0011092349331251862
0.0011095732114572954
0.001284481827693759
0.0011047280187138416
0.0011047580775102625
0.0011047377133124102
0.005926644170907314
0.00412317831610933
0.0016860526156105178
0.0011123687100769262
0.021205939412766283
0.0015519503371086408
0.0014874544897314013
0.001104997042571969
0.0011127971169899726
0.018480551695720673
0.001104728027484788
0.0011056018159023553
0.0011048705426792058
0.0011086011865275422
0.0011070655936685058
0.0027995704625239084
0.0011079996507413136
0.0011047342804617996
0.036457644037582455
0.0022751816518826154
0.001110005535045766
0.0011052026210328256
0.002966779413236751
0.0011047353524476144
0.0011060326073299353
0.0011813860416293501
0.0011095142716058954
0.0011074650143114487
0.0011632519933953897
0.0011617768167818936
0.0011364288092783387
0.0012701825038332326
0.014437201043416985
0.0011261305368336718
0.0011047299290762467
0.001104780570307525
0.7554133839799476
0.0011136100239514779
0.3013927010391054
0.0011048541903880237
0.002684375875925938
0.0011060788580545616
0.0011047451168889426
0.0011048473689571022
0.0011270553257702112
0.001104930555663079
0.001105214545950772
0.0011186035756261888
0.03138515088847956
0.010208705839530012
0.0011049917379118747
0.0011047339095974571
0.00110560260176288
0.0034272894670957306
0.0011047275455057827
0.001105596724029372
0.0011047275147945588
0.0011047276208124347
0.0011567201251850023
0.0011058670253485117
0.0011057274358493168
0.001104729218943415
0.0011047348760677398
0.001151417672436185
0.0011098022769188555
0.0011748518951785708
0.017288824388041878
0.001104733177517916
0.0011047300182278922
0.003561617548625536
0.001981159331507962
0.0019834072590129257
0.0019814964850179743
0.0019814181083574424
0.0011047666086484377
0.0011335093762026758
0.001104755860250919
0.0011047325263451775
0.03947686160724984
0.002738526888900472
0.001104747708783701
0.007908845575355733
0.0015584668516496357
0.001109628893797145
0.001160967937516829
0.0011050133014644551
0.0034076421725737823
0.0020274159817717714
0.4683772630045176
0.0011208182962789397
0.0011413766974746019
0.011438784060650657
0.0011128591669092073
0.0012208169676310337
0.9450969914081205
0.003460315170485456
0.0019822050491426864
0.0015324317126628323
0.003652614969941629
0.001190235871065644
0.02251415720899711
0.0011047470226645982
0.0011065945192666145
0.0011047332788534335
0.0011047381094794854
0.0012520250100815683
0.012562494146520288
0.0011803416518255678
0.008539973146886357
0.0014549518142844182
0.005111697381155079
0.0015920875312076897
0.0033439147177876894
0.003341073514800758
0.0033549716632124767
0.0018792978549997512
0.002600071656928345
0.0018461575325380022
0.001104729901831208
0.0011047440722176094
0.0011047285506374472
0.003351654405637322
0.0011261980462514058
0.005940888698434653
0.0015072701920622257
0.03373083254651718
0.0033518338489406424
0.0011295509664225598
0.0011047414357403488
0.0021292333358786902
0.0017279664767893934
0.0033411108827765715
0.003363906169813046
0.0011092710786145155
0.03265260575505118
0.003341930406471835
0.003469145391148195
0.0028539660458840117
0.0011047581706500062
0.0011064239561927756
0.0011047343132404496
0.9890967543693769
0.0011200693491263006
0.0011047461441561312
0.0016629738029422935
0.0017397615668684556
0.0011048235410249139
0.0011048810418684424
0.0011053348784499728
0.0011114195154023588
0.003520878216114465
0.0011047314020448905
0.0014870937724840742
0.0011086453774868388
0.0013529679227987034
0.0011047410377428603
0.001104786129013421
0.0011047329533992844
0.001104736338723263
0.001111595427885618
0.001105048666144863
0.0014799697202704004
0.002622345684739148
0.0011712284200560397
0.009837125135247716
0.002676645377596314
0.001110385849717202
0.010572018225965173
0.0033476014803311086
0.003430980367036865
0.021268831402529748
0.019784916489938815
0.0033660836578358754
0.00416601449333104
0.003341341526407944
0.0033424939497670365
0.0064183513505661986
0.0011951537484316131
0.0015568328509086057
0.0013790945289051347
0.0013614805660941078
0.0011355933955151036
0.0011100173622659072
0.0011047312039461023
0.0014017766917944067
0.001104903809226666
0.0011047285008369
0.0011053942316138115
0.0316306533106122
0.002314529079045464
0.0011284886289371849
0.0011053618700006369
0.0011050221749741922
0.0011051237790804989
0.0011047631334434138
0.0011048314792411885
0.001110945132370837
0.001119429742662445
0.001121025260338917
0.001104727511985005
0.0011048715600428475
0.0011175006818077218
0.001104837034724805
0.019893471612160072
0.0011047312103484468
0.001104750421259285
0.0011048034751795915
0.0011084350933441424
0.001147048034405189
0.0011058264323277809
0.0011051602706326708
0.0011047292156991884
0.0011051554813856141
0.019233822325155598
0.0011358241845138882
0.0011561648140580132
0.0011047311042465954
0.0011070385461848934
0.007901123721131408
0.0011195093682565263
0.0011047348866292713
0.0011067936142412538
0.001104842078782847
0.0011047632736768715
0.001625849185691656
0.0011488016870004531
0.0015430693184210757
0.0011604777601841333
0.0011088807727416192
0.0012162480011227823
0.0013337812008722759
0.0015529015698324156
0.4297272229887051
0.0012476851969456405
0.0024911897607259787
0.0011143602104976113
0.0011052552147094643
0.21485589378039682
0.0011784160926508263
0.0013103391442027895
0.0011054797029782975
0.0011064348903682087
0.0011050085059683497
0.03247713240929
0.0011054613015033822
0.0015861006382264723
0.0011047377212532628
0.0068092378178947815
0.0018401882040277795
0.001243657120630103
0.004908151492889352
0.0033928650323798706
0.008270053049373708
0.0033416398828203376
0.0012181562834304646
0.0033421308229196938
0.001106910465920594
0.0011050722146759774
0.0011048946330998743
0.0011047519770982692
0.0011047274657454338
0.0011828688010483957
0.00110472924663262
0.0035626307599967715
0.0011052966700628459
0.0011050092104601438
0.001109101475310897
0.0011051507651990897
0.0016491057668013486
0.001105821648233384
0.0011577346990606265
0.0011047862882266842
0.0033871930930318705
0.0011048886884501283
0.0011048262811745168
0.0011047321743769746
0.001117482760490423
0.001104978612755945
0.0015089141837207353
0.0011410604333069083
0.001106610878391567
0.0011047368938799584
0.0011052322553406553
0.025950739385874517
0.0011047278614380468
0.11056097925988427
0.019569364708740072
0.0011047865073731036
0.001106008101242947
0.001112817133217353
0.0011770867271137795
0.0031290852543477544
0.0013614067082245056
0.00110472749759541
0.0011047752524496698
0.0011112074335169718
0.0011050822323196972
0.0011959694751883646
0.0011049368573973143
0.0011047706825387086
0.0011047727705277236
0.0013245483312365547
0.016022169991351306
0.0011322173558110519
0.0014126490228827146
0.0011127944091715262
0.0011139118866284204
0.001105677416923603
0.0011115335454483248
0.0011047362750351323
0.0011226460052556687
0.0011047347348398112
0.02967871925337522
0.0012131365033489522
0.001104856521653478
0.0011047907544069102
0.001104779282463158
0.0011048036311786468
0.0021397404914290084
0.007692982024038738
0.0014529533069499634
0.00543304312572527
0.0011065388616841117
0.0011073082593378032
0.0011047340075316266
0.0011134945892567578
0.005253523569570578
0.0038452720723573855
0.0011050488400474396
0.001105545473094346
0.029735590562951896
0.0011047465678135197
0.0011048092649911408
0.0011048347406647909
0.0011048678706237428
0.0011047886745315998
0.0011047923792471285
0.0011049218066709488
0.0011818352440208346
0.001105091967586747
0.001147434408778072
0.0011062159161792065
0.0066819941387069376
0.0011050514425122724
0.001104962401280084
0.0011580944820406374
0.0011272340082972973
0.002742812802403494
0.0018666510179204858
0.001108137882371744
0.0011049325448155413
0.001105861135456747
0.001104991920930787
0.0011047492963627249
0.0011047412949910533
0.0011047299987508837
0.001104745153016633
0.001104862561740506
0.0011288967068342833
0.013355012462644568
0.0011050506056054289
0.0011179423290355037
0.0014307614801359345
0.006618911451667464
0.001236880575758472
0.0011048328739416446
0.0011047907824431101
0.0011047302449195115
0.0011047410340110826
0.0011050247822633318
0.0011047274981684707
0.0011068656627049552
0.0011047541122595561
0.0011083185845144575
0.0026113202214893276
0.003778659837004218
0.0011315501326189395
0.001107936012791299
0.0011074536271131646
0.0011054000815971078
0.0011048941786944348
0.001584764985825501
0.0011116844113953014
0.030760986485093424
0.0011058394785417945
0.0011088446371812987
0.0011048062599607277
0.0011048982376088833
0.0011047595144847242
0.0011047541184833372
0.0011047301444305786
0.0011047930921115414
0.0012851924262393915
0.002272408654833848
0.0011103476165824299
0.0011256771578691364
0.001167883178678275
0.0011071151750324118
0.0011143958279262703
0.0011185872811469726
0.0011116643058144133
0.03223261712584422
0.0025711895641233776
0.0011048395697578989
0.0011047848213393198
0.001104739186831686
0.0057474960150903035
0.0011047343708186675
0.0011048977302954648
0.004905675032205247
0.0011053550157386377
0.0011047388770507398
0.001104733895692923
0.0011507030063020005
0.001106145444566955
0.0011048703203435368
0.001131186940284705
0.0011048617004489733
0.0023282739184937707
0.001104818233757833
0.0011198428807139688
0.0015716844772069715
0.001104741953324874
0.032071711695013626
0.010715226237109242
0.0011267247761568545
0.010619220833411923
0.0011137521085269634
0.0011047469410932784
0.0011246680298115654
0.0012421640358947648
0.0011047433302299988
0.0011047277853425735
0.0011091015661065912
0.0011049871179366361
0.001104796398586855
0.0048252845681444135
0.0033544351042360154
0.01443893406917146
0.5911677321303671
0.0011047662533773927
0.0011047444193559256
0.0011310221846793582
0.0011541350426645764
0.0033721842563336256
0.019278891269619056
0.0040858545176800645
0.005211028447184391
0.0033410328133634754
0.003341094658844411
0.0011050037447096937
0.004128219598143573
0.0014023652870104708
0.0033635882630461775
0.005683917188749641
0.0033415404780263395
0.014942731827183987
0.0011183494505505904
0.001104895496586795
0.0011054249749793887
0.0011055239325051098
0.035644663146614804
0.028038852150458423
0.0011468162443287679
0.0011271117476583067
0.0011769775797506811
0.0011050825583376167
0.0018108624890742517
0.0011089763432812602
0.0011067731429485665
0.0011047280271015436
0.0011830121782727577
0.001104744221717638
0.0011050461025112462
0.0024953971385836284
0.0011091351700884115
0.0016313187200128563
0.0029893970748588673
0.0011392731546522098
0.0011047310539216723
0.0011047729139486283
0.0011049199072195165
0.001104732360830334
0.0011145301371404237
0.001293612223930565
0.001104909618385323
0.0011177202063961241
0.0011049846898295859
0.0011302059027464913
0.0011049917395972312
0.0011068426391123173
0.0011612760107191174
0.0023097419871996754
0.0011047292333200953
0.0011068692006287648
0.0011047846291299581
0.0011047640902621856
0.0011047280078618096
0.001570969348140004
0.005048936797920464
0.001108408790641295
0.0011057001525497897
0.0011115540536243691
0.009903435532921053
0.0011047973705214642
0.0012472168276653345
0.0011069653998419901
0.0011056266960909169
0.0011065424051055807
0.0011435287753652657
0.22197018806583427
0.0026801851838920056
0.006134492666712587
0.0011047275249073593
0.0011155722653989123
0.0011047282686595954
0.023306619625088187
0.0011068280643447997
0.001104861124691199
0.001107585077624699
0.0011219285843606856
0.019264258696236554
0.0011065707123500011
0.0011107264818320428
0.004502202267008276
0.03202905256045326
0.0011061300524488197
0.0012217857581629454
0.0011261910382184357
0.004810496205078095
0.001104891254810956
0.0011071251922739258
0.0011065538648917402
0.0011102015743055633
0.018661420886810682
0.001105270022249975
0.0011048250204724688
0.0011054298708797364
0.0011154621492211164
0.0011083088322695236
0.0011096970722938063
0.01259268043032841
0.985658669645833
0.0011293608754465829
0.0011047841764184677
0.9805215128266769
0.0011490720004905678
0.001172641561072448
0.052228740349186974
0.0013670792438461971
0.0011050567919862787
0.001183672580865277
0.001355407420698263
0.001104735642782488
0.011718707003055717
0.001112571981313052
0.0011048546002015616
0.001105124303551012
0.0011047364955392251
0.0011181294053752334
0.001106215525220177
0.0011059961609547948
0.00110782791575401
0.001105156146954714
0.00110772325320381
0.002318241567417204
0.001104797225838641
0.001104777043524782
0.0027615336320540385
0.001981175180030014
0.003261679545010378
0.0011047384287129214
0.001106375453637692
0.9783973269200353
0.001275547870655633
0.0290207599638653
0.0011048858002344272
0.0011048453818235863
0.006150198267532719
0.0012058304617832605
0.0011047346210640281
0.0011093420274447343
0.0013502409031249832
0.9627932171133472
0.0011496722252960937
0.002073077829954977
0.001106436519080243
0.0011047329861208844
0.001104727721993811
0.001104727649071932
0.0011051389749940472
0.0011047290173586152
0.0011047278923213154
0.0011047284910210662
0.0011047541959864561
0.001105345511649027
0.0011047475494987264
0.0011323273663239966
0.0011253397515639278
0.0012213909242576705
0.0011050426029320232
0.0017399965835020455
0.0011047284776933121
0.001104858531937745
0.0011048157352364155
0.0011047411928572868
0.005977771033420122
0.0011048250133771555
0.0033537189149594705
0.001361439140387414
0.001105399090422402
0.0011047448124237172
0.0013072926590139504
0.001105038841837028
0.0011346638566830153
0.0011047283392515248
0.0011052980913040635
0.0011047281254506587
0.001107788529482224
0.00373823184712581
0.0011057732503899633
0.0011075035838414972
0.003358627447100546
0.0032767071631219394
0.0011047559219131298
0.001104727642539551
0.001112479005293786
0.0011056852390747955
0.0011049703985231117
0.0011067232880079155
0.0011047342579637678
0.0011047616498720333
0.0014449862360122647
0.0011047288432684578
0.0011048017466663558
0.0011047616770943935
0.0011047642506948332
0.001104747449347388
0.0011049350472057192
0.0011048161729061675
0.0011049589229632768
0.0011089185462154936
0.0017428774575748386
0.0015393343383038184
0.001104875963862276
0.0011047290566448553
0.0011053166206942103
0.001104838415604051
0.0011988545538346592
0.0011048293092009072
0.31783230440146454
0.0011054355074811557
0.0012625237209487725
0.0011047585193802285
0.0011413319505232712
0.0011047277513898028
0.0011047276239304102
0.0011047279828294058
0.003123278283549164
0.0011049570730657513
0.0011062809160720499
0.001104727695225208
0.0011058794117826474
0.0011074283997449237
0.001105128904821765
0.0016333674748436927
0.0011047312906230869
0.0011081773450186177
0.0011047287554775697
0.001227299032263041
0.0011098451046809986
0.08540362278206375
0.0011047560794722308
0.0011047302050085429
0.0011058551586135246
0.0011066429517811514
0.0011047344962029572
0.0011047275121826203
0.015567869847946583
0.001105303095434299
0.0011050040786137745
0.0012121789546156608
0.0011217493727314046
0.0012025399414641268
0.0011198838670056824
0.003135821761778189
0.0011051458851207745
0.0011162244242861968
0.0018611295370330602
0.0016192888443562633
0.0011047728491935837
0.0016906888922647273
0.0011047297420452688
0.0011047353325885456
0.0011047386218988682
0.0011049197283411183
0.0011047552033627787
0.004797260473440563
0.0013647751121629915
0.0018009437078475884
0.0011047907495343526
0.0012666121861988524
0.0011047817979169079
0.0011047743097163342
0.9576054297148268
0.019804806257500113
0.001952947361762265
0.021906162099700054
0.0011047481358544497
0.0027888424577259723
0.0011458963534879594
0.019227688595066048
0.0011047370640776203
0.0011108947649326748
0.0011047371954597722
0.001168488422657936
0.0012810281123690223
0.001104732347936687
0.0011074985493129117
0.0011049930070456003
0.0011048751339571
0.001221083393807623
0.0011054306429750832
0.0017777451845581557
0.0011166990987791037
0.0013197346552627275
0.0011076486481668025
0.01992152145047386
0.0011062919753168702
0.007191739950163256
0.0011281281463760154
0.003621065905157739
0.0011052198146926091
0.001104935821126774
0.002206821789067184
0.0014296437985418342
0.0011048102837646582
0.0011047324842150682
0.0011149185841866712
0.0011095652376064324
0.0017075310735949116
0.0011180230075547
0.028710885221460435
0.001135582932165962
0.0011450481943140979
0.0011075957456866702
0.0011960142508585416
0.0011057252997575472
0.0011047283080199799
0.0011047274547364586
0.0011048088979299972
0.0011047274590806583
0.0011047274554386334
0.0011048378909072148
0.23871589445000171
0.001105398132141619
0.0011157439886800716
0.0014245681254131998
0.0011094766224081997
0.001109828730410566
0.0012127272290604289
0.8233365205080002
0.0011047285778266222
0.0047131077113990935
0.0011051073944726964
0.0011059639889912504
0.0011085312582624649
0.0011344507891810215
0.001626124645683906
0.02685204639152176
0.0011059962150747787
0.7236632529714339
0.009414390862070503
0.0034058068516157427
0.0011047653839984849
0.001238007177731414
0.0011047291350582311
0.0011048517223050576
0.0014491290007529595
0.0015392340256949206
0.0028513098261864172
0.0011047548677919235
0.0011056312030948848
0.0011050927833205877
0.001104736483356233
0.0011054804944561918
0.0011047691830028098
0.001118329476855011
0.0011102363292324518
0.0011047322599599472
0.0011210174290505043
0.0011047325702871768
0.001107805586385433
0.0011059810065065603
0.9800621007678598
0.00398463244460079
0.0011047596456387298
0.007402345376765632
0.0011048236480266987
0.001104831227835371
0.0011054481871343657
0.0011133547735310547
0.001109197523826864
0.0011808603737366295
0.0013124956408443918
0.001104728572556604
0.001104787523242884
0.0011163477140159475
0.001107303695792055
0.001104758273558321
0.0011050241035429932
0.0011047280802504624
0.01867677891399853
0.0015238756650743767
0.00506445779862152
0.001105287058603618
0.02623500790552201
0.0011048333473558688
0.0017210269310717757
0.001104858312665632
0.0011091108215935327
0.0011114309292534416
0.001105107445339599
0.0011047294848300826
0.0011047732980042821
0.0015031423438562808
0.0011166020489268892
0.0011047282870142508
0.0011081931829997177
0.0011085164882122002
0.001155733904889282
0.010255390706359209
0.0066488257488520755
0.0011192374472020457
0.030686990188102895
0.004164716605353543
0.0011203426121137712
0.0012416648576253535
0.0014345579295884658
0.0011064319342965832
0.001937085573905365
0.0012044584177120974
0.001108890126223585
0.0012578769275404054
0.0011047636107993047
0.0011229389398468817
0.0011539854958923048
0.008771730390196342
0.001107081481410772
0.0011068964134763265
0.0011055430482764905
0.0011082479908956684
0.024946033507183607
0.0011085109703166335
0.001498553608241862
0.001107842338136309
0.002514944107166429
0.0011236845648491729
0.0011061057214691384
0.0011177025485436833
0.0011097204273447213
0.0011055712028692054
0.0011117864451154272
0.0013893308220860154
0.00395471766034036
0.02972677374126119
0.0011053121702938472
0.3777735550451119
0.0013178950133810154
0.0011047440913475092
0.0011051453223626245
0.005321065516672936
0.0011049755290688057
0.48056197792928973
0.0011047276604760432
0.0011047274986473081
0.0011175446149386042
0.00110479629513326
0.00124690830946051
0.03103979982529742
0.001104872868357171
0.001135290967106868
0.0011073926926918924
0.001106953484170062
0.001149569548082899
0.0011050155804093315
0.0011118358289514511
0.0011137588565629903
0.004421080704527995
0.001122197251845442
0.03324770945004642
0.0011077268440058273
0.0011131391693724167
0.0011098600806403497
0.001106480799781173
0.0011067886514507651
0.0011071320306408478
0.001259797513370843
0.012254744551458538
0.019442070664586437
0.004341242283052495
0.0011058765202494913
0.001106907143295004
0.0011206099363452982
0.0011047366629955257
0.013850217121339008
0.0011048672699981404
0.0011098259940786573
0.0229886392765095
0.0015243768563284953
0.001113365193956957
0.002166319173318488
0.005077507300310467
0.0011196033873563374
0.001118350464407248
0.001106056896997639
0.0012206745204195047
0.0011228014630989274
0.4248738092746584
0.0011693490493110525
0.001360215728401592
0.2453644219126244
0.001116017113351816
0.001169373734644066
0.0012285579043607732
0.0015022341875576494
0.002544493638200605
0.0023277262803984675
