0.9948243428336325
0.9713617072020425
0.0007830039293099919
0.9948237472131665
0.9948247633155457
0.0013694763120444527
0.0010402494361566956
0.018016647196012314
0.0007802633717402415
0.0009235833196386045
0.0007424119350050317
0.0008114987032896455
0.02092936397479351
0.0007452428136298556
0.000741244807653151
0.0007412049721096921
0.0016925912564850795
0.0007418148668066533
0.9948047376146048
0.9948155861432109
0.007255157758454867
0.025707215178727587
0.012129627530717202
0.004471811889704052
0.9946440556976083
0.994823721386026
0.9948233667886824
0.9925075087148482
0.0017576276640627253
0.0007468503743121486
0.0007514906493620926
0.0007879478029133863
0.0008601008622428349
0.0008292254574548717
0.0007535757058914063
0.0007536893391070466
0.000758026492111261
0.000741219214923338
0.0007432480495373659
0.0007419653241152115
0.0007693911784371826
0.003937327699885162
0.004776031691285481
0.02308065668024214
0.004417395466124208
0.021096779666680693
0.9825444334032759
0.4776992431128402
0.9948205571936403
0.9948246181473607
0.9948251219295737
0.025759509456886747
0.0007412594644756953
0.000743944171658492
0.0007412246043743216
0.0007427125940322292
0.0008705821080393597
0.0007546139389864057
0.0007413480696668078
0.0007412074732405918
0.0037643291254387816
0.02222071562932881
0.003764330521802062
0.01093307373059485
0.005432864041000306
0.008941718309428448
0.023169204576668073
0.0037643304579878674
0.0007416217719066017
0.023952870064849096
0.0007473193606951376
0.0009287548486373795
0.000741405180795824
0.000741879273182024
0.0007412493198071819
0.0007416155281180691
0.0007534099939118302
0.0007724528265682592
0.02829126490192859
0.0007886382783466608
0.0007416552376061163
0.0007426346847298349
0.9948238988782145
0.02310472446128628
0.003989794460120485
0.016196692226547887
0.0037647390802052955
0.013683367519497579
0.00422402300747955
0.0037702790873053492
0.0037804633940489644
0.0038320107931484617
0.0037689410538290025
0.003768059157383
0.0019593232621546238
0.0007412445002823628
0.0007412067180575707
0.0007498554315891566
0.0007413187739573247
0.87583836134516
0.003764863299358364
0.003838874856724265
0.0037644679529641673
0.003764372890879388
0.0037643291440437833
0.0023533233098673944
0.020033017999677036
0.9540284677499145
0.0007494409427065282
0.020871303413644668
0.0007412323138222274
0.007364885174733074
0.9948249984901104
0.9948217366134959
0.9948251411852375
0.994825299142618
0.994821781739267
0.9948251343333
0.0007412905787609027
0.0007412033459934276
0.0010934677612277606
0.0008525956636165989
0.0007412084347924196
0.0007412101047268877
0.0007519476907870118
0.0007412017514621604
0.9948252277429008
0.31524133774312607
0.9948244595227294
0.9948253104773098
0.9948253027469395
0.9948252260768612
0.013089287579564833
0.0010074507429344568
0.0007413317518518101
0.0007414365759101274
0.9948184983591015
0.9948237341625396
0.9948251528516903
0.9948252431351902
0.9948251239442211
0.9948145512081658
0.0007412019458529695
0.0007412033438731547
0.0007412018615948529
0.0007553931403119947
0.0007412015067228629
0.0007472053878078383
0.994801023794954
0.9948242763435271
0.000771232005838087
0.0007599625426305526
0.0007412026682712815
0.000741325531595872
0.0007414170458032254
0.0007412016259457446
0.0007412014925684804
0.0007412028484498154
0.0007434146469130046
0.0007412592303978198
0.0007425553490155673
0.0007412218780918422
0.0010042124783429607
0.0007424585460904195
0.0007412024541511928
0.0007412028493382883
0.0007470888485606407
0.0028189766827883328
0.010063785714778445
0.994824975360144
0.0007412051056049919
0.0009442833165909026
0.0007530854315660149
0.0007424889600454633
0.0007417947079843425
0.0007412388900848672
0.004345079163496181
0.003764335880336443
0.000741201967610578
0.0007412102154855896
0.0037678349042353926
0.0007415112000800162
0.0007518309137204758
0.02142535094044405
0.0007428702256527173
0.0007416421316380457
0.0007413029952896517
0.0007463048816401552
0.000741202543420328
0.0007514412828728448
0.000741202078916102
0.0029338191620036152
0.0028218363933445742
0.000749476033891318
0.000742398896662213
0.0007419417339664325
0.013186380177421317
0.003764329118671362
0.024213044561107514
0.0007413171901565676
0.0007412499572500036
0.0007412035873668167
0.0007412069116561999
0.01169088767232391
0.006221147824548276
0.02220087887833821
0.013808743369909674
0.0007494650269173766
0.000744070778587437
0.006672147400273023
0.0007655056498209924
0.0007412053424558439
0.0007413702015483462
0.0007416615650937787
0.0037735251881515822
0.00441315685904759
0.003764453155944133
0.005209633022754075
0.02445576648928491
0.023231241532383182
0.0007414646591828654
0.0007412331971673392
0.0007706166496376695
0.003764329857196417
0.994793217293124
0.99482347306257
0.9948113107149464
0.9905863128193805
0.0007462317247466442
0.005378975976282376
0.0007435759606225057
0.00074205475318039
0.0007412062300096327
0.0009576344933543024
0.0028209724221074303
0.0028176004834743282
0.000775789413579996
0.0008256010323861291
0.0007412159353498456
0.0007412255791268039
0.0007413201765224341
0.0007736409601461122
0.00074266049995632
0.000742448938919634
0.0007713198426799453
0.0008399063480209931
0.0007463104194767558
0.0007423019859428485
0.003555803184259422
0.0007854125910241707
0.0007529373787085493
0.002787884724410014
0.0011198452510402667
0.000800213431661076
0.0007412284792958862
0.0007412014936370843
0.0007412078663025509
0.0007412182225976869
0.0007414392181130654
0.1726066303523845
0.0007415599400083323
0.0028177038000492018
0.0028757895372236645
0.0028178620272325877
0.025038153785989777
0.0009371616011795644
0.000741208093014678
0.0007412265751305014
0.0007413148280572043
0.0115493490500801
0.0007412031250751987
0.0007412542020884002
0.0007417159311329601
0.0007419252232688018
0.0007414604090844552
0.0007412041879088209
0.0007412032954307724
0.0014533274170845127
0.0007412533282810979
0.0007412138909314815
0.0008548949349565526
0.0040489902151677306
0.0007416089384242102
0.000741360673479727
0.009951901673131236
0.0028178634191202197
0.002818725146451787
0.0007418065308748008
0.002827713151864092
0.0007632373812456718
0.0007625002389561151
0.006600382408597765
0.0028178737393289546
0.01907493593890028
0.0007661515519115344
0.0007413779584979504
0.013460594168081687
0.0028269805242675714
0.0007412231956074194
0.0007413633601279008
0.0007726525316688862
0.0007534060357578905
0.01957832375909864
0.0007413598485262179
0.000746654017368133
0.0007531329045944317
0.0009811661193272613
0.0007412920706986159
0.0007418981617891823
0.0007412050505397014
0.0007412015685704693
0.0028178817790287776
0.0008018674535338317
0.0007412693818656367
0.0028176587857800394
0.0028214180218285793
0.005387965134749264
0.0007425310117053492
0.0007429477237049797
0.002817890287659139
0.000995657324406538
0.0007461525578420371
0.8434868704157763
0.0028225331423258862
0.018851480910852255
0.01670293894536848
0.002824063260666276
0.0007455420457296748
0.0008605701271594776
0.0007458844787697175
0.0009032442088719008
0.001565776229728574
0.00281800266029793
0.009693356299681655
0.0007412051354750773
0.0028180290585697607
0.0007412135354418348
0.0007412017789638193
0.0008133882453021299
0.0007412090887855204
0.000742565972038688
0.0028234213133589564
0.0028203902756208377
0.002819479716108094
0.0014376392824448927
0.002836411157943705
0.0028318314681503483
0.0028183926624613877
0.002817595902824216
0.014486381203291406
0.0007473307099420455
0.0013041183970828863
0.0007544272940601435
0.013048691956963242
0.0028375817325361286
0.0011369584743293336
0.002817717099727012
0.03937927576142534
0.15104722094603415
0.01870103128515439
0.0007983037414201633
0.0043661384664190235
0.001689443523482363
0.0007412237427180466
0.0007453244118477782
0.0007428669529848179
0.02222865501188927
0.0007413850378616884
0.005943058922636359
0.0028491394463108976
0.002829820133457527
0.003225341227313045
0.9941079256144932
0.9944188533816467
0.9947358088491526
0.002825384112886446
0.001267872846331995
0.027338166191711272
0.013801591071382756
0.003134146451756044
0.0029981099611808715
0.002833826706262412
0.001298369334495766
0.0028176433934294703
0.0028179459392794026
0.002857542070003275
0.0049324009214070175
0.003764330853681677
0.0017238705867860932
0.002821003386155526
0.0029116182937130963
0.0007416699983482835
0.0034224169325396043
0.0007441153063091405
0.002887063933032208
0.021900701094989036
0.004128508404186864
0.002817886846410035
0.0011500111700609179
0.0007412041404807002
0.0007415651553732698
0.0021182637834194127
0.0007418724851762732
0.0007412123301368751
0.0007412200938281894
0.00074167451045064
0.0007671456729502201
0.0007413452276377088
0.0007429922739339494
0.0007783418082103403
0.0007912310580294008
0.0007414339135582446
0.0007412933748974654
0.00074579701254481
0.005461648580762867
0.0007412173682550021
0.003991296402596637
0.0013743065182753162
0.0007462517713548429
0.0008191107247108094
0.004193477478302809
0.014890152556225581
0.0007424869025238113
0.005414999820351871
0.0010867978209396726
0.000743297182619062
0.0031277688683832147
0.0007600168210342664
0.02409727681736895
0.014389037520651909
0.0007415117458462299
0.01091520868441703
0.015337345593406786
0.020823661846894066
0.0010909039868089937
0.0007466987426891705
0.0007415276285961377
0.403289704539841
0.0007858732847142839
0.003903050386589869
0.0008582316449043568
0.000741213320432829
0.0007458476999373266
0.0014588227020127307
0.0007480044745958919
0.0008427606249628232
0.0028176126413286353
0.011859092584558332
0.0007412455357233606
0.0028873969165217773
0.0009255019978788374
0.0007670162555108247
0.014723626255203126
0.0007656407409787285
0.0007472753537984154
0.0007529783827964338
0.005149348993987165
0.0007412046411866579
0.0007621252625691607
0.005914355502619785
0.0007412047032570867
0.0007426213381994031
0.0007428883829290201
0.03333752951373793
0.0007543106269373953
0.0007412018020959119
0.0007412393819156926
0.007600927075128993
0.0007412311752068919
0.0007419814325632073
0.000742505882920438
0.0008170716858443436
0.001176385830292518
0.3543492876841913
0.6340657927376894
0.08274983218796332
0.0007471682575515775
0.0007860193857753189
0.0012475893852413006
0.0007414321046858538
0.004549643266581461
0.0007412082712552682
0.0007412016013437618
0.0007412051896398233
0.0007412018510667085
0.0007412041101020258
0.0007412267777974962
0.0007444148256946837
0.0007412386406014237
0.0007412102920283763
0.0007415732975424766
0.0007412016695287147
0.0028176151920646475
0.003322056356988441
0.0010446928946648507
0.0026687160061740108
0.0007416974451440968
0.0007423191788093294
0.0007430228909864429
0.019577897211557713
0.0007412451320344773
0.0009365166677759615
0.0007413091095732591
0.0007422808945514585
0.0017333942769482975
0.0007412139835498195
0.013150466014748443
0.01881024252291171
0.004472044591839145
0.0007419762226858863
0.0007412347495047709
0.012503136849764297
0.0007412177430230653
0.0008024639091338603
0.0028223605704464
0.0028175878004803993
0.0014995238995313817
0.000741201512433066
0.02374736111200173
0.0032223513656225375
0.0018960022131162086
0.0013682863395527364
0.0007414597222855352
0.014508710799005266
0.0007417634688490696
0.0007534099898974864
0.013859173432967189
0.0010250958530927956
0.0007422280567168616
0.0007983056895129281
0.0028908430088993046
0.0008365974320222143
0.000741324009764879
0.014669344729068728
0.003112341118236354
0.0012776251983993253
0.0007425073848707325
0.018804116238012453
0.006308446040579794
0.0009607523916538502
0.01983020063942145
0.003867067367774965
0.0019478530446460267
0.021626494278034515
0.003958949114518211
0.022945050807843665
0.0037865181241089323
0.0007413510049410903
0.019497584506967435
0.0007412174578822794
0.0007418095867850278
0.0007414804840951778
0.002056827203649262
0.000761705018453031
0.0007412030269982985
0.010747895773357415
0.00798862434806623
0.004261003289045239
0.0007558270644928269
0.0007412019915764621
0.0007413829961521925
0.000741445498128385
0.0008071067030620783
0.0007426458919901645
0.0008806862888323537
0.0008002899604000843
0.00074357468892292
0.000742116926384141
0.0007449362412337247
0.0007481238149162335
0.0007412098250281114
0.0007412423465154124
0.0007413297703501925
0.024664830922880923
0.0007486206732759349
0.0007837509507599891
0.017930663978261856
0.0007597667243616742
0.000779636570606118
0.001048657312480909
0.0007441601394209328
0.0007635420777565602
0.007908639849982958
0.002272756652208603
0.0007428822660859758
0.0007981315625093516
0.014643733414775092
0.00074299880717907
0.0007422778956897544
0.0007412691409083956
0.0007412273059006326
0.0007465171525415622
0.0007743430238287826
0.000770287626864978
0.0008136662836147424
0.0007414929759444969
0.00074455712980707
0.0007413313400598868
0.0007645498148700061
0.000741227770138239
0.0014809825450286022
0.02159348899025675
0.0007434727952369088
0.007403897635271704
0.001186224045143989
0.0007413460509338051
0.000969955916826776
0.0007412051608266004
0.0007412681113590639
0.0007415880964022135
0.023300728802761708
0.0007416260718034159
0.0007459053763430359
0.009215114337246283
0.0007428432066112682
0.0009066860723718299
0.0007412032095689433
0.9946429559048218
0.0007437863602143179
0.0007493215177925228
0.0007412018555776083
0.000807902843652281
0.000752711966489409
0.0009373872183471811
0.0007504980902044364
0.0008368772507152532
0.0007412059191303829
0.013991601592824102
0.0007468573100128683
0.0007567292395893405
0.000745946313944826
0.000741418980956451
0.0007412153520505569
0.000899797637723357
0.00074148970458289
0.0007572987495599258
0.0007451543360310968
0.0008930771046028297
0.0008309319387710542
0.0007421575681230523
0.0008898237956906454
0.0007428448713987494
0.0008629390065779736
0.0008803877948019185
0.0009633758714795545
0.0007413830051340013
0.0007413691305071465
0.0007627770563003953
0.0010280413449525578
0.0007484394666092446
0.0007423645121063874
0.0007413218190514309
0.0007412141448252115
0.0007776864734006953
0.0008224437437628149
0.0007413593318932163
0.000741754022561441
0.0007412101002534461
0.0007412701295249266
0.0007533139352619418
0.0007584200650611081
0.0007498050270778318
0.0007416686164196458
0.01585152062720578
0.0017259774437241046
0.0007423936339007376
0.002483466618939199
0.006041982757687938
0.0007437834453965066
0.0007412026916068127
0.0007412173128980513
0.0007433368228592432
0.0007665821737571326
0.0011125266713092109
0.0008295783590924901
0.0007492973423724378
0.0007946464179176701
0.0007590283479565968
0.0007412070653661528
0.0007412619728224591
0.000747549684874927
0.0007475479171002193
0.0007853110326937111
0.000741203653356998
0.0007412388011398098
0.0007420692515486978
0.0007485786930061949
0.1502269135652865
0.0007412064564275099
0.0239039199163568
0.0018755261764764367
0.0007698210997650004
0.3296236263958616
0.003959502757437885
0.013204404405795985
0.004696709754062402
0.0007416337728228107
0.0007614866931523694
0.004831140712684971
0.0007672560644689598
0.0007440355786981808
0.008475135857892219
0.0007419451666857683
0.0007617009956411593
0.000746517147864867
0.0008851480492507577
0.0007420879987210145
0.0008151293432432268
0.0007489728384955878
0.0007415400353066906
0.0008365664027390969
0.0007412141084374408
0.0022296431649429338
0.000744221769190936
0.0007412238157924542
0.00879235575752659
0.0007435296444900114
0.0007412147995994487
0.0008626566625649742
0.0007412702339322649
0.0007412177300120048
0.0007412102436800676
0.0007830086382249181
0.00074123282369853
0.0007610585244296386
0.0007412784654580858
0.00074123520640163
0.0007418272556541103
0.000741201512166383
0.0007695334581707051
0.0007417584842767572
0.0007763044748459968
0.0007722211416577009
0.0009033558540451269
0.005554535660977423
0.002873227909095357
0.002817592511151295
0.0028176880349653406
0.00281764150588139
0.0028307285775667442
0.0028300567398742925
0.002908918113734241
0.008309464066570267
0.9307059788734977
0.9948206398005747
0.9948245354599443
0.9948251089412592
0.9945836576966622
0.9948069536151073
0.9948234316315925
0.9948228953753067
0.9947982501520259
0.994812038820742
0.006337399586272414
0.9942500922462133
0.0227946637896879
0.0007412534041873471
0.0007414022915995459
0.0007429993463652419
0.0007502199283769583
0.0007413099861509867
0.001745762766352459
0.0007817576626521331
0.000741227872955234
0.0007412992265145198
0.0007460056308840643
0.000744281846524492
0.0008510568665701426
0.0007412019056356972
0.0007412274821911854
0.0007412097271704706
0.004006928283989751
0.0034099249278519957
0.0011264770421124128
0.0007496613609592717
0.01335191998442492
0.0009209987118306805
0.0009867956139202666
0.0007413894406859724
0.0007466527714722729
0.0128491867132412
0.0007412020343140497
0.0007420609186229636
0.0007413409873675107
0.000745241254203246
0.0007429067203226529
0.0018729113679476395
0.0007433709645020758
0.0007412059998249442
0.007802365340093401
0.0015703063628391665
0.000744483286757305
0.0007415826335226248
0.0014209019057807191
0.0007412091313205821
0.0007421200442349322
0.0007805491195329805
0.0007445538896715879
0.0007425619742425433
0.0007762523235957317
0.0007721347601621782
0.0007596811297038676
0.0009302534561984097
0.008704840681947447
0.0007526412354440528
0.0007412038639254034
0.0007412339904347257
0.021133194035006308
0.0007492114869348481
0.019946382169645966
0.0007412727523802095
0.0018516521649066483
0.000742138417092687
0.0007412185992801614
0.0007413170562240093
0.0007523082758799074
0.0007413974019914783
0.0007415521702706889
0.0007502429642517574
0.46122343029004076
0.008167940737000761
0.0007414540097678875
0.0007412053091043557
0.0007417930992730061
0.002421200058525498
0.0007412015555110715
0.0007417442956380376
0.0007412015309096876
0.0007412015761778406
0.0007728417648730635
0.0007417615536204297
0.000741740899326681
0.0007412024223154224
0.0007412083234758477
0.0007635409486501024
0.0007439197328645199
0.0007823335833899597
0.012389933672735724
0.0007412068239887635
0.000741203784642441
0.988724349591316
0.9948252436592522
0.9948183166499774
0.9948242665482815
0.9948244647509464
0.0007412388080403352
0.000755569722710821
0.000741228808987485
0.0007412059015960627
0.006897623307882395
0.0018325048094336262
0.0007412169695728266
0.002637593644106917
0.001034400152604522
0.0007444534332797073
0.0007709974688315652
0.000741353801186859
0.0028692002760079037
0.0011474897679502017
0.022990927643876363
0.0007589575068355635
0.0007587591744196876
0.0032378221846931596
0.0007455797830467933
0.0008131578972527159
0.01020907982771154
0.0029102137346141066
0.9948221813491611
0.0009143368290053221
0.0025847241794900873
0.0007933155749257466
0.16287150360444155
0.0007412188064943538
0.0007421898516907997
0.000741207107986997
0.0007412097536376211
0.0008051269413139748
0.008866251478084912
0.000789105565824215
0.002674695451644691
0.0009649859897718105
0.004199300293663787
0.0010720143534746049
0.0028198079782315176
0.0028176818847599062
0.0028288039354677757
0.001260765140961227
0.0015479378484288212
0.0012599789623493867
0.0007412034486038648
0.0007412111332879103
0.000741202440577324
0.0028262120370650882
0.0007545360195642618
0.00493445324426586
0.0010145403162457383
0.024637324737282314
0.0028260196583821252
0.0007558313110136884
0.000741209482702515
0.001428620061266045
0.0011567215323024112
0.0028177143656745994
0.002834467277657834
0.0007440292655461869
0.024687842881611778
0.0028183514455182896
0.0029172558517797883
0.0013627753216716324
0.0007412313093629678
0.0007420400191359696
0.000741207431020502
0.0038189030148396766
0.000748991802098928
0.0007412187669852738
0.0009716786501764003
0.0011829194718455877
0.0007412940382079915
0.0007412840969925194
0.0007417985045022073
0.0007446554916821802
0.0029624872248590495
0.0007412047806028682
0.0010007616246805679
0.000743977170327278
0.0008938222861188945
0.0007412123891066625
0.0007412431090729078
0.0007412068185749529
0.0007412092032962001
0.0007446274855381712
0.0007414238358358446
0.000981697988799043
0.0017246682821556614
0.0007718970471040779
0.006969926547690044
0.0018690335132799365
0.0007447976004292951
0.007218340210316846
0.002822817450868939
0.0028869243138646065
0.01639570704705966
0.013918512906793638
0.002837255974670484
0.003494784127319476
0.0028178948983571136
0.0028188176739990145
0.005204338774826977
0.0007808830781119915
0.0010508691335903825
0.0009225570380247232
0.0009020668573382714
0.0007595889981955078
0.0007445121733548405
0.0007412043258986066
0.0011193337546220455
0.0007412953537785308
0.0007412021119007997
0.0007415439712464345
0.480437344592202
0.9936965859909198
0.0007624698182363165
0.0007418260048597428
0.0007414915365553344
0.0007414116999201896
0.0007412252772190446
0.0007413009662844973
0.0007443021199810271
0.0007488491035623517
0.0007494501325961138
0.0007412015397158232
0.0007412790554810683
0.0007496800363290397
0.000741264434732919
0.014129923345145989
0.0007412039556349522
0.000741221038668397
0.000741258410485285
0.0007433243955474329
0.0007627448189250129
0.0007422394223034539
0.0007415224742619319
0.0007412030324945104
0.0007415165591227284
0.013350499621950906
0.0007563442316830077
0.0007720169999833569
0.0007412043135033019
0.0007429210791929809
0.021573126967549167
0.0007576287347272366
0.0007412086654196138
0.000742903720688458
0.0007412923521476655
0.0007412273519082087
0.0010133862533248015
0.0007625598634783951
0.000930478658471061
0.0007681021202141587
0.0007433768856813318
0.0008183234132343194
0.0008424133265611306
0.0009176072463449678
0.024005139282973837
0.0008055570594610617
0.0012317124109297358
0.0007461644571884935
0.0007414656185543123
0.016031116096122566
0.0007744247268602407
0.000913283416020785
0.000741628612224899
0.0007420472335078337
0.0007414091796706919
0.023337988225187855
0.0007416580541795515
0.0010718571909634654
0.0007412081255474943
0.00485064747679418
0.0012556782230079215
0.0008011051626601543
0.0034869975600205173
0.0028562896567317277
0.005476329259495925
0.002818130198277738
0.0007900476140771586
0.002818477458622871
0.0007424656505260934
0.0007413899390424387
0.0007413256770962799
0.0007412203152569423
0.0007412014912670851
0.0007883740586320012
0.000741202662624783
0.0015710943929690508
0.0007414839926256476
0.0007414085820986691
0.000743922698885582
0.0007414704364648594
0.001095559333026554
0.0007418824698469606
0.0007725699863172914
0.0007412475599125676
0.00151064248827372
0.0007413196276059859
0.0007412554705272947
0.000741205096381007
0.0007500660867423638
0.0007414504027822511
0.0010164828778700665
0.0007628705288689678
0.0007424769114896603
0.0007412077476537509
0.0007415166469970625
0.005062946576081987
0.000741201869625295
0.012755616961562655
0.004231978462509026
0.0007412337061899575
0.0007418328075211505
0.0007456508622137468
0.0007785197442757772
0.0014682472617100495
0.0008481393572938693
0.0007412015266254556
0.0007412468590840235
0.0007444361299355626
0.0007413864447176052
0.0007819007201282009
0.0007414022123133836
0.0007412380341587546
0.0007412317738252338
0.0008336053697480224
0.004013276293405184
0.0007549404738473877
0.0008757412584516467
0.000745386690529112
0.0007472440246113292
0.0007418532422392174
0.0007446195578781358
0.0007412071301666558
0.000752378379369376
0.0007412082819282993
0.005712402296394478
0.0007890570186269477
0.0007412992402193595
0.0007412361146746627
0.0007412399390042268
0.0007412458762283574
0.0014379461902773601
0.006355608718396929
0.0009568723011243916
0.002058220103179292
0.0007423318708702589
0.0007430654399327709
0.0007412051465561155
0.0007468525759838261
0.0035664945266907044
0.0025984625214350854
0.0007414461163363298
0.0007419775783682888
0.005275915289302367
0.0007412123802370443
0.00074125150259521
0.0007413067710734042
0.0007413113767944573
0.000741261079434604
0.0007412646431290901
0.0007413881652184107
0.0007763472156580302
0.0007414317899622311
0.0007716989480906686
0.0007426609660174533
0.004761611183543306
0.0007414272360823206
0.0007414344568750381
0.0007704795896545291
0.0007547185095757345
0.0037758546014137672
0.0012491044280456246
0.0007448961987154896
0.0007413308212779857
0.0007420027807070695
0.0007414319729743809
0.0007412135764075339
0.0007412093322528749
0.0007412039076853032
0.0007412115200171529
0.0007412842109379967
0.000767776671851215
0.056523881851569216
0.0007415155758332603
0.0007478638551085283
0.0009582687871175247
0.0023447968062645947
0.0008936668580451086
0.0007412923904293106
0.0007412468255042374
0.0007412034080389464
0.0007412096389741078
0.0007414403325204314
0.0007412015086238333
0.0007433843768281156
0.000741216641617477
0.0007437616549325495
0.001747658601860717
0.0016347845034335982
0.0007542747059915055
0.0007428049566565795
0.0007439839211758963
0.0007416118845674907
0.0007413177318104415
0.0010607341397090638
0.0007454818237888994
0.023441769238805654
0.0007418911463790205
0.0007440431404112332
0.0007412527906640312
0.0007413283140011923
0.0007412232526045306
0.0007412251331053761
0.0007412036401740951
0.0007412371975385932
0.0008514724664043172
0.0011720715400475538
0.0007447034329204735
0.0007542928625313653
0.0007790582458277609
0.0007427384649652165
0.0007476725218581423
0.0007497954231898901
0.000745901191121772
0.02328514046027025
0.0017918959422278157
0.000741283410217313
0.0007412488108536629
0.0007412120446068013
0.0040919929988785415
0.0007412064678152376
0.0007413221218690548
0.0040344386368939625
0.0007415946538194945
0.0007412077155631426
0.0007412058752793671
0.0007667722753604269
0.0007421150273426226
0.0007413016046305961
0.0007585262163508638
0.0007413011902214147
0.0015544882001101278
0.0007412701668712134
0.0007505966254651412
0.0009283280218662568
0.0007412122260538945
0.02308650299711567
0.007319135334489791
0.000754764282022636
0.007960066149844756
0.0007458854598926017
0.0007412203071864327
0.0007511260879045898
0.0008004778166388535
0.0007412130409491707
0.0007412016843379457
0.00074397904352673
0.0007413648014339719
0.0007412466975615288
0.00403324728344445
0.0028279630780934473
0.003755190112766038
0.023317473723335223
0.0007412275467345349
0.0007412151041837247
0.0007701812053290875
0.0007648667424122792
0.0028410444789879717
0.015206242264295764
0.003434548697702571
0.004354773227449403
0.002817645908989654
0.00281770034506365
0.0007413757622059643
0.0027766234102002043
0.0009293846867977332
0.002834695541878818
0.004526134286582721
0.0028180517897965747
0.011978673808120878
0.0007498576441610477
0.0007412902805203618
0.0007415894966261947
0.0007416106228395975
0.006332553088094097
0.005645541371018912
0.0007616574793901373
0.0007550526084072129
0.0007741063476951252
0.0007415439608149484
0.0010111122712341337
0.0007433329300885712
0.000743277448706227
0.0007412020381979755
0.0008283096826931286
0.000741212154051642
0.0007414226722364693
0.002727919839395474
0.0007461253562331778
0.0011034125342456128
0.004630302667994484
0.0007789911836315876
0.0007412034285579792
0.0007412456545593362
0.00074139187243814
0.0007412061944480413
0.0007474755497976525
0.0008576147673360105
0.0007413763662875559
0.0007498770335240895
0.0007413956562584247
0.0007676028055145122
0.0007414475437240444
0.0007425945553773261
0.0007685534787845038
0.0015914499149637517
0.0007412029015120133
0.0007427003954583115
0.0007412418369214778
0.0007412357289140316
0.0007412019374896448
0.0013809436936070012
0.003388491016917342
0.0007432358714505584
0.0007416959804238641
0.0007447255747190878
0.007117341745171904
0.0007412490800793309
0.000805507736811363
0.0007423698308479967
0.0007416622027663978
0.0007421263855885539
0.000760170281645068
0.027837766686942877
0.0018123919619144949
0.003455035338056037
0.0007412015249832363
0.0007466568066387597
0.000741202115035849
0.016461025877455536
0.0007422423893544502
0.0007413002993031154
0.0007431312771545248
0.0007502119646936406
0.013496262203292001
0.0007425612651054696
0.0007452702846622489
0.0031924606221931137
0.02302057555681426
0.000741926501488968
0.0007961954638067736
0.0007546418529333616
0.003333547935922124
0.0007413015177590155
0.000742772274287086
0.0007425529963344195
0.000745039658797427
0.004386326915212796
0.0007417219846682261
0.0007412734839328844
0.0007418711187893238
0.0007531837943227514
0.0007451292373997615
0.0007467996128005512
0.003457154879258752
0.004669750561023154
0.0007531128541758816
0.0007412429506176918
0.005624083683495067
0.0007630575705634339
0.0008154729301123547
0.008050210611348137
0.0009120457067040239
0.0007413994350860475
0.0007802069419366113
0.0008503217219469198
0.0007412067149936378
0.00802258081475995
0.0007465159867270663
0.0007413239517198268
0.0007415856361910369
0.0007412063284186787
0.0007561013835551989
0.0007425992677636885
0.0007424138834767954
0.0007431286363871676
0.0007415195128130323
0.0007431799509491501
0.0015472782328196895
0.000741254313192344
0.0007412345425610959
0.0019302290235526447
0.994825195541561
0.0051982099933607145
0.000741207779179453
0.0007420554995797005
0.0060109293191169914
0.0008484925277356764
0.02144626064119813
0.00074131624600832
0.0007413163071614882
0.002209432498417968
0.0007910302292456503
0.0007412065283578042
0.0007444466503886595
0.0008415518160526596
0.009495393970993882
0.000766229686864516
0.0011169579924323776
0.000742876803815484
0.0007412066857974456
0.000741201628629655
0.0007412015993991279
0.0007414117235997298
0.0007412030010420459
0.0007412017845967117
0.0007412021025836407
0.0007412269821108595
0.0007415143383905486
0.0007412209729926166
0.0007715875444372588
0.0007641234965395915
0.000872217680680126
0.0007413680155910161
0.0011527325425711326
0.0007412020415426523
0.0007412709239044783
0.0007412586264793195
0.0007412104791340364
0.004245690917508376
0.0007412613865838537
0.002827005246743499
0.0009088491029983418
0.0007416807867846679
0.0007412113408041109
0.0008309625064597617
0.0007413918172264565
0.0007573117645002899
0.0007412023140249802
0.0007417620767144809
0.0007412018564465077
0.0007433867741861585
0.0026473845363252906
0.0007419251274681954
0.0007431384478762822
0.002830870408294132
0.0023099006270171927
0.0007412181919708198
0.0007412016407478312
0.0007464588708997476
0.0007419091325137133
0.0007413261471565673
0.0007422580429225767
0.000741208048243215
0.000741234217394072
0.0008803853910047248
0.0007412028136521011
0.0007412732413680356
0.0007412345041555663
0.00074123696534124
0.0007412207956371296
0.0007413984633992532
0.0007412869938028021
0.00074142201012654
0.0007438241520882302
0.0016600228060710462
0.0009160961200414289
0.0007413411155288821
0.0007412025128537911
0.0007417792661468172
0.0007413089057688035
0.0008417554142532274
0.000741273592131639
0.01991438108946401
0.0007415547038808661
0.0008373109461529169
0.0007412310995803511
0.0007809699817649719
0.0007412017699796948
0.0007412016405086282
0.0007412019347883758
0.0014665882574961123
0.0007414014708890101
0.0007425704953357539
0.0007412016141650863
0.0007421326545186682
0.0007431591434466986
0.0007415646998638885
0.0014285500762927913
0.0007412051822435743
0.0007446565637357865
0.0007412025625143582
0.0007933204983061673
0.0007438549757995088
0.010994675736451858
0.0007412271759289064
0.0007412038279973252
0.0007421370705923614
0.0007421564008083276
0.0007412066430219204
0.0007412015255287274
0.01151435103661693
0.0007416271007948063
0.0007413514807798804
0.0008030976147030188
0.0007521510210721908
0.0008007233023748303
0.0007511160614466724
0.0019382105503183095
0.0007414686526282166
0.0007487989552001008
0.0012701103691193114
0.0009461344715163739
0.0007412326813645644
0.001125153441346172
0.0007412032209389563
0.0007412078086365039
0.0007412100905533958
0.00074130236462085
0.0007412174371399871
0.0032547652326643697
0.0008495173665502699
0.0012269179981140698
0.0007412493206020627
0.0008434505011052449
0.0007412507414969217
0.0007412281086600595
0.009456428192660227
0.015586690366310834
0.001337826439152425
0.015271568141024474
0.0007412129997148423
0.0013381469145030036
0.0007644069503007886
0.01508897445422583
0.000741207196885167
0.0007450422639923757
0.0007412072559079772
0.0007788171554222576
0.0008537363725197829
0.0007412041480185062
0.0007429264938853186
0.0007414571636639361
0.0007413405773472221
0.0008094178961967529
0.0007415536174976206
0.001194009406125627
0.000749056321026823
0.0008756691960628785
0.0007442632450025711
0.014114989304183555
0.0007423440512464853
0.0056618454858759935
0.0007553404841703002
0.003051898561784644
0.0007415138201788816
0.0007413521917787211
0.0014718781068250458
0.0009523296747180936
0.0007412637188519615
0.0007412048978389798
0.0007462881860485051
0.0007436339157708654
0.0009862334068678844
0.0007495080157135896
0.005743340479494439
0.000764857431900663
0.0007612047717226913
0.0007426783506069048
0.0007954034498781113
0.0007418936054218181
0.000741202100805098
0.0007412014849189391
0.0007412527579298204
0.0007412014894279269
0.0007412014858251363
0.0007412992849712049
0.019317666134829076
0.0007417625756371691
0.0007470648072591913
0.0008803775061361459
0.0007436155371206263
0.0007440983917886695
0.0007987210709784998
0.01819843964910722
0.0007412021610974298
0.003128848442623334
0.0007414809566569173
0.0007423839747470222
0.0007431294386758557
0.0007557997598989179
0.0009596507769104173
0.00542215637895947
0.0007418261124456191
0.021340663875662906
0.0028786406867777926
0.0022847509790212433
0.0007412266199105139
0.0007991763699005423
0.0007412027297783896
0.0007412739486324032
0.000972608218695772
0.0010212883397383837
0.0018726962814265614
0.0007412198200187094
0.0007418664933130596
0.000741468253820932
0.0007412071426939603
0.0007417565418403699
0.0007412415721005928
0.0007493852924495501
0.0007446348430332569
0.0007412042143177606
0.0007497696948650469
0.0007412052729896041
0.0007427321027625416
0.0007420281949145119
0.005899665996190333
0.003344335566215943
0.0007412268174239217
0.005022904763825367
0.0007412602226041776
0.0007413013647521153
0.0007418829962072295
0.0007470350523174073
0.0007460527799462452
0.0008257774878437978
0.0009983090557438398
0.0007412024600056309
0.000741247392727921
0.0007484258395850334
0.0007430869895471172
0.0007412251887369368
0.0007413523888840759
0.0007412019555760337
0.012888054139927479
0.0010113360943272039
0.004210435912635226
0.0007415572726218843
0.018523792388704347
0.0007412818339346951
0.0011535811741603097
0.0007412999862732451
0.0007439264617882352
0.000745876142236298
0.0007414795938112927
0.000741202800858723
0.0007412432573064906
0.0009082964543492076
0.0007545006929253221
0.000741202029401639
0.0007448197208820864
0.000745333816414043
0.0007915284780283108
0.007322749308249646
0.004515327925089427
0.0007507328599845417
0.02269845087751033
0.002792412134316785
0.0007513799635063872
0.0008245652971446749
0.0009509934990417618
0.0007420678795533023
0.0012121717751227108
0.0007855900647594426
0.0007453173164368594
0.0008823504778002278
0.0007412212699410603
0.0007613127299200129
0.0007946215194153231
0.006663702802488657
0.0007426481316397677
0.0007427993632732899
0.000741812219008453
0.0007437230816222552
0.018879807171238275
0.0007439249662386894
0.0009310956343249959
0.0007433523101294904
0.0016825030048048758
0.0007531728735683192
0.0007422221513504412
0.0007481593851946215
0.0007448576612548192
0.0007419069581176182
0.0007459527078728788
0.0008590102162338464
0.0033086800273746334
0.021221514431283655
0.0007416998392217988
0.023477490966279994
0.0008793973357445921
0.0007412115649212335
0.0007414694816511088
0.0021803470878291593
0.000741386286529126
0.02479098335047807
0.000741201676962985
0.0007412015237920365
0.0007475719924791564
0.0007412427653603974
0.0008042843682874139
0.005411561924828248
0.0007413451389453597
0.0007750505707224628
0.0007440255182765557
0.0007435011859466135
0.000790572788158533
0.0007414831795546475
0.0007489360504954942
0.0007511377783083017
0.0037156519656231612
0.0007605740453114014
0.023826975850774448
0.0007442033131849004
0.0007507574447597077
0.0007469709690921863
0.0007429178467098662
0.0007432191294608519
0.000743592045214875
0.0009159221710142904
0.04795940019906422
0.22198471379934612
0.008694142522275872
0.0007419157709913529
0.0007424952461483729
0.0007504466930295232
0.0007412090684354515
0.0036384427813792863
0.0007413067095898289
0.0007445710105594391
0.24040791629881034
0.0009196445322319796
0.0007455581830550723
0.001412327450004978
0.001974697752974447
0.0007499115102180944
0.0007483974347447271
0.0007419273438477903
0.0007944041508592287
0.0007510824290474551
0.022889968803156347
0.0007718049035782278
0.0008486167339089701
0.019183104901481715
0.0007467963243681332
0.000777420523641667
0.0008834167238099956
0.0012702127124978643
0.003399271575696432
0.002804865729089792
