0.001466704263739381
0.004706392674411248
0.0008997594551806986
0.001466839105727201
0.0014666124202307583
0.0011776532365689544
0.0010237018476561596
0.690671598127104
0.000892372760917429
0.0010607582365218902
0.0008586923909128175
0.0009376054916256243
0.02642144531288476
0.0008612486341543261
0.000857733766165689
0.0008576685182272375
0.004155257186275008
0.0008581506975733663
0.0014714157146089825
0.0014687910930477484
0.9423673963033494
0.4180686034857652
0.08602912112349197
0.015709385537219792
0.0015084986289853298
0.001466845498172138
0.0014669239487543873
0.0019338457402248352
0.001369636427056902
0.0008611920651897982
0.0008638042211104105
0.0008847645844826113
0.0009238850943969354
0.000930348712702832
0.0008705021708818061
0.0008671945354533447
0.000886923142393617
0.0008576805361368859
0.0008613971181654008
0.000858273696891419
0.0008851567396559418
0.003889575115289426
0.004894634459617043
0.02865172836268036
0.005283300177920164
0.026271312655524542
0.003501199950763002
0.020578175959368783
0.0014675669883732457
0.0014666447945439378
0.0014665300269246524
0.47123406173593385
0.0008577154753755854
0.0008621403916002974
0.0008576964403201626
0.0008590874094269832
0.001175137110241802
0.0008805541063128312
0.0008578564890403905
0.000857670937974783
0.0037239184862122923
0.027961103000010718
0.003723919673413998
0.012656786504361684
0.005723394604940177
0.003386825104470617
0.028736029768234445
0.003723919483492099
0.0008580402304332575
0.2766524531639863
0.0008694008385868406
0.0010715719815883003
0.0008579460058081757
0.0008588715281814707
0.0008577045167611222
0.0008581113051881712
0.0008744444475867776
0.0008759001820002812
0.006280419381711112
0.0008873486941628365
0.0008583729565115107
0.0008587018012646897
0.0014668056697454876
0.26462932197590844
0.9842051160498291
0.434692631917928
0.0037242726621714204
0.10008581180669555
0.004151405211918822
0.003729679517610885
0.0037366049225055356
0.0037846828109455075
0.0037273863450386756
0.003726677396554542
0.0023924102145708795
0.0008577141034749179
0.0008576701936536371
0.0008644984506226314
0.0008577564222122419
0.01153422940400041
0.003724371787339301
0.003791968282659177
0.003724048917867356
0.0037239526080139374
0.0037239185003308693
0.0029705357353896167
0.0158905194988307
0.006506482212741332
0.0008641458250298938
0.21146684532983545
0.000857690194862731
0.960822040266324
0.0014665590412556411
0.0014672989650792445
0.0014665259312068913
0.00146648937753887
0.0014672886516103375
0.001466527709563121
0.0008577357788642713
0.0008576664784808292
0.0012616912966364607
0.0009214811895044744
0.0008576714114297365
0.0008576735974151326
0.0008640768816214891
0.0008576652262258719
0.0014665059657984368
0.01753386872235713
0.0014666756907982684
0.0014664867379377197
0.0014664885127785683
0.0014665061510597266
0.09296758524211708
0.0015424090331560435
0.0008578654989738587
0.0008581679599276645
0.0014680671691575174
0.0014668368724635673
0.0014665229347097224
0.0014665022362631006
0.0014665295645019318
0.0014690460901239598
0.0008576653898496076
0.0008576674598015781
0.0008576652885235185
0.0008851041881303735
0.0008576650044134854
0.0008711334059040538
0.0014722867723645867
0.0014667220330135352
0.0009169169612658297
0.0008769406121227906
0.0008576659450590836
0.0008577635677578323
0.0008579085369128606
0.0008576652827764368
0.0008576649946160593
0.0008576664806896935
0.0008616331670727725
0.0008577559303775955
0.0008593787947980151
0.0008576894425472892
0.001410394287019941
0.0008598928042885727
0.0008576657783209165
0.0008576670929392155
0.0008685348288439124
0.990205085820353
0.00899165695811509
0.0014665645013133472
0.0008576679797406817
0.0012702323374645338
0.0008786743613999189
0.0008585521106758304
0.0008581065843891261
0.0008576948862666344
0.0022640196896261833
0.003723923913407639
0.0008576653852879284
0.0008576737759545704
0.003727097265269124
0.0008582286264665975
0.0008641770839592366
0.015929476900618727
0.0008602906860172985
0.0008580584713917584
0.0008578212875785139
0.000869210087383801
0.0008576668732096187
0.0008779478723498859
0.0008576660359451524
0.9896784959197704
0.9901916329250925
0.000873091987762848
0.0008598030203126564
0.0008591098751772751
0.3178549546701333
0.003723918480979353
0.01788052558858385
0.0008578327092730324
0.0008577181293919291
0.0008576676442857146
0.0008576693273161064
0.01346287405710176
0.006655188075617108
0.02715935008532996
0.011591962679286276
0.0008726133020129418
0.0008600156074647355
0.006769431460952506
0.0009158162410261875
0.0008576686425691576
0.0008579373981591738
0.0008583554875317757
0.003732167176799413
0.004319264159337393
0.0037240243124568783
0.004986612239249298
0.017796412455321747
0.0322412117437483
0.0008579357306107545
0.0008576928000354829
0.0008842720066412952
0.0037239190833827027
0.0014741561884082375
0.0014669011210656335
0.0014698190622179726
0.002281520627025161
0.0008616265082344955
0.039476672914112595
0.0008621953589202273
0.0008591820493351816
0.0008576719679285323
0.0014113064909163733
0.9901951196593077
0.9902120652468408
0.0009267954780214574
0.0010319653158663694
0.0008576789780104703
0.0008576995670061835
0.0008579240416491814
0.0008907979227408025
0.0008588839825078897
0.0008585155787557551
0.0008838139736543328
0.0011013008609527617
0.0008669967947162228
0.000858672414893107
0.9863288548206524
0.0009649176157693484
0.0008819541647274128
0.01079527363207103
0.0017476255841511964
0.0009738159332328141
0.0008577225135669458
0.0008576649923416878
0.0008576701064965465
0.0008576819142388304
0.0008579267460995788
0.014043410800546463
0.000858062932039823
0.9902115582643125
0.9899097174067241
0.9902108070123287
0.35498834821332637
0.0010818952839260383
0.0008576747475595396
0.0008576866128507961
0.0008577735568828779
0.20966853970297994
0.0008576664310991342
0.0008577056527839189
0.0008582175417903992
0.0008581952822584453
0.0008581193109200498
0.0008576693624573707
0.0008576678789014951
0.002898074663025002
0.0008577143207423682
0.000857674925728885
0.0009644476928529435
0.004010201740755776
0.0008580412894118616
0.0008579497280545899
0.9284100032597068
0.9902108684230525
0.9902066138913853
0.000858198914730567
0.9901647101996216
0.0009073322215061942
0.0009079545612351705
0.030023893896078048
0.990210803680238
0.02399530895555795
0.0009068570203204145
0.0008579200068972346
0.7043720328764689
0.9901646582167385
0.0008577083715924308
0.0008579449745037188
0.0009198203253776851
0.0008801789414428843
0.02262659641201213
0.0008578256436900653
0.0008621073357476699
0.0008670405825507567
0.0009910744453749873
0.0008578187386200417
0.0008582930620610692
0.0008576678693649217
0.0008576650863238073
0.990210704457151
0.0009261522242444837
0.0008577519614900089
0.9902117997931666
0.9901927696130923
0.9705549055091696
0.0008590594035958329
0.0008611084796081286
0.9902106992348553
0.001517766805174648
0.0008625046271513557
0.012948665109231192
0.9901873669465017
0.17849904950594705
0.7851853281566488
0.9901795164638981
0.0008605720225158668
0.0009258406470403134
0.0008608004083108331
0.001264045809418576
0.003583835787500726
0.9902101556576499
0.05609241001292308
0.0008576694954872948
0.9902099296537814
0.0008576829422764875
0.0008576652434651243
0.0010082302819385516
0.0008576779960950151
0.0008589534050413194
0.9901842559668861
0.9901982845916035
0.9902025820589064
0.001631954888434842
0.9901267300687917
0.9901415948383312
0.9902080754458926
0.9902120898304159
0.5389436569422283
0.0008624364933691374
0.0014759826454144903
0.0008655274759631024
0.3120914898263351
0.990108809310007
0.0017231116832645901
0.9902114998383373
0.007132969706433955
0.014462897585398787
0.00463115798252989
0.0009978692825715991
0.004264739398408256
0.003253991921447696
0.0008576835296788554
0.0008657077585441076
0.0008590699506764737
0.01702689584837976
0.0008578652114324892
0.002681384594448992
0.9900670054273949
0.9901549040526098
0.9883390104817802
0.001621954675120186
0.0015560501182094902
0.001487548566928497
0.9901728474410108
0.0022718065810216673
0.054556118373571036
0.3908921435951129
0.012212218639005713
0.9892658229369431
0.9901381732752115
0.0023997840584138396
0.9902118515094145
0.9902103701503735
0.9900060292057683
0.9743880580629236
0.0037239200376849905
0.0035431191622805887
0.9901965821623536
0.011372117253055206
0.0008581771514500678
0.9869457193193658
0.0008618410954301223
0.9898990973159547
0.027599822053288658
0.9823778334348805
0.9902106449871242
0.001085500738847813
0.0008576671219502502
0.0008579882958654259
0.004686821975292842
0.0008582154107659139
0.0008576749258880116
0.000857679897017127
0.0008585109625043552
0.0008991329473930004
0.0008577691109349084
0.0008590042736769544
0.0008904636705224377
0.0009124715098397661
0.000857886003201845
0.0008578276407328801
0.0008661490613993026
0.9752739506782284
0.000857681877896353
0.0193874637422541
0.0011901994358654024
0.0008609908653113837
0.0009430680847585878
0.0042508277797194596
0.21849826755103058
0.0008592407493457142
0.005701852502519226
0.0010480178581159121
0.0008591321790906897
0.0018814944216019504
0.0008686555947285444
0.30515581081634596
0.4671997623441371
0.0008578825061738254
0.1867297322432187
0.3252772318412329
0.026174592712538806
0.0010513508160648205
0.0008610677789268657
0.0008580057943509898
0.02005634836708103
0.0008837733030164178
0.0038442237107570503
0.0009858460442364945
0.0008576748530881779
0.0008623348379957164
0.0012389148949280763
0.0008618167153175768
0.0009154993876096792
0.9902120085658863
0.2318991808936328
0.0008577026994819887
0.9899082177633403
0.0009617871697180098
0.0008726724834861207
0.7009143544840475
0.0008720573903073183
0.0008687926463842741
0.000867422722803873
0.002422084015919337
0.0008576675772011564
0.0008748972522070998
0.007136464408779814
0.0008576687571735958
0.0008586677329886118
0.0008588235219937498
0.006468499983197696
0.0008712859669814791
0.0008576652409903973
0.0008576952863445103
0.003006752558488304
0.0008576887286093806
0.0008582485247142076
0.0008585624347244804
0.0009012562320373757
0.0010959619237722944
0.0181472443384195
0.01861693168154437
0.009847134705847454
0.0008614702951371126
0.0009473268751688135
0.0011290545250811695
0.0008580726774044842
0.004664240138591817
0.0008576708260830982
0.0008576650790562948
0.0008576710898566608
0.0008576653056333268
0.0008576673041026734
0.0008576896713061251
0.0008612164166055467
0.0008576979450694916
0.0008576727587914662
0.0008579954617113181
0.000857665146872113
0.9902120001640862
0.9878464132782333
0.0015053059139112797
0.002602313346972803
0.0008580753414859744
0.0008584297414004334
0.0008588931276004816
0.004979721650825039
0.0008576987582428449
0.000967010253833679
0.0008577495273413835
0.0008592345497359975
0.0013546370371439488
0.0008576750055681263
0.016990756309669744
0.023548852964878728
0.007783791409965915
0.0008581958637821456
0.0008576914375813332
0.0039306318917777675
0.0008576783672463668
0.0009887781852000676
0.9901890709479624
0.9902121274783025
0.002731220816421529
0.0008576650102472559
0.2838820084102447
0.012123659817161904
0.0023608561666567766
0.002513269670506507
0.0008581540142345756
0.011224578620930403
0.0008583257711036445
0.0008809288690284395
0.3031963953799291
0.001133615847156797
0.0008593544820273827
0.0009852304548855066
0.9898382385233306
0.0009119810111743754
0.0008577634201880083
0.004449050493924615
0.002967009361201199
0.0022179864145778993
0.0008593697987410413
0.01391326020584198
0.006600102461133424
0.0010746833122961443
0.024327569770923783
0.003846963563423625
0.0019631467501482346
0.026261004042853867
0.003903696308252456
0.028102434410086603
0.003742296816176975
0.0008579323346329669
0.014291218175029083
0.0008576836588008311
0.0008581154058596408
0.0008579381221945834
0.005816251749250266
0.0009021413830568594
0.0008576662319711675
0.1797265446703908
0.040403540340108755
0.9805998952392635
0.0008750118733094042
0.0008576654674661942
0.0008578068714411452
0.0008579896825470414
0.001016694067342345
0.0008588900554779369
0.001143526196346658
0.0010027878351208793
0.0008615156953857998
0.0008588313432853307
0.0008638399815722845
0.0008627271730321206
0.0008576730599872796
0.0008577098764304552
0.000857765686439846
0.017450523512819536
0.0008647775234382288
0.0008830143995856288
0.01356588849483108
0.0008748554578035392
0.0008951778668499372
0.0012182352869130838
0.0008600910872284413
0.0008812307887815339
0.006678895384954528
0.0015850469945486122
0.0008594338468119137
0.0009242586969886866
0.01521373421176051
0.000859339399667265
0.0008586821326960585
0.0008577172208496113
0.0008576868671296449
0.0008609463389354945
0.0008883545939757979
0.000883121486806523
0.0008993153621587106
0.000857980279578973
0.0008612380410258244
0.0008577950218495541
0.0009040154347043674
0.0008577083002565902
0.0026339081297756294
0.2443131320400348
0.0008627778789355846
0.04103487758952037
0.002118985923215253
0.0008579138935785221
0.0014413302240170562
0.0008576714473984207
0.0008577708562044354
0.0008579414617385546
0.2947428981872404
0.0008584942674246595
0.0008676524485033446
0.123862657403066
0.0008606686783381493
0.0012066826002241336
0.0008576664607545942
0.0015086821540244205
0.0008593920304001854
0.0008705476424262235
0.000857665375390166
0.0009923238001993855
0.0008816951093171705
0.0009691206033480618
0.0008747768366228619
0.0009401215110667703
0.0008576722764740155
0.4035269845917835
0.0008631855556309476
0.0008708019241158044
0.0008614216679542392
0.0008579190040639279
0.0008576763493852737
0.00103834165489365
0.0008578984983712622
0.0008703895324555938
0.0008631254959896779
0.0012052833257862794
0.001077662344862273
0.0008590397460935906
0.001212243775819353
0.0008596495912535933
0.0011212798887187978
0.0011044192466781527
0.001405140719901864
0.0008579569773008816
0.0008578753364047373
0.0008732427726089734
0.0015727160975115542
0.0008722867888377156
0.0008585910546836321
0.0008577767239987387
0.0008576759826603423
0.0008791431995084708
0.000933039485435728
0.0008577767255380884
0.0008580459518069015
0.0008576719665457796
0.000857719493439616
0.0008693390450164655
0.0008681029492490185
0.0008722999693369615
0.0008580819249404168
0.8530407626914482
0.004303303772352398
0.0008586867373189369
0.0016192584955112947
0.006252262735210925
0.0008610249980031252
0.0008576661148514621
0.0008576827146336454
0.0008616303199729428
0.0009076155312547356
0.0017120183308217873
0.0009572406374921784
0.0008639936429889313
0.0009652200697504173
0.0008928513677437682
0.0008576696233840123
0.000857711658820559
0.0008615856149212531
0.0008630545175595672
0.0008880879954729707
0.0008576677090561795
0.0008576946536651751
0.0008584825182775916
0.0008621278524010608
0.021962617594057553
0.0008576692195832622
0.016816889071719986
0.0021696347982028625
0.0009159310518780484
0.026768508787089657
0.9845095979369842
0.3309528670727174
0.02686566519611048
0.0008579710968207055
0.0008756292812776606
0.003855161347777474
0.0008803436680265285
0.0008604835729660707
0.9373822364035441
0.0008583167083271568
0.0008792111820341996
0.0008623360736261924
0.0010218628958770608
0.0008586006470573913
0.001008644326780032
0.0008640476202445208
0.0008580051266008664
0.0010924520558759942
0.0008576753939688188
0.002609992907958343
0.0008602000708073827
0.000857685046728701
0.007404650767834154
0.0008599273557256763
0.0008576757026710162
0.0009946881448721176
0.0008578043020804508
0.0008576835252096865
0.0008576746480323078
0.0008950200071239968
0.0008576943227780907
0.0008788769180311587
0.0008577510347124617
0.0008577005311732586
0.0008584679072988577
0.0008576650076203755
0.0008820205691023111
0.0008581128842424823
0.0008794904575235269
0.0008848868086189296
0.0009509450701286069
0.023155626760572316
0.9899319299459879
0.9902121038726299
0.9902116537205008
0.9902118763134354
0.9901456896034241
0.9901558391085247
0.9898119399040588
0.09683821727637618
0.008326297716872957
0.0014675632027875028
0.0014666607489487967
0.0014665330155717157
0.0015211761117311278
0.001470888623997417
0.001466910259770361
0.001467030471172882
0.001473015999596008
0.001469642327406076
0.007663390592980934
0.0015918463840888472
0.028601734218535034
0.0008577326191370789
0.0008580191219729116
0.0008591129053999665
0.0008667186705494266
0.0008578447124922482
0.0017963960375082478
0.0009039732256388087
0.000857688326117763
0.0008577593551322267
0.0008606642477355042
0.0008638996128319317
0.0010824947766998147
0.0008576653830814633
0.000857686230559862
0.0008576765425357225
0.013077180297751366
0.9868279188572433
0.0018947391781508846
0.0008630691842319381
0.08843621670750487
0.0010292783724921849
0.0013727561580739608
0.000858035117745911
0.0008677317794939936
0.2991829342529703
0.0008576654281307234
0.0008582523284094672
0.0008577681113189488
0.0008602102487420867
0.0008607205033495409
0.0038386894398920587
0.0008621970118979436
0.0008576749865467654
0.017694110225994174
0.0035969729442145333
0.0008650183455397525
0.0008581986579951933
0.0016442214699355813
0.0008576711715535066
0.0008592091748709276
0.0009411692453820056
0.0008637899194448601
0.0008588058741063941
0.0009290376702177362
0.0009266083027776159
0.000899900216279185
0.0009651122363337094
0.09113119264328495
0.0008703847871131337
0.0008576668999744898
0.0008576930584717134
0.016390655933446567
0.0008630971981195017
0.01796936966653404
0.0008577414736622824
0.00487001731306556
0.0008595000521255689
0.000857678684827372
0.0008577564977579648
0.0008669578464861195
0.0008578153236322091
0.0008583192851323936
0.0008752649796468171
0.020434414130257157
0.9399021064084364
0.0008578668324748884
0.0008576693392550748
0.0008586932985639503
0.008222944189962469
0.000857665043680751
0.0008588601352246552
0.0008576650353301305
0.0008576650658799307
0.000919261464827238
0.0008581625203813955
0.0008584182833803298
0.0008576658274939915
0.0008576712693339766
0.0008784794814100622
0.0008602683059141989
0.0009572667166631199
0.23330272955115708
0.0008576693347873786
0.0008576669057674804
0.0025770709172760007
0.0014665020798955552
0.0014681248021661873
0.001466723604368861
0.0014666745514446253
0.0008576953359346964
0.0008688678337314796
0.0008576868801588754
0.0008576689481645777
0.005996094625878519
0.0037165365438837803
0.0008576912606547334
0.0033884890441647276
0.0014808240757180951
0.0008641226304954792
0.0009207879558068739
0.0008578006980289998
0.9899468853364164
0.0014637513255077038
0.028374735877910114
0.0008685441787406555
0.0008727580129757782
0.0038500561899266167
0.0008619564980994616
0.0009981737860175017
0.011666529372376498
0.9897263213416835
0.0014671912497615219
0.0010511700146963834
0.009318035653578433
0.0009624049583487051
0.014984236217198526
0.0008576791854309515
0.000858696151366704
0.000857669505781166
0.0008576743814149797
0.00091633750522122
0.11322988346324057
0.0009465999650661636
0.0026601941609568007
0.0013245348942299878
0.9811425990078615
0.0017433835154261237
0.9902019520340262
0.9902116658462023
0.9901564116478039
0.002220949895254539
0.0024567315111702587
0.0023741127218439633
0.0008576667348666341
0.0008576733134895251
0.000857666053284385
0.9901686965388453
0.0008831175093654549
0.9787786985515445
0.0015741632177883808
0.3204599107801669
0.9901721895676057
0.0008867221114260233
0.0008576757598013393
0.002661625654936678
0.0019880180387305975
0.9902114994762264
0.9901284094742657
0.0008636899273548122
0.5244875331959823
0.9902084101776887
0.9896905782329669
0.001440563306261629
0.0008576888837442918
0.0008583860332308748
0.0008576720539342657
0.003788621762333934
0.0008656110931257702
0.0008576792416551625
0.0011206860347066005
0.0021080776778384645
0.0008577383919790749
0.0008577600365050941
0.0008580739076404913
0.0008611525513782196
0.9895040240275413
0.0008576681516947087
0.0015348284324266347
0.000862741942111056
0.0011763567027978782
0.0008576739560110912
0.0008577461335708461
0.0008576692520472743
0.0008576727617979283
0.0008604514429100491
0.0008578669121983877
0.0013618346501273564
0.003261436188762329
0.0008845443957947048
0.050148286143845255
0.005024613556674965
0.0008634017551616042
0.0341763093309224
0.9901866849432023
0.9898389056911312
0.7470335433202561
0.3838660194813158
0.9901107689183739
0.986480047580903
0.9902106370081607
0.9902059253139226
0.9726570971776966
0.0009001418204038536
0.001683930455554788
0.001312386546923818
0.001188962736177209
0.0008941499709122444
0.0008628715343634581
0.000857669823177647
0.0010662751355842172
0.0008577471037257141
0.0008576656656399229
0.0008580523602976097
0.020560215027008246
0.0017061265910099175
0.0008793095896017118
0.0008580922192808328
0.0008578721173676029
0.0008579241954601851
0.0008577171723054512
0.0008577450936624589
0.0008602015266309878
0.0008653470693160577
0.0008660001552110103
0.0008576650312464141
0.000857738265617682
0.0008730452541088853
0.0008577194180784702
0.6436355146601112
0.0008576704924571154
0.0008576895524276613
0.0008577649038383673
0.00086108183198692
0.0008748099111132567
0.0008585105898026413
0.000858230167929768
0.0008576662677655128
0.0008582257435377346
0.34618559216242334
0.0008732942717046359
0.0009189522288056232
0.000857667336792121
0.0008606311240083112
0.005473599170918396
0.0008676816988240727
0.0008576707458135187
0.0008589152203267172
0.0008578000367272604
0.0008576895090475195
0.0011125344708820583
0.000875156003572312
0.0010654916620526673
0.0008860605283576752
0.0008599684943672674
0.0009168826038937355
0.0009721169317346143
0.0010396541015825534
0.017275135973835773
0.0009292267418061879
0.001357281971150653
0.0008626865958938964
0.0008579026453093215
0.014710262317877552
0.0008879005755507372
0.0009689184879375833
0.000858371215715258
0.0008583977879562223
0.0008580250043462601
0.26145383488524054
0.0008586996059647841
0.0017481716929625326
0.0008576764462727674
0.031629929058001965
0.0023592672161465438
0.0009133754378745218
0.01665479374625285
0.9900095011528114
0.02095153571318067
0.9902094552861842
0.0009115480927977279
0.9902079880749335
0.000859287001640609
0.000857941128319306
0.0008578801673574661
0.0008576966519103237
0.0008576649910419842
0.0009544541969711482
0.0008576661992179947
0.0016333553717380169
0.0008579378678341226
0.0008580205640226131
0.0008638199645649028
0.0008582585676755296
0.00162324534969618
0.0008592074387822174
0.0009216330306208709
0.0008577377891744621
0.0017913687958345404
0.0008578805519427754
0.000857711438098833
0.0008576710188873708
0.0008661823638291023
0.0008578384121614164
0.0015810629458877178
0.0009002648599529877
0.0008602496402426579
0.0008576787112477462
0.0008583800655285991
0.004971805291606668
0.000857665317403509
0.010070069342974093
0.004287712617669824
0.0008576952612668274
0.0008582743430760412
0.000861949535633564
0.0009374896273054106
0.0017011314748054266
0.0009578135651678804
0.0008576650187540063
0.0008577017599717161
0.0008603090180453485
0.0008578803221591644
0.0008958499197523036
0.0008578237294809642
0.0008576968861368781
0.0008577310093215221
0.0009441313707131149
0.0036991920982735113
0.0008683782221912376
0.0010150262184768263
0.0008629201378100513
0.000868333676902436
0.0008588906003332208
0.0008604454113855729
0.0008576750641887822
0.0008793162544520167
0.0008576710950758781
0.005228766900231942
0.0009008381070688662
0.0008578035928657861
0.0008576963472898758
0.0008576976924514076
0.0008577251053567187
0.0029795082346272457
0.9688742248901758
0.0012947455536479178
0.0020608310148454148
0.0008600800996105909
0.0008609817370013241
0.0008576691284517579
0.0008671599346805739
0.01201206017592228
0.006694211174872479
0.0008580666653222196
0.000858280563393165
0.00593208669108098
0.000857675282752499
0.0008577338954157594
0.000857742222101454
0.0008577519033125177
0.0008577106634967113
0.0008577133496005176
0.0008578123280346009
0.0008885372289251579
0.0008581215780104104
0.0008814100488807941
0.00085867442987742
0.030713705680943258
0.0008579761753697068
0.0008578267320909429
0.0009264143653140885
0.0008839813370184621
0.002060870807052654
0.002143456480631347
0.0008600830101366268
0.0008579517318151457
0.0008591330600610096
0.0008578352075902597
0.0008576754861481841
0.0008576718224727094
0.0008576669343334752
0.0008576737167726572
0.0008577494599197344
0.0008732950600309928
0.009062532853480852
0.0008578891726101529
0.0008628464973756111
0.0014108419446924535
0.0022997002386116574
0.0009438522171275427
0.0008577543182246457
0.0008577345657010571
0.0008576666389688149
0.0008576779414858775
0.0008579726533699359
0.0008576650067003949
0.0008592348726537478
0.0008576787231981274
0.0008623065038967199
0.00342628388605517
0.0016860580653149237
0.0008689287438624299
0.0008591680285300324
0.0008595134990183319
0.0008584043094822662
0.0008578580409234858
0.0016987140437558787
0.0008668213674127491
0.6370739099668875
0.0008591532807583286
0.0008632514778713387
0.000857777832706218
0.000857882203223363
0.0008577107056911672
0.0008576891110737139
0.0008576681979450695
0.0008576971180583531
0.0010865723207203917
0.0012729139282672513
0.000865565743493271
0.00088285659062497
0.0009350305797943633
0.0008610046379256466
0.000869728291936875
0.0008770175462302807
0.0008664470858228937
0.26686389361294893
0.004638776379440291
0.0008578017827336673
0.0008577160733531455
0.0008576755654529602
0.022606357585341807
0.0008576744226632289
0.0008578697341761475
0.9822943687852378
0.0008582895228185645
0.0008576707432171083
0.0008576733594755187
0.0009177862630407385
0.0008596511576570817
0.0008578351047927243
0.0008880743603272035
0.0008578402799892533
0.0028546554069150843
0.0008577800328797628
0.0008788651243560549
0.0010344221274852048
0.0008576837710375383
0.2575693323438726
0.03499637267564675
0.0008874918403175482
0.9285312185945691
0.0008613899539715226
0.0008576803270271191
0.0008654297718326899
0.0009219648341719605
0.0008576848030936285
0.0008576651754231143
0.0008619097286935508
0.0008580241462507833
0.0008577303962068337
0.9838138375838165
0.9901636168479463
0.004326463580196829
0.02842016228253282
0.0008577213831404413
0.0008576773179878568
0.000875216915439904
0.0008789355882454047
0.9901068756232733
0.8645228885600523
0.9872760732133398
0.9822199644986696
0.9902118591070005
0.9902115661447142
0.0008580573612881479
0.007237282055589494
0.001248462950511765
0.9901344131207335
0.9781972784640018
0.9902097896997283
0.9016480539965543
0.0008756007500518858
0.0008577441914400874
0.0008581024320582537
0.0008580512817772121
0.005758910183675688
0.004986606850786404
0.000879217564287501
0.0008844327686425483
0.0008916786748217816
0.0008579244922199769
0.0011710665748205886
0.0008594231168873788
0.0008591620228607447
0.0008576654289610088
0.0009074911321941903
0.0008576745678672869
0.0008580547447799503
0.0017842087989051846
0.000860911003709202
0.0018455318538407452
0.002216866657741504
0.0008799555815074613
0.0008576668938524439
0.0008576992610811995
0.0008577991559273722
0.0008576689069202276
0.0008713830850353268
0.0011036124807686856
0.0008578048694265945
0.0008733782088780056
0.0008579831489112992
0.0008772441610356496
0.0008578852184866456
0.0008605236364830933
0.0008866593243032567
0.003676788621119208
0.0008576667265154662
0.0008604012016495806
0.0008577339809787116
0.0008576964080226732
0.0008576654312562193
0.001191697202245011
0.009912677166199447
0.0008611548648173333
0.0008582129970902692
0.0008612574479325989
0.058823203449865816
0.0008577147467060492
0.0009296828263799688
0.0008588696364727089
0.0008582168209888148
0.0008586149588252202
0.0008729526317908303
0.16603571465708455
0.004134331880531888
0.008376752946163267
0.000857665025852923
0.000862081451700254
0.0008576655894850186
0.1459100562104678
0.0008585498233040467
0.0008578347083040475
0.0008613443327898435
0.0008680786272589613
0.3497351014368467
0.0008600991250085872
0.0008657858266802933
0.01406112943050121
0.2542092465570909
0.0008584420692275297
0.0009404673660392457
0.0008838042991562756
0.012929770594821687
0.0008577685222636483
0.0008600340694156326
0.0008600622847933444
0.0008646535983940804
0.004021813980353878
0.0008580683949079568
0.0008577328418176076
0.0008581903994914286
0.0008650674597192918
0.0008602996139221061
0.0008613212754362199
0.0032490152829131778
0.004562559571358871
0.0008688568117048019
0.000857703323771927
0.005933912044537609
0.0008754234984820627
0.0008999787912520798
0.009801163875848565
0.0012837717511115672
0.0008580138650125035
0.000922064868253375
0.0009969393486657333
0.0008576702285577434
0.04063316555668624
0.0008672941895864204
0.0008577619464735292
0.000857954613630245
0.0008576692429849065
0.0008668209200051938
0.0008587276537840723
0.0008586071296344473
0.0008619925088028744
0.0008582203192974367
0.0008610576642914946
0.0028264004671211406
0.0008577533505969124
0.0008577372626584713
0.0053258226432350946
0.0014665131422482258
0.002438689963998123
0.0008576705001242569
0.0008585234180463805
0.0060540963279697565
0.0011202578604429935
0.4433672651582697
0.0008577676526815435
0.0008577504750308014
0.002584149687991534
0.0009087361422229022
0.0008576740939706279
0.0008636049029690912
0.0009589686429301881
0.008015263351695447
0.0008772075660326745
0.0012091469397122229
0.0008587962925733054
0.0008576696949677597
0.0008576651145683488
0.0008576650853480634
0.0008578845319676683
0.0008576662018837981
0.0008576652459944456
0.0008576656076997602
0.0008576854429662225
0.0008579413243832801
0.0008576805938516059
0.0008760679102414878
0.0008709962689727679
0.0009324419411824489
0.0008578593946775329
0.0019145016377852366
0.0008576654869228963
0.0008577271266323812
0.0008577201676864088
0.0008576840925609543
0.024616520331032142
0.000857785082411008
0.9901697646470665
0.0012762024352257122
0.0008585673241079791
0.0008576736068435164
0.0009592143668224588
0.0008578714236883299
0.0008750145612285906
0.0008576657306870177
0.0008580631069427195
0.0008576653250878757
0.000861746811867071
0.009763895678138396
0.0008590962737711947
0.0008614490906486561
0.990152280259933
0.00751830456550045
0.0008576896526425851
0.0008576651532506911
0.000867363243773757
0.0008589259883716273
0.0008577767081609294
0.0008588071843743799
0.0008576703155738319
0.0008576926294799907
0.0009887485936075366
0.0008576660960549437
0.0008577208951700467
0.0008576913802826737
0.0008576934510725918
0.0008576805700932572
0.0008578203274587997
0.0008577321353783184
0.0008578227994016039
0.0008597648671159582
0.0013206088064981318
0.0010226766281429807
0.0008577740420563337
0.0008576663354671594
0.0008580638927024669
0.0008577450272259397
0.0009148678368649536
0.0008577370704245517
0.027992002159056544
0.0008579779147936089
0.001053732790687941
0.0008576889641074331
0.0008813854389716724
0.0008576652203111117
0.0008576651342002045
0.0008576655147859013
0.0016988822198532743
0.0008578920959094801
0.0008590663969792
0.0008576650995461254
0.0008588875445332911
0.0008611953640168195
0.00085798661719954
0.0012246425189815261
0.0008576679910469487
0.0008602035442894853
0.0008576659751575231
0.0009094942634382924
0.0008603086674570219
0.00888102726500015
0.0008576857453125119
0.0008576668977329823
0.0008583834612037905
0.0008585074910261056
0.0008576742702832136
0.000857665019591619
0.8406091771535572
0.0008584208667148305
0.0008578459914554737
0.0009885870907086062
0.000878120966209548
0.0009788352711546746
0.0008757758614910399
0.004684602789753029
0.0008582368186576195
0.000871823434793167
0.0024072295773287095
0.0010513472957424529
0.0008577278899643725
0.001707170747559544
0.0008576679016337056
0.0008576702158598192
0.000857678306694031
0.0008577614042750639
0.000857683162677422
0.009810602999952423
0.0009590542120431394
0.002258632043215945
0.0008577478084664927
0.0011097414873748543
0.0008577037483812911
0.0008577003040423597
0.015963773994994993
0.8578758453189699
0.0026621475430301154
0.12049486890284176
0.0008576785319561539
0.0014264031426918515
0.0009113685528046568
0.82309448392599
0.000857672550582622
0.0008663396729924146
0.0008576720183387744
0.0009361842962518663
0.001135512988344133
0.0008576678054808644
0.0008615661708630056
0.0008578591227019538
0.0008577818616143544
0.0010186609684681464
0.0008579886809067343
0.002076793376363034
0.0008729334101593558
0.0011523363406479882
0.0008597916889241901
0.6444158148336383
0.0008596993697669122
0.9660066134240552
0.0008884912589294844
0.989140780028859
0.0008583601087027709
0.0008579432754496335
0.0026091316918382436
0.0013671864396351495
0.0008577729023314155
0.0008576687340326659
0.0008619122425067983
0.0008599879143561189
0.0011361997809373363
0.0008760035153889189
0.00683610843377465
0.0008753230335990102
0.0008754213260718972
0.0008594972419931449
0.0009898383085341189
0.0008582350609423958
0.00085766613601977
0.0008576649853342764
0.0008577701476159632
0.0008576649889077017
0.000857664986197691
0.0008577417823509817
0.01419206088015232
0.0008580951750048218
0.0008654207832132234
0.0010401201663713215
0.000860214587902034
0.0008626400559507493
0.000962930863340925
0.021741960850292136
0.0008576659311181227
0.008824221534620919
0.0008581587041517721
0.0008585725549781422
0.0008595642045074538
0.0008728726096814156
0.0011079561957305143
0.0065267714643878465
0.0008582216943646362
0.025870194462411934
0.0034013498795028747
0.0052860976281858645
0.0008577184386459748
0.0009110709966563867
0.0008576669169010142
0.0008577627675032006
0.0014520182212810488
0.001450638766027768
0.0037861583996020728
0.0008577046914589369
0.0008588600958903881
0.0008581283670942466
0.0008576727960245913
0.0008586515800004503
0.000857697468989044
0.0008745855338102139
0.0008654042371735211
0.0008576685042910949
0.0008686966910522749
0.0008576689980872472
0.0008589475441464408
0.0008583493817357799
0.00554743901804717
0.9873449025009395
0.0008576971935851307
0.018887828677290233
0.0008577166673491239
0.0008577417059766258
0.0008581748962118135
0.0008683378572497098
0.0008611765096281321
0.0009061084344499388
0.0009964794162676976
0.0008576660282601811
0.0008577417642651078
0.0008740186161882717
0.0008610238271372321
0.0008577041182535895
0.0008577980097950792
0.0008576655697484153
0.09059013991087
0.0014281235468596083
0.9818435452646557
0.0008584465425905423
0.1687876921245297
0.0008577996651512857
0.0019174999715810533
0.0008578321607499379
0.0008638043974570692
0.0008644437729049654
0.0008581731018477188
0.0008576662262799275
0.0008576983817378434
0.001047228776937861
0.0008655278541034853
0.0008576661054495508
0.0008599732274325463
0.0008602895801828242
0.0008891754470476713
0.05858843515733377
0.01602645850052387
0.000875625871551463
0.3444697025050356
0.0072679778297074634
0.0008768121539029249
0.0010267565920682256
0.0012937770142282135
0.0008585794220931282
0.00197523072027449
0.0008974505813176548
0.0008603136181937928
0.000944806471591058
0.0008576824297148127
0.0008694589862114206
0.0008886040055504973
0.952525367298655
0.0008608688585280644
0.0008605084265570233
0.0008587137871574027
0.0008619245001642202
0.6118840972695166
0.000862481007076591
0.0011982210615656683
0.0008605509443250911
0.003258836336443394
0.0008809630359271382
0.0008594720264934719
0.0008655458314825689
0.000860537788322918
0.0008584795628402901
0.0008615608191732104
0.0009681906430005088
0.9877303110804184
0.2167254695840932
0.0008580476971324167
0.01664282660648592
0.0012001170488592026
0.0008576814933339217
0.0008581170153024803
0.00238446580721838
0.0008579853826557238
0.017611478566104795
0.0008576651432981923
0.0008576650172743682
0.0008634232405752658
0.0008577001067881726
0.0009214577772657258
0.005869303057088621
0.0008577672520485593
0.0008773946779182285
0.000859623193523915
0.0008593066836561166
0.0008864229467370081
0.0008578679307053768
0.0008623319153742019
0.0008635940776150591
0.9858479844817432
0.0008689764675109001
0.2725513829339741
0.0008597108847888363
0.0008633963486486999
0.0008613652400786406
0.0008588510945476489
0.0008590265521629843
0.0008592440765367879
0.0009577751652192958
0.00833828390455414
0.013767177519964263
0.0032327114721093625
0.0008588827930457231
0.0008593147389127033
0.0008742357001024666
0.0008576724422134079
0.0043372185432191245
0.0008578414663555425
0.0008647477873730971
0.016072589596066292
0.001065099114283949
0.0008615879198512513
0.002774375798863805
0.001986969044016585
0.0008738811532740874
0.0008648569261507377
0.0008584895277234838
0.0009165025876264201
0.0008677982315382197
0.02851772183292979
0.0008896136991634542
0.0009773636878357673
0.021781600558218376
0.000862436863622188
0.0009405283190488613
0.0009380622856837304
0.0011411655024496947
0.0019015004892478868
0.0017542372516752384
