0.9999785920300277
1.1549270124859842e-06
0.04941217048027648
0.9996300370022173
0.9873458106725732
0.33032801281708857
8.084677903918751e-05
0.014528870353678336
2.1271375287782082e-06
1.1036829485291091e-05
3.871552338431897e-10
7.127381537296753e-10
1.2057277442953107e-09
0.005933898876770501
3.0192972917552075e-08
8.633664436114589e-07
4.4485650865849564e-11
8.2006507082775e-08
1.2851994623559941e-06
0.987535445863469
8.136562209753335e-07
1.7899667305833335e-05
1.2781650987725432e-08
3.119890385992177e-08
0.9420496125868739
0.999594563149841
0.9999518948657449
0.9999644606116307
1.6777876003040603e-05
2.121251797205488e-05
0.003048962822928539
2.2452321519180126e-06
5.538358788954842e-06
3.5298020528065555e-10
4.3833503916288165e-06
9.93804205679613e-10
3.8365653354498736e-06
6.42570400458305e-05
0.0015494127168801555
0.8186623610869352
0.9995319356186692
1.1303036821578825e-05
1.128574047023199e-05
1.8081250573801002e-05
0.00019143638482035095
2.6418254217238154e-11
0.9982925349585445
2.690929950027478e-06
0.009481700886235905
0.37064340409707436
0.948905233530147
1.3554781779730606e-06
1.6807793760491113e-10
7.356012501316612e-10
0.0001430038022683502
1.9385178803605254e-10
5.686248394478512e-12
1.1607634874841925e-10
2.2331096918879098e-05
3.032872982605338e-10
1.6668365740142166e-07
0.006286867210752508
5.498744253457249e-11
3.9382562621931374e-05
1.0643808998441299e-07
0.6918579600261472
0.05623496336909586
7.286954236490359e-10
0.9999958330906018
2.922507394837981e-11
6.866028908344644e-08
3.6817438353369172e-06
4.499219367983765e-10
0.6739677398262223
1.3090240611576255e-05
1.3814523323975834e-06
1.5010556021051358e-11
9.817939749474902e-07
1.6204252050134835e-09
0.9999987727218497
0.9999997123345322
0.9999990161716845
0.9574876540042679
0.6935268605059691
0.47438686314788825
0.9767598781840128
4.40273170288015e-06
4.613610008038936e-05
5.231396703246698e-10
3.4957935761844737e-06
0.0005114904882457979
0.0035314094033235075
0.007535602650733887
5.054367028941098e-09
3.594205885030602e-06
0.2914966342041689
0.9999979496824064
4.858584170873047e-12
0.8264327005408704
2.114763196313111e-09
1.5031234274578943e-05
5.320900426852037e-10
2.811378236316489e-07
0.00023353771803907383
0.00023353771803907383
1.8227354150653885e-05
0.00023353771803907383
0.9999897362688306
3.5068280200358024e-11
1.3639400872862282e-09
6.726468460387647e-09
2.451195319052528e-05
0.9999999510100734
0.9971548060920251
0.9999243096133702
0.999618613457043
0.9999999035722673
0.9999801701682992
0.9995344935187681
8.086408647592964e-08
0.0004942818477369123
5.91499214818284e-06
4.2350097007847526e-10
2.718632748992762e-06
5.417763448465025e-10
0.9996268964855454
0.9999404613584446
0.9978095941558923
0.9999996168978869
0.9999949805655078
0.9999969640392903
0.9999999172409335
0.06848589156654435
0.000434396216382138
4.958083445574916e-10
0.00044334787430360865
0.9999998640298381
0.9999996433583571
0.9999997522096139
0.9999992580074931
0.9999994353159056
0.9999999363896388
0.9999899879079343
5.610083743739606e-08
0.9999953064319826
0.9999963675498638
0.9999943226759935
0.999984687172491
0.9999888811433572
0.9999978579322769
1.0954657413209943e-07
5.395258511969807e-07
0.0004428695431674205
0.18177710326723034
1.133481656031046e-09
0.036012267215868206
3.4183429654095615e-05
0.9987694334552137
1.4636782389212821e-05
1.7502409987832106e-09
1.2922869437322038e-05
0.0006086507086680309
0.0002501731683199722
9.563145948746796e-11
0.003677550791326267
0.9999993370249606
3.7170923722897456e-12
0.0005249458507740347
1.0375276593300004e-05
0.999999968278159
0.08563043612890443
0.9999893169800264
2.3304952729169295e-05
0.47941095671243095
4.991084711851811e-07
1.129928493778951e-09
0.015458525672797017
5.749177645674692e-06
5.044151834743754e-10
6.862659275764077e-10
2.405853105422924e-06
0.9476570068533707
0.9904044084791475
5.7544144058263304e-11
1.7439877494597944e-09
1.4371374086228525e-05
3.5921905185522577e-06
8.998027041610227e-07
2.495966428572924e-12
1.0774561871766631e-08
4.889146354490439e-12
6.292591154964479e-05
0.0010765152895459798
1.0186005176108563e-09
0.4575914269027747
6.468958382902686e-11
3.274023666407241e-12
4.069934415571315e-12
0.00023353771803907383
1.4044612020564217e-05
1.8389300363677268e-06
0.5471296209728918
1.5263643131523887e-09
2.0581580883259574e-08
2.5677578801633527e-11
6.260633814250359e-07
1.482841069883211e-05
6.565193303078314e-07
1.9480294657857768e-07
1.2943846311570507e-08
5.295402034696402e-09
7.287753836475377e-11
1.0833059147485025e-12
3.3808990026815376e-11
0.0015441907016193039
9.644311852035441e-07
2.7266367222679538e-05
5.322031045080542e-06
0.005268552745949736
3.7670580533125275e-08
8.040744364179611e-05
5.681209290172799e-09
0.0012401906198957605
0.00023353771803907383
0.9999859021843196
0.9997184825693939
0.9999682111358138
0.9987617771616011
0.6183736948862096
6.358178013705929e-11
2.60732757034685e-09
9.415890387136362e-11
2.3322668228190963e-10
3.2391423099350635e-05
1.613378703152434e-09
2.823637789219995e-10
2.1052822689034687e-06
1.799445880120271e-05
2.5489630212235427e-05
0.5985879373877646
0.9999888929567833
0.013702275385324635
1.7864470910996752e-09
1.2246836483947752e-08
3.514882374478083e-10
8.398486920779556e-05
0.0011790462852360633
4.7485017806679633e-07
6.872505986871782e-06
0.00023353771803907383
7.796060070641082e-09
1.2022187129542944e-09
1.0901146237296591e-09
2.5141787332308942e-06
1.2643771865678577e-05
4.870395744516118e-08
0.0005706944932497723
1.6096817781771108e-06
1.6415930616602017e-05
4.31585536126682e-10
1.883137457045997e-06
1.6063733915899256e-11
6.364924072551701e-07
1.8796854504659116e-08
0.9999757605900256
4.767839139581591e-07
0.9999999887370391
0.9412412937277228
1.3059013162103852e-09
0.00011265968570477158
0.9995329337897133
2.0352169352791797e-09
6.494861266668144e-09
2.4670448830624945e-07
1.5986622618666542e-10
1.888485298960214e-10
5.0136362721994433e-11
0.00023353771803907383
3.3842643178865937e-07
2.6388926045176937e-08
4.206612125182692e-07
0.9843612143095306
1.120702003285523e-09
0.00725281941907075
3.478062437895489e-07
7.354625943014341e-08
5.628182771856078e-11
8.679040810227934e-07
1.1355368702461859e-07
1.9840206586640195e-07
2.5610286462765373e-11
2.021464095495561e-05
0.00032169095022418424
0.00023353771803907383
7.033438808130728e-05
0.04187337032370033
1.3946404768640132e-06
0.7308563143787218
0.9115249075484251
0.4551502153254047
5.3270963714281945e-06
0.010139740627796108
1.1472693577429138e-05
1.8761370050400003e-05
1.1739362006352885e-05
4.5465915227273155e-08
0.9515333640691376
9.146098657693544e-13
1.4058511113125385e-05
1.2756462302902442e-06
0.9843612143095306
8.31926754370951e-06
5.6914355206539784e-05
1.5645930400682773e-09
2.3073556365910317e-05
1.1326614360363628e-08
0.9289556948792275
3.8983838359924113e-08
0.7746291198119518
2.4910456881718463e-05
4.3463606649138163e-10
6.342947183160889e-11
0.9999963153948906
3.632635416826621e-08
0.0005149461477228464
0.00010064833102444602
1.0359655509470581e-10
1.588541624288471e-10
5.414006768516359e-06
0.9999987622312008
5.403704733068127e-10
1.2904870689550928e-09
6.054219514261204e-11
6.658528609545895e-09
9.410213710618663e-12
0.901740364295412
6.68807201259716e-10
0.9999876318694578
1.6339496389564155e-09
1.9698538336027151e-07
9.996402961176091e-09
0.9472992670951415
0.9261810186642889
1.9170652994170528e-10
1.3446365913227838e-05
0.986768366816039
1.0328730094916675e-08
0.000339206353014171
8.102460713497976e-10
8.535774862992755e-10
1.3868800619357077e-10
3.0062216922166304e-06
0.00012674549423554804
3.0564553478963726e-10
1.0576255456531004e-11
1.080598652227784e-07
0.999300832980739
0.9988205815407348
3.1979850220426425e-05
7.04772267488458e-05
0.00023353771803907383
0.0005874669546241693
3.4790893856608906e-05
1.5003790242921845e-08
0.9920080500980285
0.002276495757787285
0.0001497151863941771
9.406496604654423e-07
1.0906416120104978e-09
5.683763339868831e-09
1.4437306040236678e-10
3.1744309031719466e-10
3.262182705539183e-08
3.9821780860909425e-09
2.1144264061763516e-05
5.180252511158429e-07
6.462987534196498e-10
0.00023353771803907383
3.5710137065257627e-10
0.00046908159351157256
0.9998597918494083
9.717245021278627e-11
2.234448956572674e-08
0.00023353771803907383
0.0006981237818285069
0.016129444925629517
2.0259833701570428e-10
5.304845533066563e-11
0.0004233376873688463
1.8950024031349467e-05
4.077440027322577e-09
2.8063759404965852e-06
0.19314052297657974
7.431774743546423e-10
0.00010394713495351817
0.8988833558897237
1.243121612807725e-10
9.326502609989523e-11
0.19292643528870868
5.657453174695965e-11
1.1187974236165007e-08
2.15682199404752e-10
1.9616247148914554e-05
0.8636635085925968
0.08657099431982226
0.08750080233687785
0.9999999856038255
2.0115655242594053e-10
2.9908795990688522e-05
0.0237766035843849
2.8564284866504592e-08
0.00026266742975037375
1.347617526146237e-10
9.856514153629495e-05
2.6049072809994867e-08
7.974839021413556e-10
9.894654680415205e-11
3.7658704886541385e-06
0.00048808961752657944
0.00024624027015796463
0.5702277929544419
8.007729075871258e-10
0.18095337559326993
1.0643808998441299e-07
0.9983477134606716
1.4210808939415754e-05
0.0020244396567573623
6.761432091762723e-07
5.243191619803076e-10
3.8146051244314765e-08
4.059784767941091e-08
7.128615187369732e-11
8.336618104144575e-07
3.111976088308644e-10
0.7518162991397899
2.0015421082137356e-05
0.12734237862026296
0.026850291560536994
4.5360426219462604e-12
1.4399939570291905e-10
3.0978060211452855e-10
2.74695016004977e-05
0.00034587959881182716
1.0293798419391861e-05
1.4640708701084624e-08
9.87937283417428e-06
5.76581376348017e-11
1.2949375073305496e-09
0.8578953311370325
0.0003164995607919188
0.00011142304921881294
0.02083091376783657
4.9413496274977e-11
2.8823085220837844e-08
0.00023353771803907383
7.600626504760852e-10
2.3321952093558485e-05
1.7358058883040793e-06
1.3645922645266442e-09
3.928830099807033e-09
0.9996736306056886
6.637301589323534e-08
1.8046480034370383e-10
5.2898762713900685e-05
5.6204300811199074e-08
0.9999940102541218
0.0010096441598950309
0.0004067013772254459
3.4375281365423396e-08
0.9999074981514781
0.9021971525955976
2.3432923109866565e-06
3.5859909986998836e-05
1.8825246704766194e-08
2.8786295577712386e-05
8.138020857593977e-05
4.195520988299882e-06
0.9999993181960868
1.2515910430326358e-06
5.026437985741951e-09
8.900236828842174e-07
0.6464057753735113
0.9843612143095306
9.215016634647489e-11
7.683251320407394e-06
0.9999978843115327
6.490495314000926e-09
3.1883243461913013e-10
0.0003658550916769044
0.9826321261543565
0.0001533557116820844
0.003791070228668235
8.609861972011272e-10
1.6276392163573366e-07
4.938532960229331e-06
6.377352938376885e-05
1.996805770837365e-05
0.0016174152167432445
0.029012836085048472
1.6606315259872354e-11
1.232185067291004e-05
2.2285459712151583e-05
0.6181786050796182
8.26174666053891e-08
1.7467348989544304e-10
0.9997125925389644
1.942885506164812e-06
1.4484676780132782e-07
1.952155555776754e-09
2.57923625692801e-05
2.969224610258457e-05
1.1143727074875837e-05
0.03295297259322006
4.409646894630974e-11
0.7125639954950906
0.9999999959487136
7.5679236980616e-10
9.392470067924442e-10
0.48863425127049986
0.0002618558676535536
3.328120428072952e-11
3.1576016208356557e-11
0.0020061679231184143
1.0637691348400706e-10
0.00023353771803907383
8.430915154285856e-06
0.00023353771803907383
0.00023353771803907383
1.0651169895565996e-06
1.2091336372164686e-09
0.00017163458242729052
2.8602598259415828e-05
9.629744972722517e-09
0.999998072921194
0.0017558090607528302
1.1589332323479132e-06
0.00024406451042461533
0.00023353771803907383
8.448739325017154e-06
0.9854783876851883
1.0198348252837917e-08
1.9560936605846854e-05
0.00010365330245625167
0.9843612143095306
0.989992703620409
1.0074981213139316e-07
0.00023353771803907383
3.145406403869219e-09
8.610033794761652e-06
8.481912064500966e-05
0.934526652729726
3.470958198529654e-06
0.00023353771803907383
7.232359347785874e-08
0.9378886040416214
0.0061746512851669575
3.904329065179183e-08
0.9998879912606502
3.0089367538593787e-05
0.00026547965923720074
6.501480996684462e-09
1.8191407009368973e-05
0.10164326311090535
4.2792110001360264e-06
1.6770179652323176e-07
4.806444432538113e-05
3.0046673744692938e-06
6.48668914947518e-06
2.962934735462148e-07
2.3975324577626708e-05
3.762283879805442e-05
1.1802012652220241e-11
0.045166439685527006
0.00019324793452421584
1.6989385766754878e-08
0.004477469534905343
0.001155843509003172
0.00023353771803907383
1.900200392380669e-07
1.427847752758864e-07
4.617730220783998e-13
6.189399459399418e-05
0.00023353771803907383
0.9999703625436618
1.1757665902000572e-08
0.00023353771803907383
7.698157513115549e-09
5.860772229265697e-09
7.791687090504589e-08
5.301149666468962e-11
1.7446374008114863e-08
0.9504822017422521
0.00022684178101717523
8.361013198778457e-07
5.140519594299125e-06
1.0813819178442512e-05
3.134856232612782e-08
7.816382084448978e-09
1.4449406459249742e-07
1.6265813381508864e-07
2.3082425602202154e-09
4.839843675701037e-10
2.1979720270386216e-10
0.9596739871980204
0.542622715036066
2.276612116093787e-10
2.1601509885101736e-09
1.2884180105741248e-10
5.936797745898405e-07
1.0749082406064695e-07
1.4495337922750886e-06
3.7144948521649264e-09
0.0026717027293777455
5.920142385629114e-10
0.007646028601459266
1.2045936015303975e-08
6.881795909877851e-06
0.00022177474198318672
5.183375793125939e-09
5.474752342102573e-10
7.619268604231468e-08
2.74129877910691e-08
8.840390873474396e-06
0.9999987337848205
0.2588181315165516
0.0018044232852820214
1.0641266019230776e-10
2.66742179521949e-07
7.472222142598378e-10
0.9998488073508912
3.833404370318927e-08
1.7101127940684256e-09
0.002188723400183595
2.813652367089515e-06
0.00032346767514686975
0.7975084099831761
2.624405171682806e-07
1.0814229246569438e-07
6.797099473751132e-11
0.006504595061981324
1.9998173653506095e-06
4.768351011342082e-07
6.128099345469956e-08
7.045047886685912e-06
4.886897537708593e-06
1.8117475114749176e-09
1.222331573618925e-05
0.00012041474507739674
6.247376505095922e-11
2.156000944775668e-08
9.123186610404516e-09
0.00650438685773554
0.8624399695980047
0.0036264701480377692
8.615735764067484e-07
0.8677032915509445
8.354241728180629e-07
1.912785749425004e-06
0.991736020422545
5.140777237176744e-09
4.630381003198237e-05
4.578454729173464e-08
6.957018224330641e-10
2.512421806796325e-06
1.0425879898812114e-05
0.9999905645381617
0.9999953212658931
1.5875717037784721e-07
1.634400206964712e-05
4.759904691525892e-05
0.9971181408443414
2.744443885258379e-05
2.832460483974484e-09
1.472606633952047e-09
2.149902522919039e-08
2.0927625025729422e-06
1.3997677313335343e-09
3.703714427867254e-10
0.001648137185913015
0.010282517730621622
1.3293291125303874e-08
0.5155954192575223
6.10728635793095e-05
0.9999996286741901
0.875904833661703
3.3910787232039894e-10
0.9999889732784767
0.40466644737385943
2.447629317367793e-06
0.00023353771803907383
0.9929152823922769
0.00018508802914800148
3.9347697734348414e-11
0.03819573851896266
0.9989099874117023
6.344236547240236e-10
2.1086389586145666e-09
3.723460038454842e-10
4.250095317533582e-05
3.373401623929006e-06
0.00010631468505967882
3.684189219392614e-10
2.4829318950501737e-10
0.00017747984904411895
7.679249769552308e-05
2.1787399422480286e-05
0.10038294985821901
0.2746043412654096
1.9118070710329796e-10
1.8696756359371485e-10
8.987838389050708e-08
0.9999854696918948
0.9995940963300739
1.306921195516583e-06
2.866044207776511e-05
3.4649670407275805e-09
5.2002615173821925e-05
0.9843612143095306
1.8303295353036153e-06
1.04871621306193e-09
0.9999948554828879
9.79262731997369e-07
0.00011192940676569709
0.06609532501183903
4.165973746636594e-10
1.5627619176402422e-05
0.998039074926611
1.5250511224836736e-06
6.693789560160718e-08
0.9932268034831908
0.996318690646077
1.2177439093808001e-09
0.0003651109908050546
6.574562131605327e-06
2.4551802202063788e-06
1.0173587101214722e-09
7.273930154022542e-12
8.355492241728839e-10
0.9843612143095306
1.8145217964258182e-10
6.145703566190957e-11
0.0025590761176898995
3.2170065591252736e-07
0.004552908462837226
9.814386963017174e-06
0.004110670066561375
0.9995630781185286
0.01620884450492924
0.998999070357858
0.00043891593881906026
0.00010432419891320475
0.9970460760028138
0.06348169202701709
3.4376867569005675e-06
6.581617229291475e-06
5.908773766129609e-06
3.4792757135897844e-11
1.3481617568203686e-10
9.009197194760467e-07
3.4219832433780545e-08
2.7137480945960603e-11
5.456671223992208e-07
0.0003772725726579085
0.00023353771803907383
0.00023353771803907383
0.9843612143095306
4.7932743865201515e-09
0.8261052530303873
2.9949391311389754e-10
0.0039194608174750985
2.6091344652635575e-09
0.009289998060958357
1.3207535070709807e-09
0.7308143632957746
1.2969468804268626e-05
2.3441298801611894e-07
3.3912924003849972e-06
8.919604056635068e-05
0.47754163063860483
4.894066993681563e-09
0.00023353771803907383
0.005649361440518011
0.001527355202696658
6.8699094089844004e-09
1.5725148818858312e-10
4.4240153843396236e-07
3.6073951838550543e-07
4.317897038692057e-07
6.715002805209308e-10
1.3121129235369681e-05
5.145489540391498e-10
3.903626620905772e-06
0.9999641682278658
1.4740646324518044e-07
8.264198779323797e-10
1.0535076293490544e-08
7.573045600612779e-06
7.363329558893775e-10
0.49238877286488325
7.276586790011756e-05
3.3859422617060188e-09
1.609952052931515e-05
2.9387895765988577e-05
3.0407460404501607e-12
0.9843612143095306
0.0002255283101665743
0.999998898757725
0.00023353771803907383
1.2521493186828416e-06
4.319368377504992e-10
9.167950702589184e-12
2.540700455952436e-05
1.3130246391350328e-10
3.415417553836546e-05
2.6718533605097434e-08
1.3465752095992808e-10
1.38932189338884e-07
1.640425315062077e-10
1.8802878919321511e-06
1.2044179971319008e-05
0.00023353771803907383
0.9999998662692874
8.065986671010777e-08
1.713485681005244e-07
9.671635665184759e-11
5.654032492004373e-05
2.9489662151995847e-08
2.6592774646983744e-05
9.014212960422336e-06
3.3456700785261515e-06
1.900915589131522e-06
5.047252704335765e-10
0.04773880046229729
1.1497255165454801e-06
0.00023353771803907383
0.7582357771105659
1.1813201987234553e-07
6.471356036793738e-07
4.047782064031498e-05
0.0001323365539268288
5.87910820897643e-08
0.9341732463968235
5.4700186313915294e-08
0.9972258681017948
0.9991010494411847
2.041298448331874e-06
0.003229625644959171
0.9971469841109896
5.44397797908964e-07
1.6542627126692946e-08
3.037943569053716e-09
6.412564076785832e-06
5.216058867140117e-07
1.4534742551160596e-08
1.2404870611012097e-07
2.082020457506601e-10
7.679390406303026e-08
0.08421830064913083
6.46134968998152e-07
0.000629426994794258
2.9074691377897714e-07
4.20878108626405e-06
4.0587492777323073e-10
5.963667139400271e-05
0.9273253594401707
1.7911313976557921e-07
1.2522624581444106e-10
0.9842046999877307
0.018564473452116672
1.332378661022667e-06
2.3033364428054645e-10
4.109442057943573e-09
1.4032277280281918e-07
1.1229123002735373e-07
0.9999999656286666
0.0010321874618776801
0.0008525562054714566
1.6554031657522377e-09
0.15957382616802393
2.020686908435554e-08
1.8400119222984574e-11
0.8410701907734333
3.4143445143565353e-10
2.8441777497523563e-11
0.044877280835690266
5.90131648830493e-08
1.9522065233173723e-08
0.010098815667199865
0.06439093083824171
0.05794106773895522
0.9999999819509985
4.6295838048513134e-11
0.9939885801705346
5.929429570992273e-11
0.9907251201625679
3.4250635887968546e-10
0.009692983534436138
2.8846588301801897e-08
2.819198976252267e-07
6.4884886465874795e-06
1.711397828547442e-06
4.112302517986174e-08
0.00023353771803907383
2.405814186886893e-10
0.9843612143095306
4.032512935324031e-09
7.036068746277171e-05
1.1907417732211644e-10
0.9999894269057654
0.0036692280121989863
4.0088271581382986e-06
5.971498423392107e-10
5.6630486871821675e-11
0.9999373066344442
0.24491362481061527
9.2760106985051e-12
0.9999585341220385
2.9106141242005516e-12
2.3114775202504353e-07
2.7989076431447174e-10
2.116018783657152e-08
7.294111295391641e-08
1.0239421355986986e-10
2.435139680885296e-07
4.462897487985146e-09
3.384815071997224e-10
0.9999875312609281
3.429310852069283e-11
1.3760967492047895e-06
0.9999998551054331
0.9999997814817396
2.4101287753969953e-06
5.4710517340333956e-11
1.2650909529348686e-09
6.071585017478844e-07
0.987618473238295
2.7778812980756754e-06
2.775267176847958e-05
1.943977270091332e-08
3.6550032214900896e-07
2.7709960848552932e-06
2.4172793860657717e-05
2.096980937544094e-09
3.649427259481946e-12
6.1505970872728235e-06
2.1924084153613143e-06
8.2889858455628e-07
9.651418292190614e-05
1.0499981243948255e-08
0.061459434882164245
0.003057302277152696
5.424996463211256e-07
1.1487037443984916e-09
0.9999997942140987
0.7784310369134514
0.4788377110203061
0.9976416153259878
3.4335254597686296e-07
0.020533970225772993
0.989825019021637
0.9069866336794054
0.9999998607750792
4.6353106727693965e-06
1.577259674280068e-08
8.0421461250666e-08
8.132789975305037e-11
0.007081377613200224
0.9999998252955064
0.98299530461226
9.290673169904737e-05
0.9994252581454832
2.5833874622225835e-06
4.326901955716924e-08
0.00010626069282277639
0.15047557092257
0.0013361275904965227
0.8396284146640892
5.128400165815273e-09
9.444213572215415e-05
0.09939663339765481
2.5958762085137447e-08
3.478141090514643e-11
2.7602759502201007e-07
0.0015608825478919273
3.6167930893047632e-12
0.9315567801270377
1.099106554223388e-10
0.29728121937755336
1.770198191443464e-06
0.7073790855261878
3.1911156618703534e-08
0.9983395988936588
0.9999920992392253
0.042287552291982944
0.9709701209610944
0.016333144208935894
0.00023353771803907383
1.06256978808991e-10
0.1501203402813488
1.1751336095621679e-05
0.2190981032894858
7.573743740271525e-08
1.1324989834444066e-10
0.011782120600838986
0.0037088258062390996
0.5901534623239509
0.022254925373646973
0.001277636371344162
0.9632189088009777
5.638805695266339e-09
1.7791863714534352e-09
3.5998555050772026e-08
0.0006631382802404325
1.1978411969655178e-06
3.1222469065968604e-09
0.02139635532939732
5.979983843403144e-08
8.5300105041124e-06
9.070424179574151e-11
1.3874849081749232e-09
0.003644564648713541
9.950325037647544e-05
1.6538527848446488e-05
0.0403949865488344
1.0852624948743992e-06
2.757959824565708e-09
2.301125891951705e-09
0.07824633094153449
0.0004794045970829404
5.603649317770829e-08
3.9183525863695615e-11
1.7033464382810027e-09
4.99612523873864e-11
0.38809810626274543
5.497774592527657e-05
0.9999998192812725
5.434101795825771e-12
0.9999526809497151
1.3282106617723187e-10
0.9905757208812627
2.2361372519394546e-06
0.7973427859961383
9.896773219109147e-10
4.358280265512368e-06
0.7568542232823898
8.338128432439934e-10
1.434984848063023e-07
7.359301972738556e-07
1.5114249279605423e-11
0.0004173455803102016
5.0651401976411826e-05
4.364512631031713e-07
1.0590417725540315e-09
1.3429424892547796e-06
4.231945557420311e-10
6.65871169910998e-05
5.0557608953622734e-05
0.8040968371980594
8.249879638399175e-10
0.9904031896415101
0.005706264703805537
6.326236826439864e-10
3.200777674221693e-10
5.483991395159952e-06
1.6131916058540197e-10
6.27542604754464e-09
3.256787090788746e-10
2.5391277072867295e-10
4.070868933171539e-05
6.173876149001771e-10
0.9964979866301954
7.116644498823006e-10
9.067726660531542e-10
4.560937196855422e-06
5.208383718283167e-10
2.8016934678926043e-10
0.0073370745989360334
0.00020202345494227156
0.0028268150246999945
0.03411187161733324
7.14452685997352e-08
1.0186005176108563e-09
0.999185250449312
9.566178428553195e-07
0.9999970150598613
2.9383910185333996e-05
0.00013733165073390887
0.012326612790176907
3.5071156598947196e-10
0.9999222332469913
2.885848829578005e-08
1.9096222629610902e-11
3.341775209896406e-06
2.786451379659914e-10
3.023403493784642e-10
7.502658126841675e-10
1.1173158187260177e-11
1.6613988409822231e-10
6.126445815079122e-11
0.9973312591320562
2.3185791062909593e-08
3.356831075938756e-05
2.7365544137374222e-11
0.04817397148714771
8.906801276416143e-06
4.774710011042957e-09
0.010874141537063182
0.9099781559501495
7.815643815050135e-08
0.9997079004005238
0.9928738833089829
0.9346213900260874
5.876126664978614e-06
3.326100052463252e-05
3.056778290284416e-10
1.261604436169036e-11
2.101391494156694e-09
1.5428916820119093e-07
3.9943499612195026e-05
0.0008328271293566634
1.8356681190707262e-07
3.673680299915521e-09
4.2279555247150605e-05
8.946300184935401e-06
8.164468181043996e-11
5.62090808131959e-08
1.986062273216764e-06
3.506366339195556e-05
9.81313249346793e-09
1.1829946669234602e-06
0.6005968413235186
1.3566517193261992e-08
1.6060317977697757e-05
0.0027361807054818127
0.9999994402820773
1.684691694662373e-08
0.14498901729345845
0.07841859065385087
2.378982574920209e-05
0.9999834354978424
1.5072494739441242e-09
0.00023353771803907383
0.9999615476243888
2.0939869298902176e-11
0.9999669787652383
3.447342994816745e-11
0.9999999115304647
0.00012195232384709117
4.062621166386148e-05
0.9999611826268263
1.1982782859621216e-07
1.4636468441646462e-10
1.997132693966376e-12
1.0627758476527435e-05
6.410454355857347e-11
6.932319472578201e-09
2.340103234382871e-10
0.00023353771803907383
0.00023353771803907383
0.0006965643085742971
0.0016889658138824132
2.9812774356215495e-06
5.0349878500357395e-06
8.637796726966928e-11
2.6151575376471455e-08
3.189177173347007e-05
9.20239221790049e-06
0.00020805034590685046
1.4542736565595894e-05
6.743280132129374e-07
5.068158485658937e-09
9.656581568655054e-06
1.6942399044349667e-11
0.00023353771803907383
0.9996188584151875
4.252095271490853e-06
3.1306440790642613e-09
5.997789174968797e-10
3.8050675304076066e-10
4.4637681835061035e-10
1.2470223571089761e-05
5.610970615022559e-10
1.9701548800003858e-05
2.9393050223984723e-07
4.848099079495436e-09
0.9996665125752198
1.2963322075400058e-05
1.1255110267302255e-07
5.267448932652469e-07
1.6286575380971004e-05
5.483607047053793e-06
0.9981322955232823
0.33079726352672867
3.188502264998065e-05
1.6813470728344537e-08
0.04194903953298937
1.7196956450831783e-09
3.0012771332782904e-10
0.0001788457330454311
0.9999638850319299
2.0513397312549695e-11
0.00023353771803907383
0.5559071281393663
3.6767393494048837e-05
5.806092602216246e-09
2.8591689119783657e-11
0.9399134211714896
3.240835973561956e-07
1.1919935063669153e-10
0.7739414550291666
0.10245622707893227
0.9998159886909164
5.156447362696858e-08
3.0312423673821753e-07
5.4342225333824274e-08
1.7635664291992126e-09
1.2562679885410751e-08
5.8356385813735235e-06
3.175373358286968e-07
0.9999999985404413
1.182109807117296e-07
7.183686588596285e-11
0.9996703629797232
1.9943066131633216e-10
4.0937309305106465e-10
3.5325733799032606e-06
9.88584159722453e-07
0.00046681731476312253
4.157720703250786e-12
6.152708201285714e-10
0.012105969067361123
0.011298213057595888
1.005652645443067e-07
3.21730176185888e-08
2.721250903287912e-10
1.0812010004732798e-08
7.203158995664344e-08
3.2426483910656615e-06
1.7081625397472156e-05
3.813601082562545e-06
0.00038144626944286317
0.9985048401553495
2.8055054620029587e-05
1.4691473397471476e-06
5.692090614563364e-05
0.021666830291226225
0.9987829672109879
0.9999436007059447
9.877909205561066e-05
5.604752027837166e-11
4.097184413389148e-09
0.997693511526201
0.006343276233127906
0.18774802944649915
0.0002775828964244347
0.0016496790135933736
8.961178367363485e-07
0.0005679869664857257
1.3903667491554363e-05
8.279743584785794e-09
5.37462085091925e-10
0.012957306497958848
1.3200481609086559e-05
3.0982141363862884e-11
7.3838620283496915e-09
7.710827530083788e-05
8.977188216297763e-11
0.7086002158809712
1.1604325720421925e-05
0.9996914949945881
0.00023789310637004806
0.9999999990644199
2.59940517921728e-10
4.677312565886232e-06
0.5437156752634021
3.522905698200169e-08
1.1446120749784976e-11
7.946350082865644e-10
5.718243443347494e-07
2.261682409222736e-05
1.4633464731123156e-08
1.9260053773978156e-07
0.00013390564747816944
0.00018812935739104033
1.983754016663569e-12
9.134814504215023e-06
3.02073739346845e-08
0.5868040898323487
5.332637973126649e-07
0.4403222841993301
2.3834993266588044e-05
4.987341594950439e-07
4.5299059923388836e-10
0.9990691255040589
6.679826230656429e-10
4.831325822017439e-10
8.731361251305322e-06
5.064237630063357e-10
1.0211391738689534e-05
0.0037673384549228857
0.11085470182469062
8.365014059373305e-10
0.00011296982496762145
7.01083581370769e-05
4.903287228125757e-11
0.0008001055638962977
0.12416829162636817
0.18160017994493305
0.9995706751331331
0.9999772852506373
0.999990634558517
0.9999269428640934
3.196477407776117e-06
1.184964206392665e-08
0.00023353771803907383
5.404090938243511e-06
0.00014369873651469097
3.509104293160244e-06
3.225598713946785e-05
0.9999998766692683
0.0024775189802443863
1.5726949915109e-11
7.843315022302904e-09
0.001968763193314744
0.00023353771803907383
6.802390620047328e-10
5.0043968676963565e-08
0.9249132532459517
0.9999397261437654
8.092974868701604e-05
0.9999967642132378
0.6574445839822735
1.7172401918007107e-10
0.9982768083397479
6.900226479434592e-05
1.1826217256938724e-10
1.763243182191921e-10
4.4072122477685595e-09
8.094249206227484e-10
1.6418595975873393e-10
0.9999724810430538
0.996960203933132
0.0049404406469297744
8.852058475164241e-06
0.00010238157629362005
1.4393694402061475e-10
1.0432225908295571e-10
0.9999709908632037
7.434337943799275e-10
2.5021628032233844e-06
0.19264424654400933
2.9303281776473426e-06
1.1307637138940457e-08
0.00014291860006066507
2.2594469387025235e-09
0.00416174835526322
0.0001387283095256431
1.7865575135718647e-06
0.0037116973364690435
2.4767305258446065e-08
0.00018621406260107477
2.2304742251959962e-07
0.8715126623613417
5.969201898156179e-09
4.539963612481026e-06
2.3800277915241515e-10
0.969067609237063
0.0038753328420432246
5.228761410699356e-11
0.9999995985105161
1.6247236116286669e-06
0.2419602828014868
4.559979086661669e-08
4.2615705295416284e-08
8.070157535658886e-11
6.460839356878779e-10
2.569018403595994e-11
3.050064148184517e-10
0.9998786991670623
1.3108328868386699e-11
1.0673184777828833e-10
1.8694797929536395e-10
2.4033436714602636e-08
0.9999999582541901
4.1030989962160227e-10
0.3800886397407155
8.703892648733726e-11
3.552364326249911e-05
5.867305357035443e-10
2.825849548800425e-05
6.273707740604753e-07
0.12926391384316063
0.992867356910525
1.5444796605712587e-08
1.4452797296608125e-06
1.9223754413830242e-06
9.277019935707483e-10
0.9999279207527906
5.209455318489642e-06
7.100065890111744e-07
0.07235007348566935
2.985414531869452e-08
0.14697697720719222
0.003490011522845887
8.482837464968247e-06
2.208972646106888e-05
1.2796911581104704e-09
3.415740556276502e-05
4.201397577432876e-08
8.69508831501394e-05
0.0009919861210030505
5.389612912868156e-06
3.074031875897189e-07
6.764243224570692e-05
8.750144898648175e-06
0.9985772023773098
9.492121978671322e-11
0.0014151447444615234
0.028168100122909653
1.7037163229045209e-06
1.848266544318073e-10
2.2975556657895767e-09
0.9999972277029612
2.6608026352778926e-09
0.03247453343439643
7.905574525835533e-10
0.0004157646516004578
1.3273924893538956e-07
1.3843452143277055e-05
0.9926315125932552
0.00023353771803907383
0.00023353771803907383
3.213286797864817e-07
0.07875471817259053
2.576024046574853e-10
0.001457905193283682
8.828234555763639e-10
0.0012400860387223472
0.982353556859167
0.981713917116914
2.4551481012436428e-11
1.659848977197352e-08
1.1430607670952003e-09
4.70767042246874e-11
0.00012397584490520005
1.3729058835262566e-08
0.999996731519448
0.8280299689702413
0.8672218195504654
0.9999999855394344
0.00023784680004615723
0.09089664358352685
0.00023353771803907383
0.9847476326508887
1.9924426928637187e-11
0.00023353771803907383
1.1579967758742956e-08
1.079910299974799e-05
2.9253446312550834e-08
5.799135249248059e-08
1.3213410930875162e-07
0.9981181696619791
0.9999778639729288
0.0024927573578959095
2.1361143192746143e-10
0.8278353194557672
0.9995796439581387
0.0002197845845840443
7.105398281469795e-07
0.0002485353457020506
0.9997688369590801
0.9999937816627538
4.805430419994821e-10
0.005398400810893171
0.9997910903792941
6.387318479033339e-09
0.9771713004809872
1.4538287250451958e-10
0.000751288047156519
1.3714933999765517e-07
0.0005332053343233613
8.178716290008853e-08
0.9382538924742624
1.6198571722024703e-07
7.184354091918387e-08
4.0408926528883635e-10
1.6481019515781744e-10
1.1399574382593906e-10
1.4107451220491374e-09
1.0522156882998893e-05
8.042959016199707e-10
0.7909102227410811
5.978253178453138e-11
7.698046762680334e-10
1.9533883405733748e-09
1.979523881505189e-10
4.093586297719083e-10
0.4456938369204795
9.979619776018621e-08
1.0305154121380496e-09
2.004131720527112e-09
1.784893725501592e-08
5.758348597712538e-10
0.00023353771803907383
0.26031044947884574
2.624614102780408e-09
2.9448881808428055e-09
0.0007861782503259432
1.3588494486887874e-05
5.821788690793018e-06
6.113299260120064e-07
1.4485398773050089e-09
0.9999997431946153
5.943198001439274e-06
2.961160837492703e-06
4.5030717427338375e-06
8.629584385255101e-10
0.005485690210061481
0.0011787533462196884
1.385798615500903e-08
2.303364174648113e-07
1.3573963938498892e-05
1.149453132953333e-06
0.9720921994830619
0.9999978906301031
7.153588631231065e-08
9.168184494615664e-08
4.3372596422850475e-10
2.8658762482553554e-09
2.387437490589111e-09
2.1065358639138467e-10
0.010548683808012367
1.1360512069345489e-06
2.6738526376163576e-10
2.9884355038167957e-07
3.869604166445622e-10
3.553762971693687e-08
1.8135946576217538e-07
3.519274372472793e-10
3.821514250520562e-08
0.00019016806416043722
4.195402482030425e-06
1.1371051363367808e-06
2.103155952950524e-06
2.278831745786487e-05
1.0040312443483118e-11
0.00013497884308549937
0.00023353771803907383
4.343730812867991e-09
1.1638640391269637e-08
7.649770815603442e-09
0.00014785005847060923
0.9999483528611689
0.9999989297173577
0.9565763641086802
0.9997768518467802
4.5207329908602714e-06
0.9999972073191485
2.5089326695312814e-05
1.2123892678795082e-10
4.015174417728825e-08
0.03322011153975978
0.4469457830183212
0.004259596880258756
6.177079141630183e-07
4.8233469135499264e-11
0.0010003134191480414
1.3057567913882919e-06
0.0005330152435843597
1.3015477104472695e-10
1.980337305399136e-09
0.00010327489453174318
2.4064054392883342e-11
1.4408388471348672e-12
1.3938028373781693e-05
0.9957427272732836
7.729494943828742e-06
5.3272016288549414e-11
9.120894085209064e-05
3.6197510025364166e-06
1.0159287437465852e-10
5.446745315939189e-09
1.5594842610482837e-09
5.881523439023691e-09
0.00013490995169694565
3.0852452980650483e-10
2.5128989644649603e-09
1.631151231456163e-08
0.0001264528855684866
0.9999965504592301
6.050383745068585e-09
2.1457237433743803e-09
3.359142790811949e-10
1.4418412625783295e-09
0.08216639036778904
0.5430155208802258
0.9999391929096281
0.9985877289396345
8.070522468686442e-08
4.055273617427736e-05
0.13130510984670593
0.9999734315599925
1.0913903437546174e-09
1.236670057983444e-07
1.8173750919275004e-06
1.4884537857397966e-08
1.2509672964144712e-08
4.325013915892223e-09
1.8023177312726902e-08
1.3550356641500393e-08
5.392076822051936e-06
1.899942948965047e-07
0.19166049520126766
0.0050619185040140305
1.093076795405741e-09
0.004347391775945347
0.6798521542972603
3.0050022246431454e-06
0.0010529596725159839
9.487095395572143e-11
1.3301604766912964e-05
0.3475248735750731
0.9999999701010116
0.00030154089057748523
0.00032486899675799615
1.0669737988798302e-05
5.722614061852576e-08
5.262825711832331e-06
0.5916602285481204
5.010689340071881e-08
4.418592599208075e-09
0.00023353771803907383
0.6332575398708911
9.745064963782047e-11
4.940155088267922e-08
1.2396211476682927e-09
4.294868460175665e-10
0.9822902170075805
5.1563853330096216e-11
2.025539741863268e-09
8.987583056802431e-11
0.00016176772522253773
6.338383028984102e-05
0.03306849578913785
0.9996499736849636
0.00010823985696868076
1.0848775967558592e-10
0.9843612143095306
4.456094485534222e-06
0.37492206270358175
0.00025351046156300405
5.9000676744206475e-06
0.9999995203375875
2.2666567229859624e-07
1.5789238428665806e-05
8.513266917840835e-07
0.9956280613817801
0.9999123545527714
0.9437919739125713
0.0016779330746447205
1.7029219049601258e-05
0.00023353771803907383
0.00023353771803907383
1.4236320037810046e-06
7.86086082601022e-07
0.0001141818152296482
0.9184194776566119
0.00042289462421235037
4.641941508195967e-09
3.4159265167104203e-06
0.0005096199181995137
2.7372813378811583e-07
0.00023353771803907383
1.1828274868949403e-05
2.3799393501553335e-09
5.001197538578448e-11
0.999989973057739
0.00023353771803907383
4.001757271790071e-09
0.005923470878503203
2.748042411739744e-06
2.635560717513256e-06
6.3693645039781384e-06
1.9055157399880988e-07
1.3812306093508211e-06
0.00012713431068185139
1.779888589643793e-06
1.238276371994129e-11
2.462349389988542e-05
1.3179284503679764e-05
3.3939877085500064e-07
0.9894915315188213
1.9661448530895086e-08
4.472412058361088e-06
2.8529100694370514e-08
0.99999968454092
0.7711866347153462
7.680443525213854e-10
4.319013399063262e-06
