6.389619673693385e-06
0.9945262070124117
0.006298542457386978
1.7567505117744933e-05
0.00039997516348156916
0.003412982281147329
0.030875135992188198
0.001410092393188168
0.5327872067916881
0.2193585140970185
0.9999896208629881
0.9999881266289161
0.9999781008542663
0.0016489751781568395
0.9997736289583605
0.2727903871457983
0.9999963378596091
0.9937220490853077
0.9864510712383583
0.001000066472267547
2.4218221106873635e-05
0.021232848303131484
0.9991213393174416
0.9822937686300461
0.009004768538158705
8.897958908258011e-05
1.7482990234550492e-05
6.368711729891485e-06
0.03368123630620011
0.1056855046232297
0.02044103274632781
0.9114536754707274
0.0012493273900094695
0.9999882984852418
0.11890629017289873
0.9999597257488345
0.0006203815676089859
0.0012206972643407678
0.020620434235319503
0.0018423898460248485
1.973362807338163e-05
0.0009012401595444899
0.00042344975011991747
0.008546837870568442
0.00032366789598878255
0.9999976859137012
3.629239561829823e-05
0.0009416212305404179
0.13330233265020408
0.0038845240426938835
0.0006341872867873349
0.013279693382848717
0.9999929079650742
0.9998691042720805
0.7711946730180126
0.9999873669090233
0.9999989898475999
0.9999804553588654
2.642598841644205e-05
0.999990710004731
0.00010836014718898042
0.005248988530789859
0.9999961792040877
0.011738060973486182
0.990055438388271
0.005173686694756223
0.01248468982481836
0.9999773462478643
5.065277258926878e-07
0.9999977928193284
0.9981184429038965
0.7873600243707973
0.9999791004361952
0.0020117441129012623
0.000668771673067035
0.006649074574534873
0.9999983336457682
0.8181205578449622
0.999955819567571
1.906615994851227e-08
6.0404318785910224e-09
1.4642052967427882e-08
0.00925433981610803
0.0006000169323609519
5.5393916953000044e-05
2.7163859227283843e-05
0.25693085028502216
0.0158418731585029
0.9999608740072572
0.3662396771796142
0.000641261815288579
0.006602074787019188
0.000567329946049645
0.9994454913298599
0.016136309684528893
0.0002736275775944432
2.5533362497035993e-08
0.9999987377583451
0.0034997321974310413
0.999875067527102
0.05281061660159624
0.9999831872851221
0.0007425398132462705
0.00698000821135256
0.00698000821135256
0.002271859491316511
0.00698000821135256
1.4896301980745393e-06
0.9999892428314883
0.9999683265437888
0.9998275898025809
0.9270743902280948
2.2349143718453394e-09
3.135549187693722e-05
2.0206514897689623e-05
4.888465002026088e-05
3.27784670745196e-08
4.2890433737805794e-06
7.456744412134741e-06
0.00015596077198057828
0.0006870877074018979
0.04939460786675622
0.9999882657016523
0.7547463824054487
0.9999756702236614
3.1544286379935555e-05
1.0614505687750587e-05
2.4475354739500228e-05
1.8567159514408627e-07
2.7051745585147358e-06
1.3057310296140735e-06
4.231288765318977e-08
0.0050219893591908794
0.3314159573385072
0.9999760967225579
0.3588850458979074
7.852742807740862e-08
1.9076364373647834e-07
1.1262791130806483e-07
3.984743118870117e-07
2.712752043428908e-07
3.335429295824028e-08
8.086523605960968e-08
0.973413443787268
5.663382648539851e-08
3.373549630548114e-08
4.7019624423284426e-08
1.0576636962210692e-07
1.9240799253732695e-06
3.6011535505594124e-08
0.6297120605845555
0.2077236963920716
0.0005414910126028818
0.00446304317179161
0.9999083959381591
0.0009686723287001156
0.005861024301682848
1.755024662335427e-05
0.9928060500723312
0.9999743869053581
0.009368546039095137
0.01147671037323362
0.030545097161087786
0.9999957001819035
0.7376451075281922
2.9978862752897314e-08
0.9999994650499402
0.0006857682380931604
0.32114110787252587
1.444102244884449e-09
0.0017375099706178595
7.223983122048417e-08
0.0064294019500880754
0.000349052556280882
0.985223415502125
0.9999617054251269
0.004139274139207997
0.0003340185528926702
0.9999775981217138
0.9999040066196446
0.0007965268449970707
1.3364024004348691e-05
0.00011839734316092666
0.9999963534319233
0.9999474146643256
0.7084689319068972
0.024242793080800025
0.9830620871597606
0.9999993874121442
0.999760115573157
0.9999988924982557
0.01860778370501636
0.00023450405710806065
0.9999643141061539
0.0002598342984395019
0.9999957412572348
0.9999993229427039
2.981580793683981e-08
0.00698000821135256
0.05856595983493697
0.16731709017394605
0.0006796563198007026
0.9999179861272521
0.9990369007587796
0.9999977901327254
0.9045998821024612
0.491559121188986
0.05177616243856186
2.379313211317834e-05
0.9231558452666059
0.9997017187692497
0.9999943647863091
0.9999995694480026
0.9999969245230841
1.0909510544043648e-05
0.9019155127162023
0.29573701814125597
0.6369604072019256
0.0010733600161634198
0.9964127677786836
0.006295132130946204
0.9999322022789559
0.0009355216436356694
0.00698000821135256
3.2876634517056775e-06
2.952480151801734e-05
3.959217725186971e-06
2.1412902917495065e-05
0.0007636975393892937
0.9999958516198164
0.9998884627358984
0.9999951410555689
0.9999934360629072
0.0006651027409526811
0.9998939317323253
0.9999888094810692
0.00038861195460592265
0.00045725990890968206
5.190688629433536e-06
0.000150955240539704
1.8617617846382378e-07
1.2280831012298779e-05
0.999975770948187
0.9998461325907192
0.9999898042332814
0.01220950036888176
0.0037234803952953433
0.919452731211833
0.5646728954778515
0.00698000821135256
0.99826301891956
0.9999822285420007
0.9999811369637371
0.030129721072510038
0.00020734726807313965
0.9813905581069801
0.0004124684909605261
0.6959417641465167
0.24387266527552884
0.9999754891640216
0.08814007310720436
0.9999979705407946
0.9479173690019765
0.9987458444655877
2.1077485222317065e-07
0.5219116287531385
4.636516879173581e-10
0.0003748797111578121
0.9999806747949265
0.06869353463004405
1.8009855917742067e-05
0.9996546428709892
0.9995272255322973
0.996475090335054
0.9999935817334396
0.9999940291851768
0.999996837938633
0.00698000821135256
0.834224100930817
0.997913580319702
0.06224779950222061
1.3857332246566994e-05
0.9999538828614897
0.0029008361014277793
0.9338036743490414
0.9983237258850782
0.9999964796605995
0.045793386375361074
0.9972363787071662
0.981654243251332
0.9999976072395592
0.010262902588387376
0.01474891942753312
0.00698000821135256
0.005834620296307113
0.09543617131795139
0.9343348739520752
0.003538939685997843
0.020134870140411473
0.0001760747031673087
0.0016444322513465576
0.0003299986437044171
0.0016678947088475606
0.007145614698555621
0.1471159532602676
0.9931479200422973
0.0006737997474505164
0.9999995852474374
0.0015205075745441821
0.01923789893941464
1.3857332246566994e-05
0.02160395490749065
0.07478801122197734
0.9999789974733919
0.09537442840003169
0.9913079418064731
0.0008207973410835025
0.9740900204424683
0.003045259129235649
0.16422613121539437
0.999985289518215
0.9999952192937767
1.4393993982717965e-07
0.9968267561288532
0.015302295106776262
0.0020805178346222563
0.9999942309977512
0.9999926352078354
0.013569534425109043
2.938687958063717e-07
0.9999855640371403
0.9999799344582786
0.9999922007867528
0.9995926873952499
0.9999987265874557
0.0007246505824449846
0.9999852740363682
1.9886911345053334e-06
0.9999513270273491
0.9368163977193043
0.9996447556838807
3.9597741196706794e-05
5.304031309783703e-05
0.9999914409542365
0.316773406872393
0.0006825135500967204
0.9989378253202822
0.007932229067851205
0.9999768389265238
0.9999578311151408
0.9999757473924278
0.020893385540624858
0.012345144337950933
0.9999897115682923
0.9999986910070602
0.9922368533977
5.860955138193096e-05
0.00016160390045589343
0.021671880820895557
0.002836310349670691
0.00698000821135256
0.002778549185814366
0.021452202066591285
0.9996782591425294
6.87360088218476e-05
0.00487122210642782
0.0012361233030560898
0.294247304727829
0.9998358948279122
0.9997466991153302
0.9999928703707093
0.9999809102563616
0.9984912553626745
0.9998989065887807
0.11616404346179231
0.8982331748910839
0.9999872179940983
0.00698000821135256
0.9999845819703973
0.0017394089108433621
2.191782534513932e-07
0.9999943522730289
0.9996245786148151
0.00698000821135256
0.002015367342046085
0.000826273109364736
0.9999923079602026
0.9999962535322457
0.0005773404218881715
0.009767560019321534
0.9997454952153068
0.9073356636568108
0.003172689464903002
0.9999822534112697
0.006600104095162724
0.00010364501672228796
0.9999860703984739
0.999994893215908
0.0017685276497980914
0.9999959659690592
0.9999202728324987
0.9999901448142039
0.010366766404001899
0.0012106665333059784
0.0007870176488108552
0.008622324663846204
9.030771712492535e-10
0.9999890098616306
0.06384009759638311
0.000739693269514814
0.998677884159234
0.00821433519495111
0.9999929110456105
0.00025402634913623606
0.9944930134746485
0.9999667019297485
0.9999922088123426
0.3646222287114379
0.008078990724200256
0.006897362093824117
0.009992729998726748
0.9999668894481649
0.005622242080991891
0.990055438388271
9.912177539446949e-05
0.01361428238924046
0.0026654377140554607
0.004723003990213286
0.999975878766423
0.9996317756380102
0.9996019159117996
0.9999961307210592
0.9961103688391647
0.9999896466716418
0.0003277180873579674
0.07034959485543826
0.01198271287159717
0.06137674691543588
0.9999989105348889
0.9999900990791316
0.999987880399275
0.0023953749871587085
0.021856843745255067
0.026176273370746055
0.9997694162631352
0.6863095965048561
0.9999966304789566
0.999972682415551
0.0008471935243553561
0.004255559363022769
0.12402330772205668
0.002681373683865596
0.999995779861249
0.9997300579183652
0.00698000821135256
0.9999834312989411
0.006166812458416799
0.0006783573893361204
0.9986953171122772
0.9998769010806328
2.405731131235746e-05
0.9991831371852264
0.9999872413569747
0.002967616343301263
0.99682652206696
4.622010493804361e-08
0.025873356388060938
0.007471672234066658
0.9998492290566434
1.595242489554588e-05
4.7020350597625605e-05
0.9155816128755143
0.0004421166829022522
0.9968780270557169
0.0065969576021555456
0.02608077116731595
0.401950216244594
2.071757568494337e-08
0.8332094273787264
0.9999320292276679
0.9173336206760743
0.00021576823510795705
1.3857332246566994e-05
0.9999922713488915
0.027195150226715228
9.305756485849907e-07
0.9998213468082638
0.9999908776705451
0.6294007131854535
0.0018218742567136874
0.00037775137473131755
0.4469586485805108
0.9999756505939131
0.9808881187638976
0.00807874423894558
0.007588179710583225
0.2817687213436238
0.00034444389971579703
0.31612740550036206
0.999998160177436
0.0023983852258817402
3.828862084368438e-05
0.002599710315372467
0.9831944900987256
0.9999923658098931
3.499564421378759e-05
0.0117991943746093
1.6750042664697053e-05
0.9999106317406941
0.1835513541083654
0.006849498553906242
0.1666898335829199
0.003091396811910734
0.9999970879923338
0.0007635418546099374
7.1150405084876e-11
0.9999663375199107
0.999962038038059
0.0009958085185950184
0.0009181356294165133
0.999996974856709
0.9999970386511903
0.0029322954538166025
0.9999871621162327
0.00698000821135256
0.005463920312700263
0.00698000821135256
0.00698000821135256
0.38509423285316546
0.9999700970454154
5.8760433588482094e-05
0.004256188717963155
0.9998056904431113
6.754630098695286e-09
0.003503213088887268
0.03277163732060528
0.0434222095350805
0.00698000821135256
0.046101749583865176
0.00021733062865795488
0.9992059000755453
0.0017243284242369876
0.0032925407697822788
1.3857332246566994e-05
0.0001067449607440299
0.9947167758283731
0.00698000821135256
0.9998885583528317
0.012655923786696156
0.001042400546385704
0.0007772238953703145
0.8358937829151221
0.00698000821135256
0.9820324094215543
0.006839414360658169
0.065529566858907
0.9862172061443827
6.20274918810627e-07
0.39756817510315573
0.6854733783195806
0.9998446309167508
0.05858258724063477
0.0011069929684323489
0.26403587953259144
0.9935509040850645
0.044383110247219096
0.8497530479176921
0.20968637892095318
0.9445529669357309
0.04075389479873555
0.0022145134894016654
0.9999984577268256
0.0002429033268977103
0.0006860980978197512
0.9997560518208533
0.0012727931428500184
0.007469407783265475
0.00698000821135256
0.9620803731452278
0.9820203188625102
0.9999996792138398
2.0216309379799033e-05
0.00698000821135256
7.3726713394711155e-06
0.9996997218385917
0.00698000821135256
0.9995216636841976
0.9993707469234773
0.9925121575641717
0.999995243068959
0.9949227920649338
0.00022050913334700214
0.0036225870826927646
2.352983133759508e-05
0.20243101460170695
0.10106231173676831
0.9981749272391004
0.9998888329001661
0.9659255291195318
0.9795678538095559
0.9997901459671724
0.9999877456526006
0.999992582817287
0.0014792303921226594
0.00018425159065876332
0.9999898920840978
0.9999310230175065
0.999994915280895
0.29619218760486365
0.9975824658050961
0.008764786222789603
0.9997166944829772
0.0029778586559902342
0.9999859967381305
0.07022549321259283
0.9992806114438175
0.007157468685439122
0.054829894809217634
0.9997790414380098
0.9999810687507006
0.9985814623107967
0.9998043713515404
0.002883283473579713
1.7913567117920716e-08
0.0002135155527311913
0.006352341325580498
0.9999945487920787
0.8058100627904391
0.9999642528099685
1.0275152756004956e-05
0.9990694704946648
0.999970476005977
0.0008355956001498473
0.9283730869742535
0.3209534127355232
0.024845175072294244
0.9370162816767885
0.9788752860926554
0.9999939282052306
0.0003993920236518875
0.09878945762345878
5.742714565239357e-05
0.9981183405767721
0.003839146026952159
0.006730964200593307
0.9999736059739515
0.7884859074918046
0.0001770197424927425
0.9999953283627496
0.9990399287779875
0.9998493615556993
0.006076895797060576
0.0017062832689967431
0.0010472354669889112
0.9059519622075504
0.0015373374424114822
0.0420208559553918
0.6174759091077789
0.00011145591457409432
0.9998627220959785
0.0014874566220159143
0.9991925674526979
0.9999735647432987
0.4295862309216265
0.02006011784183084
3.5680862831630514e-06
7.276117651088296e-07
0.985862159135087
0.06534443444040132
0.7048620490968567
0.00020978487068184354
0.030823159246930312
0.9998402912290647
0.9999667939204487
0.9986019725835953
0.011186492095379655
0.9999564797362896
0.9999828862239735
0.4674725032620176
0.0013629065522567413
0.9994488636802284
0.010201871499249518
0.1765755473203093
5.793797358223055e-09
0.0010789490102711382
0.9999865842655705
2.2576794418433303e-07
2.66016071143732e-05
0.9934429781337673
0.00698000821135256
4.7841412712469e-05
0.34714645758425433
0.9999968825294516
0.04335346989625804
3.8067460003767085e-06
0.9999859652903006
0.9999304813044437
0.9999855333384388
0.01812189130794927
0.1831786427963086
0.0011681986374970051
0.9999876092809166
0.9999814322387457
0.03778956527829279
0.0027526891216369817
0.0049886497598545815
0.031786520114098674
0.006597740249305271
0.9999926623203469
0.999992040621432
0.9933735242131658
3.346327174668344e-07
2.5168040423360377e-06
0.8622669570174326
0.7768278461829561
0.9996885410375838
0.028293937155646112
1.3857332246566994e-05
0.8349546054224122
0.9999539795425869
5.693620212999745e-08
0.014217936986114486
4.505767352439636e-05
0.006351768662889674
0.9999877875090407
0.00011849014769926831
4.5071507205619175e-05
0.6152689879256368
0.9968311835803962
0.0003454188868548048
1.4186377266607414e-05
0.9999468263766786
0.0008134916327845244
0.04847433452964876
0.5390855894040741
0.9999610475750129
0.9999987816856378
0.9999653981789624
1.3857332246566994e-05
0.9999919173028148
0.9999956624709088
6.053097346068803e-05
0.993358670344604
0.035272854167318714
0.10974269001235488
0.012464883778709888
5.265791279828174e-07
0.0068603556955432795
0.00012721855318648532
0.021089236820303968
8.031526872956626e-05
0.0004626544346111704
0.044669539350981835
0.09092141734716198
0.184406506520365
0.0020404522103219178
0.9999970932549149
0.9999739623659986
0.005843960501502616
0.9995229197217379
0.9999974448574429
0.993037509312724
0.0041980116000940385
0.00698000821135256
0.00698000821135256
1.3857332246566994e-05
0.9996383638198129
3.268120042619387e-05
0.9999906978451089
0.0010148540194023505
0.999965186545506
0.0035159040720478575
0.9999549771832912
0.00045627854418731106
0.1897661142932045
0.08918234376552345
0.007011102181388615
0.005925136340051332
0.00012424372924152164
0.9999683275181651
0.00698000821135256
0.0006449653606301547
0.007035704438510138
0.9986328606052339
0.999990871589034
0.9504591245956912
0.9715894993452711
0.9619172065379403
0.9999586451748464
0.09360611602313265
0.9999817141701386
0.658240667986954
2.1005299819750172e-07
0.9877884753124105
0.999966153537645
0.9956528541776979
0.07581729434140287
0.9999741925895897
0.0010058580571580245
0.0002995475951614672
0.9997077646223744
0.7544909433272647
0.08566074876511963
0.9999991465053301
1.3857332246566994e-05
0.007680529901066064
1.979609166102119e-08
0.00698000821135256
0.8262875820735087
0.999987831799245
0.9999981780024642
0.5922345154423396
0.9999916196636324
0.739271012366163
0.9995806949918646
0.9999926348475078
0.9933934495885057
0.9999927803953826
0.6940612099861844
0.013255584782819034
0.00698000821135256
7.247933314153193e-08
0.9925168258171116
0.9716274632938156
0.9999935795533337
0.1404349516579597
0.9982329157964704
0.003277416319957487
0.001619348447431112
0.000270899906137724
0.8226666247575677
0.999986280181229
0.2500632244215222
0.997431541585759
0.00698000821135256
0.00023939935892277998
0.9736761247964706
0.924751362748263
0.0017696691766246897
0.001225992688812829
0.999094519941233
0.012622251452035969
0.9969251242984462
5.4271859066840785e-05
4.367503903616446e-05
0.528624287189575
0.0016300748391943082
4.678895892620232e-06
0.7633176625885509
0.9996452131425604
0.9999612305996303
0.06662197724404684
0.8417762816878914
0.9992285659980902
0.9881953407787375
0.9999899295487745
0.9921384830085263
0.0006611958914795631
0.0134709981975281
0.02574858791709038
0.9816246351423538
0.0017906979162039555
0.9999799171505579
0.008222150278557985
7.5196983581095e-05
0.9971624175167886
0.9999908354842003
2.928273922169127e-05
0.013053369408022663
0.8683996357696983
0.999991552703678
0.9999293160764446
2.5098181259693716e-05
0.9985491977761742
1.0747814303326571e-08
0.003412261735919017
0.003113476751905818
0.9999751494805068
0.0005669125162093741
0.999850005770707
0.9999979305513969
2.099733741563586e-05
0.9999706189201125
0.9999970353322308
9.467139371886752e-06
0.9996720714580233
0.9983421326653469
4.945063928138394e-06
0.0008074189418335052
1.7229911727463092e-05
5.042594886301571e-10
0.9999970237514678
6.303807838589191e-05
0.9999963678980918
5.0852531736659565e-06
0.9999656732911075
0.002999743828618307
0.9891878469300023
0.7936327717806722
0.04495152993242366
0.7096502062566582
0.9978075489514268
0.00698000821135256
0.9999919643276693
1.3857332246566994e-05
0.9999626416234408
0.3927298303681838
0.9999938850378882
5.1670238814929016e-06
0.0372137661889838
0.001177078914364859
0.9999789294576664
0.9999957341288227
2.989451453541172e-05
0.010144637612391118
0.9999988403167471
4.877867754428383e-08
0.9999993689620778
0.9913804489281915
0.9999885082343011
0.9822974722518335
0.9927117444337873
0.999991509494821
0.9574702600953582
0.9999530479178568
0.9999880619256463
2.228397668468208e-06
0.9999974360534518
0.00042361523399223603
6.675097987890341e-08
7.676233903929516e-08
0.6492785367981565
0.9999963222449434
0.9999314193209223
0.8804335291768189
4.0752523179976134e-05
0.3098750453394219
0.021536632482830106
0.9998860517245576
0.9920882887453278
0.00023218910865746448
0.029295015245245498
0.9999776060359471
0.9999991594279134
0.0009688028674827979
0.9189122990858617
0.8824215145441424
0.0010359516090739742
0.9996820825334936
0.3970938061446724
4.185668383970936e-06
0.9956619176584358
0.9999776214013899
6.127746768382693e-08
0.00030358441406791296
0.04397895398131312
0.00047784900261641747
0.983458191698231
0.001366395222427073
0.00011132375373276409
0.009317616225757082
2.5513258309551293e-09
0.27402889627623633
0.9982308314053346
0.9967200660814506
0.9999945529130547
8.299074301049149e-05
1.120871936492786e-07
3.4049563149517835e-05
0.0036743119181258488
2.3357004746654186e-07
0.0015081285142356194
0.9941220593778901
0.8777379969224414
2.4464885797864178e-05
0.020767029642890296
0.0388333169366858
0.999944404257802
0.9485107810514828
0.13556243053689085
0.9982720789232695
0.9999975206284457
0.9142132174783975
6.359291180161184e-06
0.9999990582399961
0.00019067290196642055
0.9999939783789524
2.1873238028984613e-05
0.007820763757654956
0.0017072510055723673
0.9998108393096168
3.22180207625018e-05
8.214314786878139e-08
9.756462933544762e-06
0.002908408849517324
5.227755189112184e-05
0.00698000821135256
0.9999899860712318
1.923927183268607e-05
0.6710080388856455
0.0014648278712368118
0.9929571329639664
0.9999925838733865
0.006222056984590098
4.764422664223296e-06
2.6599213950243004e-05
1.4242576514640669e-05
3.2234542221637e-06
3.116770287084795e-05
0.9998715608045462
0.9999497707212038
0.9970152225865899
0.0019486453052074693
0.0008037670616894205
0.9997915715214142
0.07571660716769955
0.9878043020241848
0.004398959327179825
0.9999922934915197
0.9999520434680754
0.0057620739714174096
7.064166799539336e-05
0.01383399965679159
0.00020468467349457536
0.0008077442041230718
0.9999411723314335
0.9997872148570454
0.018202722571962378
0.0031017445513649034
0.9956654021710508
0.9999973228907291
0.9997582937499917
0.9999963926986875
0.003000656660835102
0.17749792690335364
4.787035241357169e-09
0.9999990990806656
2.6574999541531724e-07
0.9999939931906654
0.00024886990133437235
0.9306791900255337
0.0012475635239287649
0.9999564964345339
0.2462052539256929
0.039858086480730755
0.9999681976261059
0.9183917055816899
0.839908713123793
0.9999978203703613
0.037104054515482654
0.016970117940242186
0.9549073802508585
0.9999693310708098
0.8779227353051539
0.9999829086914543
0.14201245485225208
0.0007977042653874689
0.004257265585451746
0.999985030165257
0.0002889109473430455
1.6430935767061522e-05
0.9999854784007586
0.9999895658481179
0.8604882522514484
0.999992104386842
0.9998508350971906
0.9999881596148635
0.999992160650199
0.016696081949306107
0.9999864944212925
1.1232439982245026e-05
0.9999850200001713
0.9999847344097095
0.0007339071216753377
0.9999784217504082
0.9999896425486516
0.01185770442759569
0.035067331341823965
0.015736238056239322
0.010871359776937414
0.9995506987043244
0.9999643141061539
2.2155307074813623e-05
0.8924627838754027
1.0706395932051439e-06
0.000100775699225141
0.005936318412833397
0.3400923999063519
0.999935470959495
6.9175350879335965e-06
0.9943791628091145
0.9999979160580904
0.055870943538032375
0.9999860929679796
0.9999857201370222
0.9999636607549143
0.9999984820085989
0.9999898387093505
0.999995513517915
5.5025834742522143e-05
0.9747943685339984
0.061675712491328936
0.9999977889321233
0.22030789338163279
1.2550668653845898e-05
0.9998181318573777
0.014997004533293778
0.00014560495814403433
0.9713593020063163
1.639005333900511e-05
0.0002747529502398035
0.0007759205002449892
0.02646970386979629
0.0369190059637892
0.9999795358856134
0.9999983508965612
0.9997594323103909
0.9777259922607286
0.005320289989678502
0.00850502223564433
0.8848573430480599
0.9991621885928178
0.045958481156604565
0.2395282313486546
0.9999949056037296
0.9995198753967478
0.9898622647492
0.5533974402952992
0.9995536771563127
0.9633243080268101
0.0006036539823630729
0.9975587800865062
0.0002510874646463856
0.003379629985302736
9.851055372392992e-09
0.9989707364131982
0.0006691146505757597
0.00031838763560766134
0.9117875096579696
3.663769909113482e-06
0.9999806137266232
0.00698000821135256
1.5543118025611762e-05
0.9999972373841435
1.1374791788462696e-05
0.9999969283947109
4.872572029237382e-08
0.011786050469664279
0.010089808974330618
5.321743873745328e-07
6.511628751716506e-06
0.9999926623687322
0.9999992609211379
0.052449038871731996
0.9999961958739877
0.9997853781570645
0.9999898765217854
0.00698000821135256
0.00698000821135256
0.007915507507906946
0.07116720415606345
0.7242240470155094
0.02792220249996045
0.9999947618489896
0.9997705868179354
0.006490092414548972
0.12964951748241327
0.0007656452688413541
0.060442917948956634
0.5411444815136898
0.9997260016108452
0.6067363142477631
0.9999979487776314
0.00698000821135256
3.869844100878129e-05
0.6996614076476577
0.9999238555329341
0.9999872518173447
0.9999834564901685
0.9999605149822972
0.246175314323902
0.9999831577233571
0.13905074752330235
0.4648094756346226
0.9996735421213894
3.5475920370877483e-06
0.24452008720395957
0.9952171208572581
0.950358845343515
0.19791391435422126
0.2781876616126135
3.1156810523786686e-06
1.249695185394016e-05
0.5641199447276602
0.9899715111036516
0.09027906104685758
0.9999314475937287
0.9999887265788059
8.077331803563955e-05
2.2691785216589864e-07
0.9999978674685681
0.00698000821135256
0.013126774370065847
0.0020001493184265695
0.9997594090473361
0.9999977831360269
0.0003530479354559612
0.00021827513009945156
0.9999904069758431
1.3675734044543026e-05
2.6816037203101174e-05
9.632445707211802e-06
0.9965896351799093
0.9937686480925259
0.8246432289840291
0.9999736038286643
0.999411869268604
0.0021156134311613906
0.8242237895500492
4.393190395863035e-11
0.0248314634359165
0.9999956209180494
2.5537439709947566e-06
0.9999874117806729
0.9999793379939418
0.04133498905960176
0.02123276348526452
0.00045449686642765405
0.9999990329931404
0.9999851852313149
0.002579406549114028
0.004111845214582675
0.9934556497755357
0.987096396840166
0.9999893032828425
0.9999042156831704
0.9990475418958553
0.015126011057080425
0.02281529185726253
0.6156131646191675
0.00013884171159381188
1.6634429183135585e-05
0.07670881190576644
0.8506199316634366
0.0008829344267437959
0.014486966369254953
2.4212499559689335e-05
1.0545535012889645e-06
0.049945048289298306
0.999996544772012
0.9999074228948333
0.000286931614268215
0.05623586780860231
0.019877157508247457
0.08921355223819805
0.014335037988040275
0.01718817790242806
0.0005688698721148521
0.008706722167926699
0.9994050707533342
0.9999689364673177
0.0027851900679260896
0.012266686016807221
0.9999971413806819
0.9997416273558635
0.04431846650122931
0.9999953879857229
0.0037543204699938327
0.42147664207458474
6.246476318655842e-06
0.004616616230543269
3.118563263701671e-11
0.999988172020881
0.00014819693131251513
0.00015284825601091312
0.999751805190905
0.9999987089994216
0.9999802592067567
0.08305639145540418
0.01840386339515487
0.9976572496291478
0.8533595086954616
0.00905029668077396
0.014615222665022942
0.9999994223705425
0.00838154689705649
0.9995543273833986
0.019198170849149952
0.9632436840201559
0.00024646970375439707
0.0034089634379249846
0.9408949576956528
0.9999839883128963
3.632461458227819e-05
0.9999849138425078
0.9999837545471705
0.0011010797783255555
0.9999866817297437
0.038209179064869855
0.017704154102365113
0.00011965129396848337
0.999975236210971
0.00897466476044439
0.016329769802355173
0.9999965136108129
0.0008398784796041554
4.368442207091225e-05
0.0008817969124611375
1.8401303486800857e-05
2.9317979236865285e-06
1.1752892979784863e-06
3.2203606738584472e-06
0.979624417433852
0.9990325831459961
0.00698000821135256
0.07251649911076212
0.009834988692559126
0.003599045582562179
0.4260941635949588
2.7888644684243943e-09
0.011997431451062194
0.999998019435486
0.9989272693353057
0.022749366670728927
0.00698000821135256
0.9999642651882242
0.9842833419911257
0.0031784127837402236
9.499213048268063e-06
0.11077084458581085
7.885585874220361e-07
0.012588763298395523
0.9999899062173215
7.667112188153064e-05
0.007989247106430071
0.9999932259065298
0.9999920029332167
0.9999009605455939
0.9999837338816687
0.999992041479261
9.328676145230823e-06
5.9765791899925735e-05
0.011697629633726114
0.06264778793582047
0.000608225514089695
0.9999915415408929
0.9999943495251591
3.354078008730719e-06
0.9999649587082894
0.9235056946915159
0.0047467445697765105
0.0005692634754787217
0.9996796937557011
0.04949540949156772
0.9998493237767838
0.04312552965579923
0.0028887842504296316
0.9373090944983204
0.0033548188602654217
0.9978522492250763
3.307078078175009e-05
0.9163537650988768
0.0003451801933847911
0.9999439899065033
0.5535118007446667
0.9999921460861945
0.0003493862723259073
0.004625118215616538
0.9999945023749668
2.0411839065346738e-07
9.364731984532434e-07
0.008694723939253107
0.9944833923871965
1.6726870493341762e-05
0.9999943094853154
0.9999823897192153
0.9999976504526377
0.9999879801580115
3.1409309827503514e-05
0.9999984780117769
0.9999933640210044
0.9999883419411653
0.9997358256340855
1.2538743935381454e-09
0.9999898551179707
0.007040855276886165
0.9999951703041096
0.0030169793909242833
0.9999867020755536
0.8512758903587744
0.9298779397311305
0.01864161316917684
0.00025686524855932205
0.999632402715123
3.124679217979529e-05
0.003382772819442522
0.9999855349162822
3.8168999651050227e-07
0.8459469165580361
0.5975009334327416
0.0018345010407480164
0.9975185187088296
0.020073225349449754
0.0003065094602763041
0.018170113349419214
0.0034431352073018913
0.9999457461135234
0.047705093348369025
0.9968445528319846
0.0195737534160476
0.00041299658526524057
0.00017684531881839596
0.9409569395321478
0.2689319830100728
0.2768637977125237
6.502930057461243e-05
0.9999955732916022
0.08453691729971272
0.0016188075790991103
0.9564114157780715
0.9999927153549029
0.999932449871513
2.031726753018407e-07
0.9997930321710089
0.034846593900660416
0.999980468565369
0.25132975465466334
0.9003379998882646
0.0023712125638415526
0.0022669101194253095
0.00698000821135256
0.00698000821135256
0.986410965501112
0.003756161468776675
0.9999902478184948
0.00010698485145525109
0.999981417574912
0.012289248317334965
0.0010396733314599542
0.0007972876011891964
0.9999980581433561
0.9998121549728627
0.9999555060752139
0.999995960321059
0.8255005137740354
0.9995028232176072
3.172319040384538e-08
0.004336003518326595
0.0019887234714683396
9.216706784183736e-10
0.4561723179063815
0.00015922299730007706
0.00698000821135256
5.239280443093135e-05
0.9999977696662804
0.00698000821135256
0.9995878457169646
0.0010646891665400248
0.999287506592936
0.9841836500122406
0.9976632617461589
0.00011400137185014224
3.196956171995128e-08
0.003281103239579684
0.9999938570463937
3.225036723457297e-05
0.00019098973610699038
0.03374134987205854
0.00039208913993111675
0.8756125940064866
1.4178444265675186e-05
2.9016474336113125e-06
0.9999872927978279
0.0005089869669533694
7.638189117881718e-07
0.9997865044703674
0.0005249965658192683
0.9999933932644859
0.6897733279922919
0.9932854610557436
0.0003164225898020245
0.9964092835338104
0.00018903408155222716
0.9890663202888862
0.994547005687465
0.9999817713858394
0.9999808966978933
0.9999924993650705
0.9999812877065423
0.49565373138231156
0.9999614938414628
0.0008454493087540904
0.9999963068030491
0.9999854497092223
0.9999620377382745
0.9999922164381715
0.9999865011154024
0.005722510278076744
0.9896779798787195
0.9999808506003148
0.9997646899021403
0.9998807507795721
0.9999867273724875
0.00698000821135256
0.0003483435441708691
0.9999239224449934
0.9995063174847434
0.5186577179574821
0.06715296472987997
0.1368017357710586
0.9418924462282501
0.9999619937029963
9.293344281378157e-09
0.5878449447862787
0.05819437032290818
0.9661797219848967
0.9999840058963921
0.004255882887487299
9.250876294219048e-06
0.9995089907727667
0.9990700461344187
0.4422145948595731
0.003310506252822395
0.00014177531600905745
5.441154050115465e-07
0.9977317695730926
0.999367824259006
0.9999890368313716
0.999957698214303
0.9999403572205293
0.9999923968180446
0.16539429807406453
0.041832139760796014
0.9999893078394034
0.06895993252775348
0.9999878373358307
0.9996101919982072
0.997363501051704
0.9999867987355686
0.9956977704096762
0.0008074619053360681
0.514947698172775
0.0012751882211224773
0.4484934490017536
0.00033041108191566443
0.9999986422141678
0.06484758969730424
0.00698000821135256
0.9999515843091307
0.9998795564223054
0.9988784975044949
0.0017207129387409646
5.685799178071003e-06
3.1451998775062487e-07
0.002103256358639705
1.599672475865592e-05
0.8338820402936673
3.23271841327158e-08
0.05465580784900792
0.9999937904293931
0.9997691444950174
0.004023435301643634
0.0003744913513229903
0.01089166813294906
0.8972701334012556
0.9999950030321396
0.011059492293528896
0.9270126325494996
0.00018963948807294083
0.9999917861296417
0.9999470310937858
0.12887245706425232
0.9999981519112373
0.9999996213736299
0.2316108412730035
0.0013172849307103403
0.10628487019369726
0.9999955260773815
0.019602002111974694
0.051093441833445864
0.9999953655682129
0.9999381036660743
0.9999787815288436
0.9999439156449552
0.3678481560629395
0.9999904125298464
0.999969335880644
0.9999110339397432
0.09907614757879081
1.5198120043917243e-06
0.9999554355645875
0.999973871397962
0.9999889154909876
0.9999789463642931
0.017712276598292893
0.09332864344936512
2.7517757535136075e-07
0.00010211458225599925
0.9914224194494985
0.0013069195941393008
0.00013558800046485145
1.3732265584014116e-05
0.9999305168687481
0.9958753106741703
0.2575836040101961
0.9657146857273767
0.9725801182575504
0.9971337033866929
0.9536870918336172
0.9760447538163654
0.029860120282620094
0.9711666959449213
0.0037171672707418777
0.0025958910650753534
0.9999508157181523
0.0007290653346558322
0.0006311984821724817
0.01088323311233906
0.5158905296054487
0.9999937194739587
0.015542260002240982
9.617882965508648e-05
7.93175142323072e-10
0.004270952113347372
0.050074695561360946
0.019575102126726484
0.9941329587037622
0.4628441022872003
0.000594913634642058
0.5171579556511854
0.9997695609104497
0.00698000821135256
0.0014695317863617204
0.9999933576061154
0.998217502871955
0.9998613603600095
0.9999841981772579
3.0933518282921466e-05
1.2969760292211385e-06
0.9999139562869291
0.9999947162057811
0.01404057672625308
0.00045658601756096395
0.0012000585048792913
4.411304271668092e-05
1.9366378354081115e-05
0.9999927515003515
1.3857332246566994e-05
0.22582191652070824
0.0034206842643467504
0.002402490551417803
0.42542836968135556
1.4867998056593343e-07
0.9564041843018353
0.002729081950114955
0.9937460798651121
0.00011066662886435276
5.925889267185032e-06
0.0009934431249877184
0.00010781011681837657
0.03723212885445199
0.00698000821135256
0.00698000821135256
0.68609392128672
0.9375111440179698
0.012028221998139153
0.013248170070719566
0.5268661643432099
0.9999470525377194
0.9623079208094913
0.010968344042101471
0.9801518087993244
0.00698000821135256
0.0007113598331573048
0.9998481216128201
0.9999967181284946
1.0444257681485161e-07
0.00698000821135256
0.9999576810157835
0.00027198208081056444
0.011693121194144042
0.004737130088840555
0.48797883739625103
0.944299504854799
0.575688956620801
0.01024834487189172
0.002674644393421106
0.999998076704278
0.021355041831608988
0.021051273980897716
0.00012126807081563349
3.672365622498682e-05
0.9970950313620303
0.6194683178792922
0.9976402989333596
1.720124333853572e-07
0.0003881033724522938
0.9999826751245376
0.9161634181384768
