0.41654051501103134
0.25518186115514063
0.19111967060527674
0.999953897070095
0.9999954685283466
0.9997144737266306
0.14154677034237195
0.9970118328182621
0.9999969233650938
0.9968506886780861
0.022822867555863914
0.99999461042942
0.9999755616910302
0.24695722261666106
0.9442043292833697
0.9996969765934571
0.39835957770039276
3.556324877168406e-05
0.8468561805720415
0.000985886661966591
0.0010279851419843825
9.724215851335941e-05
0.8265523518781192
0.8424428219723755
0.01732558035261003
0.9871233292064602
2.9632642725940277e-05
0.9833470411329152
0.6100894349086465
0.34631500746891125
0.910501469862
0.00010409211442423127
0.19072482425962617
0.6278967393931851
0.0003983148138911462
0.002200999462902341
0.8601668438911293
6.891465733317347e-06
0.007852886135345464
0.9918312661129941
0.11618744363132909
0.9990827600338386
0.9944954318329433
0.9970495159761869
0.9995626492349562
0.9995626492349562
0.9731769929080238
0.9616239926896533
0.9997417034296666
6.982270367560704e-05
0.9999742618254274
0.9999758585311397
0.013799362536010875
5.794694223086842e-07
1.7143143899028493e-06
0.999996320440562
0.4789444774285519
0.9654205317588423
0.002913781510424857
6.114006167615193e-05
0.9962719940122429
0.09025396508100467
0.00855011947096537
0.09938972269027536
0.010814730384296345
0.9977210745795968
0.7010604561026045
0.000445281475037304
0.8304850602047948
0.9475350510295312
0.9011825186038945
0.9300614438783479
0.6447486120731746
0.01096978404905328
0.9999573659257679
0.010384266712420851
0.9999952064445579
0.999994676724811
7.872818424140753e-06
0.00046551908488336554
0.9999822100721761
0.011410353878949203
0.9968860729484024
0.8171629621427579
0.9993988335038663
0.8897675862582909
0.9979085123453493
0.21554695061326815
0.9994481548771952
0.9999189373593974
0.9716853316378213
0.8521659585635649
0.00011928901635138456
0.0016620862381798163
0.04698280911572097
0.08469197095366382
0.03622118205526211
0.13667240983356005
0.9976117198004243
0.15605920895611694
0.007931881554232465
0.1142117039402024
0.9918869433449947
0.006567962024017758
0.9998119190415277
0.025325223960426396
7.226279975109818e-05
0.008478523108595749
0.0021031869344218766
0.0036626138652390864
0.20156385779077535
0.5512824106393027
0.9952493075823179
0.013128087177564437
0.9988815358993776
0.08216301598058377
0.9967621396745954
0.9953555502371796
7.972840174921291e-08
0.03176576508129682
7.697492674877387e-06
0.9994854509219708
0.8516691314400995
0.9003783360130496
0.9721713684204158
0.001913645315966652
0.21191119658617813
4.906358196513553e-05
0.08673818384459714
0.48460351114905886
0.00016337027723708147
0.6065436134453812
0.015208329591302182
2.1192439683575167e-06
0.0005396019696177973
0.9999459339145165
0.012737805995323155
0.007896579848183738
0.9198686110399631
0.6573414194270301
0.0008339530368467823
0.48906776109611155
0.7035690032397411
0.00014829654599888694
0.034004656133931555
0.0014666341277790138
0.007005687976795125
0.954995909908732
0.6000806661222764
0.9998583181489152
0.15792249786430146
0.9601667535613762
1.9945915150255963e-05
0.44760142137618086
0.004828708383624631
0.9987626153704857
0.9850290432689389
0.9987626153704857
0.002070866394858546
0.014314151353468139
0.00044534397371138947
0.029169047217834906
0.928656431038352
0.9642466127380639
0.032775743493971936
3.1048625412628944e-05
0.07295265661108406
0.04346274685832216
0.2761475439601866
0.9999066256414415
0.8947924202962121
0.9811442003138764
0.38225275415019844
0.00025295501796382527
0.011540392661032475
0.999952003027862
0.8108765848352613
0.9888466242872709
0.432937961157052
0.9638379978217386
0.2633497191097484
1.4424135292674481e-06
0.9999996835675149
8.043821838408456e-05
0.9865866284321636
0.9987255649230607
0.9999954685283466
0.11648951743800816
0.052980341022299655
1.7674913948476419e-06
0.9050943119958854
0.9999756026530463
0.11099953755038454
0.997232734242939
0.9998524261671143
0.9999954685283466
0.9962204836840007
0.9557824057561987
0.004433601001076745
0.9790942210377533
0.6982539855763984
0.0556978367553367
0.0028101620553908258
0.9999498049596839
0.8391481397346051
0.047277390309864074
0.9966610060894692
0.8443324663754611
0.9990003953348704
0.9468946700264507
0.9993939387438829
0.9954472595821777
0.9659742404207828
0.97738520504364
0.3937988576614027
0.9991278055818068
0.8886001419365777
0.1144070041452018
0.020511795357222994
0.0006207605786977572
1.075436967902624e-05
1.6794191178034655e-05
0.26519295682338007
0.99953136912343
0.9919150668117888
0.699338552220028
0.9960291510114649
2.7284528686526677e-07
0.9744618578657217
0.0002485458160225549
0.01779306136241115
0.9999350537792415
0.09659138039051135
0.8320208938596633
0.95892049272615
0.5377921027137152
0.9668976837271867
0.007505510225087098
0.9687015544263763
0.8248580106523303
0.8248580106523303
1.641427977865905e-05
0.9735617012443931
0.9768569147137126
0.9999991901827238
0.9641799965451741
0.9996518990438968
3.283823771351533e-05
0.6674216784206147
0.003797824984675291
1.2932093324166442e-06
0.9999748278102865
0.9951388484583097
0.999622343667226
0.03194077287694305
0.41959605665727256
0.9987864236579694
0.4205898281229059
0.9995239180655011
0.9510316594713154
0.9996558849699723
0.9225613064151844
0.779145135469217
0.0024873417215068856
0.9978945684805057
0.001392344108696596
0.9289918567335761
0.994326154173756
8.245132125779298e-05
0.16489346620891449
0.000528959460059763
0.007354136336245596
0.06849019452613722
3.86061710317164e-06
0.0014047137364597393
0.9912172932923897
0.12103034469929701
0.018433727180151523
0.9988160861248677
0.7895870055877693
0.7521778419509422
0.999192962519574
0.00011074951466273835
0.05368393219676512
0.00915335602584109
0.9993508858803589
0.9999520382533024
0.9943614551265888
0.8332185926286678
0.999991049379023
0.9920124529758825
0.999827825876886
0.995278364483448
9.298184417291252e-06
0.37881418433485037
0.2968813045051097
0.03285733922781908
0.9998395790679024
0.9998370757234716
0.9999938562163361
0.19455752029563933
0.9999997316934017
0.37811374602008635
0.9947306116286718
0.8288276650357508
0.9999916072930986
0.9998738196933266
0.335362638486352
0.2981378406242826
0.3448988584302491
0.9993854069318617
0.9979292876784233
0.01699243552346868
0.9999943211181951
0.01867362698916777
0.9989320200912339
0.9930157085079778
5.3356858799354265e-06
0.2908876190767363
0.9998680339524473
0.9998806702694704
0.9722636970976745
0.08513206818712292
0.6260197405161297
0.9999037603254193
0.9999969820089312
0.8770617172637285
0.9882458524906392
0.9975513575588174
0.9857567764010914
0.9559946244453164
0.03998714161755252
0.9574686257719875
0.024870762558391032
0.990856210262788
0.999812480411726
0.009037072857623814
0.7647606702968109
0.9994722744035651
0.002126475497136354
0.0012057720645614577
1.919902783149327e-05
0.8880207193157629
0.019533904433872002
0.9997141784992417
5.938318618218464e-05
0.0002675345205667604
0.9862482701362831
0.0009220858970297019
0.9999271889238227
0.6039623716807958
0.9827625565004218
0.969155191605383
0.9942684528991048
0.0006658369830099964
7.40108998535095e-07
0.05754021818457513
0.7531155792636446
2.5165125300003014e-06
0.03689861763630943
0.08548106331497181
0.9162478060238498
0.9867731292976384
0.9995750041999586
0.9852562810373783
0.0003152241213770337
0.0955710030806422
0.12689712159716096
0.985619886175462
0.9699766520285631
2.009394345350401e-05
8.731952611045881e-05
0.9997200301141677
0.002424437030320081
0.012413122226037864
0.5694020594827998
0.9569233908236612
0.999084289379448
0.9981110145627028
0.17161012932173156
0.007148357665444126
0.00688557698940289
0.9998571926723007
0.7000208795303862
0.9921661809394445
0.9701586238282374
0.6058757092592008
0.9969105938705579
0.17667545353053996
0.9814040057650436
0.42107675918910487
0.04070010269091928
0.9973065812193778
0.9988797162495907
0.999612207008212
0.029570818164578763
0.00013257768445528356
0.9789842885381315
0.9799261724123975
0.09633512209361313
