0.58345487507456
0.015867010747067214
2.241630969606278e-05
4.610275833876165e-05
4.531453269312498e-06
0.0002855210134633342
0.0007734784357407088
0.0029881666581432244
3.0766334242702916e-06
0.0031493097620080256
0.9770577566807277
5.389422370118869e-06
2.4438276709446164e-05
0.0012110302452677164
0.05579465484396443
0.0002976116120446239
0.6016390195814859
0.00015333324197256296
0.1485018458943563
0.9954315143923094
0.9989719819371199
0.999902748292154
0.17341858783430622
0.15755127610194689
0.025390919174710605
0.0126700840041375
6.109390248680312e-06
0.016299848278151015
0.33626073098147746
0.020496287397918214
0.08944317868891664
1.5487464263456793e-05
0.010609483643130904
0.24347190583065378
0.003618390590042288
0.0009802711307582105
0.13975586906731302
5.248523237573042e-06
0.0020392503389977737
0.008168709207277318
0.0003163435027566292
0.0009172136504508922
2.3156906043981124e-05
0.00287216949095136
0.00043735056606810686
0.00043735056606810686
0.026817715127493844
0.0379888567396765
0.00025762879579504285
3.141509049975402e-05
2.573811504582794e-05
2.41414306614783e-05
0.030108101164760776
7.448395785603183e-07
8.275033272214116e-07
3.6453882260117396e-06
0.0538184800141937
0.03457932823895183
0.997086206074894
0.9999388534194285
0.003727912724029244
0.9083358442550928
0.9914498707263033
0.29894986533484874
0.9817349688755004
7.978074909107214e-06
0.05121794798843539
0.23670206444448605
0.1646770713852226
0.052464419522801765
0.09826359151397686
0.014897076580064443
0.0747811283226559
0.9759461202845304
4.263406089799132e-05
0.0008761686624177143
4.792889916231187e-06
5.32276543155157e-06
2.1144610074295613e-06
0.9099460054905525
1.7789923359333298e-05
0.9885896285613355
0.003113525080279005
0.004475773260395791
0.0005314462007930841
0.07736179518961933
0.002091484518760529
1.1140089811479095e-05
1.66512903312204e-06
6.893727762053342e-05
0.0014725471262678198
0.14782792954975535
1.0672301283221956e-05
0.9983378832397427
0.953017120968394
0.9153061224365843
0.9637778702288021
0.0036620618885467625
0.002388279937863202
0.8439338906573565
0.35548233996518
0.7015153330191619
0.0032300408079442094
7.114983576355299e-05
0.00015528379498350872
1.2107208990697074e-05
3.889942411336221e-06
2.3622767716026935e-05
0.00033546962952117257
6.248615119765529e-05
0.1164854557533574
0.04113204912123147
0.0014605406244348731
0.0003362209683033751
0.001018883092451846
0.9109644906578647
0.0032378023221420102
0.0026987503372757128
1.0011422463824937e-07
0.00010498128973089587
0.0003639931071976938
0.00040463418781245907
0.14748517975084638
0.05499416082026109
0.027787450991444754
0.0007128124346462702
0.23182649315325016
0.17939863548781804
0.020199234285878765
0.5153912894339983
1.3024314547282817e-06
0.18813678243639917
0.00017174768882418804
6.589231382107528e-07
9.468835161175098e-06
9.83679705153376e-06
0.27976624250867
0.001410961016480784
0.06558140794616057
0.3426585237001573
9.371594107939833e-05
0.008509461620044238
0.29643099395060224
4.563485701668094e-05
0.05942739109954996
0.044949614611676854
0.026212294136436387
0.04065930453126863
0.13208617765038377
2.4482464316095352e-05
0.8342994858904179
0.03983136399263482
0.0003017589005156101
0.5523677474342114
0.23836005546728914
0.0012117421298001637
0.014970850064582809
0.0012117421298001637
2.4676422233181228e-05
2.877643496862373e-05
2.050539568272742e-05
0.003310701180749499
0.0037605111667735015
0.02300709836786659
0.04253197117677395
8.05890332102532e-06
0.0002749562194469867
9.070612900657491e-05
0.0006384159423220664
4.763738444763181e-06
0.00345343330380986
0.001368638261177863
0.6177436203249147
2.2676936042214406e-05
5.1374279803204796e-06
3.843579087004351e-07
4.3363354923972175e-05
0.011153357339145908
0.27576188108968847
0.036161898058190374
0.01971696706208726
6.888684861769967e-07
2.8618917345628285e-07
1.8969423772250735e-06
0.00035098441837463576
0.0012637392621341831
4.531453269312498e-06
0.202536443313939
0.14806440000870347
0.0004226690724222064
0.00018640708215405055
8.10620707546356e-08
0.00996997946461489
0.002598627070832213
0.00014757222492191988
4.531453269312498e-06
0.00377951626943111
0.04219639506123921
0.0013489102971351878
0.01799422338415463
0.00023827084863522517
0.0002753870661695331
0.9956049352721011
4.587953746595502e-05
0.13571077220603428
0.9527201927270462
0.00319994439331217
0.15543387374644155
0.000997228627236123
0.05310531841721953
0.0006060280032793551
0.004552489286399106
0.03402575891410393
0.022614078453072704
0.6044615152940813
2.8528706701498964e-06
3.2941675088997327e-05
0.018867218272569417
4.4615377006938416e-05
0.0018579382170735147
2.225503029955246e-06
1.5631542869157058e-06
0.7174707378052528
0.000468597362327492
0.004989505277308669
0.3005795734093694
0.0039088203856871674
9.953245113741635e-06
0.025538136455370494
0.9384925481352425
0.9527971632202435
6.426320340430266e-05
0.012335015551006794
0.15341438461736892
0.041079039508334136
0.00017126683443103132
0.0022178386770837282
0.014944734721709447
0.013683909193969463
0.0003240139673838439
0.0003240139673838439
2.3458921426282877e-05
0.00022343473276779062
0.022090844347925066
8.097641175896613e-07
1.5384406323373128e-05
0.0003480940293050203
5.497438573023102e-05
0.0013667524213561392
0.0007669171741101604
1.1832112825359669e-06
2.5172175650516473e-05
0.004590276066807809
0.0003775282310396913
0.0003815167466852213
0.5804038829326756
0.0011926222464289779
0.008341524836375057
0.0004705953775581571
0.04870109269129952
0.0003441143105271274
0.07741400322629115
0.21409959754126356
0.0007106111860850751
0.00016815843899660546
5.04010414149728e-05
0.006720095114297335
0.005673660948318903
0.22250464496982034
0.825860604911985
0.013298564547321272
0.9759665712072455
0.33723401207407305
6.324308479932436e-07
1.361775036575659e-05
0.008782694387202913
0.8704300804157536
0.00043709427855947417
0.0011805909757110198
0.2104129408783546
0.2477326361956097
0.0008070212490420124
8.835677122293728e-05
0.9463160342492225
0.0007683397561416386
0.0006485544539011084
4.796166464981463e-05
0.005637155501786089
0.16664934297266842
8.95021778564434e-06
0.000458482160939627
0.00017162469911734252
0.004718338627734464
4.6048204287196175e-06
0.002803169107214898
6.366140111720806e-05
0.9671094092748382
0.000160408483420606
0.00016292376908386345
6.142759701652495e-06
0.05399110533989666
2.683043044306353e-07
0.6210554472781734
0.005269366338780201
0.16964289308899586
8.392578459737352e-06
1.689382616299125e-05
0.003078689478643925
0.26134232248258915
0.655077785069485
0.0006145808379391682
0.000222421186569659
0.00011180022990694589
5.670779564892177e-06
6.255995421165463e-06
0.0010394117388207817
0.006874007140815421
8.889004512166217e-06
0.0044308013657893145
0.00012217493525631734
0.00011932919216761369
0.02746988732000425
0.9148675256890447
0.0029711591516802718
9.623264620467379e-05
3.017949034767212e-06
0.0025519397268175988
0.011754106834814579
0.002395737744010859
0.014243113587579867
5.454520923040793e-05
5.637149419239754e-05
0.009296487549151747
0.00029318432120649786
0.009143699644645434
8.646704790710679e-05
0.00020894329241652967
0.0026018923680478515
0.0004920317012399923
6.5717115831327e-05
1.5481877006661716e-06
1.0461329093485416e-05
0.03263064421874553
6.927803153814016e-05
0.00028578184612182146
0.00013452474912827996
0.9997324576011438
0.013751721368572981
0.0007671529518861163
7.266032423369757e-05
0.3960114259559409
0.014415577296291667
0.030843122627640347
0.005318400559409581
6.225187899898012e-06
1.1307083423482164e-05
5.028280622418528e-05
6.446722360762122e-05
1.6801894517735308e-06
0.0026396721699321773
0.5791862127922375
0.029429170586280213
0.005249200211091771
0.00022171381722642714
0.011534356333952304
3.928376026395502e-05
0.2592310328976891
0.8706012657805868
0.010839289442558851
0.005715901048134719
0.016167871718682388
0.007624500017239049
0.00023816246420692582
0.0019682702641187753
0.1174835185284974
0.04101864069917494
0.04307402943189878
0.0009157075549839634
0.0016055630562789834
0.8283259136328257
0.9800411535318138
0.006887242084649769
0.0001412050298262351
0.29997784398148347
0.001105530277844618
0.02946809803620252
0.39405711157497364
0.0003376047384063757
0.8233224988603723
0.013012102155349304
0.5780047009250652
0.959297218315772
0.0026933969073863885
0.001120063458810857
0.00037357452641775633
4.116867115784347e-05
0.006965573349353993
0.021014610283962645
0.0013275372949851003
0.003358426637709161
