4.6099144087494195e-06
0.7289511280977922
0.8088579130850271
1.7156631868108102e-10
1.8384049474855713e-11
5.259906206003088e-09
0.8576797512218874
5.235945783896064e-10
1.4818543730908208e-12
1.559905786555828e-09
0.0001193757634083092
1.4821004909358124e-10
3.2260543567404635e-11
0.7518317471380712
1.015872665983431e-06
5.411794498146287e-06
1.4027181214255596e-06
0.9998111035092557
0.0046419735336022585
0.0035825989457240947
3.292089577747092e-08
9.54933273877688e-09
2.906028757460742e-05
5.901925677605275e-06
0.9572835004726794
0.00020658678940248381
0.9999642579670255
0.0003531105889337588
0.053649834109876
0.6331887051331706
5.535144908332968e-05
0.9998804204213123
0.7986656920972429
0.12863135477616106
0.9959832945960665
0.9968187294063393
7.728704155752755e-05
0.9999878600110291
0.9901078635256568
2.4679728391815302e-08
0.8834962128659143
2.6315710614291718e-08
0.00548141126101275
7.831453286174313e-05
1.9897569171470914e-10
1.9897569171470914e-10
5.291964482408657e-06
0.00038715057067013523
6.6777453842515e-07
0.9998987622058245
5.952694236437363e-11
3.819873797478776e-11
0.9560925362992283
0.9999986756909992
0.9999974581822828
3.417121213467649e-08
0.4672370425572544
1.400022056922488e-07
1.2414681255424812e-08
6.518895283480399e-09
9.326372786854113e-08
0.0014101906639026342
9.802731358722144e-09
0.6016604119748759
0.007450300740203274
0.0022709473454940094
0.2477215959089601
0.7628526540804768
0.0048378684099824685
5.294476670740241e-07
0.0005538898821285294
0.05504147954158771
0.28047025960416955
0.013084095666416112
1.3334061909627534e-11
0.9887395646251614
6.655259750128406e-10
5.097575389647893e-10
0.9999900127205684
0.08958847542456398
4.464643069666872e-12
1.7559715335627503e-08
4.019713186306832e-07
0.1783612645968464
6.972029534052488e-05
0.03287061855208977
3.1358901520988563e-09
0.7844419092969205
0.0005501799937715126
1.2125362982035459e-05
0.026842121235910985
6.1118866798742315e-06
0.9998700386823652
3.0522077528731414e-08
6.991588522116136e-08
1.9066097519896388e-06
9.477159358868435e-07
0.8596655282778932
2.617124666384755e-10
6.900386526632773e-06
0.6365857784805875
0.18427296304063576
0.004883015847061122
0.9933608881402186
3.2797163488853224e-05
0.974662668830583
0.9999238472578376
0.9914978541236882
0.9975613434360571
0.9962748999835632
0.6819506864558673
0.40758554023946586
0.00329015179324706
0.9865356918541323
9.9581008170663e-05
0.006872493361551498
5.800326264268425e-08
0.0019456994255446977
0.9999998201573735
0.9681292536289722
0.9996283094001275
0.00010991489021665714
0.0008456888090541599
0.04462750316668933
4.118058813939126e-05
0.9973735422493871
0.5562623102605718
0.8205523009302168
0.8930625818695241
5.19941694282006e-06
0.9998353272913083
0.20531960411821948
0.9846199227198738
0.9999972218328934
0.9994509291952212
4.4229288431995606e-05
0.7074959514960069
0.9906924591353355
0.014549981013876223
5.687281248850665e-08
0.9990723310220738
0.5024227772838442
2.8096564786842402e-09
0.9998060685969844
0.9065679527665185
0.9535837512605441
0.9667820178867684
0.00434478555999955
0.26783315622733994
0.00011719938676864044
0.007778016245280652
1.8824459888720377e-06
0.9996782951843342
3.0831189607652804e-05
0.7568112361490862
2.564249971410071e-05
1.0666647820765325e-07
2.564249971410071e-05
0.9979044571829083
0.9856570722115633
0.9995341506306058
0.9675202516014155
0.06758305779487446
0.012746288894069749
0.9246922853292542
0.9999608924712663
0.9267723871694691
0.9564465470126713
0.7232140400974914
8.86106201136668e-05
0.10175414639997808
0.017487161424945576
3.625524886773351e-06
0.9997243680459938
0.9884544699109871
4.7612614229348947e-05
0.1890800518098147
1.8373583183076433e-08
0.29130015775325957
1.0412007107303292e-07
0.7169333138281643
0.9999978687179845
3.0243311619368654e-08
0.9999176648392387
0.013062387149461636
1.0695814805026988e-05
1.8384049474855713e-11
0.6809740392480529
0.7989552589689969
0.9995755634361828
0.09471928092196052
2.43162848829793e-05
0.8790304829850005
0.00016863868622872216
1.6079638449992224e-09
1.8384049474855713e-11
4.6568254861496434e-11
0.0020211991825623055
0.994217488701788
0.00291155557809203
0.30150774357496624
0.9440267761784937
0.0015849026725079708
4.3155028502722495e-06
0.025141088059360436
2.416963089698559e-06
0.00013904951721885732
0.00023365987809730276
2.376037893426294e-06
1.1556329860673382e-08
3.325283780024396e-08
2.5113142315391084e-07
6.651133690573161e-10
7.165032873844547e-07
0.0017396270445158906
0.0008693415475230112
0.1113669163883334
0.8667257775822287
0.9794435892657699
0.9975213012042287
0.9999870201272909
0.999981642654535
0.01733630537136717
3.351424251640156e-08
0.0030954279109026606
8.187437060258696e-05
6.202860284789927e-05
0.9999897739095994
5.678907881586408e-09
0.06125890604873481
0.029409775417345248
6.830173539215195e-07
0.8910736040584819
0.014564721522967894
4.677655160171948e-07
0.4620366304518537
0.030884477595729667
0.9775497550532034
0.017614536379654346
0.17481797538028568
0.17481797538028568
0.999960126798795
0.026214864022839263
0.0010522409383621524
5.315847700767471e-11
0.03580461904850264
6.9267979664106825e-09
0.9999121873765563
0.33121156915802924
0.9954352578412146
0.999997523579385
1.4063032063809436e-11
0.0002708754748824505
1.281017342106451e-07
0.9676777103763717
6.041005175229705e-08
2.0954095601555782e-05
0.571068647040719
5.486556940596903e-06
0.00026724783738513484
7.195006450583115e-10
2.4690358524276045e-05
0.006755266989519408
0.996802047092408
0.0019372730804976745
0.9985572548498884
0.0642880481521265
1.8487792507892128e-07
0.7774129037089219
0.009245928879100456
0.9861724759926189
0.016679292456508687
0.5942757933997896
0.9999955069520489
0.9985816685131744
1.2320407516345089e-08
0.00853957488494957
0.981129178541289
3.322899421204062e-06
5.3533876081970967e-08
8.952185344813546e-05
1.6231384077725184e-08
0.9998008937141143
3.355401236423518e-08
0.9900783042180172
5.596657400074734e-07
8.20478145095794e-11
1.3893716249630173e-06
0.00013206439866382056
4.031913901413553e-10
0.007529064863177811
5.494239967006302e-07
3.29688881746643e-06
0.999986096995154
0.6183826465579347
0.7030550340937731
3.325149734260827e-05
1.2448677022286923e-08
5.074444882688342e-10
1.0239624432002236e-09
0.7514513743644641
2.293691930884025e-12
0.0008308067017403593
2.2032547926894245e-08
0.0015294418752532246
1.2844184372135804e-10
0.0001092864805103442
0.6615586720350041
0.4405198368931282
2.3356500266091283e-05
1.2230199229677394e-08
0.0018482911350069708
0.9828957642466243
8.102239865202642e-09
0.9813201170154111
2.8568169945162796e-05
0.00011028435120673342
0.9999857753096079
0.7046815795574745
9.791112296470943e-06
5.383620994968816e-10
0.0002664155823211989
4.061238324545041e-07
0.37100910033219
7.028376081801338e-09
4.2034019472770564e-11
0.12038634300945397
4.067454620361573e-08
5.290469717178889e-05
1.100113286273234e-07
0.04395083034545335
0.9599564868882551
0.03323488667886093
0.9748360531204026
9.009256666412685e-08
0.00010105254036677203
0.9907539838499597
0.23263743733514125
3.569389519480748e-05
0.9978078073870323
0.9987926797477378
0.9999703396430749
0.07934863646549178
0.9803968175345898
3.9654636538196625e-08
0.9998060920646895
7.878289263255778e-09
8.495144061089722e-09
0.9983107611510843
1.5075194355273554e-07
2.6202363263327226e-05
0.002821866203286615
1.6857669768760778e-06
0.0004131465414855972
0.99932793782909
0.9999879528075779
0.9424094990092006
0.24681995351274777
0.9999958032980183
0.9604617101937584
0.33533272389279073
0.05432302338986981
0.007977670491269682
0.0002032819828148815
0.0032093626286694944
0.9996454921183591
0.6451979640216686
0.0025016126222521633
0.0035408243819790375
0.02430744692330215
0.983812034337864
0.9922881804566506
4.18074216254898e-05
0.995607292705561
0.8701033592454649
0.3895792998180252
2.5797444399097363e-06
3.0655680173851734e-09
0.00028342238101822
6.395704544282179e-05
0.012810488802742121
0.9862271809259473
1.602297872961698e-06
1.2764881303801542e-06
0.006728288782710693
0.00037327813556013473
6.71791658254891e-05
0.0027518013910356846
2.0476090877331177e-06
0.005583892079606999
0.0009185398858299517
2.6789933086408973e-06
2.187323581979432e-08
2.2029159865588019e-07
1.421846537029758e-05
0.9703880131642635
0.9929018489661908
1.1011779060232841e-06
0.018746290292617304
0.9003064512686777
