0.031770770428892356
0.04984150741465471
0.08306170747255441
0.9965812170833462
0.9919842845951314
0.7335970990948875
0.059712593799984344
0.9982613883159704
0.9995987421461843
0.9927933001795484
0.0005246567826689722
0.8626674069871532
0.9838457606031109
8.730513414899013e-05
0.7025632431356739
0.33989172467082873
0.3947477143512342
5.3309978146217656e-05
0.4170099606130074
0.010735130960821536
0.00015612697228213659
0.00011760013830906979
0.36685549664554384
0.8104385932217846
0.7040072087357572
0.9071900639636399
0.0004064650192788308
0.1643576010613738
0.21245472042146107
0.0011357939784826909
0.09448729056144786
0.00014200168531424955
0.19668600783797874
0.02926758491998992
0.002331654907643055
0.005115837460367944
0.05889512383103133
0.00030866221650565945
0.1067450145521677
0.9662406698108659
0.023017547102904913
0.920752605708626
0.6562084845588787
0.1286323062712517
0.46872949535249436
0.46872949535249436
0.8419723184186356
0.026906949570666437
0.47255962550699226
6.86998175634087e-06
0.9986443412978322
0.907765483313326
0.0011280902410048543
0.0002883509981849824
9.785451136542004e-05
0.09401502811891481
0.049457196241714595
0.49765808853095983
1.974544776044507e-05
0.00013841919152698888
0.9473906140240343
0.0012382324757582845
0.04282951177735032
0.08636974403049155
0.008868787287838884
0.09294650066273896
8.556982710796974e-05
0.00017494531363637433
0.03620082866045179
0.8672350015517818
0.9869878656846858
0.00028171449953226773
0.005274656805673311
0.09512349459579345
0.9987976552278625
0.0034796912151010655
0.9582941248427628
0.9978168093707371
0.0001371267816200206
0.0001246003573371876
0.9984787451043624
0.009101403566484749
0.9991301513407426
0.8523477048094825
0.17767034300675785
0.0526651555365988
0.5363996871740282
0.00021189505399791137
0.4276010029683152
0.9304194859382436
0.05861960272785466
0.029857268297717843
0.20763990766065454
0.0003243133382696534
0.0001781244945591754
0.1979700197824162
3.979037504473125e-05
0.0027409929274219364
0.242597972808131
0.00899078459392972
0.35314364211464916
0.7557419127751648
0.3861994661593184
6.483865050137805e-06
0.030984153108315503
0.0525515367479969
0.007371965999174054
0.061479515190694445
0.1369242145064687
0.19936160397661762
0.15156683209341731
0.0031815141874133404
0.24825621192017
0.8789025202499525
0.48905219618184925
0.0028231182070483835
0.6382971992391441
0.8728516272639117
0.0002661967985206865
0.005907022032657421
0.0040065019791244985
0.022421218588708873
0.24366123827756725
0.0029164731106211383
0.9609008304296037
0.001028146365660088
0.48482130672471996
0.08956986372309521
0.01513316009867359
0.23958030511016692
0.00010736137604539555
0.002801342863971853
0.004845534671030214
7.914325821120169e-05
7.718544765822981e-05
0.26086529743826925
0.0015827343458931162
0.00437186484354217
0.12223624665477464
0.9786959238675622
0.0013085736008901126
0.0036812855691331584
0.8420201399503169
0.0002943405841188441
0.0020743509644929312
0.003001633985938079
0.0002585378254309418
0.46348956283001247
0.0013244600661633135
0.2955459782116971
0.9814411465060893
0.939937829365773
0.012907657676393831
0.9198284704721791
0.0032868673937337936
0.5746861016098379
0.9991101322361536
0.5746861016098379
0.00704957998628887
0.0001252067081385313
0.9520899306634638
0.00250338517663185
0.8550428921753823
0.00859139838367127
0.00928420895769773
0.07003058773255112
0.8810992136588407
2.7279654401812762e-05
0.0923719685265976
0.9014076983021603
0.44572650134617847
0.12162291496087545
0.3401597486705953
0.0026145899628995115
1.4726591026123846e-05
0.019522749385087187
0.09198736197491292
0.996627978542759
0.006818406125444405
0.28662180962941447
0.0001928928588263319
0.0014055116887648632
0.9994296068290166
0.0013718117393974867
0.006583108467116332
0.3814663597647712
0.9919842845951314
0.22499652768972794
0.031225960105798145
0.0022543114109790357
0.7400984918481467
0.06356774055368958
0.0025299403867928435
0.9979482167526905
0.7556322540884685
0.9919842845951314
0.948847247885105
0.08071799639533817
0.7294919733336127
0.08434377759162816
0.008901050858728958
0.0016194415116579685
0.09955949253278225
0.1385707871866694
0.00014375509082727872
0.005982443213217436
0.21038926361869678
0.11350167654868171
0.9335737616899078
0.00716191546893835
0.9960191332665027
0.9981043674947025
0.028986676243529096
0.012773628053794867
0.009717713862585122
0.968313811017962
0.9927439527542887
0.5230568918570341
0.0003629817488732707
0.002731108643802192
0.000515831970799564
0.02033922603284379
0.7543853940841473
0.8112671371442267
0.7201918551668961
0.37363840930640085
0.9998262105064841
0.011899683985782145
0.19244108515909586
0.09020017802736698
0.021379632747277746
0.9107929837306359
0.08850622071480618
0.024299727829761014
0.05647273028278751
9.990679174914757e-05
0.0022173588616698618
0.0022411685887767253
0.06808762029282839
0.013740181743456488
0.013740181743456488
5.088504155193333e-05
0.00022922466349332513
0.03327783857828939
0.999375324755754
0.57100456767163
0.42886031629553995
0.0004013451050540559
0.01430984499433938
0.35122281775616837
4.536347404877959e-05
0.06457874013471962
0.9902673591451085
0.9989185073886849
0.06472949790775356
0.9954659468475883
0.842774183260978
0.0037999161701367376
0.7529974844734552
0.006930032630219938
0.06335048387914415
0.9489633678757885
0.8169924974399503
0.010534048287979063
0.24715642552389971
0.021326072553998973
0.9483534121539595
0.014696003886791506
0.000300340954973494
0.0006243534499347593
0.08001627863486835
0.00031279836472388714
0.8885767193520645
3.162035415955402e-05
0.8107310912303701
0.17188203234677055
0.001153488532188718
0.26911401234361026
0.014396202901786006
0.9866063626080238
0.03890998975604406
0.9976448790029386
0.11239590387404823
0.10328885623640584
5.871392372487747e-05
0.6289134439872255
0.9978329538650319
0.11887561202053717
0.9942167501338616
0.9849177988718814
0.5012112309267398
0.5452214831652614
0.9938387211570409
7.625886658357667e-05
0.00725968837619554
1.2098795443354461e-05
0.005145631683625997
0.9946590319499051
0.6010600051274704
0.9989231864056182
0.41645369484167993
0.9899545370460513
0.0006419976630905284
0.9882636513888784
0.0067505386401065315
0.9986194283238806
0.04922912443984191
0.0242163698963934
0.23232460685024253
0.0016241181468478162
0.4925380853517392
0.12364696696019686
0.08005856763582556
0.9996694035103175
0.0035552984022817462
0.010018102151598894
0.9818634916596037
0.00017572147689103244
0.021280312780771537
0.37516635136409504
0.9974347143118487
0.04071323488088317
0.0006778710388896332
0.04826918670079703
0.407658878964149
0.997957374957386
0.2833167380644772
0.9913941292869899
0.10506795362854819
0.40416302367393436
0.5349199718703742
0.0007131730929482743
0.012392501891223234
0.07062097606476558
0.671723720709805
0.45886297518161284
0.02614401151316329
0.9453182221985053
0.8391551705692043
0.0005592706935411882
0.000418392104538404
0.005679106662513832
0.22189137904791761
0.009469477190641238
0.9952845105581184
0.005874371553747245
0.001991815298943305
0.9992096228983287
0.006284722947779442
0.9949658226980764
0.17968669352468708
0.12628431115734495
0.2458792784977785
0.8668318322734057
0.006996215879737987
0.00018417543251876998
0.0004938123882394764
0.13990169864144514
2.6951579079926856e-05
0.03091659320893303
0.006383986229997533
0.0001754008943714836
0.988450096310307
0.9743167706388738
0.7547712071880055
0.03547425656257574
0.0002243828567968736
0.27008308456568114
0.2857115906930467
0.05023021669301017
0.0007172149039825345
0.00021079634336036308
0.18904223495400901
0.0024156161111741773
0.42235958603218215
0.004835907816497098
0.06947454011645855
0.9803044629806691
0.7764564859780018
0.3988511903412854
0.012273290800344944
0.7146429114558133
0.9941824545475356
0.11863793426622278
0.6051542447032637
0.1140569960680181
0.14298552293768402
0.46783428881909
0.3236636844202705
0.016754719274630268
0.013598974033793109
0.856000595780398
0.14087633096284544
0.9433640994945313
0.9209498914962724
0.007198458084177594
0.0016040398287072376
0.7763937672964908
0.4060850239830315
0.7681168398899938
