0.04553118769737331
0.6293732372614994
0.00021019198218959534
0.0027402602159238084
0.007914378366328969
0.25512128262724915
0.0015586385517819428
0.0017273651115131386
0.0003839880775677906
0.0071380112909503555
0.9989550639591096
0.1371003983776841
0.01614747578567988
3.144248403382055e-06
0.13312853920681095
0.013956606931783256
0.6051038504920045
0.0013463521304274233
0.0663347562160699
0.7986699441170215
0.9998354879643533
0.9998740144752262
0.5661129789479801
0.03686095132475417
0.034694742720140795
0.005379482597972617
7.493449418559973e-05
0.005683607225539224
0.19754584087308308
1.84016920646234e-05
0.8441142316100065
8.193199117162348e-06
0.008770031206019213
0.01575987155022115
0.6284471917509789
5.157041397485289e-05
0.5771746322660646
1.7971596998963192e-05
0.001488122631647562
0.033033185630968694
0.0015979045693266757
0.07883165573236117
0.00736361192688813
0.007192728875021664
0.5306025225209147
0.5306025225209147
0.0007208115929321052
0.006010782142885467
0.009443174016870812
3.153115614785799e-05
0.001257140452596693
0.09206262426263212
0.041958505184678696
4.883563246596765e-06
1.7613570236342812e-06
0.07064185120245377
0.11094593170843267
0.5021094820642571
0.9999750965403592
0.9998146409261814
0.011389631535252494
0.0010887246133247362
0.9571245808520314
0.007292433378313108
0.798894308090009
8.42213213137444e-06
1.4368133090354552e-05
0.0036596469524308767
0.02949771119377402
0.12798153983203928
0.011868032655932502
4.979708838267916e-05
0.00039423771308820966
0.8828077491813997
0.0007336701997899389
1.8862852970562393e-05
0.027978960238692504
0.0017594661318554353
7.400090130303938e-06
0.9996636130047097
0.0015117628064600986
0.9809875981894561
0.0007074403870052936
0.04133146462792964
0.004157994312815065
0.8520615056659447
0.4621939510199433
3.7548917393862907e-06
0.0029880598342150407
0.00017935959110939386
0.22307588509828752
0.9080501140537028
0.0012556593316477196
0.9994502088769709
0.9991700205631074
0.7953918743296685
0.9998728775752344
0.0841921440134183
0.7571563698673055
0.3576905242036002
0.02691791291545303
0.13036465312335363
0.31921612076310957
3.0839499098047087e-06
0.09848120155414566
0.009390361530597413
0.0003796308854865561
0.002943025939154084
0.018223005092283372
0.006183457821514429
0.003119602456734051
0.0011844871475038495
0.0087871998145898
0.0044254413698442095
0.1404359560595954
0.7261307278248234
0.3612826041298458
0.034239428859858825
2.6628562190222055e-05
6.128013283526103e-05
0.16250677349409506
0.00021433853444948917
0.025804841569047006
0.9008472714884214
0.01946187220648752
0.00011449316234930512
0.0013866603800293865
0.008847943102470992
0.00047546625203856083
0.7519045183283819
2.0799680545753904e-05
0.0002255871199284273
0.017747444836255573
3.6008833583257817e-06
3.922739303168266e-06
0.006371737269396756
1.8399377622694478e-05
7.307838677579906e-06
0.10664216002692409
0.01986965991700753
2.392822280344546e-05
3.683876354499082e-05
0.15790547901690088
4.5901574560712325e-06
0.05085804126224419
0.22179762850892484
0.00010591175984036274
0.006103360858457645
0.0011109034101436574
0.05638283683515044
0.0037312694994296306
0.006613580258236006
0.08185928684858627
0.06569297898086456
0.812480330985528
0.005301035130955035
0.0008662002451948939
0.005301035130955035
0.00021159480582778726
2.888676968280011e-06
0.001844298378490858
8.190322766944858e-06
0.0006979774211131073
0.0007605929158786243
0.003956267497898834
0.0017981243556025675
0.0007242818118707139
3.2400424849432363e-06
0.0005728453136297682
0.010813782810890332
0.0002063249734270118
0.011975501766119246
0.6556036439196631
6.14830923964465e-05
2.8168504080310735e-05
0.0005703262205016042
0.015465003916339266
0.003287351411812661
0.16795173964122098
0.7087155142492079
0.0002009169598606925
5.362738241902103e-05
0.0001862880120746701
4.4725719421289424e-05
0.026889727596858762
0.005530745358618456
0.007914378366328969
0.09456505229617572
0.9130257988630927
0.0008720453319537283
0.0017231039028329513
0.0025445114307582504
0.001693362687857888
0.0012549373741112073
0.13524391868213712
0.007914378366328969
0.05088633041357041
0.0007363572389777616
0.0002068082794456747
0.007257823386352891
0.00020761136463010526
8.452869292759771e-05
0.760002864727626
0.0054011687228544426
5.2825333480504546e-05
0.9541257430812203
0.0005663315910652966
0.6902330984998662
0.04866334800874371
0.9783285276762478
0.00020656496036484213
5.201442819690006e-05
0.9708146443744278
0.0679485496575392
0.0029267053577587965
0.026486581148853144
0.00014437978177294776
0.002680385578767366
3.6201511983152876e-05
0.003838227544509695
0.0001323599207779687
0.0037215743899231424
0.1200751081201536
0.18867321267526094
0.25705161986359565
0.08007251757648012
7.139019194359538e-05
0.042197213417133686
0.8038840140814194
0.46268162390434653
0.20866183775756983
0.0030031563478068865
0.00128691014417447
0.07317249905649033
0.7442467716176644
9.24244188400829e-06
6.929397826494697e-05
0.008536557727290667
0.04419776953712332
4.30343798162222e-05
4.30343798162222e-05
3.8135660362973505e-05
2.2678524068936128e-05
0.15528624099272656
0.0006009109106438404
0.002352018367928239
0.5506841021319158
1.474142256820241e-05
5.580138172647799e-05
0.00039586717651588486
2.2596492382158783e-05
0.933732085604708
0.0036260857503544364
0.0010654434522300936
0.002459351890862564
0.004328135821133451
0.015883941323969204
6.0924008778071363e-05
0.00039343291678450485
0.18940885248310962
0.01445702817243061
0.05072181175755281
0.07906787480398067
0.00025106266128569664
0.01485229216998108
0.0031996880360708386
0.017345554023394338
0.046948704484815876
0.9474117179975422
0.040002302703914916
0.1754675647861562
0.0003934793108424718
0.002872699451163138
5.877038539314487e-06
0.0027127673415891463
0.00025516121901511925
0.06118121285519071
0.00176457266547081
0.0003646861246267384
0.012996350982665794
0.010121996459276323
0.0019275041333457533
0.008602500594313164
0.8890380970727825
3.9298936928501826e-05
0.31799155376117794
0.0021465748496158022
0.8729794627531722
0.0008174474801819201
0.014631562334658016
0.01645714369693296
0.07318600264359855
0.0059643422026274436
1.4825540650890103e-05
0.0004717594646649969
1.3303633702141808e-05
0.9909781821142204
0.0022774171219687614
0.3848768670423058
0.0004658047081879048
0.49279160186740595
0.00988617881171011
0.9922937460056859
0.01152257343828266
0.9856519891237302
0.0011789111846862653
0.006583737680566571
0.00017157687489913686
0.07186084363938851
0.9917206350253572
0.4968761930153033
0.023700255623884118
0.05705195587923746
0.0001652271247559365
0.000146282049007871
0.0010598488072095433
0.01796816051539705
5.5109230813390824e-05
0.284835034162567
0.004660294557779798
0.0022557449475202364
0.07179642601463566
0.9985476213584005
0.4844750537248583
0.0021107282338413457
0.0020285608696603884
0.0161914107377767
0.008393996667334305
0.005841425425958411
0.5796684418358306
0.0011848886245539913
0.00016783816413165313
0.00017808790277929382
0.0004141972106055841
0.29708297248004917
0.014780840360178009
0.00043092506511607255
0.0026476763765555145
0.004299232612868199
6.72015089925853e-05
4.496186682560619e-05
0.00032700090582667184
0.0016930202584121722
0.0035587842583179752
0.0006517178427086609
0.0009336774710561942
0.9905188875234223
0.0007832051535014126
0.0001102218605190009
0.0035232505802665365
0.09934569372678398
0.08092197503589534
0.3609701189750001
0.006627072467884475
0.000156918468947349
1.1529578142779855e-06
0.00012239446404883382
0.0035596392843434523
5.6140163891220265e-05
0.00030778935441676107
0.8235290228192943
5.877775412006685e-05
0.002233164817100649
0.012630785867199122
0.037649798422863576
0.00015633308110977697
0.0009223694423395781
0.009235609181557514
0.6074707196417058
0.015496129110568146
0.0015747676558604006
0.0015484960483040477
0.03126968247090521
0.0004327933784259326
0.018420543786505345
0.0025052147667621733
0.9101908082964388
0.01967232632397275
0.1476275933461224
0.06839415763254643
0.10262715755046928
6.825432017698418e-05
7.313468983939639e-05
0.4690505762014947
0.022269322694001857
0.0003262103522035127
0.003516317176589001
0.002437331300309934
0.21326065897261828
0.0004899127472341027
0.000282004360142029
0.06792228378368997
0.7976552284132297
0.01585370671245226
0.002147305577803984
3.595396755057875e-05
0.000397224704863633
0.22301744623688746
0.028684017646257786
0.0010321395676343458
