0.9226980418737343
0.320785255323846
0.9167281005452561
0.0006785227007298908
0.00010133703853977071
0.01128161827786327
0.9387287676482335
1.1246572516464802e-05
1.7269776248259644e-05
6.868852950100756e-05
0.000520279258221263
0.00023219463516242138
6.763611209067213e-06
0.9999095506174477
0.1643082176575151
0.646151668397388
0.00014843515676117157
0.998600337891426
0.5166552831709228
0.19059492492215685
8.385063364865152e-06
8.385386465253959e-06
0.06703152440647608
0.15270045545346142
0.26129804854410205
0.08743045343838741
0.9995186004865354
0.8299587917130871
0.5899994387054559
0.9988458043294528
0.06139847782854552
0.9998498051155683
0.794543960956002
0.954972543529789
0.3692211533413781
0.9948325921256574
0.3639302439029043
0.9996733661864952
0.8917668628161848
0.000726144558165324
0.9753845483277682
0.00041573855901271646
0.3364279035142333
0.8641749648537266
0.0006679821265913177
0.0006679821265913177
0.15730686998843219
0.9670822682864482
0.5179972004761368
0.9999615988620966
9.851824957107411e-05
0.0001718924240421684
0.9569134045743165
0.999706765438568
0.9999003841316114
0.8353431206786315
0.8395968720498528
0.00023242940478280564
5.15801188033567e-06
4.6939882291600055e-05
0.041219754440713186
0.9976730429109171
4.5907370618119445e-05
0.906337822591195
0.19223690462215173
0.9070450772051294
0.9999000620398013
0.9961654077339325
0.9343014601457741
0.004783458616179014
0.0011441016593815045
0.9996684884120856
0.9943311054812384
0.022068756222807403
0.00046867457234794294
0.9965014459319285
0.013726914918544652
0.0004237244974075364
0.9998554731282497
0.0002117866379528073
9.492089177952312e-06
0.009910998244058972
0.0001624082722518415
0.10632083056258779
0.8181716626804271
0.09527333879745649
0.0014063618060284131
0.9997843500542622
0.5694109371974696
0.06940115447064704
0.7183045121738578
0.062092617648579436
0.7911044330076977
0.00022547778475936838
0.0006518549423331346
0.00663810588791537
8.73320497208594e-05
0.9130668630591597
0.0002456573245637347
0.63331869120247
0.6199384449698978
0.11389343410148162
0.2945844130775722
0.9999904321850397
0.8705346453375389
0.9380581017214058
0.9922484031153394
0.9355774588701515
0.844852780401248
0.7944549382018679
0.8453135654498488
0.995633998665083
0.7429565882652402
0.1166720383802033
0.37051184775855545
0.2710461539681282
0.0004201966310098786
0.09290894387622942
0.9997071746392893
0.9940316978345074
0.8334867245267805
0.9773644428768418
0.7305339201533857
0.09623625540095743
0.019637297363908672
0.998857360471991
0.5137920328952508
0.9015821931744338
0.9843913736492882
0.00851517656145104
0.9998718389434091
0.9969730700160998
0.9774070204927142
0.9999172558584303
0.9999188918130385
0.7327629652923339
0.9983988662764834
0.99562082731778
0.7711215933183013
0.0014344162154302413
0.9986674981763068
0.996281875667322
7.438103278250336e-05
0.9997010692584251
0.9470676077732632
0.7752007375051373
0.999635550414729
0.53040707631153
0.9975646365236932
0.6480711849531524
0.014827583994481131
0.05344859037599121
0.9052330554750198
0.014478550546956362
0.18423280162073857
0.4200128632592072
2.3667518651250585e-05
0.4200128632592072
0.9927388252078835
0.9998719046148934
0.04606577095804527
0.9974884245006014
0.14425913040350463
0.9906480087004502
0.9867595235444037
0.9281712879118462
0.11817650452928857
0.9999694803031134
0.9070551861597727
0.08777851888694946
0.5540671736803944
0.8664015832730052
0.004236607409741944
0.9973239269447041
0.9999571049048934
0.9799069243944111
0.8925476341087478
8.467004542805207e-05
0.8252298542333346
0.00466267612137758
0.9996061901813129
0.9985408609288162
0.00038410515890878623
0.9985834625411814
0.9665271639360249
0.6130028948766105
0.00010133703853977071
0.6804384200140963
0.05574824103110924
0.9968736432570673
0.2581784042490202
0.9338877480155523
0.9957766969253493
0.0007968458731981162
0.10912382722939439
0.00010133703853977071
0.00026642170132456925
0.918545646365684
0.27030121838694154
0.908398399022019
0.990891337776641
0.9982960297954144
0.14043764273959183
0.8560280440904762
0.9998034195756923
0.03989181370556221
0.7890444047902381
0.19626522495145218
0.01776289030134836
0.014509556854813931
0.003774301773132529
0.001843618077100701
0.00019867938204293502
0.919277822288666
0.987355580779656
0.005199607833184857
0.007111667463938534
0.4742627225641985
0.9996008167391439
0.993430663811688
0.9993518081084224
0.9759391995772332
0.12553949779569895
5.965018051200527e-05
0.022756524969508307
0.546289073117119
0.00010239930157253011
0.945903102597084
0.0036749007594848123
0.4471181980682866
0.7699585294951525
0.08620385992155712
0.9102068691410192
0.9025277731137489
0.199280498099548
0.9998908507663667
0.9977133471600651
0.9892222736839327
0.8877146101700483
0.9862167838767275
0.9862167838767275
0.9999109792980843
0.9997480968124375
0.8114359204289842
2.3764333602389563e-05
0.42664341396044186
0.020455581572544308
0.9995839134723774
0.985634353623934
0.6483813150673158
0.999932040033569
0.0016891742605723871
0.006106555104537034
1.6049159084459397e-05
0.9328111502013837
0.00020591733127817502
0.14134187541505291
0.996139159821085
0.2466090826097601
0.8036611148866705
0.9221924879484253
0.00031482036665865466
0.10393962775606919
0.9892148890507353
0.7379912823061192
0.9754742394099303
0.03430103382264625
0.9383552916283925
0.05228794104748425
0.9593733438461501
0.7445161565789754
0.9992937223244339
0.10855058119677262
0.9999625026073008
0.18655614142804067
0.8278628064342144
0.9376652986126206
0.7291214149909188
0.9852391109735873
0.0003972864093102217
0.9509680137846794
0.0004276168637157471
0.8790015955316385
0.0076730466908114985
0.9999019871393465
0.05309500225159651
2.0471285352053877e-05
0.008144925226290586
0.004965802385956534
0.00045063879346095054
0.4823316253763272
0.38159251419114
0.00019693664033145378
0.9999089155927658
0.9922685521591393
0.9999745975708544
0.0038761862021540164
0.003063550928126187
0.01406312783022385
0.0006110088861938997
0.09075470329091409
0.00015928414223874597
0.007064256331223987
0.0002137751728388534
0.00759747223616368
0.00020166049143329235
0.9441871378795916
0.9756120532287073
0.695814549510369
0.006655246827794676
0.010585721632957523
0.8526527774159189
0.8628894764849369
0.00016536936492648135
0.9962984195487105
0.9889220490411915
0.0001683478249990762
0.9997691692922956
0.6938846530566615
0.6201733540781251
0.0003095407406307902
0.8874903391044813
0.0007745076027101959
0.4672557595743447
0.5902303928020097
1.4064172953394564e-05
0.700491851197746
0.00021187404567576398
0.8890906209454933
0.016168534490235226
0.46389513950507183
0.9991189887429199
0.9874294102059972
0.9289648267246289
0.03119330681014579
0.5263561844582091
0.9734250634217207
0.052034101424939055
0.15654559681792757
0.999373527797466
0.9995366460286363
0.9939938924316598
0.7764156006936702
0.9869717385510408
0.004063771599172819
0.9931919509751966
0.007489297177634205
7.17194816983826e-06
0.9936050551917018
0.0015109267216570506
0.720967612748529
0.7927937138067599
0.3931506025272212
0.12654109525870996
0.9928468656513151
0.9998146716096672
0.9993837931477113
0.8565386620742115
0.9999169082570291
0.9687756174366503
0.17008699095070834
0.9997658213515086
0.009316738872592255
0.013052443493927104
0.20757899438913066
0.9643694103563145
0.9988532477008638
0.7206813062527614
0.10681768966524736
0.934273654196422
0.9977080174401569
0.9982407076083356
0.7796880825750858
0.9971515905104001
0.5592198701813125
0.9926588774167406
0.02033465158710254
2.3210695358044965e-05
0.07591592067587563
0.5327546520261682
0.8850995516491859
0.2852888342240098
0.00574441076262489
0.4123114895322823
0.3725764326027341
0.8856167935797784
0.8534981598857271
0.5297283798806001
0.46307565660711125
0.9827553679781358
0.986119021606065
0.07607712043591207
0.061468440623924876
0.04078219379301642
0.07690280292592358
0.9927655879482717
0.9979987354664289
0.0005887864666215547
0.5652309583707107
0.23085102054237194
