6.264896297794165e-14
2.3880359344036274e-13
0.00010543177411578798
1.801161582943811e-15
4.852016496626166e-17
1.2339065641398294e-11
1.9343884146433006e-11
0.9857881766863758
1.6560131409433968e-06
0.00012503745958611736
3.746403159909502e-07
1.8796170209233476e-08
3.5860450708490395e-08
3.498571882482722e-05
9.667879658419004e-09
1.882592383735633e-09
0.031751844956654396
1.7921841730477435e-06
7.951994996087376e-13
4.197443905408692e-13
0.9761973317632063
0.9791635083421214
0.10816017551524051
0.033255737250593456
2.417868117871146e-12
9.916622476483721e-14
3.334372022036731e-12
2.686547064105162e-13
1.7445638579713518e-09
6.864994217576541e-11
9.018453557580865e-12
2.071165551885247e-07
9.233957202761296e-11
0.0001266878956307151
0.0003709873279274116
1.6478652039193843e-07
0.002063862000725039
1.7429739920216512e-08
0.00043214237256577163
8.111986050857603e-12
1.9569394720416684e-06
5.253384283838186e-06
2.7426570532993063e-05
5.0372877065865204e-08
2.4105063817871693e-05
2.629429867919768e-08
2.69830491898859e-12
2.6178305560471526e-10
9.003034194271354e-13
1.7821746341051546e-14
5.463420358398733e-16
0.897990956391849
3.6825209834656927e-08
4.275277925107036e-05
3.3125608481742916e-05
0.00018720192498832745
0.015144619491821658
0.0037566878145550713
4.643607655963847e-08
8.847892602952393e-08
1.7114918544696386e-14
3.6548618547372605e-07
5.350926238065911e-14
1.0226660922481445e-07
8.714358469902628e-10
2.1532887665633996e-06
4.175179271882644e-08
4.841288189647741e-13
3.5140604402344465e-07
0.030840251025584006
0.0012970061608975098
8.640137030109127e-07
2.2287478531544617e-06
4.94196056923009e-07
4.0273217027441364e-11
2.823126036471615e-09
1.8844217396649898e-05
2.587536160294391e-10
5.976772540269797e-09
9.555171201936829e-12
2.0070835176049334e-07
8.388150676438328e-09
9.868966196349965e-13
0.7763729769470259
0.9718313082882165
0.19194014311239066
9.586121174455494e-10
0.09831804255689579
8.326109058436162e-10
1.6688634118962635e-07
2.906916200936865e-09
1.7376292431463999e-09
2.3596267653404983e-10
1.9518199223256117e-11
0.002723578907509545
2.2339026244535064e-13
2.1944861000238136e-09
8.397645279032202e-09
1.4679885787194058e-10
3.434484884929188e-12
1.1341427575685252e-11
6.452460215920887e-11
5.873130212521161e-11
1.580281340448735e-11
9.059679397709934e-14
0.007993324910475144
5.44936931569614e-10
2.871536283791614e-14
2.198364773264323e-07
0.1453232684837331
5.813570949421284e-11
0.7356125914129884
2.6601233742300817e-14
1.4989455191786127e-13
9.954652631659366e-14
4.274686273677899e-19
3.3852389707890813e-18
1.3143137897098403e-17
7.1743636448132914e-12
2.0718796357461728e-12
6.538756301952238e-09
2.1923689985896808e-08
6.345058985520835e-09
4.78156339673096e-07
2.792616504686546e-10
1.2375781982252724e-10
1.5889486794441e-14
6.529096112619083e-15
4.970149835916655e-13
1.982728870336498e-17
1.3789175024164142e-16
7.626124099947827e-15
0.029512198334088028
0.034497750207242925
6.805905694202995e-06
1.6326388467806983e-05
3.5524172432112725e-12
3.1762026687128094e-13
1.6278087199601838e-14
1.4601084044505875e-14
4.520776928326497e-16
1.1247346067082961e-13
1.1879381191289285e-10
5.860703463759024e-09
1.0080838725586348e-13
0.00018132980598296948
3.565566975901444e-11
0.00087673587357812
9.461652494256671e-13
1.6393515372926146e-16
5.290136048287731e-05
4.939618447510419e-07
9.88532811489841e-11
1.1070135845098566e-09
2.7950311431375858e-05
3.5346828765282908e-09
3.009070611010042e-11
6.702499578301597e-10
6.166875347650091e-06
5.801277597753193e-07
1.2626467612351605e-05
1.3439053131367972e-06
0.0012327163448835126
1.2639753571751051e-05
4.700580218867131e-11
3.551259214789453e-08
2.9279431042448566e-05
0.9998315477010066
3.919744758282287e-05
1.076140114063708e-15
6.225803283944262e-13
5.252526793243192e-05
0.0007260126834741962
2.6511814102225618e-12
3.175692831575089e-13
4.241512748622792e-11
4.996209368295976e-13
1.3875046246969715e-10
4.358226389795943e-12
2.2427786365028712e-07
5.721059191505885e-10
0.0006992635357185343
1.3375542056583737e-11
0.00048822672800840294
0.0003033731081930658
2.010174643757588e-08
1.3048412606718226e-06
0.005546925001485015
2.593768836038196e-08
0.0036560391177898987
3.052481688267496e-06
0.9826591943126065
0.9998393332223157
0.00038790982106715147
3.664691494537676e-06
2.46990793781607e-07
0.22067578824970788
3.457275441937799e-17
8.834836695900445e-09
1.7059651316224733e-05
3.7908963819015785e-05
5.029997127271844e-07
6.917462992895393e-13
1.8314048014257208e-06
5.390843707781637e-06
2.0876499327591012e-05
1.3154257520664034e-09
1.4818875624244456e-05
8.449596486642827e-08
3.698362237924907e-07
0.0006450025263729568
5.237030275074383e-09
6.167745864423981e-06
2.589837983469243e-06
2.1929977801348246e-07
2.7816726493673894e-05
2.144029496350935e-09
2.0886006777970387e-09
2.7226517795862873e-06
0.0012456217467636402
2.9139151081983244e-11
7.480711361302187e-08
1.7385680543507849e-09
9.567212826684153e-11
1.452283393480192e-14
4.509213793563719e-15
6.58340061608263e-12
1.7992669414733026e-10
1.2416098038446898e-06
0.04296764390280121
0.0010079029949807735
2.462807569742327e-05
1.5996095474566055e-07
0.2702162622158645
0.9999314878899954
0.9999974110769462
0.0025647067449651837
0.02281517368470489
1.3694069849089922e-10
1.1213701643496387e-05
8.716426440416048e-08
6.0274059120155785e-05
7.131806393946834e-09
1.055864222358226e-12
1.0116829907882214e-06
0.0006984730783426619
0.0012013357659711578
1.7288108010764362e-05
0.8371286334834703
0.0026282638133079232
0.0007403969580619305
0.04023914339544117
0.1583290023341437
0.005715842188420855
5.645234965876605e-07
1.3681204393770267e-13
2.816130498934647e-10
1.4400979912776193e-09
4.0105067758927116e-11
8.069553963416803e-11
1.1761258488265754e-06
0.9999473335742926
0.997848731252514
0.9998741982340564
0.6314176940958628
3.732170355135653e-08
8.13256719709239e-05
5.709412461692557e-11
9.361526045055305e-06
0.2660931537601614
1.071166679557593e-11
3.3860794421273146e-11
1.6485159162807106e-07
2.7921172979237387e-09
5.075225272126402e-06
1.5530339921405887e-06
1.2175980866639872e-07
0.01512559678209231
2.0437804062867952e-07
6.415692832005489e-10
1.0636513896600981e-05
0.0001453315096471502
3.390902218036568e-05
1.1307552949922287e-05
0.9024582537341548
0.9998999961757825
0.9997555869130227
2.551625090286961e-06
0.9803450507809864
0.01130310203401013
0.013303452263865305
0.04039275039346516
0.9997959112240237
1.1178538692599854e-07
0.008430491978064916
0.00024906414621945355
0.9171879297121273
0.9998931733413212
0.00136233651883311
2.091929931198639e-07
0.0006771160971961664
0.00030833875813777295
8.704181683631924e-05
9.221195091172832e-05
6.518288813163484e-06
5.852603244250653e-07
2.1370637194486898e-10
3.1613107933037904e-05
0.00010626877901813702
1.4806239423833666e-10
1.7253274777500319e-12
0.9999705819645196
3.0039622452094335e-05
9.460307134304666e-06
0.9999939563049055
0.9999728041061269
0.8981114634759892
3.845437756867285e-08
0.0005786576555112156
0.9994148892627013
0.06238009699269977
7.390224835254916e-06
6.40823792780934e-08
0.9966506586719653
0.12981758891894316
0.5602549595908349
0.999566275754313
4.202752972253955e-06
1.4063907234433199e-05
6.882820964363148e-07
0.0005188036023468592
0.0683659855642624
0.999961016954681
0.2428759938813608
1.020620335760683e-06
0.9999288721249976
1.155332031870978e-06
8.832611545644098e-09
0.009402481152664602
1.6007882445602953e-05
1.8248457144408805e-09
0.9861506827917986
0.9973369544227217
0.9998127549435414
2.1054834375480263e-05
0.9989944820995841
0.9972815294964644
0.9999810426679278
0.999995672286719
0.7041360061065011
2.1685377719974307e-11
7.482655023285023e-08
2.2721568256339847e-12
0.278060083416747
0.9999929975028728
0.03769912921624217
0.99996808132935
1.51591004506554e-11
2.4998517634690092e-11
7.854595220250398e-11
0.011163804106365385
9.75488982017058e-10
0.007708069790415342
5.6054984286957606e-08
0.0012578887574814103
5.177881728535667e-06
0.00016454699377877185
7.116075553056647e-08
1.4750998620608574e-10
0.996724319067063
0.9957329109849424
0.945723820991027
2.5526606266462815e-11
2.2490478624067265e-12
2.116162234481206e-12
0.9999100130779213
0.0033082787104065036
0.02662965235804586
0.9361848065011953
0.6369998789004021
0.8920327323320056
0.9992008443773981
0.06344409751506752
0.9999929795517624
0.9999854264224982
0.9988456432727145
0.9494494478606442
8.526443537840583e-14
0.22397233614425693
0.9996390719329646
0.13929328152688605
5.743826067242068e-07
0.9668772055182976
6.335446365611959e-05
0.9933490874218317
1.2583498901196823e-07
0.8694007204969686
0.9997704193811899
1.4728181136786992e-09
1.2906000467908603e-12
3.4116996659564174e-09
0.023031835037921063
7.852618934920496e-13
1.6742929390065362e-10
5.298022694880283e-10
5.354836078616033e-05
0.0005175190369318323
2.4410156771779025e-15
3.9285074389135043e-08
3.3523710385177827e-08
1.0334529422479161e-07
5.39633727567733e-07
4.6424128322078964e-05
5.153520640168145e-05
0.8788485252721123
1.164229182339053e-08
0.5545687945890985
1.8769372094213852e-09
7.105609497516572e-08
2.430022928383615e-06
1.5945871361152272e-10
0.6216940656290638
2.004908201033808e-05
8.774568857994384e-10
2.626142976438074e-11
7.385205707713556e-10
2.815430498038463e-10
1.0587223082125317e-12
0.6638847551946305
0.7157952844701957
1.2369428800197175e-12
0.00990868433878983
0.5222420778183577
6.667106804912186e-08
1.875192306075417e-10
1.4891131085338005e-08
1.7807763041251583e-08
2.657036542061426e-10
1.2707114409683634e-12
5.064102544903396e-05
1.4075971679802361e-08
8.603236201800197e-12
1.3107520550942173e-10
6.589528143831054e-11
4.928952239665661e-10
7.990377767902622e-11
0.9999766485779197
0.09726746541567123
1.5655247050685154e-08
0.9998282449959432
1.5210442742515515e-13
1.8455294528243826e-08
0.7710289084421608
5.820640817537429e-12
0.002758381792032535
2.2932069836433164e-07
1.5584804810794255e-08
6.659380449971507e-11
1.03502911160925e-08
3.4631883577433137e-07
2.474090589115519e-07
7.659343380086083e-10
1.0887422243905108e-12
9.116340943705538e-14
1.9031575050705395e-05
7.768859050418468e-13
1.6942228506174557e-14
1.5906548508665696e-10
8.626396451927398e-10
1.5624804920549168e-10
1.1039999600567532e-09
7.597831890634286e-09
2.1896102727468175e-12
3.7638034444998844e-08
2.685001533288086e-10
1.0362127976922015e-10
4.318500765041347e-09
0.012634503294912678
2.3839744618192215e-10
8.121545207878703e-07
1.0985755726297068e-06
7.808033786149603e-11
3.3997641945401593e-12
9.929934754639993e-08
7.969901997059574e-11
2.0180247701647968e-12
1.525049944294224e-09
4.2677328874746874e-07
1.7497372216758193e-09
2.5971460568318015e-11
2.2911464349171533e-08
1.2522636023498095e-12
0.9999839826956585
0.9842932456836551
0.001171250802056005
0.00031173927385255186
7.791408045270638e-10
5.76602444241846e-10
9.789304367998923e-10
3.5425630742992253e-12
6.208010248745794e-13
5.915092613906422e-09
9.681019493951706e-11
0.00010796705001009263
3.2450853259631827e-12
1.5086395961613912e-13
0.001224525689800314
4.865400893246353e-08
0.003499264001979662
3.3765686449285072e-12
5.3715294432054813e-11
1.659611688114347e-09
5.092049604172216e-12
0.0020318427339317473
0.9976062440940312
0.9999977000764778
0.024884107547168775
2.0669888079267563e-13
0.8672541736844108
0.08689518845276413
0.03813909439552379
0.06480513168064775
2.714080024185299e-05
4.163735109325936e-06
2.463568346349084e-05
0.0009267874218341939
0.9772862978598738
0.0009588415904578839
8.374444391353446e-05
0.03614030993190606
0.9474354750138353
3.4981449973571624e-08
3.837243173974485e-08
1.1677658027233862e-10
6.077784613629607e-10
0.023998942617024878
1.5034826644901148e-05
4.45853288365816e-06
2.4097231805463064e-06
5.4339150002561e-06
1.9204689515449814e-07
1.3112033339534193e-08
3.84634307619661e-08
8.530030086494353e-09
5.3557562237442093e-11
5.43532434738559e-09
5.724293177402107e-08
5.220361811066638e-05
1.168639103275019e-06
9.636054705392055e-08
4.325170844677025e-06
1.6517717994131036e-05
0.10018699308320882
0.007161242067747732
1.226773143181567e-07
0.0021249095854498153
0.0017510526264766341
0.9000834567409093
0.0006595698906362296
1.7952028908066144e-08
6.604644113269722e-09
1.5966371313965861e-06
0.013236145419267336
1.2851371118255131e-05
0.014958254308857137
0.052499810063299596
0.0008752592936341779
3.3192577620944744e-05
9.968035914835757e-05
0.0002915086611640027
7.618979095658606e-08
2.03966662795022e-05
2.9083771202030334e-06
1.1990724523721763e-08
2.5550647394046048e-06
6.617048653299603e-06
1.0082887948879466e-07
1.4374152647783624e-07
2.3049555941455932e-05
0.00872818902559423
1.531361353307099e-06
1.2646887165583492e-08
6.415230176258375e-06
2.1680644001301192e-05
6.782711465629491e-07
0.0009299786998560459
0.00030943251588005433
2.5731694361203248e-05
1.7577135558009853e-06
1.424751525172027e-10
2.3085954216627294e-10
5.03605030264442e-10
1.2068285012112577e-08
3.556386273677889e-06
2.1578462276453259e-10
4.982411629144243e-06
1.245667814492485e-05
1.4316713204816592e-07
0.00027959766552977796
1.2142278849087697e-07
0.0003270035575342345
0.8941619155306377
9.935838915196382e-05
0.7205503139129308
0.006027412709265981
2.785145685060438e-06
0.0005521443603189533
6.534490184691192e-06
2.89309792847813e-07
4.843630460345311e-11
0.8218573997400855
0.000149117852409481
0.002431526856888067
0.05339770863216122
7.517025996178703e-05
0.02451548811546082
1.267232955053843e-11
2.3208631792194225e-10
2.1791175234255277e-09
0.00046533269077946027
8.709791089367122e-08
0.002279262587128604
0.006377082877405948
1.7265385660510385e-05
0.0003450083080203276
4.387474635048697e-05
3.937912066251886e-07
0.6426739509913424
5.8110980749562084e-06
0.00010585264206869827
3.386236468395171e-09
7.91983446076231e-06
3.624190982705802e-07
5.7690214704813036e-11
1.229144144152009e-10
6.050642182504437e-10
9.298006045159898e-05
0.002030498015205987
0.026235808970934017
0.00027571634487671493
0.008068029290723377
1.5673356053106826e-05
0.043684270874951275
0.009105261717304022
0.014724632557936122
4.822859108846643e-05
5.84554530549394e-05
6.0806801794678496e-05
0.010737494892187558
0.00031413164612097486
1.754370993031466e-09
4.200907234258805e-09
7.846851176307375e-09
3.49423898142725e-10
1.874395882437922e-08
3.386976315659507e-10
1.728403871432272e-12
3.9473901907404983e-07
8.310752225269828e-12
5.74881918802589e-07
8.301699498017687e-09
7.43550817623478e-05
1.9181938121983977e-09
0.9996126816550913
0.036010951461613656
7.201938833585866e-05
8.592390981935208e-12
6.293029413495392e-05
3.0774808861010384e-05
3.2458578579345033e-09
1.7834456917608412e-07
3.5446013994785866e-05
0.0004264181688236687
0.046203255621151434
5.06356215698961e-07
2.8177743299218905e-11
0.001326588615150379
4.893127671466622e-05
3.6270380060759034e-11
2.9609586207265804e-10
4.112545815160708e-09
4.79166595449404e-08
4.0328396287876576e-11
6.910879263968758e-08
3.0645005134401266e-09
3.392508047370421e-08
9.90197788092977e-08
5.027831069724032e-08
9.43134734946042e-09
6.325970209792795e-07
2.812973281625524e-06
0.01733447994616905
1.591743135101322e-05
0.9783259450989982
0.011713186785468371
0.131714791035477
6.405567486330138e-08
2.7533234623129347e-07
6.726329456249056e-08
1.0889350499399754e-07
2.279018720152548e-06
0.9165367656942722
4.830279833105955e-07
2.1373105965025493e-08
1.3167919148888638e-07
4.887242099463381e-06
3.676750896325335e-05
0.0033740546115337516
2.0569202754130774e-07
3.487209365755669e-07
0.0028036184744783563
1.5895280879221606e-08
5.817827978802417e-05
4.444554744085396e-10
4.190659050235324e-07
2.8017778984368726e-07
3.174785898786451e-06
4.10929983533673e-11
2.8541608527278624e-09
3.459555310147611e-07
1.466023802214848e-08
2.361137908018273e-09
9.944043347843087e-08
4.519197741533984e-08
2.005199559268851e-05
3.968282655584494e-08
5.7848838644152757e-11
6.534070745169989e-07
2.3556188435231674e-14
7.494936564361951e-10
4.659545722934523e-10
2.6316811494844036e-06
8.040701833002931e-06
1.0975419152587376e-10
0.5635728991310016
0.996380826045323
0.9999986738670192
0.9999969556879794
0.9999958611107298
0.999970277620173
0.9999750925672523
0.9973747512491111
0.03601868305734335
3.434406481674754e-10
2.435856155292835e-15
2.6845942919253863e-15
1.613742237299061e-16
1.9964153303288775e-11
4.790419272458296e-13
1.6066818219422775e-13
1.7532174055424448e-14
6.289181998962968e-12
3.974874091023408e-12
7.797864754214247e-07
1.7590653213316543e-15
2.141277076931928e-06
7.344755535362217e-06
1.688811450612067e-05
5.779035866867471e-07
4.244442838288199e-08
1.9025233855445863e-06
2.511162603776997e-10
1.3418172810813967e-05
2.1314081037054136e-06
7.189695634767328e-06
1.8471076173078715e-11
0.011159474312491828
0.0013433939422735533
2.0539421751300927e-10
4.687523242070938e-09
2.0324545158692738e-07
0.0012061047752481323
0.9746928873518506
0.035359085743734406
5.0909134155381116e-05
0.017137517123991433
0.00437212735275008
0.0024424187596683113
1.83324754961394e-05
0.00012569211521236287
0.055778031664755694
1.6134286200594217e-10
2.2345857716987555e-06
1.3195744701287984e-05
5.380878486907581e-07
7.202730472165105e-05
0.00015305545137256487
0.0003110487778684232
6.303499659049085e-06
0.018856368069063465
0.08430913871027884
0.0005429331221979537
1.5417764469992915e-05
1.3216044095975408e-05
4.029277665823695e-10
0.00013298254406443673
0.027995616629680014
0.0007523207864709389
3.950515733722179e-06
0.002348076797769622
0.004196303345139915
0.00024982799064775035
2.8841947212368757e-10
0.5867241709977122
9.945435150375099e-05
8.71572572875858e-14
1.2410777815436406e-08
4.040571281860781e-08
3.767199798879221e-08
0.013295353717136797
5.803422669909941e-06
0.06323572980289068
0.015974385410610366
1.245483040373132e-10
2.0984145397307767e-13
4.972491672808125e-06
2.230398865652746e-11
0.00042709418580341106
0.0069608058055446185
5.211309753413336e-06
0.33755730201279155
1.6179916992766527e-06
1.6178933088200186e-06
0.0008545688913090735
0.01364945972616813
1.0864843599682097e-12
1.5309573300401678e-06
8.535739044099578e-10
5.012989917367323e-11
0.0018498980601840806
5.4669393388487156e-08
1.1585949667348829e-05
1.3717941320513045e-10
5.210450000914883e-06
0.0008454357508378767
2.1456349636427475e-05
0.0038166191552390974
0.9189625253854066
1.4508135990220165e-10
2.0341119340592964e-10
8.654834808981215e-15
8.933536052544537e-16
2.85594130831058e-20
7.458800756452646e-13
1.0860736114192504e-13
2.3214078295171893e-07
2.4536098295574132e-08
1.1420874786657709e-08
5.137116140322609e-09
1.2089408230796459e-07
0.07395684302610753
1.0483758854058421e-05
0.0036858371892202024
0.00318444112725107
0.0018602826357828714
0.0008023429942983289
2.164847965321886e-07
0.9967860458230021
0.004603538530518223
7.772753548484616e-07
1.2988471897782515e-06
2.148771641493226e-05
0.0018940724857485448
5.464240081895461e-06
0.005412551653522578
2.6201923943219806e-06
0.9956690621567708
1.5162458796839278e-14
6.180594150491521e-07
0.05919466541858776
0.001232629534191892
5.462889254121703e-09
8.318357019229564e-10
5.001353580741098e-09
4.880227475622203e-09
5.161931656314548e-06
8.180079285871414e-11
0.07647880795484562
4.378981240709202e-06
8.49305770276535e-05
0.0063527111670516135
0.881416830662645
0.06711578077663177
0.9995039135826997
0.9995879998146574
0.998763575103613
0.03633851474364514
0.7794008753785522
0.07926601524544492
4.56737947935296e-08
9.784639694808232e-10
2.5123994379818617e-07
0.998883010781987
0.0014746943699900604
0.9446594359043149
0.0020806670111430782
0.6178056100509042
0.9918723273599416
0.0033069323156167643
3.5079327968360937e-09
0.34060348814152164
0.015067397697633725
0.999998646125525
0.9995904488737026
4.8227643219984616e-06
0.7970975625202131
0.9994030418875869
0.9842896558693639
4.623046188767298e-08
7.978433792788535e-10
1.4152454788772117e-09
8.229950687439334e-09
1.825483032854369e-09
3.2625159744707017e-08
9.60755131286414e-11
8.861671475831762e-06
0.0005672685291606526
1.2017225275276733e-10
3.2413664082405907e-13
5.993976167238668e-12
4.139710336437182e-09
0.9579244362841819
8.555150271934734e-11
0.022225032894379673
0.00036077221403044043
0.0030749042532666757
7.102470824691702e-10
5.403929470542766e-06
1.765274336231178e-09
2.3903665453678724e-05
1.5926388622633606e-10
1.2751582412021267e-07
0.0018727495399523783
0.01479557825195255
7.887310588350053e-06
0.16355148646316076
0.052722779534855164
0.00026947037284232863
0.012739898752210403
0.9998504333043654
0.9996402435444718
0.29139069221765285
0.7537918089718587
0.9995969711145044
0.9810957813794654
0.9997820602779768
0.9999352251264938
0.9746401778316068
2.5939215014591865e-05
0.00024329840666755044
0.05894139752581157
9.252469640148305e-05
0.0001524412752877362
0.0005048195227452929
6.888606000386494e-06
5.645354647852239e-11
1.0907690831767063e-10
3.5121593323264237e-09
5.756322049116163e-08
1.7379334821266457e-12
6.597711407805957e-12
0.012840964149611623
4.0923834574226925e-14
2.6299664578848955e-13
3.1416912680127593e-07
8.433908994731172e-06
1.2383714534290839e-08
2.601778520122661e-08
1.69120935055688e-08
2.998731299575381e-10
1.0386916219144156e-07
5.472029836546037e-10
0.0004172087220401568
6.603237742059892e-09
0.9033627912891261
2.447305636179655e-06
4.614844965661732e-08
3.60154633582413e-05
0.00034754357258574354
2.663352541425699e-10
1.3088138858658954e-05
9.059105445171524e-08
2.7713592936488107e-12
1.5752267726957504e-05
0.0013350935197797994
1.6209500728944776e-08
0.0012274320884490223
2.9604229665906516e-09
0.0036510776860343157
5.6410557331723035e-12
3.938689692049055e-10
3.0902387240025706e-11
5.5418819558431264e-12
6.220481639207197e-07
1.4596731712314226e-09
6.373781439816527e-05
0.00016753241474187883
8.354904884844154e-07
8.676395147299246e-06
3.469208649171111e-06
1.091524307675803e-07
3.2029093788832647e-07
0.00010422677053722075
2.981625476174801e-05
7.700137008402437e-07
8.632304469653023e-06
4.055602984514839e-05
1.584416370696527e-05
2.9250340171114045e-05
2.3404805877057576e-08
1.3274642907857377e-08
0.0006800238463307067
7.430217262982633e-07
1.949263903082512e-05
0.003871855703424525
0.00015552137378607077
0.001553661064842548
1.5580902245463458e-06
0.31822104211283053
0.00468524563216716
3.5641854279498753e-06
0.024429356213395717
0.999137082443188
0.0013257753245693492
0.9999245095644979
7.248502136342399e-05
0.9999566240737147
1.062423076250605e-05
4.0725874709182426e-07
2.845792416749918e-07
5.043605747824838e-06
1.6363058986037958e-11
0.005598510152720144
9.028506902985579e-09
2.692777100963886e-06
1.4398731106945769e-09
1.2979193307163602e-05
0.000315484111054342
0.00023185075286223284
0.0004911728866028709
3.789423520877968e-06
0.003665299192329326
3.220484354731245e-07
0.002290666446517433
6.41597858326895e-05
1.4886266161958487e-08
2.6243115103077235e-08
0.00030358918012586875
1.8649138432060015e-12
0.014532684951525718
0.00010015447014718346
0.0007676670196918237
1.493594103225308e-06
7.876541810064275e-05
1.098543107926352e-06
1.125139370061975e-09
1.0787369469363865e-09
1.4803616509159624e-08
2.2792170334825905e-11
2.8157069133102148e-09
1.755466854735983e-08
0.053050694783800555
6.355810989552123e-05
9.1795916423526e-10
6.989944887186467e-15
2.835907046122669e-10
2.967018027164318e-09
5.535662799436816e-07
0.002583945528930356
9.907792893683528e-12
3.3477874792663672e-06
6.502427663758914e-06
2.3896173886821933e-07
0.00015527492758031286
6.615413581509852e-08
3.484744465996152e-05
0.0003785051853913408
0.005701303037809374
0.0032217673455902885
1.5713798871076404e-06
3.792599705226587e-07
0.0005184405002135153
2.445223949054033e-06
6.805347660985063e-07
1.4569915347121327e-08
2.4664978162096264e-06
9.799566473685703e-08
2.9703544766289727e-07
5.3384478144282205e-06
0.01575674728007758
0.9201123990443151
0.07169488777413029
5.14642685100829e-08
0.0004161745610022995
7.50677063394197e-05
4.5495008842459886e-07
8.72813351288173e-05
0.0617330823003779
0.03787333664557167
0.0002895364147060425
1.796729219687985e-10
8.215215315792368e-07
1.3126928798729672e-06
2.095559939742494e-06
4.168391618323455e-13
4.722784382888749e-12
2.364871907821714e-12
2.5395961906773635e-12
4.693820479741562e-10
6.246835152890285e-10
4.419668635352527e-05
4.7473115089700456e-05
1.967445768594048e-10
0.09364016945400697
0.001069445262671855
5.092344475251119e-11
0.005469437636065991
0.003911794381791037
1.390030455601083e-09
0.04016421357057471
3.6660888461276955e-08
3.128702981649215e-05
0.00013274473924280801
4.77081938076064e-12
5.992013898946824e-09
9.339051339835344e-11
2.7240216468396694e-17
2.454958950667371e-11
1.1174206097491476e-11
9.977946844554901e-17
2.0050456002429124e-07
7.390707665073187e-09
4.142253002980511e-08
0.02747895665546556
1.713424201948602e-11
2.9165963838375997e-10
6.702909857314794e-07
3.857421152502204e-06
8.299275447175567e-11
1.5578352565060945e-08
4.634682037938104e-06
2.0549142656361562e-11
8.5579190398645e-07
1.110826422826651e-08
3.410248856148048e-05
9.36580622548192e-05
3.148955510784213e-09
0.0007693885074695205
5.319312053784878e-07
1.1362138969084552e-07
0.00015441686066080567
5.415834932003845e-05
0.036059561694528904
0.0022310355710030818
0.8421490581275731
2.4147204548520982e-05
0.00040923186993238467
2.6220506211409812e-05
1.9925168166443087e-06
1.735196835158392e-05
3.406019208005092e-05
3.562234391495215e-07
1.3438347400821264e-07
0.004483875374147246
1.8721184198749514e-05
0.0012666136665022572
0.0023819550850512254
0.03089215031451923
0.0025538427156269116
0.001198294133004424
0.0003989238018702693
0.0016113954381568667
0.5021153544209076
0.0020025463774759715
0.0015823134800725042
7.293763988874694e-08
5.445119127214225e-06
0.00500111385061016
5.467581524054256e-05
0.0162357200216439
0.935029145534988
0.000534031901014436
1.380500713295674e-08
0.00011586188532900564
0.0095884178831674
0.0038137697917905184
0.00028815240014829657
0.00014660947009411508
2.6328553937777917e-05
0.10518938030769845
1.2333742950915836e-05
0.0017319121537366295
2.090643799564748e-05
3.4174779055501074e-05
0.4331095221009905
0.11251346131585016
0.005210123895725397
0.9918552210947853
1.7997663850866213e-09
2.092252373037086e-09
1.2095284024706826e-06
5.032830922358323e-07
2.3665156428755715e-07
6.19959147621771e-10
0.00016674484713845577
3.658882177779426e-05
5.870096659469103e-08
0.6507812376624921
0.998418453694087
3.6163235691363897e-09
3.3593412526669855e-09
0.0015881012880093822
1.4924924993380575e-12
2.3496014856251845e-11
9.369540003848549e-08
0.9992925797067248
0.9972275791001011
0.9901026361288411
0.9896979318865485
0.9999913955279934
0.999985964825477
0.00011994835521291893
0.0030133219032263845
0.01381374767842983
0.994267410841087
0.9992839100493436
0.9999929441586974
0.5609578509449543
0.0009742648031116528
2.0340197342374703e-08
2.8684138674656284e-05
1.0829709873551572e-05
2.3583469005439927e-07
1.0885403123999931e-08
2.4895488905257806e-06
1.1269345091863565e-05
4.1863166351323964e-08
1.859351648811225e-10
1.6566709982593055e-05
1.3289156531864676e-07
2.9252728506976054e-13
9.098391541769314e-15
5.119384515648489e-09
2.5693449171536257e-08
5.951026774018678e-05
1.2460145905754194e-09
6.924990219743259e-09
0.027201883920646815
6.455494572999549e-10
8.619216585102226e-10
1.109806227751562e-09
5.862075259409654e-10
1.1813088103197138e-09
4.863457986057252e-09
0.000548458102848157
0.018774167673283684
8.710991129632018e-07
0.00041745088300304827
0.0003188934643238903
0.0004563512007117285
5.366868836384863e-06
0.00511728640259466
1.295839802797233e-07
0.033288184575781435
6.256982655932575e-07
0.00012852368607483175
9.170701413560778e-06
2.764521439794377e-07
2.8604695128734995e-07
3.9136683353797644e-11
0.01817624032851994
2.887906178379047e-06
9.281651478378099e-08
2.1008202801561136e-07
0.7836470694689216
1.1947218894348621e-06
1.8330931221308293e-07
1.519225688421901e-08
5.479622491591053e-09
3.817271507447329e-08
7.339098383055353e-10
0.12078217514001477
0.14085850331737296
0.03915604641853556
9.560924847643229e-09
2.622038008559574e-05
1.6175312861030648e-08
0.1656019553507057
2.3637990879428645e-06
1.4839511507078527e-07
0.0009124168092746994
0.0007927418613950813
0.9709944584413066
2.4169611001367894e-05
0.0011516450732914959
0.04093524371382847
0.2748187046345472
3.0079009013565673e-10
0.0015093561460448961
0.006299733727606875
0.28147126107910875
1.037917475698762e-06
7.965850092404412e-05
6.726806133057793e-06
0.0001493415205655369
2.65488636049995e-05
3.1634663852533828e-09
1.007847370121535e-06
9.458498180379232e-12
1.8485151597148238e-11
4.035772970527024e-11
2.790748334398061e-10
5.66739032489213e-07
4.80819336701895e-07
1.241157383578656e-07
2.2593392912242426e-08
1.0586338365790313e-06
1.106168084529377e-06
7.133579120804145e-08
2.121059139065159e-07
0.016340962467011024
6.921335981193405e-05
0.01187459874574112
0.0017196180303881432
1.2737306153524533e-06
0.2403778976256646
0.00037155680962714575
2.6958955198603065e-12
6.977519233061574e-11
5.041892644426602e-10
2.249562331133304e-07
5.110615732797751e-09
3.995112789710735e-10
8.00545062561195e-05
5.236440774412058e-06
0.00019044454057904402
0.002755354133230528
9.24977849715247e-06
7.0435912362236546e-06
0.05601231805070987
5.815458013498269e-15
2.665167197882548e-09
4.371170222114362e-09
3.6044929830168166e-05
4.416073773671752e-06
0.026968595132965695
0.46650534616033573
1.0674574102808681e-09
1.1701666805923737e-10
0.00013391199959247974
4.656586655890801e-05
3.875937712930357e-05
2.1448886479007573e-05
6.001246184631081e-06
0.0008385282252986832
1.4782537173762214e-06
2.893406186099042e-08
4.905952773846775e-07
3.7098430185926224e-07
2.783684189163086e-12
1.884737570022288e-10
1.735909725344253e-07
4.74013251039589e-10
1.844745164207831e-08
1.1442992042433845e-09
9.044687618388217e-12
2.646097590136751e-11
4.686528403980779e-09
9.445031516496888e-09
3.0119149937233234e-11
3.3328564395925973e-13
2.876270983502411e-07
0.7672440099027567
8.67510605632149e-09
3.6303969678925203e-05
8.086228949324974e-10
2.0663003628530094e-08
0.0025651349760045443
4.7245516347100025e-05
0.9999049515728828
0.20563322172021511
0.0013957135267697771
5.783820185963733e-08
9.450633539139928e-06
9.202478042677435e-07
0.00025341739524521815
6.433236463020374e-08
1.0391478759047263e-08
4.673368113675283e-09
0.00019486277104086624
0.01168120583891705
0.0009299804351522474
0.0028745377552321727
0.9992779675974335
0.05980767508208904
5.178598340858543e-08
4.2024941157007e-09
1.2369010907712995e-05
1.244825111794311e-06
9.540126054370325e-09
0.00013315006192932596
1.3254472050615046e-07
4.130669543496444e-07
2.8369194244500226e-10
8.778096971372677e-08
3.590447109060363e-08
5.391136286978146e-08
4.746768188218625e-08
4.844203815649278e-08
4.472124746283425e-09
5.785780021489851e-07
1.3699323052318865e-13
2.695566087931088e-08
3.6081453467188292e-12
4.283340307464478e-09
1.6973326736980417e-10
4.05548508881637e-09
3.3670130595309075e-07
6.002472022011651e-06
4.661500048590215e-12
7.714598970720893e-06
0.008833729728962793
5.262856222092182e-12
0.00028921750325377636
2.4035273173060155e-06
1.3329388533397793e-07
9.056994038059807e-09
4.7592411818813226e-08
2.849077171246422e-07
6.126870876158853e-05
9.600465482250312e-05
3.5153176386638577e-06
7.979943157048622e-13
7.22043960630319e-06
0.00034167658207093666
1.2251031606938098e-07
1.4365366637510674e-07
3.1877347146706453e-07
1.4548464898302713e-05
2.445166785762071e-07
2.5182821630178227e-06
1.312562950033569e-09
6.312584419826721e-10
1.1305219026293734e-09
3.6021818914038177e-09
4.969661004408375e-10
1.4645799517060704e-05
1.0090093375242493e-05
1.2487345817243346e-13
0.6457567180143217
2.7517577146204733e-05
4.559632065042353e-06
0.011586758952059706
0.000818345053873978
0.008709381275145726
0.06715263619627393
0.7935546867027017
0.0001379210966868111
0.0001825338003075418
0.19068824269702941
2.3113774132088758e-07
6.710796477435633e-06
0.05352117312458985
4.1510495730576334e-09
2.0476989247863847e-09
6.385835122281528e-06
1.6962354060493164e-07
1.2678820765149054e-06
0.11737000217978164
1.7338620986357592e-10
0.0007105824367828706
9.755816078302813e-06
0.005764848506664687
1.7082133324426317e-09
4.141801577677417e-08
9.679684655980862e-05
0.9991944218431723
0.053429074791935566
0.030598827265240665
1.454649769992467e-10
1.3025940655749458e-07
0.006682763285490327
0.5605489305679101
1.509325583065186e-06
0.0019310867318177859
3.444957425219658e-06
0.0017053949378312084
0.03466295588854657
4.405975440012527e-09
0.00024286874838040916
9.023014871263307e-08
3.16113834872126e-08
0.1356555583166871
2.3577242215804104e-08
0.09069082819821649
0.006861059858867204
0.049787801124647556
9.76088021141995e-09
0.3701015272653107
7.756006820318874e-05
0.9368473201426548
0.0007929012272096619
0.9779221714009738
1.626314309639882e-05
2.6020533227550434e-05
0.0018470087166279484
0.020952368702286218
1.8541957232569245e-05
3.8663303422500885e-09
1.4717777218983216e-06
2.8817228208889332e-05
3.991356209083245e-05
0.008759389904145654
2.7307620574507022e-05
5.131087290174079e-07
1.052828200830725e-05
4.273415340322009e-06
0.003096883560173308
2.805935076692589e-09
2.370319375455576e-08
5.510896427772201e-16
3.2377655809529182e-06
1.9403508198330547e-14
1.6682826300402743e-10
1.6063491058792134e-08
1.5606045157537033e-08
1.1769375244452989e-08
1.44417750351471e-06
1.4313764680835123e-06
0.00018161243198701335
5.977308789643348e-07
0.010462329580483378
7.530747724193652e-07
5.823416839593668e-07
0.8836365186306362
0.00019112854706371585
4.3063471510014165e-12
2.996715081214764e-10
8.997282930876083e-09
5.2918350066752087e-11
4.2808673337377966e-09
1.3466309937739744e-12
1.6857633547508083e-05
1.5026877531366491e-07
0.0017429210229394632
1.0512235114434272e-07
0.00010101895594600084
3.1266243337371626e-07
1.54657498510338e-05
0.024177225624078275
0.0029508776639216015
0.017386328951699948
3.452075629161162e-06
1.5118827008003684e-05
0.0001549303477163982
2.7074057063815933e-06
1.7361755481867527e-05
2.039310962177545e-06
8.624728682461052e-07
0.0003610797815161182
1.9385461652419848e-08
0.00019409415279224193
1.7727508553875372e-06
1.0008798975413965e-07
1.3369277460691227e-09
8.685211799189875e-12
0.9948956510228784
2.1664281876425312e-07
0.010882754904299326
2.3185590912473447e-06
3.0343347047417795e-08
2.2282196502406336e-06
0.002139017662821695
3.663074587076031e-05
2.9992780538535146e-10
5.39130696463127e-10
1.3937441723958922e-07
7.878643213583635e-07
0.001153300562569692
0.00018955962888289853
4.355661076552625e-06
5.8332596202008285e-12
4.326302460038747e-09
0.05118723327298867
0.006884454221548337
0.6679085468893377
6.904119071692785e-06
0.026608523509475925
1.5444992866971437e-07
0.005434957999772366
6.937727058294313e-06
5.774768370862479e-05
0.012797426089863074
8.246585295579062e-05
2.8396825291771983e-08
3.4229471822846257e-13
2.23612362017809e-07
1.604888588011127e-08
1.7546038732312179e-09
2.084345279050159e-11
1.85527480270797e-11
4.596382696120308e-08
0.9509157670272703
0.11333217917337109
0.0016139720362480295
0.7307225211208338
0.05535111480254586
0.0015406368937844373
0.005725312157603454
0.0002453964988086434
0.0005371473224566504
0.03226914328790744
6.279989432477911e-11
3.3594166004473603e-10
8.957892871463863e-10
2.0526552998228867e-11
5.5524355683084066e-14
3.643573075798594e-12
0.9987411124976153
1.408729357874188e-05
5.757280279153109e-06
1.4804035316125743e-06
0.0009493265516521332
0.3964648191593886
0.00022939545783837254
0.0397940744108722
0.00011845749418464527
0.03730764290543991
0.003866398018990011
0.001390642953911448
6.51072253335493e-06
2.2356573792201427e-08
4.868858280995175e-05
8.865210307523044e-05
3.801126625611404e-06
0.9935095455588528
0.015315503860332319
1.1407097875795777e-07
3.1312064601276685e-07
0.035202730431376505
8.070096028894387e-08
0.00014636060134441402
3.5044752799752552e-09
2.0458191181000003e-05
1.1034412933227067e-07
2.0431379950154008e-11
2.26418989360625e-12
3.0881098325725417e-07
7.871762189854852e-11
9.078076378476177e-11
8.566280733200548e-10
7.378864606391983e-13
2.523178859887536e-10
8.847911114084525e-12
4.317728536559714e-12
1.6676565534900966e-11
2.445735341509278e-10
2.8105085740052406e-10
2.1417162679539448e-10
0.9981798312961107
1.4609876641227487e-09
0.19208782113708486
0.00012905523451681972
3.162584918078064e-12
5.7084576736123366e-11
1.526456266303612e-11
5.393875538789284e-09
5.280017968789301e-10
4.014128450455895e-12
6.939051412818998e-14
2.917457560043359e-10
1.7439890035127584e-10
9.458630014995107e-07
2.3805806919048125e-06
0.0003995000187830212
5.064300351092647e-08
0.00024202075506973324
7.116523954218025e-06
0.0010237719769183918
1.7234357014981188e-07
1.7843731593485242e-06
5.9051233318044404e-05
0.002585062456181079
1.0594139811480321e-06
3.9583699211183084e-05
7.036196742468238e-06
6.45714257220441e-06
2.555102307905346e-06
6.385944306898031e-06
5.913253776165987e-06
3.418087435743375e-07
3.785415023558247e-06
0.0054858048682620035
7.444349190095836e-07
0.07740467003631257
2.652178725951079e-13
1.8082341133330517e-13
8.30262065209538e-12
2.4156455845174627e-11
