0.8599070144359441
0.4587963561395182
1.0436303045143365e-05
0.9981406306425773
0.9991662948166674
0.9993326384459048
0.7594936516276639
0.21635534698272077
0.9999691089690117
0.0006452089745273358
0.002289075893555115
0.999993554381176
0.9964746250932869
0.8106057767542173
0.99286192734883
0.9381282484168751
0.09075898254780841
8.596460186224016e-06
0.9589791806731042
0.005234992889498429
2.5236001491394892e-05
3.2079489668629946e-06
0.9862682357621635
0.0004550573967185481
0.01642851451470365
3.355507517427018e-05
1.9137735948722954e-09
0.6730492870071174
0.23907251885640027
0.002410584063344206
0.9914473883595163
3.942835772812038e-07
0.00018361827562837465
0.7617269642329624
1.819216398403052e-09
0.11201731786768489
0.9981337054269406
6.325188362080226e-07
0.002102806816189344
0.09184040831015376
0.022110383317768535
0.7470497441396644
0.45006886278060626
0.9937326666412244
0.9901602865390751
0.9901602865390751
0.9374448209298042
0.9729413136146746
0.8032516954693614
2.271731662517063e-09
0.9942036148680229
0.9929566301196711
0.00016235623283612926
8.021251812035779e-07
3.440830754367861e-07
0.9441298176335503
0.13896212697360869
0.3151445909598823
0.00015493677691219787
1.3164340918095369e-05
0.04985480409322507
0.003132773910641067
8.68645424018388e-05
0.32236769989276626
0.09699287678469837
0.013981935893832748
0.9356355070752445
0.09000643555529221
0.9527482023178097
0.019240179754421907
4.382291229153523e-06
0.0003460087002413149
0.1694822615367308
0.04898163048579588
0.9844418082463146
0.2546710354501081
0.999852308654753
0.9999794016094904
4.809873931741474e-06
0.0007157677099574233
0.5713359111592238
0.001386167520547817
0.9945182729831531
1.99103959994743e-05
0.4188754995382153
0.015099851117070096
0.9853545165424856
0.0008517146345968411
0.10089432028508669
0.9991296653851452
3.646410038516826e-05
0.4077531043578299
1.4104119659702504e-08
5.8481900081072e-08
0.0002551808831672047
1.28988504286022e-05
0.010753503787698467
0.881841900318522
0.983244372840278
0.8731113694022242
0.0011272325754804525
0.00011277507425380614
0.9975777985633639
0.3840882316589094
0.021774817639590435
0.0015739866888290401
0.07809609178689793
9.804976634345401e-05
1.2741741094947297e-05
7.69457464830035e-05
0.25303770767247125
0.01276221170747474
0.5175710099868677
9.06070869420427e-06
0.962789998638149
0.08898876270916051
0.8658591599888512
0.9915678355773065
3.3235812328796983e-09
0.0983959098424931
4.566081026748485e-06
0.8999833227772328
0.857526785984707
0.1737028834067345
0.7316194500630769
0.014151603820869598
3.530451570802905e-05
0.0014177860079687993
2.1901435469334538e-05
0.42221087813180164
2.559463651591253e-06
3.472294105469795e-09
0.0021943734175188653
1.991028219540744e-06
0.0018574289556753242
0.9994765673285355
0.0005227855281275284
0.13607446593733205
0.017799402114552863
0.7080558453580262
4.1817118188303406e-05
0.0019571510108126354
0.00015708723638698237
3.7697526570085565e-05
2.7563220273195424e-07
1.259697988041673e-07
1.4407993050436104e-08
0.9910756979966722
0.9294341182877354
0.999373548615826
0.005378868648699121
0.7948352261694352
2.958171002110985e-05
0.040241749499879444
0.17113858639031967
0.9989988277070655
0.9837642469366207
0.9989988277070655
0.0001417624458429861
0.7662360441539906
4.716515684544644e-08
0.00018908791355937425
0.3465587915947289
0.6431196990421408
2.9253241571703655e-06
2.4751642409981707e-05
8.405727026479274e-08
0.018975259296524206
0.006391832927286576
0.4218349315207779
0.47467155200053296
0.00232164251240536
0.9658280535058711
0.06046785035939261
5.506928719249161e-05
0.9517980765304388
0.003145904315300401
0.9648077346308749
0.8950507644886515
1.3865889424335103e-05
0.8878742366237504
1.3974269354079222e-07
0.9999951104142106
5.122984670360585e-06
0.1320996826901851
0.9953689770387071
0.9991662948166674
0.08688588578837078
0.3892449494763194
2.6265050484171674e-06
0.1741235259281021
0.9177676110838477
0.20315322410951162
3.445481856280645e-06
0.9999011980029615
0.9991662948166674
0.002541443500688658
0.06989398609687114
0.0002723379641063593
0.03140256787913866
0.012596158268957032
0.2334352993488977
0.0017834009973262798
0.9962431408037092
0.9825824874053338
0.5335709120746126
0.5387388059620956
0.5796590358511909
0.8645684858626542
0.9120475904682985
0.9975128297217116
0.9872933622321437
0.007116823060206091
0.8304146371988425
0.7860278096188082
0.9953889135808076
0.5838269857807791
0.1328782182044726
0.016609375014654544
0.00011005735431201342
8.667381753819923e-08
5.367499790625159e-05
0.47667411460059966
0.9997839942223911
0.19696876731429755
0.3237332641793344
0.11694641723287694
5.821862470366454e-07
0.23340686658496476
0.0003565014260012777
0.058315469279375115
0.9997710983565904
0.0007306475216325927
0.9108901439672941
0.9999261355155109
0.5740569825813895
0.29614115019616355
2.9322573039183045e-06
0.8938143565487421
0.4929149447696669
0.4929149447696669
6.369053972532412e-07
0.9996861937958215
0.9759745204887861
0.99993384029729
0.0005800329654272176
0.9977616816346835
1.7133555891501439e-09
0.7576816552120262
1.1549830881948755e-07
1.1446808279680715e-07
0.7814352913454209
0.9985936880232056
2.687616046158259e-05
1.7755200354071886e-06
0.00041734942192729726
0.08331234236219688
0.009174350832640545
0.8930807783410029
0.0021717263984626033
0.9944180202619511
0.4900426930351787
0.26710687040754766
0.04758774546766278
0.008917379285719743
3.002890412166512e-05
0.007280589190976076
0.9999577852622754
0.002245645009715624
0.7052315148882938
0.021527834876674822
0.919718187036859
0.02702850122368927
6.253438261349042e-08
5.9351473013598216e-08
0.970181151883
0.9350857156498102
0.00028773020417710284
0.9998692755161542
0.4967016567167018
0.9782341040149062
0.1964071704692604
6.0356330163541605e-09
0.0009155244388973895
0.03975645118999644
0.9995443218654846
0.9992953381305181
0.3937768893160455
0.6741246060569498
0.7956784725393184
0.999667322981159
0.9999704228845651
3.691835549894818e-06
0.0003193339821271634
0.024872844334407816
0.0034489095062306507
0.010881183504430295
0.969070097386832
0.9992863627174925
0.9996583851974412
0.13505633883422266
0.9999262493298732
0.9833423175694839
0.726368916581776
0.18464960761639265
0.9965617812866004
0.9981468056143232
0.8952929035559792
0.035475990916079864
0.9419079745220796
0.9993746782028613
0.811120471477461
1.8245373589122883e-05
0.9644294585755236
8.420184160608598e-07
0.9997812245577131
4.4659536919320723e-07
1.702018240117098e-07
3.689938419737835e-05
0.9999808221098357
0.945681928188391
0.8422988796328078
0.8429481071350291
0.8658864490290779
0.9325710738769546
0.9999753263129014
0.01008655257156234
0.07932259133843443
0.9971548751497775
0.9701488470812054
0.9008655919737879
0.9430906211962219
0.9805847652964775
0.00807526633704207
0.9963532060576735
0.9872970142625256
4.098392972152672e-05
0.9106944705149104
0.16832063087563973
0.0008292242733324615
1.259317505879479e-07
1.795643802640494e-05
0.015234955594173304
8.116915829602533e-06
0.9571453979378088
6.198378689891414e-08
1.23579455961203e-05
0.001016796308294119
6.742329565577061e-07
0.9999439327746831
0.8973929339888034
0.18050073625096474
0.9935976345904289
0.014169063913723825
0.005769852760496685
3.907188425964614e-07
0.019270125508166484
7.397991769195536e-05
2.6962202292162423e-07
0.0001662849018607688
0.00027429059025408715
0.007334617447887444
0.0022116868791538227
0.00010701350210936285
0.8759136803767659
3.7701064585968727e-07
0.01060560150423767
0.001738058377232814
0.6738482182674485
0.006155835289007827
0.0057030407137747385
0.00018402759793665125
0.7752862115437051
0.1204090551869939
0.0002453219276650319
0.041167075327326635
0.9669133240589604
0.9931274106155388
0.5508964652115396
0.025990340996313477
0.0025569287620800015
1.1390145190547227e-05
0.9999236180410008
0.45328058747214267
0.38287103654955096
0.8790559612349604
0.7743487507868171
0.8609121188697209
0.000427941038350787
0.9867215259148929
0.9633654678371577
0.0004681517740099373
0.999973384306097
0.9866420748007766
0.9999082448356552
0.7574668660045234
0.001188458247798182
0.9999670510442541
0.8337675556189839
2.7912905523959417e-07
