0.14009078636616662
0.528153800501854
1.0636467577302369e-10
0.0018592840902643321
0.0008181982236895888
0.0006673588063670811
0.23363978839900168
0.7836445366391385
1.1165845029858512e-05
0.9993547909981654
0.9977108976291087
6.224962022010455e-06
7.728878294593787e-05
0.18921021380974096
0.007137878723905442
2.179344962596866e-05
0.7861091991488027
4.414830031873383e-06
0.009383774307334072
0.9943949731053392
0.9999747639984797
0.999996792051031
0.006397754313024088
0.9995449425809798
0.00044972169886140704
5.67456167108613e-07
4.705918565380333e-13
0.09059432312183953
0.7033301842425704
8.678272778879514e-06
0.00782199107260516
1.062897225626103e-07
6.509434186692524e-06
0.0034292028574614314
7.847902910019065e-13
0.10185745566210785
0.0018150228995373124
2.2037438681696078e-08
3.3372738884558e-05
0.9081592746448001
7.400252113959509e-05
0.0003412951255398243
4.408592554539446e-06
0.00019010082844791328
0.00983966051265567
0.00983966051265567
0.06255513562974363
0.002306560518168421
0.19674524309100888
5.4154612568120985e-12
0.005725762255758122
0.007032046975233147
4.890249360405276e-05
6.953396797615405e-08
1.003532668630228e-09
7.499251786038722e-06
0.013761283062938359
3.246098519610072e-05
0.9998450632191337
0.9999868356582443
0.9501450225613131
0.9968672040651445
0.9999131353893794
0.0003029215226201944
0.0032775014503778916
9.586622977588478e-09
0.06428064846262811
0.007312791395487626
1.6461156055087354e-05
0.9807598188335427
3.7208446965683866e-05
7.058716626391938e-09
0.011052994899077176
0.9497408917558767
0.01555285564113232
0.014878163601782204
2.147676004902415e-07
8.683128738916063e-08
5.040715792396125e-07
0.9864441339168971
0.4286640778980628
0.9986138324717188
0.005376178364057513
6.110755867898749e-09
4.2569898544819985e-09
8.444221640782555e-07
0.0018484209277996185
9.642827032346058e-08
2.9591968635130446e-06
0.0008520652310391394
2.761301259868774e-10
0.5921862869266978
5.153774695925368e-11
0.9999999415180997
0.9997448191147522
0.9999871011495658
0.9892464924259968
0.0006788544281130363
0.016754566727009153
0.12684335555673404
0.004365229148891267
0.9998741569762147
0.002156177713270393
0.0009721452854141887
3.3710771879164076e-08
3.0143822712769095e-06
0.0003168370484790513
1.1073365696525395e-09
3.77554009533239e-07
8.758466606696189e-07
0.04954850695450847
0.008208655754007742
0.0010626423899905044
2.1880809968768914e-08
0.0038985284025929937
0.910997372574661
0.13413937078378324
0.003725465931210709
9.798301484650924e-11
6.837599299773754e-05
2.62708586604273e-07
0.00015527954839503633
0.00036700730145327275
0.009029501121618898
0.26728578637191014
0.0003876768702575193
6.061615862247459e-07
0.7331810550654174
3.644241242161549e-08
0.5625770519207988
2.827521734072505e-08
3.1756606030941347e-12
1.9873530794742272e-07
1.6065283516029944e-08
9.985893754486778e-06
2.9735246857426044e-06
0.001944165463626969
0.027889154892309292
7.812760698038083e-07
0.2919426985415238
2.9025839939803485e-06
2.5028199385287054e-06
0.9998429127629526
4.4831280713754787e-07
4.964095758417094e-09
2.7450403651071423e-07
2.2126535179774615e-11
0.008686816341314118
0.020375057169785767
0.0004739671393014846
1.2219579693558917e-06
0.2048054256076133
2.001798035993273e-05
0.9597580234118878
0.527778527882906
2.3369710273318164e-05
0.012239247350917444
2.3369710273318164e-05
8.619369192707656e-08
0.03388691627649434
1.6945734660991801e-10
2.833235084569021e-07
0.013010480936342262
0.3563924721625308
4.566374543091727e-08
1.6054252069115973e-05
6.064668769140166e-10
3.2547866659588586e-06
9.320163479094272e-05
1.1258421510395123e-09
0.0006411630250229861
0.9976783241885007
0.009912747085525227
0.01228475992128547
1.2890449255111385e-07
7.71936324304825e-07
5.8405510863953975e-08
0.01904418760665098
0.10246436285372956
0.9999861341091875
0.0003194087510708402
1.2955599981207085e-08
4.1042488965528946e-07
4.783160213926125e-09
2.5939006022321253e-05
0.001278860544172728
0.0008181982236895888
0.001505972812949836
0.6079577899012903
3.008884544954881e-06
0.0008531359933249635
1.2502989391032158e-06
0.0002915046259553518
9.522844086822575e-07
8.502594360365857e-05
0.0008181982236895888
0.9974585564957636
0.9300785450703282
2.251456528606182e-05
1.1612578565298992e-06
7.65944816984722e-09
0.015175769518322564
0.9981888008147729
0.0037140125509359666
0.016864738003907462
0.44940225792712923
0.003596826952369629
0.00011993430291926783
0.13543150188478503
0.08793831711560186
0.002418958443528302
0.004803538470738649
0.9928831768509597
0.16958480359979144
0.21193405698863774
2.7980499314119618e-06
0.0011924813559818497
0.0064206130403263685
0.0001224764022530326
1.0281073700062622e-05
1.442485704666831e-10
9.461000761972432e-08
0.5116500716740917
0.00021252826705902327
0.03836743450925725
0.6762195063314046
0.0003283375986275478
1.5254990977051743e-07
0.7665913174950106
0.9586542370948808
0.91462570776698
1.2521058037808942e-07
1.3534046501494962e-05
0.0020463741088844706
3.774333629221566e-05
0.001030482933518456
0.000522673585402881
7.88174834893688e-05
0.0035322774706185237
1.2785997139080163e-05
1.2785997139080163e-05
6.297225054583562e-09
0.0001580537531595708
0.024024777804904644
3.3535977696641843e-05
3.479041406464059e-10
0.0013388353694924028
7.61479009261109e-11
0.08150664207137734
6.279046364748635e-10
4.620399457706133e-08
0.21856433206612305
0.0009754547445399417
2.36024258267105e-10
2.668180419042468e-11
0.9995826497277457
0.8675714016416948
7.240912557732888e-06
2.5494324120992515e-06
0.997828230261873
0.005581411930894464
0.009170209986021534
0.09219083372729252
0.013156720914340447
1.653561122157571e-07
4.297221915246279e-06
0.006985902222408296
1.015390573304428e-05
0.9921392775393957
0.2927681300886232
0.9700091420768571
0.010957809210102611
3.2287124427821715e-05
2.219161313703594e-10
2.7533694455099638e-09
0.029818593098653343
0.06399665243749181
2.073128167999529e-05
9.883261319247725e-05
0.5032980327169088
0.021702282725304757
0.8035565239144019
1.4793823913017736e-09
0.9990844755415527
0.00026530846178912193
4.6511695713309894e-06
0.00045166649386010075
0.1250971862496037
0.2641591351106129
5.2814577339120135e-05
2.9577812025553977e-05
1.8105898872244998e-05
2.9359390334289344e-07
2.718484959972944e-06
3.3288879368452375e-06
6.773433329995053e-08
0.9890978890753764
9.51336005473097e-06
0.000713572391813576
0.000338741827846248
0.0028318093782300543
7.374339126690985e-05
0.0047265304270785145
0.27361842498777655
0.8153488023861261
0.00013280778695282016
3.3413332371206754e-07
0.0988957947306214
0.00021201427668205415
0.054901608223167704
0.0006244393492951449
0.00655234847982038
1.8103763195292328e-06
0.033423704882276695
1.0213511546998563e-11
0.00010915689617456462
0.9999995534046304
3.0090838400303307e-08
2.7746307423334202e-09
7.952172260964129e-06
0.0543097477700113
0.0018404928583747933
0.15699738351454232
0.0006087732132844892
0.06742881538672203
2.357319754460373e-05
0.007353532513594547
0.00544188048865464
0.0027190932628530823
0.029539013112454767
0.002175924474313162
0.0214870320633649
0.015316179454211227
9.002029261775988e-05
0.0036463902865763675
1.9787079080238233e-05
3.502873916643737e-06
0.029610808483419678
2.2900057381253047e-05
4.751216785766683e-06
3.4815199580860524e-11
6.117233120604287e-06
1.9875854339049105e-06
8.006938318881205e-09
0.01565141034154404
9.570255134493967e-10
0.9999876420543921
0.9989832032647843
1.1491148671067265e-06
5.294702411337483e-05
0.07436697217218116
0.8194863618004693
0.006370309193579513
7.074664294848076e-10
0.00012063758386772369
5.65954949905522e-09
0.00011004036385827799
3.501985720804928e-09
1.6002170806172115e-08
6.946096845518087e-06
2.31513230093667e-06
1.6206033403901503e-07
2.1025756072395296e-06
5.518315247569192e-09
0.046510195135722784
7.027433365511052e-09
0.4226046244411379
0.9982618655003918
0.0001712957935643194
7.933236875506829e-08
0.06697991890273858
1.125877071378664e-05
2.507927768482982e-05
0.01639920915239618
0.0006572158435273975
0.023764782643874056
0.03297253733556673
0.00226139968557668
0.449095544806915
0.9739986852488597
0.9974424335838057
6.771207268123078e-06
7.038352403347503e-07
0.1394955055966055
0.5458467293376705
0.0029557188125868515
0.22296347292247065
0.0011998574612305448
0.9995720589115451
9.419619693299975e-07
5.367834107480155e-05
0.9995318218583916
1.7561376938039948e-05
0.013338471778777962
7.373743923593295e-05
0.018599558639188198
0.004557389703325872
2.767906994272905e-05
0.00011400802417637756
5.3498614324279535e-11
