2.1991978893825043e-06
0.013049843358627751
0.9999895635905902
8.52671583085744e-08
1.5506959642929222e-05
2.7477281716556e-09
0.006866559973334465
1.1637814070441439e-07
1.9725185958555732e-05
2.730740585420959e-11
2.647733630424819e-08
2.2065680214036563e-07
0.0034480861237671245
0.00018400943604171907
1.939272644085319e-07
0.061849958133498875
0.1231318183033889
0.9999869887097819
0.031637045019561605
0.00037003400516231734
2.8937835791964145e-14
2.2863020010347817e-15
0.007334009924812254
2.2301671807455055e-11
0.983121763786435
0.9999658774686587
0.9999999980857559
0.2363563898710429
0.0575972969010293
0.9975807376638768
0.0007306205678785561
0.9999994994267002
0.9998098722901849
0.23484383290957622
0.9999999981799987
0.7861252264702072
5.127167352199087e-05
0.9999993454437252
0.997863820444926
3.170450461620882e-07
0.9778156141610918
0.2526089607347957
0.5499267286268392
0.006077232530327611
5.294826916589738e-08
5.294826916589738e-08
4.3440452187550785e-08
0.024752125867156773
3.0614396297144364e-06
0.9999999977228529
7.062287621903208e-05
1.1322905095764237e-05
0.9997887412735599
0.9999991283408509
0.9999996549133919
0.05586268311466359
0.8472765899634529
0.6848229480549215
3.954070118104101e-12
8.375586046862723e-13
1.7334546172568468e-07
2.2024214540602875e-08
6.821876352883467e-11
0.6773293785846135
0.8997296217649238
0.9860180545195442
8.384446212736442e-05
0.9026807730492202
0.047235336526135326
1.4120353611569453e-09
0.9999584092618051
0.999653984241042
0.819464743564192
0.001277477758327297
5.336112553107563e-06
0.7304508009481098
0.00014747657764648027
2.0511559222226998e-05
0.9999946860544889
0.012840098373145353
1.0942713352590423e-08
7.73336215120781e-12
0.00010554865278944763
0.9999800834932446
0.5811244962047948
0.9848993044607659
0.012797062529714803
0.9991481889371329
0.8991027205180497
1.826938381557125e-05
0.9999635356234846
6.060871547233749e-05
0.9999999858443427
1.677698004198365e-16
2.0806116686256433e-12
5.448804178136009e-15
3.78630449564821e-09
0.11747924525336494
1.06043271284498e-06
4.527504104173925e-05
0.9945075382756283
1.3067949531259149e-05
0.0002660237233656944
0.6149396230556764
0.9782251486496377
0.9984229989288997
0.921587071164623
0.99990194912632
0.9999868807048956
0.9999221784068563
0.6974137853730203
0.9790291325385176
0.4813663476231418
0.999990917410496
0.03331147295925792
1.386471617852916e-05
1.4692273655508144e-06
0.004706698491482752
0.9999999965784356
0.9015357141645091
0.9999951712103867
0.09986139767437217
0.14210620671383964
0.8172676154716466
0.0010947635650128485
0.9854607193088729
0.9999640893227058
0.2654011589266139
0.9999780621221181
0.015212069947399653
0.999997412261131
0.9999999965245303
0.9978054278471732
0.9999979929064969
0.9981325851505701
0.0005204591467787232
0.9975330490082455
0.8360363791703586
0.9821998166093773
1.4561004498054353e-06
0.9999552802978177
0.9980403461692487
6.604136945244177e-13
0.9999618541606227
0.9999997194037015
0.9999995995261647
0.9999999855698805
0.00023748566201388163
0.050190824542479036
0.00015248424487251206
0.9946199093933317
0.00035934822295143406
0.9999504003096189
2.2708823280199641e-07
0.3010828857267744
0.000977802582661219
0.0039965057124618526
0.000977802582661219
0.9998581513604651
0.19987703956951508
0.9999999526653858
0.9998106287629321
0.6404307274689287
0.0004878287953284234
0.9999970290120975
0.9999591941055209
0.999999915336263
0.9810214859168097
0.9935149654379226
0.5781650673533799
0.5246872849744441
3.3299094118400584e-08
0.024259199408603667
0.927247389719322
0.9999448018083149
0.048201151533236966
0.9968540372791886
0.016148077762474188
0.0024848726576189623
1.3883109996223744e-12
0.11180635462517861
0.9999998473017064
4.479160899713759e-06
0.9999948722321695
0.8678743783037927
0.003352162417120272
1.5506959642929222e-05
0.9116081413986794
0.002797260622390329
0.9999943646104067
0.825023338078573
0.0822311386172131
0.7965552712645331
0.999995602233735
1.3776053434916373e-05
1.5506959642929222e-05
3.5477529387665417e-12
2.7468832800680744e-05
0.9997051474706075
0.9685962708630048
0.9874038340715948
0.7513889311327798
2.7798187900887125e-05
4.284664535485101e-05
0.000552774590758667
0.017026829998258153
0.4576643670855349
0.4202210298458897
1.2252560732058658e-08
1.4092416099691598e-05
6.821183475986474e-05
0.00790309929711759
8.883417705486854e-11
5.592013660419402e-07
0.002038133392553964
0.004608288369260983
0.4149805328632391
0.8607011687552011
0.9832681485830923
0.9998796615719879
0.9999999131819339
0.9999462303920862
0.011675813725308551
3.4775105497637986e-06
0.7646637981764451
4.722948926104081e-05
0.8827252451684956
0.9999992652638432
1.8159200244492695e-06
0.04098926147911779
0.02705882295364492
0.00022877643282913547
0.9992558184318658
0.08706348192382159
3.612114819678223e-05
0.4249125344850922
0.7033361762184336
0.9999182502592067
0.10265336598063943
0.507072269233194
0.507072269233194
0.9999993567973777
0.0001557524510188727
7.017063092118671e-07
3.2623725013376215e-05
0.9994199666866685
0.0008994829958240707
0.9999999982104966
0.16081170271659656
0.9999998838737866
0.9999998393279227
3.765884561345193e-07
0.0004308572322543221
0.9999731236035142
0.9999982244532828
8.503268966335471e-10
0.04911625599610842
0.9908184082548018
0.10691667222658499
4.333966433128813e-08
5.678071542707074e-07
0.5007870969787998
0.6407022958651598
0.9392555336179967
0.9910824553581681
0.999965673873963
0.9857335085866157
3.20608319917009e-05
0.005615077450888762
0.0020003550230828907
0.008463023046468003
0.06932400375303836
0.9729392116518828
0.9999999372437013
0.9999999378951575
2.5501834669651514e-07
0.0009176319126979525
0.9996915385141429
3.1891870653290176e-05
3.105663894906629e-07
6.361325978898178e-05
3.630561633767739e-05
0.9999999924849846
1.9549892581525734e-11
0.9599782403482144
0.0004510269649440542
0.00025299537562182146
0.48112592443435076
0.06171625883243728
0.2042687128833424
0.00030309920681561
1.147121656278709e-05
0.9999960145705469
0.9996779475329128
0.9751238267776553
0.9965510227594361
2.0927420193251753e-05
0.0309203892531133
6.489069381118791e-08
2.8729747125454545e-06
0.8621118517875472
7.278859704599303e-09
0.011931152003437586
1.2658430447344326e-05
1.5899974813737074e-06
0.0033054109264468493
0.001852860252353109
0.005811301713399366
0.964311994807238
0.0031904172547527502
8.82447843541037e-07
0.18232718004271856
0.9999799442500914
0.0021468365421996884
0.9999991579713705
0.00010961854611242903
1.8968357785308796e-16
0.9999997997073377
0.9999630978411718
1.1225717903258898e-05
8.324041597668153e-06
0.15586062750881746
5.4509350428612854e-05
0.13350477775763767
1.1073632339344091e-07
1.1004895539404454e-06
0.9825599149148431
0.915235528172911
0.00012603158736921381
0.0003121398063398387
0.09695848355189894
0.035422346740413224
0.004099055249311314
0.9918347133703401
4.03655750285346e-07
0.012683198658394087
0.9999555131963618
0.05969472100166992
0.8316564690669791
0.9991660245098818
0.9999998740334343
0.9999759263288531
0.9847630568203928
0.999991875077232
0.027203191720647023
0.9999999370591877
1.1722213735423443e-14
4.2692165674710957e-10
0.9999981766521763
3.1202012035866593e-06
0.028240093839015403
1.2901948565882308e-05
3.205621599156628e-05
0.9858309353788098
0.9941095096556356
0.9999996036216078
0.9806198341279753
0.9999260165803224
0.9999997143758063
0.9998267690012936
0.9997233942774449
0.9926652204917785
0.9977862105452389
0.9998929809795752
0.0775761244875112
0.9999996159619207
0.5667897740546244
7.612237554657208e-08
0.32598048593898715
0.9938440853786233
0.9273170403834867
0.9998047136313496
0.22468870917861009
0.8631917356606099
0.9990974622288075
0.9350681420287993
0.00011413860547285337
0.004611189698884676
7.989981545465724e-06
1.09737548267791e-05
6.376541144153527e-07
0.9999818386475413
7.567812375866524e-05
0.4072239069312519
0.07128223411277856
0.11798831995245275
0.0026877762907121924
0.13788802366904848
5.010418379102301e-11
0.01327753212313768
0.03658085382176737
2.636759842768628e-08
9.054316965012475e-06
1.9453420445328975e-05
1.801772510906544e-05
0.22393357535628838
0.994254152048876
5.269885803313441e-06
0.16611843635683995
0.999999720817446
