1.50183502983641e-05
0.005472638060575895
0.9442892870623367
0.00035239549266505955
0.012254214163945152
0.666259004901764
0.9690440172287726
0.9840610372531334
0.4672106660707831
0.7806304490734962
1.0378749856542153e-05
1.187265834572934e-05
2.1897940005840843e-05
0.9924171259450727
0.00022634084866644127
0.727208749487758
3.6620959051261405e-06
0.006277868908185211
0.013547643562179211
0.011464487664263497
0.9999749681226722
0.9787492520295626
0.0008786479009073982
0.017706200171049954
0.048945618874967324
0.00031645726107653715
3.062214402067083e-05
2.91706766394143e-05
0.9663019858177967
0.8942932828587984
0.9765100044307436
0.08854407929712066
0.9987451342512014
1.1701161778036651e-05
0.8810893264767096
4.027325736130723e-05
0.9993757818670554
0.9987150456956135
0.9778301530478003
0.17949524906704
0.00044833075325751917
0.9990874568036339
0.9995652645094097
0.9914350808788578
0.9994848957191909
2.3140598806540345e-06
0.0016711726458372973
0.9990556878395095
0.85721596646356
0.6254720718602317
0.05046057918306586
0.9867189511389735
7.091866847908638e-06
0.00013089499231816739
0.22866232317971905
1.2632897124773653e-05
1.0101467137780711e-06
1.9544525058240607e-05
0.9999512429146648
9.289691981745776e-06
0.9998914731691536
0.9884641442584576
3.820740924976366e-06
0.9882225564638919
0.009944455173639068
0.3029683532790967
0.931280346806086
2.265302344039179e-05
3.6603816724214316e-06
2.207151446445622e-06
0.0018814884358143958
0.21263629388536734
2.0899113882807096e-05
0.3240205160608764
0.9993181380863214
0.9933495439731328
1.666339221361686e-06
0.18187846036106292
4.417881200391704e-05
1.2082119903768007e-06
2.816250358474631e-07
9.691862626121536e-07
0.03325800617962388
0.3058731225616698
0.5255577429351588
0.023212957956759966
0.743064746983275
0.9841119907414168
3.912546960303959e-05
0.6337568270268097
0.9988472476964656
0.9898665158096573
0.9918970674032164
0.000554503615773132
0.9838600961095861
0.7082297382182366
2.02478423097421e-06
1.2622367962524027e-06
0.17006756726169867
0.00012493035813473623
0.9471743521641293
1.6812182787738488e-05
0.9992571790489303
0.9927864540706084
0.9927864540706084
0.9977099131545328
0.9927864540706084
8.774100971292314e-06
1.075713344333191e-05
3.167209227123869e-05
0.00017240347095065495
0.07290109781871482
4.6755012197361484e-08
0.002813838416097958
5.548387173211028e-05
0.0003325018929368503
6.364926577926038e-08
1.554078832702251e-05
0.00045804973681978675
0.9998439583639329
0.9988186304448612
0.9505994771410957
1.1733874846812192e-05
0.2452508989618024
2.4329234562237005e-05
0.00034155922807468567
4.892413586773905e-05
0.0021659304893680855
1.9743051810887752e-07
2.314259933573419e-06
1.7302296801065073e-06
4.0446178932589245e-08
0.9264921190742647
0.6681496464451107
2.3902781633645516e-05
0.6406716062277891
5.7442733967771536e-08
1.6587799934675326e-07
1.3516247475914613e-07
3.4351819495949294e-07
2.934088899881703e-07
3.0256068259189135e-08
9.931226829813042e-06
0.02658650011189458
4.636934190889887e-06
3.5987146401133335e-06
5.6303043820978926e-06
1.520706113935213e-05
9.194776717434953e-06
2.106056187653835e-06
0.37028782986887043
0.7922757640820773
0.9990156394442297
0.8137598535609781
9.160292835932062e-05
0.9630190604554315
0.9941047922686629
0.0012130162981629222
0.007179313145279458
2.5611344400928707e-05
0.9906185310914678
0.9879146389180984
0.9692047296705922
4.299722465086103e-06
0.2586773416804815
6.329961766678828e-07
5.349463427789648e-07
0.9987892859111329
0.6788485168508808
3.027773859231211e-08
0.9126320539004777
1.06107801423344e-05
0.9935472930971827
0.5202399907312882
0.014776085389403717
3.829344494478658e-05
0.9804022001879951
0.9996602322694617
2.2401373871134458e-05
9.599269408954967e-05
0.9992010673018974
0.052329629122624934
0.009477194177691722
3.646510532516822e-06
5.258359168657079e-05
0.29151669671901664
0.9757536147286813
0.016937013037535267
6.125853596982942e-07
0.0002398736522812605
1.107496855131528e-06
0.9813292903834341
0.9986889806533459
3.5684875245682604e-05
0.5421487387987858
4.258678075493804e-06
6.770540221192894e-07
0.9999999701801221
0.9927864540706084
0.9414199955530423
0.8326810708960174
0.4521907227073076
8.201234638344233e-05
0.0009630786596395718
2.2098415970835785e-06
0.09539949183415736
0.5084260504003152
0.9482231810421077
0.9999760120649401
0.07684414178954777
0.00029827593534818175
5.635140813318284e-06
4.3055091415891003e-07
3.0754431069848085e-06
0.9984448997878365
0.09808352285261243
0.7042357154915214
0.3630342707670294
0.993658087237887
0.003587194550735827
0.993624460425412
6.779203983490774e-05
0.9978242877364685
0.9927864540706084
1.0810152228589678e-05
0.0002519926290881078
2.7829646460962256e-05
0.0012168099354814327
0.3808626075744011
4.148316601906201e-06
0.00011153465677413679
4.85885027226983e-06
6.563703866020491e-06
0.9993025058359477
0.00010606665429587782
1.1190236567044753e-05
0.9996092827631251
0.9995247456322891
0.9999693196811583
0.4012611073716956
1.09208670381068e-05
0.9862854437836631
2.4227265365942504e-05
0.0001538551624442833
1.01954152302889e-05
0.9877065147619104
0.9950974733194684
0.08054679393798901
0.4353202320161617
0.9927864540706084
0.0017369732843798462
1.77702557806698e-05
1.886194614824472e-05
0.9698677647487568
0.999780008960061
0.018609393189062566
0.9990168370157898
0.30405662617170515
0.7561109187938545
2.4510404392842828e-05
0.9118580437553386
2.0294431417051025e-06
0.05208199450561617
0.0012541367375578391
2.402863512214558e-05
0.4780878944629475
1.0799308994579723e-08
0.05838382656111939
1.932389917217235e-05
0.9311938056842511
0.0004490563543689988
0.0003453550937939414
0.00047276797284146653
0.0035246629604575933
6.4181066942607374e-06
5.970625974712007e-06
3.1620112305472377e-06
0.9927864540706084
0.16577556064275115
0.0020863932913719407
0.9377517798365668
0.015624928358222814
4.6116017808309396e-05
0.9898463444795014
0.06619597784471484
0.0016762005686623116
3.5202831188089473e-06
0.9542057457205579
0.002763507739146803
0.0183455583466021
2.3927348305683184e-06
0.9897168827706576
0.9849293896222427
0.9927864540706084
0.9940950453156117
0.8626904583583483
0.06566373140744808
0.2656047459352802
0.06834022231116343
0.544673709971428
0.9983502406522821
0.9895302607284995
0.9983206325975751
0.9928356239313941
0.8528723073777259
0.006852034491787493
0.047792836183412034
4.1475164787842354e-07
0.9984654339143426
0.980760825414355
0.015624928358222814
0.9783877258249656
0.9251550744228161
2.1000962014989793e-05
0.9046024980436023
0.008692046866912554
0.07022350777968892
0.025909940573693446
0.22232562105881268
0.835748958327724
1.4710047149055246e-05
4.780642793917561e-06
3.540665169555016e-06
0.0031732075447925842
0.9841827587455008
0.9978188338343534
5.768898652332677e-06
7.364633310410747e-06
0.9864250515681224
9.439000035056609e-07
1.443542248916009e-05
2.006425123440148e-05
7.799152705028451e-06
0.0004073059462215891
1.2734031340367903e-06
0.0975349851221428
1.4725294824680776e-05
1.0379439407651925e-05
4.867133870121338e-05
0.06318340529531254
0.000355234319716443
0.052661135163661756
0.07376594102261329
8.558854056977499e-06
0.6832131467616938
0.012549119633864372
0.0010621643509876265
0.9917285645791346
2.3160263230079547e-05
4.216803128174816e-05
2.4252468884143525e-05
0.9791036082376828
0.9875281101678134
1.0288126062100898e-05
1.3089823635553889e-06
0.00776303854243479
0.0006405574678790376
0.0010178145588092405
0.978296139328884
0.9970932124235804
0.9927864540706084
0.9966339838595614
0.9785130070395521
0.0003217258536804886
0.007923213893149622
0.9928522821357848
0.9986141615105496
0.7057517546225106
0.00016410408144608627
0.0002532952009065252
7.129484917621806e-06
1.908942619526609e-05
0.0015087120154984076
0.0001010894290412516
0.883814812274146
0.10176630708366491
1.2781359602898938e-05
0.9927864540706084
1.5417672501359493e-05
0.9977915094956451
0.0001399889723382342
5.6476297987197e-06
0.00037539904069542067
0.9927864540706084
0.9972865088761254
0.9830442819650056
7.691837198978706e-06
3.7464147059129623e-06
0.998999321890743
0.990213489956647
0.0002545007072532516
0.09266152996724861
0.8036867875585173
1.77458455528865e-05
0.9932959487698837
0.10101299909355395
1.3929477213967846e-05
5.106690826932576e-06
0.8053050370614933
4.033974366164688e-06
7.971597952717186e-05
9.854970113822057e-06
0.9896136173488492
0.13512582487409727
0.9126419880313669
0.903876872999276
1.34930972613802e-08
1.0989937212858976e-05
0.9361299936076262
0.9754837031461003
0.0013220872764810338
0.9915229973752984
7.08881962760262e-06
0.9996474085093275
0.005506960476278725
3.329727276761493e-05
7.791088710777216e-06
0.6353740054180734
0.9914329196582733
0.9928563976360177
0.41977947704683133
3.310975106210443e-05
0.8134243823257382
0.009944455173639068
0.0015531647639339592
0.9863715068018201
0.9953101226291872
0.9952763198665774
2.4120709257730017e-05
0.00036818621593861573
0.0003980434903527176
3.869207654524357e-06
0.0038887974990247614
1.0353017160625967e-05
0.24785598277285234
0.9296303897234796
0.86067490850814
0.9117729615240272
1.0894605749917568e-06
9.900776869148438e-06
1.2119290944309703e-05
0.9975771555112407
0.9777972766559331
0.9738134328308345
0.00023056909615610038
0.3136805241223097
3.3694633852959814e-06
2.7316289511459467e-05
0.14125747533861216
0.9954279410761854
0.8758652692287245
0.9764877125482977
4.220089337405585e-06
0.00026991325854958267
0.9927864540706084
1.6567940996266794e-05
0.9938098655894898
0.9993199068047756
0.0013046815231305088
0.00012309499053721418
0.0003023120829990482
0.0008167964417576727
1.2758462560356462e-05
0.9969794848939849
0.0031734217287391524
5.943525773407953e-06
0.9731169994520441
0.9921216263887078
0.00015073656807520808
7.654942362647704e-05
0.09775582705380469
0.0844160438321747
0.9995220234071109
0.0031219541190362844
0.9933742561022667
0.9738378486241083
0.5980455882344177
6.610863375272329e-07
0.16678932103023053
6.796574589398966e-05
0.08266548930024287
0.35337845639138066
0.015624928358222814
7.728558958500902e-06
0.9727971665219644
1.1851128187082095e-06
0.00017864670124081837
9.122010622528632e-06
0.37023343172286954
0.015545999588929922
0.9994688929135866
0.549250281190821
2.434854510070846e-05
0.01911171847218066
0.9919163172280941
0.9923480467600331
0.7182113105986678
0.9980381408835408
0.6548597584145895
1.8398059576166021e-06
0.9975892929234452
0.9999394259194442
0.3792216846050094
0.016805427283807906
7.634015433230853e-06
0.00025241181682172974
0.9881988627398846
0.9999831051105674
8.936630715034547e-05
0.8164228535290653
0.9931208091999911
0.8332990226900052
0.9639556305948691
2.9119635696780907e-06
0.28667246265029955
3.98013601993829e-09
3.3661723296869076e-05
3.796102269392314e-05
0.5103699402109051
0.99882000850293
3.0251100098074196e-06
2.9613172337775683e-06
0.9950615366230651
1.283777739029769e-05
0.9927864540706084
0.9945276487721455
0.9927864540706084
0.9927864540706084
0.6149047020298449
2.9901745450961624e-05
0.9997696049839842
0.9957152086837775
0.0001942999271437865
1.920324175871181e-06
0.9947409778503599
0.9672272037461623
0.956333725954495
0.9927864540706084
0.9538898016768097
0.014304281686153757
0.0007940897261064833
0.998256110639157
0.9966038059277615
0.015624928358222814
0.009900551418846949
0.00528312342181469
0.9927864540706084
0.00011143850176178287
0.987335466179509
0.9988727803329693
0.06469612337490356
0.16410274612667936
0.9927864540706084
0.017967518254852204
0.05527198159772027
0.9282957818559261
0.013782754812326761
0.00011138846443104473
0.6024017355293056
0.3142611420211824
0.00015536258176808616
0.9413992213523558
0.8972497439206624
0.7359598412564085
0.006448928213139017
0.9555688253084554
0.1502439474149335
0.7903071343898973
0.05544673677079549
0.9592221298766868
0.9977478636718002
1.5422613723284149e-06
0.9545906569875754
0.9991206539676559
0.0002439311897609435
0.9942497373222446
0.9913747487077315
0.9927864540706084
0.03791943683473303
0.01797953835271446
3.2078569841239415e-07
0.9999178896960262
0.9927864540706084
2.226478499890734e-05
0.00030026640374243704
0.9927864540706084
0.0004783286176447738
0.000629247215750498
0.007487764518957373
4.756878029399729e-06
0.005077190488692147
0.049297289124400866
0.99615057113629
0.9999756340673426
0.7975638448786987
0.8989268744440533
0.0018250414123372795
0.0001111592834518358
0.03407432638640364
0.020431983532310287
0.0002098517245850716
1.2253863415087671e-05
7.41696291589285e-06
0.03884678240985681
0.45719303337327544
1.0107688240997593e-05
6.897482234247757e-05
5.084590263166601e-06
0.7038072187153617
0.002417426704079843
0.991233764243418
0.00028330180252797714
0.9943504386146321
1.4002669855261665e-05
0.9221284781859479
0.0007193765102464714
0.9928356495186511
0.9449483304487992
0.00022095337861438775
1.893070182411835e-05
0.0014184614965172344
0.00019560123547187103
0.997107876135547
1.248301612504228e-06
0.7409683529307172
0.9918432353891373
5.451101508653688e-06
0.19418967046738128
3.57464428093564e-05
0.00014091749635292684
0.0009304911712914533
2.95222839103006e-05
0.9969756809996666
0.07162409937337949
0.6787231195893301
0.1776464149445297
0.06298345588269426
0.021124605765052155
6.0717267984235815e-06
0.9930960129143668
0.9012085425591758
0.9999420960192467
0.001881598142234551
0.996153808925161
0.9932641489018691
2.6392214300889982e-05
0.2115018691924592
0.9997025655124298
4.671574776668081e-06
0.0009600496620029407
0.0001506293211141986
0.987418717345204
0.13585374713299847
0.9953262943849734
0.09404717621887318
0.13075937100664414
0.9579783086204355
0.3825221781064715
0.008152523662880854
0.00013727276324417332
0.998466239567952
0.0008073867627546913
2.6434560999591208e-05
0.5704112566565667
0.9799294562782704
5.867375555146512e-06
3.951122341710921e-06
0.01413768210774263
0.934639221557529
0.295090351856228
0.002672074284976948
0.969149396314217
0.00015970593847474844
3.320460694453121e-05
0.0013980059173795045
0.9888114151421179
4.351886394256801e-05
1.7113405655049912e-05
0.5308793595520693
0.9883545757171216
0.0005511230264804138
0.4742027092432282
0.8233633798161115
3.655320124860426e-07
0.12301621732802595
1.3415395321677123e-05
1.0800953579089382e-05
0.5953069510190261
0.006554574236915343
0.9927864540706084
0.007036876195010781
0.6526684543865977
3.1174312006300584e-06
0.9184507915847794
0.0010862058422973129
1.4034075275876918e-05
6.951658691731834e-05
1.446628921537399e-05
0.9818356077388756
0.8168179838020674
0.9987254866774434
1.2390350664445277e-05
1.856751296116675e-05
0.9620329548726632
0.9971705183806674
0.994989562840723
0.8678305300276824
0.7187979184852852
7.337488472394645e-06
7.959191600533837e-06
0.006626385908450284
1.4195675387583571e-05
0.00040338686588370717
0.13773173606137182
0.2231434933749662
0.0003114554974492811
0.97165406022918
0.015624928358222814
0.16504356424805247
4.601940869691988e-05
5.087580909988816e-06
0.9857810837511536
0.9998430129197099
0.9275529063252713
1.221207436202454e-05
0.9998658822331241
0.001915853566183273
0.38472948702324083
0.0031687494817081146
0.006427777629954274
0.0036671229766562963
5.3172405577464596e-05
0.9988213973764103
0.9515190909082196
0.46091195541570557
3.895140762839465e-05
1.2183070881115753e-06
3.4600985488373964e-05
0.015624928358222814
8.08251573301587e-06
4.3374676342257695e-06
0.9973803929088494
0.006641007954740145
0.960174237369844
0.8902474956006821
0.9834244461547289
0.00043639530234356453
0.9769307997995276
0.0008737110889555037
0.978471847240877
0.9998153605323574
0.0024912695625749584
0.8918487686220011
0.9090751449660812
0.8155869118624057
0.9979536390159119
2.906710292436153e-06
2.6037499185270466e-05
0.9941551385787778
0.00047704605842961695
2.5551154195744654e-06
0.0069619450201535964
0.9954247158272481
0.9927864540706084
0.9927864540706084
0.015624928358222814
0.0003616313869127978
0.17386206576918647
9.301855397260072e-06
0.9950656851631225
3.48108453594614e-05
0.9871940978669937
4.5021495955368856e-05
0.2687293581600381
0.8102209162379912
0.9108174218214885
0.992985506526211
0.9939856676193822
0.5223341256321536
3.1667587767994933e-05
0.9927864540706084
0.9937056731988518
0.9914369403587933
0.0013671325248566291
9.128253714541053e-06
0.049540433002770445
0.028410139915210478
0.038082361672355736
4.135415365325578e-05
0.9063807628476319
1.8285315312487324e-05
0.3417554283864251
3.5621719136080786e-05
0.012211377281126092
3.384563593519549e-05
0.004347135287225717
0.9241751326129964
2.580667407744106e-05
0.5066053690779586
0.9996276865369383
0.0002922319916833888
0.24549295715220606
0.9143098633391145
8.534916291271273e-07
0.015624928358222814
0.9920939417887673
1.0814461833624292e-06
0.9927864540706084
0.1737111657771725
1.2167768818111232e-05
1.8219883679386223e-06
0.4077400775531008
8.380205065205222e-06
0.26069483345829875
0.0004192782896016249
7.36501783473953e-06
0.006606411479304876
7.219440574826581e-06
0.30593690972592386
0.9867323710372097
0.9927864540706084
6.125137953508609e-08
0.007483093523021717
0.028372365357616218
6.420349949976844e-06
0.8595085080171202
0.0017670547138673677
0.9966959909053955
0.9983716373396084
0.9997257544237836
0.1773314743268432
1.3719314045741183e-05
0.7021979751161807
0.0025673086887244706
0.9927864540706084
0.24152482353051138
0.02632375707150954
0.07524799011613334
0.9981898530027348
0.9986416707572602
0.0009054212676849832
0.05320450215114052
0.0030748210013675516
0.00271986003913824
0.0008552755197791141
0.4713736715119766
0.9951402995158466
0.002848336993117725
0.23668179301365116
0.00035477031481252535
3.876636242602185e-05
0.9333716101918764
0.15822319670622184
0.0007714194671671364
0.011804535172556415
1.0070243023386114e-05
0.007861440197569732
0.9151205034593897
0.986528355667503
0.9736219850881153
0.018375074110732564
0.9982050933027098
2.008244356718128e-05
0.9917182130500481
0.07259944357624809
0.0028374033700716787
9.164390573360635e-06
0.015766017273047595
0.9683821571398606
0.1315990318516407
8.44706598835337e-06
7.067981411339693e-05
0.9999747614959676
0.0014506899325958686
2.3623519268660123e-08
0.9955555508022034
0.9960339670426229
2.484886408999569e-05
0.8398592613157667
0.00014997402242383073
2.0694302030574403e-06
0.15890881188915104
2.938073845300741e-05
2.9646393274180137e-06
0.9551132520249379
0.00032786952881179036
0.0016578478125878003
0.9898962392688719
0.9348016502199247
0.9420417023493173
1.754474210540889e-08
2.976202236366294e-06
0.005948381751079497
3.6320426140623547e-06
0.009269794584258396
3.432636638604313e-05
0.9873072726369455
0.010812124223409353
0.2063669462994303
0.9550419815789297
0.29034808234551324
0.0021924099255480434
0.9927864540706084
8.03543174914848e-06
0.015624928358222814
3.7354344046238786e-05
0.6071998089443533
6.114843037504922e-06
5.406070353128184e-06
0.9591170057988171
0.9988189122584769
2.1069945183774907e-05
4.265814546749762e-06
3.2798851020496505e-05
0.7449417375769937
1.159673976806389e-06
4.141709928394237e-05
6.310350116743129e-07
0.008619319924056413
1.1491485808260006e-05
0.0177025065879787
0.007288182625099662
8.490402784937556e-06
0.04252949639067381
4.694761924576448e-05
1.1937735872313008e-05
1.024034140337888e-05
2.5639122549840747e-06
0.9995750086692585
7.814358694436762e-08
1.417559213770079e-07
0.35071905307306805
3.677700346125314e-06
6.857941398672342e-05
0.11956586366467942
0.012340774238525101
0.69012217677928
0.9784356148454014
0.00011392883566968276
0.007911345754350041
0.9997650398952577
0.970680811960894
2.2391867071971534e-05
8.40568437124354e-07
0.9990250465354299
0.08108550850572294
0.11757765655727294
0.9988675342080041
0.0003179069665251297
0.5414467589731633
0.9969385120544633
0.0043375398419178215
2.237744990638922e-05
1.4450843366115924e-07
0.22126537867248083
0.4771833349983808
0.0018805356713956496
0.016541464949222963
0.9780996345517999
0.010063657224630375
0.0836957500948378
1.3667359495078213e-07
0.7259664684130909
0.001769152822068462
0.0032798534970881156
5.447005617339645e-06
0.9928356316437895
6.261730004258178e-08
0.016970645824590375
0.9962327813501751
0.0005745082844693556
0.9984892880983021
0.005877897353090366
0.12215574238473592
0.8494999641916322
0.9778968427666132
0.12153826839922495
5.559061379788053e-05
0.05139477681279504
0.7650409360654543
0.0017278951179685053
2.4793367728625655e-06
0.0857865064940075
0.9984327581609279
9.417563871725652e-07
0.06825254697099589
6.02151113677642e-06
0.7026969073844177
0.9921774660441536
0.29091366346823977
0.00018912877922654253
0.0016281830855787262
7.818617626832131e-06
0.9577026912450834
0.02612147018938832
0.983614578239173
0.9927864540706084
1.001382251113855e-05
0.8498604204468185
0.3289802097782588
0.7794370688392773
0.00704279129859627
7.4160133635370105e-06
0.9819958224145708
0.9962864097710966
0.40981993846209885
0.9777308320498383
0.9987191401744335
0.03674992349615148
0.00012843355664813726
5.0227499609695634e-05
0.002984741414855098
0.9973882164145521
0.9991950350971136
0.0002084253563389732
0.9028870375029032
0.012195638175976733
0.9955925106623162
7.70641777610438e-06
4.795514443971924e-05
0.9905933613798691
0.9998298550816282
0.98614946181536
0.9594003287776709
0.9991911705333819
5.882491060676954e-05
0.0002127828418287054
0.9035509464865031
0.9964188508515521
0.004334541792455943
2.6770700874958147e-06
0.00024170454666181998
3.6072513512265737e-06
0.6089012370764195
0.8224470953507212
1.7593169231608438e-07
9.009139001795088e-07
4.7053300289572625e-05
6.006676513649542e-06
0.00917540921740298
0.0693185738372144
0.20140965047993295
4.3502575788936405e-05
0.7537903877940415
0.20328769023687943
3.180154008135388e-05
0.08160815091982539
0.1600905509460096
2.179614524438971e-06
0.9624785999042071
0.9829792306577814
0.045092183297878445
3.066787014835996e-05
0.12207592175235696
1.7090885351142626e-05
0.8579209580307567
0.9991517381256588
0.19164589721648892
1.4969009755006006e-05
0.009307899411146795
0.9942773043604274
1.4520966617728974e-05
1.0433831804371731e-05
0.1395062637571564
7.895451838754778e-06
0.00014915862738329994
1.184005945769263e-05
7.83909588806588e-06
0.9832632093613621
1.3504961319928973e-05
0.0034907809298224046
1.4979288164240056e-05
1.526468351777451e-05
0.9992615319411279
2.1577728753394368e-05
1.0357171178999717e-05
0.9808052209734683
0.9647306452032337
0.9814369469190606
0.9550167686057293
0.0004492298504070521
3.5684875245682604e-05
0.0007925942436133343
0.10753625950675445
1.9143005453535145e-06
0.9998698403905895
0.9939263499364327
0.6475809873034711
6.452868979341134e-05
7.084921792091907e-05
0.0056208083323971555
2.0839228133090194e-06
0.9441257146867578
1.3906753375321332e-05
1.4279560637330265e-05
3.633849481999731e-05
1.5179802279060087e-06
1.0161124509489614e-05
4.4864208204408735e-06
0.002613715033201209
0.025205608280210613
0.9382907191979117
2.211040511104684e-06
0.7315181351312195
0.9999785425300699
0.0001818633679123058
0.9741288539296429
0.08987623909170643
0.028640619837245574
0.0002757095461372415
0.006851363740777309
0.06460268947366776
0.9735244200035388
0.9630477330356861
2.0463808708840238e-05
1.64909082263237e-06
0.00024056558821763404
0.022273853450103118
0.9946397665107094
0.990662150634999
0.11514247338512827
0.0008378077335019759
0.9539992392881484
0.7604628223511605
5.094314625666675e-06
0.00048006839417139377
0.010135749188526898
0.44656749604130885
0.00044631303055480006
0.03667450897852292
0.3987995046941184
0.0024412063469766215
0.999732852217376
0.9938841893092154
5.498668674100688e-07
0.0010292467398848122
0.8543418680559659
0.9212630217105415
0.08818870051628111
1.2900732248360534e-05
1.938476612737095e-05
0.9927864540706084
2.290925758567684e-05
2.7625949167988925e-06
2.164644297337392e-05
3.0715708157250078e-06
3.974381494250755e-08
0.9880919972064885
0.9898695648140055
3.8285198786417506e-05
0.9999933685434196
7.337484903179892e-06
7.390768649804744e-07
0.9475403333697914
3.8040619077824197e-06
0.00021461491061618273
1.0123244204249348e-05
0.9927864540706084
0.9927864540706084
0.991387928183519
0.9271438300300542
0.27577297170705506
0.9720727625121894
5.238064632545261e-06
0.0002293870304892302
0.9934780158137174
0.8703412801253688
0.9990263043852518
0.9395425393144778
0.458854844158297
0.0002739933209963317
0.3932540291706683
2.0512054261448265e-06
0.9927864540706084
0.0003424431438036455
0.30033434025707073
7.614133642179118e-05
1.2747582876335327e-05
1.654312932484631e-05
3.948457132601649e-05
0.7538122154525269
1.6841715545816213e-05
0.8609295509278976
0.5351902304348751
0.0003264530305115466
0.0003299398327433406
0.755466949473965
0.004782766591639149
0.04964062791159159
0.8020697990703978
0.7218068547803395
0.0018645887956651615
0.6691902395214174
0.4358481702496898
0.010028472082877604
0.8677718994201531
6.855068657579349e-05
1.1273121066320003e-05
0.9997403809489189
3.588805021797231e-05
2.1325109185085267e-06
0.9927864540706084
0.4309660974905679
0.9979630832880795
0.00024058514657127072
2.216835381328169e-06
0.05973353089305426
0.9997814007863033
9.59290495748427e-06
0.22604486923678896
0.8975169568838647
0.00017437886337640584
0.0034103132556171766
0.006231048783237272
0.17535671667374564
2.6394407769249405e-05
0.0005881181687161003
0.9978785509302573
0.17577589291261494
1.4156266409337158e-09
0.975168418353103
4.379010113757772e-06
0.00032708327630561374
1.258801989642992e-05
2.0661596685144142e-05
0.9586614783670182
0.9787662479305758
0.9990786858188092
9.670027017989996e-07
1.4814153414434984e-05
0.9853146243835248
0.9845899417278214
0.006544249659199711
0.012903570986816338
1.0696445032502246e-05
9.577350481948201e-05
0.0009523860725547033
0.9848707462945285
0.9771676265173401
0.3843830217797499
0.9994797120189634
0.0014785254154673299
0.9232631330396134
0.14937859918922367
0.9990601446671107
0.9638462033395188
0.001192820289452409
5.534474055403691e-05
0.9499561726186462
3.4551719405548373e-06
9.257300798240306e-05
0.002019556859530782
0.9374208559582698
0.7923748130452533
0.9105088648653775
0.9840152829983663
0.9828109259797352
0.9988631431613996
0.9912793741645818
0.00059492096692221
3.1062995220126716e-05
0.9842575034341151
0.9877201135015836
2.858588335876639e-06
0.00025836526027437474
0.9556044252234699
4.611924505366883e-06
0.28764546364903504
0.5785117535996948
0.0003022585290931194
0.9951454906630864
9.043944262600561e-10
1.1827719178576528e-05
0.9998471257561217
0.4561314764805869
0.00024815958003801845
1.290989132310258e-06
1.9739998608218196e-05
0.9169430367202515
0.9815735197807529
0.0023427357373875927
0.1466402987040006
0.9908157976717478
0.985196647977586
5.776274737473401e-07
0.9916093182884393
0.00044564240922750627
0.3939977393185014
0.036755782716046674
0.5594312460969155
0.9965672015688085
0.05910454357018775
1.601123411311371e-05
0.0008945498813588435
1.5085489509623774e-05
1.624496969700021e-05
0.9988901888604232
1.3317763832601629e-05
0.9617806095433914
0.978528507442712
0.8890256468813408
2.4762952527681955e-05
0.9909123654145879
0.9836001218395077
3.4863401542915553e-06
0.9983600159564995
0.8757880239515611
0.8175180231426059
0.0004109235633800607
1.9782951438932876e-05
8.19015218498896e-06
6.983677523264067e-05
0.02037238608874033
0.0009674050043618248
0.9927864540706084
0.9274780967982995
0.9900213125709262
0.9963974453131448
0.5738735804179017
1.2054186709241118e-07
0.9855250495686936
1.9805487870447754e-06
0.0010727228213791697
0.9752818701359564
0.9927864540706084
3.5734131536745065e-05
0.015716607964905586
0.07190833397030799
5.0774643186372406e-05
0.8891482256655021
2.447228174742475e-06
0.329966652719331
1.0093610954394175e-05
0.0016465205383705715
0.9919417506287757
6.773975207980765e-06
7.99689045895065e-06
9.903504719397288e-05
1.626530890636053e-05
7.958356552926067e-06
1.819028080094745e-05
0.0029800302749681614
0.9833619297193442
0.9373433600057044
0.9992893929096167
8.458315170066682e-06
5.650370518668282e-06
2.5655058787636452e-05
3.504054827691483e-05
0.076491803145681
0.8026090088862141
0.9994278061963436
0.0003202949366618279
0.9503616719083716
0.00015067396376932234
0.9527127219889375
0.9969724874400447
0.06268911894416591
0.9929334838032654
0.0021477260076184753
0.9997807151566172
0.08364601185370066
0.12814215744527366
5.600412429472033e-05
0.4464836592917209
7.853675802683306e-06
0.030583004490611007
0.9914995489423402
5.497572745537302e-06
1.973710932102126e-07
0.9999974388031899
0.7493449932592601
0.005516562013012606
0.9999832305138014
5.690433982860007e-06
1.760963470078656e-05
2.3495216720172176e-06
1.2019536982009297e-05
8.989152311009449e-05
1.5219751148056062e-06
6.6358722638172014e-06
1.1657871886754386e-05
0.0002641503324776822
4.049193571366826e-08
1.0144471719506789e-05
0.6128705049823985
4.8296088516452895e-06
0.996947496965813
1.3297337715806392e-05
0.14869585114573763
0.0701214328980954
0.8520944729876625
0.006875777840915774
0.00036758184008042397
0.9999673079280905
0.9966153048051162
1.4464156015693302e-05
7.169755721275576e-05
0.15404787398664543
0.4024983565606695
0.9258154254735828
0.002481451437025049
0.832949797443358
0.9962034790168776
0.9818214038131158
0.9965347750662371
5.425260678537285e-05
0.9522607492460681
0.0031554051540395836
0.9803392957008024
0.9985950172937318
0.9998177650682687
0.059042753064664576
0.7310003745576815
0.7231274521425778
0.0013577683221155745
4.426613476687436e-06
0.9140479379558256
0.9702130922979912
0.0435868805056057
7.284460270513115e-06
6.754783093146004e-05
2.5691243635213e-06
0.00020696516818849157
0.9326788726649432
1.9530644073415164e-05
0.7482544806937362
0.09966186737248647
0.9976149439840151
0.005101577287319528
0.9927864540706084
0.9927864540706084
0.013588713170208315
0.9174891203586328
9.751923902764417e-06
0.9984351099552611
1.858154226456157e-05
0.9864706656439426
0.016606769809372948
0.01748879528189671
1.941832092426843e-06
0.00018782842864759986
4.4492781725369875e-05
4.0396318642552345e-06
0.17437551038105925
0.0004971630533339823
3.2367573615954467e-06
0.16763402751143228
0.13078945697806632
1.3538894814370423e-08
0.5435898352935723
0.9089441334191731
0.9927864540706084
0.015199974544680282
2.2303137951985155e-06
0.9927864540706084
0.000412142703067592
0.9989245117304603
0.0007124641536176581
0.01581629199640684
0.0023366061197318405
0.0017678289661706037
2.2104057509684644e-05
0.9942261394025244
6.142739994879228e-06
0.1721324301769983
0.00022936630575443983
0.9660388655433575
0.9996072003202408
0.12413887064781128
0.00021698459665426585
3.316689812531511e-06
1.2706721628931102e-05
0.9940926122221533
0.00020814580179407394
0.0002134891423141048
0.022303702953193547
6.606590131196865e-06
0.3094753839605516
0.006714401794916494
0.9991503720758746
0.0035906346790266436
0.061557073444185345
0.010933517725396734
0.0054529224689939945
1.8228210071178693e-05
1.910313729649109e-05
7.500520933801684e-06
1.8710882712699012e-05
0.5043357464608055
3.850535424126976e-05
0.20824432795016468
3.6931371683857875e-06
1.4549520973133817e-05
3.7960308337180186e-05
7.783363876075026e-06
1.349847523902012e-05
0.5485836528014437
0.010321920325082827
1.9148369169671328e-05
0.0002353080937279358
0.00011923137149072848
1.3272051677661026e-05
0.9927864540706084
0.7393412069769834
7.607493039258485e-05
0.0004936795703684136
0.4805561037921919
0.9328334467756332
0.8631924424402506
0.05810694244182398
3.8004848463698006e-05
2.4751204040040964e-07
0.4121491120157199
0.9418026685162542
0.03381577494336066
1.5993240649427375e-05
0.9902584269024512
0.9988119957774861
0.0004909953692471446
0.0009297235291638424
0.5577718311764883
0.9966883442940446
0.027766025200929086
1.5652544919956413e-06
0.0022681588910210253
0.0006320840591490626
1.0962734902403532e-05
4.2298919820768984e-05
5.964039203320673e-05
7.602971301895922e-06
0.824057018117923
0.9581667241879971
1.0691893211359836e-05
0.9310397686286963
1.2162277208816089e-05
0.000389772464163032
0.00263631758883009
1.3200912503886475e-05
0.004302191375181218
0.9990023700305036
0.48504810642474294
0.9987236746737412
0.5515044478422934
0.9996468006006266
1.3577757919288511e-06
0.9350174314596102
0.9927864540706084
4.8411347138606544e-05
0.00012043193905418296
0.0011214948457341982
0.9981314370027883
4.59613396529693e-05
7.557626545213657e-07
0.041320379532680154
0.00020715142846103546
0.16611343897334177
2.7603536674231997e-06
0.9453191028242969
6.20944936801031e-06
0.00023081535323841827
0.9627564531585966
0.5526797256303558
0.9848487349867923
0.10272924889083027
4.996919626918557e-06
0.987940194287323
0.07298606169370911
0.9992773452683429
8.213740203514684e-06
5.296692587682873e-05
0.8710242680412157
1.848064698626787e-06
3.7862492918641943e-07
0.7683752206986227
0.002939987796006047
0.8937074003113588
4.473869346482046e-06
0.9803067889471733
0.9489029384155517
4.634330194207736e-06
6.189088718049017e-05
2.121691167210468e-05
5.6078473521392453e-05
0.6320169339853636
9.587161629114601e-06
3.06616064570989e-05
8.894974874444963e-05
0.9007973995356405
1.92972876533111e-06
4.455838502871783e-05
2.612645631422809e-05
1.1084173098077832e-05
2.1052193865676162e-05
0.9001213330339182
0.3636558356704092
6.053191279671003e-05
0.0013101564781094178
0.00857749984527675
0.9986525276696866
0.8685593021528293
1.2836174423452795e-05
6.948203986151336e-05
0.004124565658823902
0.7424145786147119
0.03428529938808542
0.02741986923277664
0.0028662922882931523
0.046312890143205485
0.023955232633278076
0.9701344876405578
0.028833114060783777
0.8046223375279903
0.9923421904309107
4.918318877091179e-05
0.9949235428893987
0.3195166472205672
0.9891137618854363
0.48305651072203526
6.280431170278811e-06
0.9844444383929921
0.6523789475952718
2.9105813378373256e-08
0.9954275069960753
0.949600435441881
0.9804142281352847
0.005866984070097236
0.5371506348870878
0.40774485781723757
0.4828419942419212
0.00023043467095767945
0.9927864540706084
0.3652729283427473
6.6422964339034775e-06
0.0017824477264942117
0.00013863840036934262
1.5801393255312734e-05
0.017678849474136782
0.999998702972407
8.604168753109205e-05
5.283704343160631e-06
0.9857976555485244
0.9994800301521491
0.9657314457059827
0.00030591327231978244
0.9998723937646772
7.248391160802579e-06
0.015624928358222814
0.7741736273848061
0.6216572530320714
0.9973439989870193
0.57456573025097
3.3098243188719326e-07
0.04359558903249255
0.9972551288114564
0.0062530688081961746
0.004261271989355649
8.171955796137251e-05
0.05521458296244085
0.998214256808537
0.9627508419264983
0.9927864540706084
0.9927864540706084
0.31390465508127635
0.06248806989594761
0.9878575961866313
0.06833235227266835
0.47271094103257777
5.2942820339073644e-05
0.03768866326399188
0.9885220360396991
0.019847917472541884
0.9927864540706084
0.9992768118919737
0.0001518760072404824
3.2818214934476734e-06
9.922499684252111e-06
0.9927864540706084
4.231498245913526e-05
0.9938045470406862
0.9883041307634444
0.9952602343504419
0.512014793239245
0.055700304593626904
0.42430966214858956
0.9896245208174264
0.9973235757179895
1.923283339293772e-06
0.9786203346744912
0.9789355467345986
0.9998783925304136
0.010471744824953827
0.0029049489765213417
0.3805272097086494
0.0023596725375398288
1.434466465109946e-07
0.22842526191220153
1.732410741790251e-05
0.08383226284812412
